[0.013s] Invoking command in '/home/sophia/workspace/about_ros/code/about_ros2/param_ros/build/cpp04_param': CMAKE_PREFIX_PATH=${CMAKE_PREFIX_PATH}:/opt/ros/humble /usr/bin/cmake /home/sophia/workspace/about_ros/code/about_ros2/param_ros/src/cpp04_param -DCMAKE_INSTALL_PREFIX=/home/sophia/workspace/about_ros/code/about_ros2/param_ros/install/cpp04_param
[0.061s] -- The C compiler identification is GNU 11.4.0
[0.110s] -- The CXX compiler identification is GNU 11.4.0
[0.117s] -- Detecting C compiler ABI info
[0.180s] -- Detecting C compiler ABI info - done
[0.188s] -- Check for working C compiler: /usr/bin/cc - skipped
[0.188s] -- Detecting C compile features
[0.188s] -- Detecting C compile features - done
[0.191s] -- Detecting CXX compiler ABI info
[0.267s] -- Detecting CXX compiler ABI info - done
[0.274s] -- Check for working CXX compiler: /usr/bin/c++ - skipped
[0.274s] -- Detecting CXX compile features
[0.275s] -- Detecting CXX compile features - done
[0.278s] -- Found ament_cmake: 1.3.5 (/opt/ros/humble/share/ament_cmake/cmake)
[0.590s] -- Found Python3: /usr/bin/python3.10 (found version "3.10.12") found components: Interpreter 
[0.676s] -- Found rclcpp: 16.0.5 (/opt/ros/humble/share/rclcpp/cmake)
[0.721s] -- Found rosidl_generator_c: 3.1.5 (/opt/ros/humble/share/rosidl_generator_c/cmake)
[0.727s] -- Found rosidl_adapter: 3.1.5 (/opt/ros/humble/share/rosidl_adapter/cmake)
[0.736s] -- Found rosidl_generator_cpp: 3.1.5 (/opt/ros/humble/share/rosidl_generator_cpp/cmake)
[0.750s] -- Using all available rosidl_typesupport_c: rosidl_typesupport_fastrtps_c;rosidl_typesupport_introspection_c
[0.770s] -- Using all available rosidl_typesupport_cpp: rosidl_typesupport_fastrtps_cpp;rosidl_typesupport_introspection_cpp
[0.842s] -- Found rmw_implementation_cmake: 6.1.1 (/opt/ros/humble/share/rmw_implementation_cmake/cmake)
[0.846s] -- Found rmw_fastrtps_cpp: 6.2.3 (/opt/ros/humble/share/rmw_fastrtps_cpp/cmake)
[0.938s] -- Found OpenSSL: /usr/lib/x86_64-linux-gnu/libcrypto.so (found version "3.0.2")  
[0.962s] -- Found FastRTPS: /opt/ros/humble/include  
[1.006s] -- Using RMW implementation 'rmw_fastrtps_cpp' as default
[1.016s] -- Looking for pthread.h
[1.082s] -- Looking for pthread.h - found
[1.082s] -- Performing Test CMAKE_HAVE_LIBC_PTHREAD
[1.152s] -- Performing Test CMAKE_HAVE_LIBC_PTHREAD - Success
[1.154s] -- Found Threads: TRUE  
[1.315s] -- Found ament_lint_auto: 0.12.7 (/opt/ros/humble/share/ament_lint_auto/cmake)
[1.388s] -- Added test 'cppcheck' to perform static code analysis on C / C++ code
[1.388s] -- Configured cppcheck include dirs: $<BUILD_INTERFACE:/home/sophia/workspace/about_ros/code/about_ros2/param_ros/src/cpp04_param/include>
[1.389s] -- Configured cppcheck exclude dirs and/or files: 
[1.389s] -- Added test 'lint_cmake' to check CMake code style
[1.390s] -- Added test 'uncrustify' to check C / C++ code style
[1.390s] -- Configured uncrustify additional arguments: 
[1.391s] -- Added test 'xmllint' to check XML markup files
[1.393s] -- Configuring done
[1.403s] -- Generating done
[1.405s] -- Build files have been written to: /home/sophia/workspace/about_ros/code/about_ros2/param_ros/build/cpp04_param
[1.412s] Invoked command in '/home/sophia/workspace/about_ros/code/about_ros2/param_ros/build/cpp04_param' returned '0': CMAKE_PREFIX_PATH=${CMAKE_PREFIX_PATH}:/opt/ros/humble /usr/bin/cmake /home/sophia/workspace/about_ros/code/about_ros2/param_ros/src/cpp04_param -DCMAKE_INSTALL_PREFIX=/home/sophia/workspace/about_ros/code/about_ros2/param_ros/install/cpp04_param
[1.414s] Invoking command in '/home/sophia/workspace/about_ros/code/about_ros2/param_ros/build/cpp04_param': CMAKE_PREFIX_PATH=${CMAKE_PREFIX_PATH}:/opt/ros/humble /usr/bin/cmake --build /home/sophia/workspace/about_ros/code/about_ros2/param_ros/build/cpp04_param -- -j8 -l8
[1.460s] [ 50%] [32mBuilding CXX object CMakeFiles/demo01_param_server.dir/src/demo01_param_server.cpp.o[0m
[1.460s] [ 50%] [32mBuilding CXX object CMakeFiles/demo02_param_client.dir/src/demo02_param_client.cpp.o[0m
[4.000s] [ 75%] [32m[1mLinking CXX executable demo01_param_server[0m
[4.113s] [ 75%] Built target demo01_param_server
[4.188s] [100%] [32m[1mLinking CXX executable demo02_param_client[0m
[4.298s] [100%] Built target demo02_param_client
[4.308s] Invoked command in '/home/sophia/workspace/about_ros/code/about_ros2/param_ros/build/cpp04_param' returned '0': CMAKE_PREFIX_PATH=${CMAKE_PREFIX_PATH}:/opt/ros/humble /usr/bin/cmake --build /home/sophia/workspace/about_ros/code/about_ros2/param_ros/build/cpp04_param -- -j8 -l8
[4.344s] Invoking command in '/home/sophia/workspace/about_ros/code/about_ros2/param_ros/build/cpp04_param': CMAKE_PREFIX_PATH=${CMAKE_PREFIX_PATH}:/opt/ros/humble /usr/bin/cmake --install /home/sophia/workspace/about_ros/code/about_ros2/param_ros/build/cpp04_param
[4.350s] -- Install configuration: ""
[4.350s] -- Installing: /home/sophia/workspace/about_ros/code/about_ros2/param_ros/install/cpp04_param/lib/cpp04_param/demo01_param_server
[4.351s] -- Set runtime path of "/home/sophia/workspace/about_ros/code/about_ros2/param_ros/install/cpp04_param/lib/cpp04_param/demo01_param_server" to ""
[4.351s] -- Installing: /home/sophia/workspace/about_ros/code/about_ros2/param_ros/install/cpp04_param/lib/cpp04_param/demo02_param_client
[4.352s] -- Set runtime path of "/home/sophia/workspace/about_ros/code/about_ros2/param_ros/install/cpp04_param/lib/cpp04_param/demo02_param_client" to ""
[4.352s] -- Installing: /home/sophia/workspace/about_ros/code/about_ros2/param_ros/install/cpp04_param/share/ament_index/resource_index/package_run_dependencies/cpp04_param
[4.352s] -- Installing: /home/sophia/workspace/about_ros/code/about_ros2/param_ros/install/cpp04_param/share/ament_index/resource_index/parent_prefix_path/cpp04_param
[4.352s] -- Installing: /home/sophia/workspace/about_ros/code/about_ros2/param_ros/install/cpp04_param/share/cpp04_param/environment/ament_prefix_path.sh
[4.352s] -- Installing: /home/sophia/workspace/about_ros/code/about_ros2/param_ros/install/cpp04_param/share/cpp04_param/environment/ament_prefix_path.dsv
[4.352s] -- Installing: /home/sophia/workspace/about_ros/code/about_ros2/param_ros/install/cpp04_param/share/cpp04_param/environment/path.sh
[4.353s] -- Installing: /home/sophia/workspace/about_ros/code/about_ros2/param_ros/install/cpp04_param/share/cpp04_param/environment/path.dsv
[4.353s] -- Installing: /home/sophia/workspace/about_ros/code/about_ros2/param_ros/install/cpp04_param/share/cpp04_param/local_setup.bash
[4.353s] -- Installing: /home/sophia/workspace/about_ros/code/about_ros2/param_ros/install/cpp04_param/share/cpp04_param/local_setup.sh
[4.353s] -- Installing: /home/sophia/workspace/about_ros/code/about_ros2/param_ros/install/cpp04_param/share/cpp04_param/local_setup.zsh
[4.353s] -- Installing: /home/sophia/workspace/about_ros/code/about_ros2/param_ros/install/cpp04_param/share/cpp04_param/local_setup.dsv
[4.353s] -- Installing: /home/sophia/workspace/about_ros/code/about_ros2/param_ros/install/cpp04_param/share/cpp04_param/package.dsv
[4.353s] -- Installing: /home/sophia/workspace/about_ros/code/about_ros2/param_ros/install/cpp04_param/share/ament_index/resource_index/packages/cpp04_param
[4.353s] -- Installing: /home/sophia/workspace/about_ros/code/about_ros2/param_ros/install/cpp04_param/share/cpp04_param/cmake/cpp04_paramConfig.cmake
[4.354s] -- Installing: /home/sophia/workspace/about_ros/code/about_ros2/param_ros/install/cpp04_param/share/cpp04_param/cmake/cpp04_paramConfig-version.cmake
[4.354s] -- Installing: /home/sophia/workspace/about_ros/code/about_ros2/param_ros/install/cpp04_param/share/cpp04_param/package.xml
[4.355s] Invoked command in '/home/sophia/workspace/about_ros/code/about_ros2/param_ros/build/cpp04_param' returned '0': CMAKE_PREFIX_PATH=${CMAKE_PREFIX_PATH}:/opt/ros/humble /usr/bin/cmake --install /home/sophia/workspace/about_ros/code/about_ros2/param_ros/build/cpp04_param
