[0.009s] Invoking command in '/home/sophia/workspace/about_ros/code/about_ros2/ws_tools/build/cpp01_launch': /bin/cmake /home/sophia/workspace/about_ros/code/about_ros2/ws_tools/src/cpp01_launch -DCMAKE_INSTALL_PREFIX=/home/sophia/workspace/about_ros/code/about_ros2/ws_tools/install/cpp01_launch
[0.027s] [31mCMake Error at CMakeLists.txt:9 (find_package):
[0.027s]   By not providing "Findament_cmake.cmake" in CMAKE_MODULE_PATH this project
[0.027s]   has asked CMake to find a package configuration file provided by
[0.027s]   "ament_cmake", but CMake did not find one.
[0.027s] 
[0.027s]   Could not find a package configuration file provided by "ament_cmake" with
[0.027s]   any of the following names:
[0.028s] 
[0.028s]     ament_cmakeConfig.cmake
[0.028s]     ament_cmake-config.cmake
[0.028s] 
[0.028s]   Add the installation prefix of "ament_cmake" to CMAKE_PREFIX_PATH or set
[0.028s]   "ament_cmake_DIR" to a directory containing one of the above files.  If
[0.028s]   "ament_cmake" provides a separate development package or SDK, be sure it
[0.028s]   has been installed.
[0.028s] 
[0.028s] [0m
[0.028s] -- Configuring incomplete, errors occurred!
[0.028s] See also "/home/sophia/workspace/about_ros/code/about_ros2/ws_tools/build/cpp01_launch/CMakeFiles/CMakeOutput.log".
[0.029s] Invoked command in '/home/sophia/workspace/about_ros/code/about_ros2/ws_tools/build/cpp01_launch' returned '1': /bin/cmake /home/sophia/workspace/about_ros/code/about_ros2/ws_tools/src/cpp01_launch -DCMAKE_INSTALL_PREFIX=/home/sophia/workspace/about_ros/code/about_ros2/ws_tools/install/cpp01_launch
