[35m[1mConsolidate compiler generated dependencies of target exer01_tf_spawn[0m
[35m[1mConsolidate compiler generated dependencies of target exer03_tf_listener[0m
[35m[1mConsolidate compiler generated dependencies of target exer02_tf_broadcaster[0m
[ 66%] Built target exer02_tf_broadcaster
[ 66%] Built target exer03_tf_listener
[ 83%] [32mBuilding CXX object CMakeFiles/exer01_tf_spawn.dir/src/exer01_tf_spawn.cpp.o[0m
[100%] [32m[1mLinking CXX executable exer01_tf_spawn[0m
[100%] Built target exer01_tf_spawn
-- Install configuration: ""
-- Installing: /home/sophia/workspace/about_ros/code/about_ros2/ws_tools/install/cpp05_exercise/lib/cpp05_exercise/exer01_tf_spawn
-- Set runtime path of "/home/sophia/workspace/about_ros/code/about_ros2/ws_tools/install/cpp05_exercise/lib/cpp05_exercise/exer01_tf_spawn" to ""
-- Installing: /home/sophia/workspace/about_ros/code/about_ros2/ws_tools/install/cpp05_exercise/lib/cpp05_exercise/exer02_tf_broadcaster
-- Set runtime path of "/home/sophia/workspace/about_ros/code/about_ros2/ws_tools/install/cpp05_exercise/lib/cpp05_exercise/exer02_tf_broadcaster" to ""
-- Installing: /home/sophia/workspace/about_ros/code/about_ros2/ws_tools/install/cpp05_exercise/lib/cpp05_exercise/exer03_tf_listener
-- Set runtime path of "/home/sophia/workspace/about_ros/code/about_ros2/ws_tools/install/cpp05_exercise/lib/cpp05_exercise/exer03_tf_listener" to ""
-- Installing: /home/sophia/workspace/about_ros/code/about_ros2/ws_tools/install/cpp05_exercise/share//launch
-- Installing: /home/sophia/workspace/about_ros/code/about_ros2/ws_tools/install/cpp05_exercise/share/ament_index/resource_index/package_run_dependencies/cpp05_exercise
-- Installing: /home/sophia/workspace/about_ros/code/about_ros2/ws_tools/install/cpp05_exercise/share/ament_index/resource_index/parent_prefix_path/cpp05_exercise
-- Installing: /home/sophia/workspace/about_ros/code/about_ros2/ws_tools/install/cpp05_exercise/share/cpp05_exercise/environment/ament_prefix_path.sh
-- Installing: /home/sophia/workspace/about_ros/code/about_ros2/ws_tools/install/cpp05_exercise/share/cpp05_exercise/environment/ament_prefix_path.dsv
-- Installing: /home/sophia/workspace/about_ros/code/about_ros2/ws_tools/install/cpp05_exercise/share/cpp05_exercise/environment/path.sh
-- Installing: /home/sophia/workspace/about_ros/code/about_ros2/ws_tools/install/cpp05_exercise/share/cpp05_exercise/environment/path.dsv
-- Installing: /home/sophia/workspace/about_ros/code/about_ros2/ws_tools/install/cpp05_exercise/share/cpp05_exercise/local_setup.bash
-- Installing: /home/sophia/workspace/about_ros/code/about_ros2/ws_tools/install/cpp05_exercise/share/cpp05_exercise/local_setup.sh
-- Installing: /home/sophia/workspace/about_ros/code/about_ros2/ws_tools/install/cpp05_exercise/share/cpp05_exercise/local_setup.zsh
-- Installing: /home/sophia/workspace/about_ros/code/about_ros2/ws_tools/install/cpp05_exercise/share/cpp05_exercise/local_setup.dsv
-- Installing: /home/sophia/workspace/about_ros/code/about_ros2/ws_tools/install/cpp05_exercise/share/cpp05_exercise/package.dsv
-- Installing: /home/sophia/workspace/about_ros/code/about_ros2/ws_tools/install/cpp05_exercise/share/ament_index/resource_index/packages/cpp05_exercise
-- Installing: /home/sophia/workspace/about_ros/code/about_ros2/ws_tools/install/cpp05_exercise/share/cpp05_exercise/cmake/cpp05_exerciseConfig.cmake
-- Installing: /home/sophia/workspace/about_ros/code/about_ros2/ws_tools/install/cpp05_exercise/share/cpp05_exercise/cmake/cpp05_exerciseConfig-version.cmake
-- Installing: /home/sophia/workspace/about_ros/code/about_ros2/ws_tools/install/cpp05_exercise/share/cpp05_exercise/package.xml
