-- The C compiler identification is GNU 11.4.0
-- The CXX compiler identification is GNU 11.4.0
-- Detecting C compiler ABI info
-- Detecting C compiler ABI info - done
-- Check for working C compiler: /bin/cc - skipped
-- Detecting C compile features
-- Detecting C compile features - done
-- Detecting CXX compiler ABI info
-- Detecting CXX compiler ABI info - done
-- Check for working CXX compiler: /bin/c++ - skipped
-- Detecting CXX compile features
-- Detecting CXX compile features - done
-- Found ament_cmake: 1.3.5 (/opt/ros/humble/share/ament_cmake/cmake)
-- Found Python3: /bin/python3.10 (found version "3.10.12") found components: Interpreter 
-- Found rclcpp: 16.0.5 (/opt/ros/humble/share/rclcpp/cmake)
-- Found rosidl_generator_c: 3.1.5 (/opt/ros/humble/share/rosidl_generator_c/cmake)
-- Found rosidl_adapter: 3.1.5 (/opt/ros/humble/share/rosidl_adapter/cmake)
-- Found rosidl_generator_cpp: 3.1.5 (/opt/ros/humble/share/rosidl_generator_cpp/cmake)
-- Using all available rosidl_typesupport_c: rosidl_typesupport_fastrtps_c;rosidl_typesupport_introspection_c
-- Using all available rosidl_typesupport_cpp: rosidl_typesupport_fastrtps_cpp;rosidl_typesupport_introspection_cpp
-- Found rmw_implementation_cmake: 6.1.1 (/opt/ros/humble/share/rmw_implementation_cmake/cmake)
-- Found rmw_fastrtps_cpp: 6.2.3 (/opt/ros/humble/share/rmw_fastrtps_cpp/cmake)
-- Found OpenSSL: /usr/lib/x86_64-linux-gnu/libcrypto.so (found version "3.0.2")  
-- Found FastRTPS: /opt/ros/humble/include  
-- Using RMW implementation 'rmw_fastrtps_cpp' as default
-- Looking for pthread.h
-- Looking for pthread.h - found
-- Performing Test CMAKE_HAVE_LIBC_PTHREAD
-- Performing Test CMAKE_HAVE_LIBC_PTHREAD - Success
-- Found Threads: TRUE  
-- Found tf2: 0.25.3 (/opt/ros/humble/share/tf2/cmake)
-- Found tf2_ros: 0.25.3 (/opt/ros/humble/share/tf2_ros/cmake)
-- Found ament_lint_auto: 0.12.7 (/opt/ros/humble/share/ament_lint_auto/cmake)
-- Added test 'cppcheck' to perform static code analysis on C / C++ code
-- Configured cppcheck include dirs: $<BUILD_INTERFACE:/home/sophia/workspace/about_ros/code/about_ros2/ws_tools/src/cpp04_tf_listener/include>
-- Configured cppcheck exclude dirs and/or files: 
-- Added test 'lint_cmake' to check CMake code style
-- Added test 'uncrustify' to check C / C++ code style
-- Configured uncrustify additional arguments: 
-- Added test 'xmllint' to check XML markup files
-- Configuring done
-- Generating done
-- Build files have been written to: /home/sophia/workspace/about_ros/code/about_ros2/build/cpp04_tf_listener
[ 50%] [32mBuilding CXX object CMakeFiles/demo01_tf_listener.dir/src/demo01_tf_listener.cpp.o[0m
In file included from [01m[K/opt/ros/humble/include/rclcpp/rclcpp/logging.hpp:24[m[K,
                 from [01m[K/opt/ros/humble/include/rclcpp/rclcpp/client.hpp:40[m[K,
                 from [01m[K/opt/ros/humble/include/rclcpp/rclcpp/callback_group.hpp:24[m[K,
                 from [01m[K/opt/ros/humble/include/rclcpp/rclcpp/any_executable.hpp:20[m[K,
                 from [01m[K/opt/ros/humble/include/rclcpp/rclcpp/memory_strategy.hpp:25[m[K,
                 from [01m[K/opt/ros/humble/include/rclcpp/rclcpp/memory_strategies.hpp:18[m[K,
                 from [01m[K/opt/ros/humble/include/rclcpp/rclcpp/executor_options.hpp:20[m[K,
                 from [01m[K/opt/ros/humble/include/rclcpp/rclcpp/executor.hpp:37[m[K,
                 from [01m[K/opt/ros/humble/include/rclcpp/rclcpp/executors/multi_threaded_executor.hpp:25[m[K,
                 from [01m[K/opt/ros/humble/include/rclcpp/rclcpp/executors.hpp:21[m[K,
                 from [01m[K/opt/ros/humble/include/rclcpp/rclcpp/rclcpp.hpp:155[m[K,
                 from [01m[K/home/sophia/workspace/about_ros/code/about_ros2/ws_tools/src/cpp04_tf_listener/src/demo01_tf_listener.cpp:1[m[K:
[01m[K/home/sophia/workspace/about_ros/code/about_ros2/ws_tools/src/cpp04_tf_listener/src/demo01_tf_listener.cpp:[m[K In member function ‘[01m[Kvoid TFListener::on_timer()[m[K’:
[01m[K/home/sophia/workspace/about_ros/code/about_ros2/ws_tools/src/cpp04_tf_listener/src/demo01_tf_listener.cpp:39:25:[m[K [01;35m[Kwarning: [m[Kformat ‘[01m[K%s[m[K’ expects argument of type ‘[01m[Kchar*[m[K’, but argument 5 has type ‘[01m[Kstd_msgs::msg::Header_<std::allocator<void> >::_frame_id_type[m[K’ {aka ‘[01m[Kstd::__cxx11::basic_string<char>[m[K’} [[01;35m[K]8;;https://gcc.gnu.org/onlinedocs/gcc/Warning-Options.html#index-Wformat=-Wformat=]8;;[m[K]
   39 |                         [01;35m[K"新坐标帧：父坐标系:%s, 子坐标系：%s, 偏移量(%.2f,%.2f,%.2f)"[m[K,
      |                         [01;35m[K^~~~~~~~~~~~~~~~~~~~~~~~~~~~~~~~~~~~~~~~~~~~~~~~~~~~~~~~~~~~~[m[K
[01m[K/home/sophia/workspace/about_ros/code/about_ros2/ws_tools/src/cpp04_tf_listener/src/demo01_tf_listener.cpp:39:46:[m[K [01;36m[Knote: [m[Kformat string is defined here
   39 |                         "新坐标帧：父坐标系:[01;36m[K%s[m[K, 子坐标系：%s, 偏移量(%.2f,%.2f,%.2f)",
      |                                             [01;36m[K~^[m[K
      |                                              [01;36m[K|[m[K
      |                                              [01;36m[Kchar*[m[K
In file included from [01m[K/opt/ros/humble/include/rclcpp/rclcpp/logging.hpp:24[m[K,
                 from [01m[K/opt/ros/humble/include/rclcpp/rclcpp/client.hpp:40[m[K,
                 from [01m[K/opt/ros/humble/include/rclcpp/rclcpp/callback_group.hpp:24[m[K,
                 from [01m[K/opt/ros/humble/include/rclcpp/rclcpp/any_executable.hpp:20[m[K,
                 from [01m[K/opt/ros/humble/include/rclcpp/rclcpp/memory_strategy.hpp:25[m[K,
                 from [01m[K/opt/ros/humble/include/rclcpp/rclcpp/memory_strategies.hpp:18[m[K,
                 from [01m[K/opt/ros/humble/include/rclcpp/rclcpp/executor_options.hpp:20[m[K,
                 from [01m[K/opt/ros/humble/include/rclcpp/rclcpp/executor.hpp:37[m[K,
                 from [01m[K/opt/ros/humble/include/rclcpp/rclcpp/executors/multi_threaded_executor.hpp:25[m[K,
                 from [01m[K/opt/ros/humble/include/rclcpp/rclcpp/executors.hpp:21[m[K,
                 from [01m[K/opt/ros/humble/include/rclcpp/rclcpp/rclcpp.hpp:155[m[K,
                 from [01m[K/home/sophia/workspace/about_ros/code/about_ros2/ws_tools/src/cpp04_tf_listener/src/demo01_tf_listener.cpp:1[m[K:
[01m[K/home/sophia/workspace/about_ros/code/about_ros2/ws_tools/src/cpp04_tf_listener/src/demo01_tf_listener.cpp:39:25:[m[K [01;35m[Kwarning: [m[Kformat ‘[01m[K%s[m[K’ expects argument of type ‘[01m[Kchar*[m[K’, but argument 6 has type ‘[01m[Kgeometry_msgs::msg::TransformStamped_<std::allocator<void> >::_child_frame_id_type[m[K’ {aka ‘[01m[Kstd::__cxx11::basic_string<char>[m[K’} [[01;35m[K]8;;https://gcc.gnu.org/onlinedocs/gcc/Warning-Options.html#index-Wformat=-Wformat=]8;;[m[K]
   39 |                         [01;35m[K"新坐标帧：父坐标系:%s, 子坐标系：%s, 偏移量(%.2f,%.2f,%.2f)"[m[K,
      |                         [01;35m[K^~~~~~~~~~~~~~~~~~~~~~~~~~~~~~~~~~~~~~~~~~~~~~~~~~~~~~~~~~~~~[m[K
[01m[K/home/sophia/workspace/about_ros/code/about_ros2/ws_tools/src/cpp04_tf_listener/src/demo01_tf_listener.cpp:39:60:[m[K [01;36m[Knote: [m[Kformat string is defined here
   39 |                         "新坐标帧：父坐标系:%s, 子坐标系：[01;36m[K%s[m[K, 偏移量(%.2f,%.2f,%.2f)",
      |                                                           [01;36m[K~^[m[K
      |                                                            [01;36m[K|[m[K
      |                                                            [01;36m[Kchar*[m[K
[100%] [32m[1mLinking CXX executable demo01_tf_listener[0m
[100%] Built target demo01_tf_listener
-- Install configuration: ""
-- Installing: /home/sophia/workspace/about_ros/code/about_ros2/install/cpp04_tf_listener/lib/cpp04_tf_listener/demo01_tf_listener
-- Set runtime path of "/home/sophia/workspace/about_ros/code/about_ros2/install/cpp04_tf_listener/lib/cpp04_tf_listener/demo01_tf_listener" to ""
-- Installing: /home/sophia/workspace/about_ros/code/about_ros2/install/cpp04_tf_listener/share/ament_index/resource_index/package_run_dependencies/cpp04_tf_listener
-- Installing: /home/sophia/workspace/about_ros/code/about_ros2/install/cpp04_tf_listener/share/ament_index/resource_index/parent_prefix_path/cpp04_tf_listener
-- Installing: /home/sophia/workspace/about_ros/code/about_ros2/install/cpp04_tf_listener/share/cpp04_tf_listener/environment/ament_prefix_path.sh
-- Installing: /home/sophia/workspace/about_ros/code/about_ros2/install/cpp04_tf_listener/share/cpp04_tf_listener/environment/ament_prefix_path.dsv
-- Installing: /home/sophia/workspace/about_ros/code/about_ros2/install/cpp04_tf_listener/share/cpp04_tf_listener/environment/path.sh
-- Installing: /home/sophia/workspace/about_ros/code/about_ros2/install/cpp04_tf_listener/share/cpp04_tf_listener/environment/path.dsv
-- Installing: /home/sophia/workspace/about_ros/code/about_ros2/install/cpp04_tf_listener/share/cpp04_tf_listener/local_setup.bash
-- Installing: /home/sophia/workspace/about_ros/code/about_ros2/install/cpp04_tf_listener/share/cpp04_tf_listener/local_setup.sh
-- Installing: /home/sophia/workspace/about_ros/code/about_ros2/install/cpp04_tf_listener/share/cpp04_tf_listener/local_setup.zsh
-- Installing: /home/sophia/workspace/about_ros/code/about_ros2/install/cpp04_tf_listener/share/cpp04_tf_listener/local_setup.dsv
-- Installing: /home/sophia/workspace/about_ros/code/about_ros2/install/cpp04_tf_listener/share/cpp04_tf_listener/package.dsv
-- Installing: /home/sophia/workspace/about_ros/code/about_ros2/install/cpp04_tf_listener/share/ament_index/resource_index/packages/cpp04_tf_listener
-- Installing: /home/sophia/workspace/about_ros/code/about_ros2/install/cpp04_tf_listener/share/cpp04_tf_listener/cmake/cpp04_tf_listenerConfig.cmake
-- Installing: /home/sophia/workspace/about_ros/code/about_ros2/install/cpp04_tf_listener/share/cpp04_tf_listener/cmake/cpp04_tf_listenerConfig-version.cmake
-- Installing: /home/sophia/workspace/about_ros/code/about_ros2/install/cpp04_tf_listener/share/cpp04_tf_listener/package.xml
