[0.010s] Invoking command in '/home/sophia/workspace/about_ros/code/about_ros2/build/cpp04_tf_listener': CMAKE_PREFIX_PATH=/opt/ros/humble /bin/cmake /home/sophia/workspace/about_ros/code/about_ros2/ws_tools/src/cpp04_tf_listener -DCMAKE_INSTALL_PREFIX=/home/sophia/workspace/about_ros/code/about_ros2/install/cpp04_tf_listener
[0.060s] -- The C compiler identification is GNU 11.4.0
[0.110s] -- The CXX compiler identification is GNU 11.4.0
[0.117s] -- Detecting C compiler ABI info
[0.179s] -- Detecting C compiler ABI info - done
[0.185s] -- Check for working C compiler: /bin/cc - skipped
[0.186s] -- Detecting C compile features
[0.186s] -- Detecting C compile features - done
[0.190s] -- Detecting CXX compiler ABI info
[0.266s] -- Detecting CXX compiler ABI info - done
[0.275s] -- Check for working CXX compiler: /bin/c++ - skipped
[0.275s] -- Detecting CXX compile features
[0.276s] -- Detecting CXX compile features - done
[0.277s] -- Found ament_cmake: 1.3.5 (/opt/ros/humble/share/ament_cmake/cmake)
[0.597s] -- Found Python3: /bin/python3.10 (found version "3.10.12") found components: Interpreter 
[0.670s] -- Found rclcpp: 16.0.5 (/opt/ros/humble/share/rclcpp/cmake)
[0.706s] -- Found rosidl_generator_c: 3.1.5 (/opt/ros/humble/share/rosidl_generator_c/cmake)
[0.709s] -- Found rosidl_adapter: 3.1.5 (/opt/ros/humble/share/rosidl_adapter/cmake)
[0.716s] -- Found rosidl_generator_cpp: 3.1.5 (/opt/ros/humble/share/rosidl_generator_cpp/cmake)
[0.729s] -- Using all available rosidl_typesupport_c: rosidl_typesupport_fastrtps_c;rosidl_typesupport_introspection_c
[0.747s] -- Using all available rosidl_typesupport_cpp: rosidl_typesupport_fastrtps_cpp;rosidl_typesupport_introspection_cpp
[0.811s] -- Found rmw_implementation_cmake: 6.1.1 (/opt/ros/humble/share/rmw_implementation_cmake/cmake)
[0.814s] -- Found rmw_fastrtps_cpp: 6.2.3 (/opt/ros/humble/share/rmw_fastrtps_cpp/cmake)
[0.899s] -- Found OpenSSL: /usr/lib/x86_64-linux-gnu/libcrypto.so (found version "3.0.2")  
[0.927s] -- Found FastRTPS: /opt/ros/humble/include  
[0.970s] -- Using RMW implementation 'rmw_fastrtps_cpp' as default
[0.977s] -- Looking for pthread.h
[1.152s] -- Looking for pthread.h - found
[1.153s] -- Performing Test CMAKE_HAVE_LIBC_PTHREAD
[1.231s] -- Performing Test CMAKE_HAVE_LIBC_PTHREAD - Success
[1.232s] -- Found Threads: TRUE  
[1.400s] -- Found tf2: 0.25.3 (/opt/ros/humble/share/tf2/cmake)
[1.468s] -- Found tf2_ros: 0.25.3 (/opt/ros/humble/share/tf2_ros/cmake)
[1.812s] -- Found ament_lint_auto: 0.12.7 (/opt/ros/humble/share/ament_lint_auto/cmake)
[1.880s] -- Added test 'cppcheck' to perform static code analysis on C / C++ code
[1.880s] -- Configured cppcheck include dirs: $<BUILD_INTERFACE:/home/sophia/workspace/about_ros/code/about_ros2/ws_tools/src/cpp04_tf_listener/include>
[1.880s] -- Configured cppcheck exclude dirs and/or files: 
[1.881s] -- Added test 'lint_cmake' to check CMake code style
[1.881s] -- Added test 'uncrustify' to check C / C++ code style
[1.882s] -- Configured uncrustify additional arguments: 
[1.882s] -- Added test 'xmllint' to check XML markup files
[1.883s] -- Configuring done
[1.896s] -- Generating done
[1.898s] -- Build files have been written to: /home/sophia/workspace/about_ros/code/about_ros2/build/cpp04_tf_listener
[1.907s] Invoked command in '/home/sophia/workspace/about_ros/code/about_ros2/build/cpp04_tf_listener' returned '0': CMAKE_PREFIX_PATH=/opt/ros/humble /bin/cmake /home/sophia/workspace/about_ros/code/about_ros2/ws_tools/src/cpp04_tf_listener -DCMAKE_INSTALL_PREFIX=/home/sophia/workspace/about_ros/code/about_ros2/install/cpp04_tf_listener
[1.909s] Invoking command in '/home/sophia/workspace/about_ros/code/about_ros2/build/cpp04_tf_listener': CMAKE_PREFIX_PATH=/opt/ros/humble /bin/cmake --build /home/sophia/workspace/about_ros/code/about_ros2/build/cpp04_tf_listener -- -j8 -l8
[1.956s] [ 50%] [32mBuilding CXX object CMakeFiles/demo01_tf_listener.dir/src/demo01_tf_listener.cpp.o[0m
[4.747s] In file included from [01m[K/opt/ros/humble/include/rclcpp/rclcpp/logging.hpp:24[m[K,
[4.747s]                  from [01m[K/opt/ros/humble/include/rclcpp/rclcpp/client.hpp:40[m[K,
[4.748s]                  from [01m[K/opt/ros/humble/include/rclcpp/rclcpp/callback_group.hpp:24[m[K,
[4.748s]                  from [01m[K/opt/ros/humble/include/rclcpp/rclcpp/any_executable.hpp:20[m[K,
[4.748s]                  from [01m[K/opt/ros/humble/include/rclcpp/rclcpp/memory_strategy.hpp:25[m[K,
[4.748s]                  from [01m[K/opt/ros/humble/include/rclcpp/rclcpp/memory_strategies.hpp:18[m[K,
[4.748s]                  from [01m[K/opt/ros/humble/include/rclcpp/rclcpp/executor_options.hpp:20[m[K,
[4.748s]                  from [01m[K/opt/ros/humble/include/rclcpp/rclcpp/executor.hpp:37[m[K,
[4.748s]                  from [01m[K/opt/ros/humble/include/rclcpp/rclcpp/executors/multi_threaded_executor.hpp:25[m[K,
[4.748s]                  from [01m[K/opt/ros/humble/include/rclcpp/rclcpp/executors.hpp:21[m[K,
[4.749s]                  from [01m[K/opt/ros/humble/include/rclcpp/rclcpp/rclcpp.hpp:155[m[K,
[4.749s]                  from [01m[K/home/sophia/workspace/about_ros/code/about_ros2/ws_tools/src/cpp04_tf_listener/src/demo01_tf_listener.cpp:1[m[K:
[4.749s] [01m[K/home/sophia/workspace/about_ros/code/about_ros2/ws_tools/src/cpp04_tf_listener/src/demo01_tf_listener.cpp:[m[K In member function ‘[01m[Kvoid TFListener::on_timer()[m[K’:
[4.749s] [01m[K/home/sophia/workspace/about_ros/code/about_ros2/ws_tools/src/cpp04_tf_listener/src/demo01_tf_listener.cpp:39:25:[m[K [01;35m[Kwarning: [m[Kformat ‘[01m[K%s[m[K’ expects argument of type ‘[01m[Kchar*[m[K’, but argument 5 has type ‘[01m[Kstd_msgs::msg::Header_<std::allocator<void> >::_frame_id_type[m[K’ {aka ‘[01m[Kstd::__cxx11::basic_string<char>[m[K’} [[01;35m[K]8;;https://gcc.gnu.org/onlinedocs/gcc/Warning-Options.html#index-Wformat=-Wformat=]8;;[m[K]
[4.749s]    39 |                         [01;35m[K"新坐标帧：父坐标系:%s, 子坐标系：%s, 偏移量(%.2f,%.2f,%.2f)"[m[K,
[4.749s]       |                         [01;35m[K^~~~~~~~~~~~~~~~~~~~~~~~~~~~~~~~~~~~~~~~~~~~~~~~~~~~~~~~~~~~~[m[K
[4.750s] [01m[K/home/sophia/workspace/about_ros/code/about_ros2/ws_tools/src/cpp04_tf_listener/src/demo01_tf_listener.cpp:39:46:[m[K [01;36m[Knote: [m[Kformat string is defined here
[4.750s]    39 |                         "新坐标帧：父坐标系:[01;36m[K%s[m[K, 子坐标系：%s, 偏移量(%.2f,%.2f,%.2f)",
[4.750s]       |                                             [01;36m[K~^[m[K
[4.750s]       |                                              [01;36m[K|[m[K
[4.750s]       |                                              [01;36m[Kchar*[m[K
[4.750s] In file included from [01m[K/opt/ros/humble/include/rclcpp/rclcpp/logging.hpp:24[m[K,
[4.750s]                  from [01m[K/opt/ros/humble/include/rclcpp/rclcpp/client.hpp:40[m[K,
[4.750s]                  from [01m[K/opt/ros/humble/include/rclcpp/rclcpp/callback_group.hpp:24[m[K,
[4.751s]                  from [01m[K/opt/ros/humble/include/rclcpp/rclcpp/any_executable.hpp:20[m[K,
[4.751s]                  from [01m[K/opt/ros/humble/include/rclcpp/rclcpp/memory_strategy.hpp:25[m[K,
[4.751s]                  from [01m[K/opt/ros/humble/include/rclcpp/rclcpp/memory_strategies.hpp:18[m[K,
[4.751s]                  from [01m[K/opt/ros/humble/include/rclcpp/rclcpp/executor_options.hpp:20[m[K,
[4.751s]                  from [01m[K/opt/ros/humble/include/rclcpp/rclcpp/executor.hpp:37[m[K,
[4.751s]                  from [01m[K/opt/ros/humble/include/rclcpp/rclcpp/executors/multi_threaded_executor.hpp:25[m[K,
[4.751s]                  from [01m[K/opt/ros/humble/include/rclcpp/rclcpp/executors.hpp:21[m[K,
[4.751s]                  from [01m[K/opt/ros/humble/include/rclcpp/rclcpp/rclcpp.hpp:155[m[K,
[4.752s]                  from [01m[K/home/sophia/workspace/about_ros/code/about_ros2/ws_tools/src/cpp04_tf_listener/src/demo01_tf_listener.cpp:1[m[K:
[4.752s] [01m[K/home/sophia/workspace/about_ros/code/about_ros2/ws_tools/src/cpp04_tf_listener/src/demo01_tf_listener.cpp:39:25:[m[K [01;35m[Kwarning: [m[Kformat ‘[01m[K%s[m[K’ expects argument of type ‘[01m[Kchar*[m[K’, but argument 6 has type ‘[01m[Kgeometry_msgs::msg::TransformStamped_<std::allocator<void> >::_child_frame_id_type[m[K’ {aka ‘[01m[Kstd::__cxx11::basic_string<char>[m[K’} [[01;35m[K]8;;https://gcc.gnu.org/onlinedocs/gcc/Warning-Options.html#index-Wformat=-Wformat=]8;;[m[K]
[4.752s]    39 |                         [01;35m[K"新坐标帧：父坐标系:%s, 子坐标系：%s, 偏移量(%.2f,%.2f,%.2f)"[m[K,
[4.752s]       |                         [01;35m[K^~~~~~~~~~~~~~~~~~~~~~~~~~~~~~~~~~~~~~~~~~~~~~~~~~~~~~~~~~~~~[m[K
[4.752s] [01m[K/home/sophia/workspace/about_ros/code/about_ros2/ws_tools/src/cpp04_tf_listener/src/demo01_tf_listener.cpp:39:60:[m[K [01;36m[Knote: [m[Kformat string is defined here
[4.752s]    39 |                         "新坐标帧：父坐标系:%s, 子坐标系：[01;36m[K%s[m[K, 偏移量(%.2f,%.2f,%.2f)",
[4.752s]       |                                                           [01;36m[K~^[m[K
[4.752s]       |                                                            [01;36m[K|[m[K
[4.753s]       |                                                            [01;36m[Kchar*[m[K
[10.257s] [100%] [32m[1mLinking CXX executable demo01_tf_listener[0m
[10.635s] [100%] Built target demo01_tf_listener
[10.646s] Invoked command in '/home/sophia/workspace/about_ros/code/about_ros2/build/cpp04_tf_listener' returned '0': CMAKE_PREFIX_PATH=/opt/ros/humble /bin/cmake --build /home/sophia/workspace/about_ros/code/about_ros2/build/cpp04_tf_listener -- -j8 -l8
[10.676s] Invoking command in '/home/sophia/workspace/about_ros/code/about_ros2/build/cpp04_tf_listener': CMAKE_PREFIX_PATH=/opt/ros/humble /bin/cmake --install /home/sophia/workspace/about_ros/code/about_ros2/build/cpp04_tf_listener
[10.683s] -- Install configuration: ""
[10.683s] -- Installing: /home/sophia/workspace/about_ros/code/about_ros2/install/cpp04_tf_listener/lib/cpp04_tf_listener/demo01_tf_listener
[10.687s] -- Set runtime path of "/home/sophia/workspace/about_ros/code/about_ros2/install/cpp04_tf_listener/lib/cpp04_tf_listener/demo01_tf_listener" to ""
[10.687s] -- Installing: /home/sophia/workspace/about_ros/code/about_ros2/install/cpp04_tf_listener/share/ament_index/resource_index/package_run_dependencies/cpp04_tf_listener
[10.687s] -- Installing: /home/sophia/workspace/about_ros/code/about_ros2/install/cpp04_tf_listener/share/ament_index/resource_index/parent_prefix_path/cpp04_tf_listener
[10.688s] -- Installing: /home/sophia/workspace/about_ros/code/about_ros2/install/cpp04_tf_listener/share/cpp04_tf_listener/environment/ament_prefix_path.sh
[10.688s] -- Installing: /home/sophia/workspace/about_ros/code/about_ros2/install/cpp04_tf_listener/share/cpp04_tf_listener/environment/ament_prefix_path.dsv
[10.688s] -- Installing: /home/sophia/workspace/about_ros/code/about_ros2/install/cpp04_tf_listener/share/cpp04_tf_listener/environment/path.sh
[10.688s] -- Installing: /home/sophia/workspace/about_ros/code/about_ros2/install/cpp04_tf_listener/share/cpp04_tf_listener/environment/path.dsv
[10.688s] -- Installing: /home/sophia/workspace/about_ros/code/about_ros2/install/cpp04_tf_listener/share/cpp04_tf_listener/local_setup.bash
[10.688s] -- Installing: /home/sophia/workspace/about_ros/code/about_ros2/install/cpp04_tf_listener/share/cpp04_tf_listener/local_setup.sh
[10.688s] -- Installing: /home/sophia/workspace/about_ros/code/about_ros2/install/cpp04_tf_listener/share/cpp04_tf_listener/local_setup.zsh
[10.688s] -- Installing: /home/sophia/workspace/about_ros/code/about_ros2/install/cpp04_tf_listener/share/cpp04_tf_listener/local_setup.dsv
[10.689s] -- Installing: /home/sophia/workspace/about_ros/code/about_ros2/install/cpp04_tf_listener/share/cpp04_tf_listener/package.dsv
[10.689s] -- Installing: /home/sophia/workspace/about_ros/code/about_ros2/install/cpp04_tf_listener/share/ament_index/resource_index/packages/cpp04_tf_listener
[10.689s] -- Installing: /home/sophia/workspace/about_ros/code/about_ros2/install/cpp04_tf_listener/share/cpp04_tf_listener/cmake/cpp04_tf_listenerConfig.cmake
[10.689s] -- Installing: /home/sophia/workspace/about_ros/code/about_ros2/install/cpp04_tf_listener/share/cpp04_tf_listener/cmake/cpp04_tf_listenerConfig-version.cmake
[10.689s] -- Installing: /home/sophia/workspace/about_ros/code/about_ros2/install/cpp04_tf_listener/share/cpp04_tf_listener/package.xml
[10.692s] Invoked command in '/home/sophia/workspace/about_ros/code/about_ros2/build/cpp04_tf_listener' returned '0': CMAKE_PREFIX_PATH=/opt/ros/humble /bin/cmake --install /home/sophia/workspace/about_ros/code/about_ros2/build/cpp04_tf_listener
