[35m[1mConsolidate compiler generated dependencies of target demo02_reader[0m
[ 50%] Built target demo01_writer
[ 75%] [32mBuilding CXX object CMakeFiles/demo02_reader.dir/src/demo02_reader.cpp.o[0m
[100%] [32m[1mLinking CXX executable demo02_reader[0m
[100%] Built target demo02_reader
-- Install configuration: ""
-- Up-to-date: /home/sophia/workspace/about_ros/code/about_ros2/ws_tools/install/cpp02_rosbag/lib/cpp02_rosbag/demo01_writer
-- Installing: /home/sophia/workspace/about_ros/code/about_ros2/ws_tools/install/cpp02_rosbag/lib/cpp02_rosbag/demo02_reader
-- Set runtime path of "/home/sophia/workspace/about_ros/code/about_ros2/ws_tools/install/cpp02_rosbag/lib/cpp02_rosbag/demo02_reader" to ""
-- Up-to-date: /home/sophia/workspace/about_ros/code/about_ros2/ws_tools/install/cpp02_rosbag/share/ament_index/resource_index/package_run_dependencies/cpp02_rosbag
-- Up-to-date: /home/sophia/workspace/about_ros/code/about_ros2/ws_tools/install/cpp02_rosbag/share/ament_index/resource_index/parent_prefix_path/cpp02_rosbag
-- Up-to-date: /home/sophia/workspace/about_ros/code/about_ros2/ws_tools/install/cpp02_rosbag/share/cpp02_rosbag/environment/ament_prefix_path.sh
-- Up-to-date: /home/sophia/workspace/about_ros/code/about_ros2/ws_tools/install/cpp02_rosbag/share/cpp02_rosbag/environment/ament_prefix_path.dsv
-- Up-to-date: /home/sophia/workspace/about_ros/code/about_ros2/ws_tools/install/cpp02_rosbag/share/cpp02_rosbag/environment/path.sh
-- Up-to-date: /home/sophia/workspace/about_ros/code/about_ros2/ws_tools/install/cpp02_rosbag/share/cpp02_rosbag/environment/path.dsv
-- Up-to-date: /home/sophia/workspace/about_ros/code/about_ros2/ws_tools/install/cpp02_rosbag/share/cpp02_rosbag/local_setup.bash
-- Up-to-date: /home/sophia/workspace/about_ros/code/about_ros2/ws_tools/install/cpp02_rosbag/share/cpp02_rosbag/local_setup.sh
-- Up-to-date: /home/sophia/workspace/about_ros/code/about_ros2/ws_tools/install/cpp02_rosbag/share/cpp02_rosbag/local_setup.zsh
-- Up-to-date: /home/sophia/workspace/about_ros/code/about_ros2/ws_tools/install/cpp02_rosbag/share/cpp02_rosbag/local_setup.dsv
-- Installing: /home/sophia/workspace/about_ros/code/about_ros2/ws_tools/install/cpp02_rosbag/share/cpp02_rosbag/package.dsv
-- Up-to-date: /home/sophia/workspace/about_ros/code/about_ros2/ws_tools/install/cpp02_rosbag/share/ament_index/resource_index/packages/cpp02_rosbag
-- Up-to-date: /home/sophia/workspace/about_ros/code/about_ros2/ws_tools/install/cpp02_rosbag/share/cpp02_rosbag/cmake/cpp02_rosbagConfig.cmake
-- Up-to-date: /home/sophia/workspace/about_ros/code/about_ros2/ws_tools/install/cpp02_rosbag/share/cpp02_rosbag/cmake/cpp02_rosbagConfig-version.cmake
-- Up-to-date: /home/sophia/workspace/about_ros/code/about_ros2/ws_tools/install/cpp02_rosbag/share/cpp02_rosbag/package.xml
