[0.246s] DEBUG:colcon:Command line arguments: ['/usr/bin/colcon', 'build', '--cmake-args', '-DCMAKE_EXPORT_COMPILE_COMMANDS=ON']
[0.246s] DEBUG:colcon:Parsed command line arguments: Namespace(log_base=None, log_level=None, verb_name='build', build_base='build', install_base='install', merge_install=False, symlink_install=False, test_result_base=None, continue_on_error=False, executor='parallel', parallel_workers=8, event_handlers=None, ignore_user_meta=False, metas=['./colcon.meta'], base_paths=['.'], packages_ignore=None, packages_ignore_regex=None, paths=None, packages_up_to=None, packages_up_to_regex=None, packages_above=None, packages_above_and_dependencies=None, packages_above_depth=None, packages_select_by_dep=None, packages_skip_by_dep=None, packages_skip_up_to=None, packages_select_build_failed=False, packages_skip_build_finished=False, packages_select_test_failures=False, packages_skip_test_passed=False, packages_select=None, packages_skip=None, packages_select_regex=None, packages_skip_regex=None, packages_start=None, packages_end=None, allow_overriding=[], cmake_args=['-DCMAKE_EXPORT_COMPILE_COMMANDS=ON'], cmake_target=None, cmake_target_skip_unavailable=False, cmake_clean_cache=False, cmake_clean_first=False, cmake_force_configure=False, ament_cmake_args=None, catkin_cmake_args=None, catkin_skip_building_tests=False, verb_parser=<colcon_defaults.argument_parser.defaults.DefaultArgumentsDecorator object at 0x7fc8ccf51e10>, verb_extension=<colcon_core.verb.build.BuildVerb object at 0x7fc8cd0537c0>, main=<bound method BuildVerb.main of <colcon_core.verb.build.BuildVerb object at 0x7fc8cd0537c0>>)
[0.276s] Level 1:colcon.colcon_core.package_discovery:discover_packages(colcon_meta) check parameters
[0.276s] Level 1:colcon.colcon_core.package_discovery:discover_packages(recursive) check parameters
[0.276s] Level 1:colcon.colcon_core.package_discovery:discover_packages(ignore) check parameters
[0.276s] Level 1:colcon.colcon_core.package_discovery:discover_packages(path) check parameters
[0.276s] Level 1:colcon.colcon_core.package_discovery:discover_packages(colcon_meta) discover
[0.276s] Level 1:colcon.colcon_core.package_discovery:discover_packages(recursive) discover
[0.276s] INFO:colcon.colcon_core.package_discovery:Crawling recursively for packages in '/home/sophia/workspace/about_ros/code/about_ros2/topic_ros'
[0.276s] Level 1:colcon.colcon_core.package_identification:_identify(.) by extensions ['ignore', 'ignore_ament_install']
[0.276s] Level 1:colcon.colcon_core.package_identification:_identify(.) by extension 'ignore'
[0.276s] Level 1:colcon.colcon_core.package_identification:_identify(.) by extension 'ignore_ament_install'
[0.276s] Level 1:colcon.colcon_core.package_identification:_identify(.) by extensions ['colcon_pkg']
[0.276s] Level 1:colcon.colcon_core.package_identification:_identify(.) by extension 'colcon_pkg'
[0.276s] Level 1:colcon.colcon_core.package_identification:_identify(.) by extensions ['colcon_meta']
[0.276s] Level 1:colcon.colcon_core.package_identification:_identify(.) by extension 'colcon_meta'
[0.277s] Level 1:colcon.colcon_core.package_identification:_identify(.) by extensions ['ros']
[0.277s] Level 1:colcon.colcon_core.package_identification:_identify(.) by extension 'ros'
[0.289s] Level 1:colcon.colcon_core.package_identification:_identify(.) by extensions ['cmake', 'python']
[0.289s] Level 1:colcon.colcon_core.package_identification:_identify(.) by extension 'cmake'
[0.289s] Level 1:colcon.colcon_core.package_identification:_identify(.) by extension 'python'
[0.289s] Level 1:colcon.colcon_core.package_identification:_identify(.) by extensions ['python_setup_py']
[0.289s] Level 1:colcon.colcon_core.package_identification:_identify(.) by extension 'python_setup_py'
[0.290s] Level 1:colcon.colcon_core.package_identification:_identify(build) by extensions ['ignore', 'ignore_ament_install']
[0.290s] Level 1:colcon.colcon_core.package_identification:_identify(build) by extension 'ignore'
[0.290s] Level 1:colcon.colcon_core.package_identification:_identify(build) ignored
[0.290s] Level 1:colcon.colcon_core.package_identification:_identify(install) by extensions ['ignore', 'ignore_ament_install']
[0.290s] Level 1:colcon.colcon_core.package_identification:_identify(install) by extension 'ignore'
[0.290s] Level 1:colcon.colcon_core.package_identification:_identify(install) ignored
[0.290s] Level 1:colcon.colcon_core.package_identification:_identify(log) by extensions ['ignore', 'ignore_ament_install']
[0.290s] Level 1:colcon.colcon_core.package_identification:_identify(log) by extension 'ignore'
[0.290s] Level 1:colcon.colcon_core.package_identification:_identify(log) ignored
[0.290s] Level 1:colcon.colcon_core.package_identification:_identify(src) by extensions ['ignore', 'ignore_ament_install']
[0.290s] Level 1:colcon.colcon_core.package_identification:_identify(src) by extension 'ignore'
[0.290s] Level 1:colcon.colcon_core.package_identification:_identify(src) by extension 'ignore_ament_install'
[0.290s] Level 1:colcon.colcon_core.package_identification:_identify(src) by extensions ['colcon_pkg']
[0.290s] Level 1:colcon.colcon_core.package_identification:_identify(src) by extension 'colcon_pkg'
[0.290s] Level 1:colcon.colcon_core.package_identification:_identify(src) by extensions ['colcon_meta']
[0.290s] Level 1:colcon.colcon_core.package_identification:_identify(src) by extension 'colcon_meta'
[0.291s] Level 1:colcon.colcon_core.package_identification:_identify(src) by extensions ['ros']
[0.291s] Level 1:colcon.colcon_core.package_identification:_identify(src) by extension 'ros'
[0.291s] Level 1:colcon.colcon_core.package_identification:_identify(src) by extensions ['cmake', 'python']
[0.291s] Level 1:colcon.colcon_core.package_identification:_identify(src) by extension 'cmake'
[0.291s] Level 1:colcon.colcon_core.package_identification:_identify(src) by extension 'python'
[0.291s] Level 1:colcon.colcon_core.package_identification:_identify(src) by extensions ['python_setup_py']
[0.291s] Level 1:colcon.colcon_core.package_identification:_identify(src) by extension 'python_setup_py'
[0.291s] Level 1:colcon.colcon_core.package_identification:_identify(src/base_interface_demo) by extensions ['ignore', 'ignore_ament_install']
[0.291s] Level 1:colcon.colcon_core.package_identification:_identify(src/base_interface_demo) by extension 'ignore'
[0.291s] Level 1:colcon.colcon_core.package_identification:_identify(src/base_interface_demo) by extension 'ignore_ament_install'
[0.291s] Level 1:colcon.colcon_core.package_identification:_identify(src/base_interface_demo) by extensions ['colcon_pkg']
[0.291s] Level 1:colcon.colcon_core.package_identification:_identify(src/base_interface_demo) by extension 'colcon_pkg'
[0.291s] Level 1:colcon.colcon_core.package_identification:_identify(src/base_interface_demo) by extensions ['colcon_meta']
[0.291s] Level 1:colcon.colcon_core.package_identification:_identify(src/base_interface_demo) by extension 'colcon_meta'
[0.291s] Level 1:colcon.colcon_core.package_identification:_identify(src/base_interface_demo) by extensions ['ros']
[0.291s] Level 1:colcon.colcon_core.package_identification:_identify(src/base_interface_demo) by extension 'ros'
[0.293s] DEBUG:colcon.colcon_core.package_identification:Package 'src/base_interface_demo' with type 'ros.ament_cmake' and name 'base_interface_demo'
[0.293s] Level 1:colcon.colcon_core.package_identification:_identify(src/cpp01_topic) by extensions ['ignore', 'ignore_ament_install']
[0.293s] Level 1:colcon.colcon_core.package_identification:_identify(src/cpp01_topic) by extension 'ignore'
[0.293s] Level 1:colcon.colcon_core.package_identification:_identify(src/cpp01_topic) by extension 'ignore_ament_install'
[0.293s] Level 1:colcon.colcon_core.package_identification:_identify(src/cpp01_topic) by extensions ['colcon_pkg']
[0.293s] Level 1:colcon.colcon_core.package_identification:_identify(src/cpp01_topic) by extension 'colcon_pkg'
[0.293s] Level 1:colcon.colcon_core.package_identification:_identify(src/cpp01_topic) by extensions ['colcon_meta']
[0.294s] Level 1:colcon.colcon_core.package_identification:_identify(src/cpp01_topic) by extension 'colcon_meta'
[0.294s] Level 1:colcon.colcon_core.package_identification:_identify(src/cpp01_topic) by extensions ['ros']
[0.294s] Level 1:colcon.colcon_core.package_identification:_identify(src/cpp01_topic) by extension 'ros'
[0.294s] DEBUG:colcon.colcon_core.package_identification:Package 'src/cpp01_topic' with type 'ros.ament_cmake' and name 'cpp01_topic'
[0.294s] Level 1:colcon.colcon_core.package_identification:_identify(src/topic_test_cpp) by extensions ['ignore', 'ignore_ament_install']
[0.294s] Level 1:colcon.colcon_core.package_identification:_identify(src/topic_test_cpp) by extension 'ignore'
[0.294s] Level 1:colcon.colcon_core.package_identification:_identify(src/topic_test_cpp) by extension 'ignore_ament_install'
[0.294s] Level 1:colcon.colcon_core.package_identification:_identify(src/topic_test_cpp) by extensions ['colcon_pkg']
[0.295s] Level 1:colcon.colcon_core.package_identification:_identify(src/topic_test_cpp) by extension 'colcon_pkg'
[0.295s] Level 1:colcon.colcon_core.package_identification:_identify(src/topic_test_cpp) by extensions ['colcon_meta']
[0.295s] Level 1:colcon.colcon_core.package_identification:_identify(src/topic_test_cpp) by extension 'colcon_meta'
[0.295s] Level 1:colcon.colcon_core.package_identification:_identify(src/topic_test_cpp) by extensions ['ros']
[0.295s] Level 1:colcon.colcon_core.package_identification:_identify(src/topic_test_cpp) by extension 'ros'
[0.295s] DEBUG:colcon.colcon_core.package_identification:Package 'src/topic_test_cpp' with type 'ros.ament_cmake' and name 'topic_test_cpp'
[0.295s] Level 1:colcon.colcon_core.package_discovery:discover_packages(recursive) using defaults
[0.295s] Level 1:colcon.colcon_core.package_discovery:discover_packages(ignore) discover
[0.295s] Level 1:colcon.colcon_core.package_discovery:discover_packages(ignore) using defaults
[0.295s] Level 1:colcon.colcon_core.package_discovery:discover_packages(path) discover
[0.295s] Level 1:colcon.colcon_core.package_discovery:discover_packages(path) using defaults
[0.316s] Level 1:colcon.colcon_core.package_discovery:discover_packages(prefix_path) check parameters
[0.316s] Level 1:colcon.colcon_core.package_discovery:discover_packages(prefix_path) discover
[0.318s] DEBUG:colcon.colcon_installed_package_information.package_discovery:Found 3 installed packages in /home/sophia/workspace/about_ros/code/about_ros2/topic_ros/install
[0.319s] DEBUG:colcon.colcon_installed_package_information.package_discovery:Found 1 installed packages in /home/sophia/workspace/about_ros/code/about_ros2/first_ros/install
[0.320s] DEBUG:colcon.colcon_installed_package_information.package_discovery:Found 270 installed packages in /opt/ros/humble
[0.322s] Level 1:colcon.colcon_core.package_discovery:discover_packages(prefix_path) using defaults
[0.372s] Level 5:colcon.colcon_core.verb:set package 'base_interface_demo' build argument 'cmake_args' from command line to '['-DCMAKE_EXPORT_COMPILE_COMMANDS=ON']'
[0.372s] Level 5:colcon.colcon_core.verb:set package 'base_interface_demo' build argument 'cmake_target' from command line to 'None'
[0.372s] Level 5:colcon.colcon_core.verb:set package 'base_interface_demo' build argument 'cmake_target_skip_unavailable' from command line to 'False'
[0.372s] Level 5:colcon.colcon_core.verb:set package 'base_interface_demo' build argument 'cmake_clean_cache' from command line to 'False'
[0.372s] Level 5:colcon.colcon_core.verb:set package 'base_interface_demo' build argument 'cmake_clean_first' from command line to 'False'
[0.372s] Level 5:colcon.colcon_core.verb:set package 'base_interface_demo' build argument 'cmake_force_configure' from command line to 'False'
[0.372s] Level 5:colcon.colcon_core.verb:set package 'base_interface_demo' build argument 'ament_cmake_args' from command line to 'None'
[0.372s] Level 5:colcon.colcon_core.verb:set package 'base_interface_demo' build argument 'catkin_cmake_args' from command line to 'None'
[0.372s] Level 5:colcon.colcon_core.verb:set package 'base_interface_demo' build argument 'catkin_skip_building_tests' from command line to 'False'
[0.372s] DEBUG:colcon.colcon_core.verb:Building package 'base_interface_demo' with the following arguments: {'ament_cmake_args': None, 'build_base': '/home/sophia/workspace/about_ros/code/about_ros2/topic_ros/build/base_interface_demo', 'catkin_cmake_args': None, 'catkin_skip_building_tests': False, 'cmake_args': ['-DCMAKE_EXPORT_COMPILE_COMMANDS=ON'], 'cmake_clean_cache': False, 'cmake_clean_first': False, 'cmake_force_configure': False, 'cmake_target': None, 'cmake_target_skip_unavailable': False, 'install_base': '/home/sophia/workspace/about_ros/code/about_ros2/topic_ros/install/base_interface_demo', 'merge_install': False, 'path': '/home/sophia/workspace/about_ros/code/about_ros2/topic_ros/src/base_interface_demo', 'symlink_install': False, 'test_result_base': None}
[0.373s] Level 5:colcon.colcon_core.verb:set package 'topic_test_cpp' build argument 'cmake_args' from command line to '['-DCMAKE_EXPORT_COMPILE_COMMANDS=ON']'
[0.373s] Level 5:colcon.colcon_core.verb:set package 'topic_test_cpp' build argument 'cmake_target' from command line to 'None'
[0.373s] Level 5:colcon.colcon_core.verb:set package 'topic_test_cpp' build argument 'cmake_target_skip_unavailable' from command line to 'False'
[0.373s] Level 5:colcon.colcon_core.verb:set package 'topic_test_cpp' build argument 'cmake_clean_cache' from command line to 'False'
[0.373s] Level 5:colcon.colcon_core.verb:set package 'topic_test_cpp' build argument 'cmake_clean_first' from command line to 'False'
[0.373s] Level 5:colcon.colcon_core.verb:set package 'topic_test_cpp' build argument 'cmake_force_configure' from command line to 'False'
[0.373s] Level 5:colcon.colcon_core.verb:set package 'topic_test_cpp' build argument 'ament_cmake_args' from command line to 'None'
[0.373s] Level 5:colcon.colcon_core.verb:set package 'topic_test_cpp' build argument 'catkin_cmake_args' from command line to 'None'
[0.373s] Level 5:colcon.colcon_core.verb:set package 'topic_test_cpp' build argument 'catkin_skip_building_tests' from command line to 'False'
[0.373s] DEBUG:colcon.colcon_core.verb:Building package 'topic_test_cpp' with the following arguments: {'ament_cmake_args': None, 'build_base': '/home/sophia/workspace/about_ros/code/about_ros2/topic_ros/build/topic_test_cpp', 'catkin_cmake_args': None, 'catkin_skip_building_tests': False, 'cmake_args': ['-DCMAKE_EXPORT_COMPILE_COMMANDS=ON'], 'cmake_clean_cache': False, 'cmake_clean_first': False, 'cmake_force_configure': False, 'cmake_target': None, 'cmake_target_skip_unavailable': False, 'install_base': '/home/sophia/workspace/about_ros/code/about_ros2/topic_ros/install/topic_test_cpp', 'merge_install': False, 'path': '/home/sophia/workspace/about_ros/code/about_ros2/topic_ros/src/topic_test_cpp', 'symlink_install': False, 'test_result_base': None}
[0.374s] Level 5:colcon.colcon_core.verb:set package 'cpp01_topic' build argument 'cmake_args' from command line to '['-DCMAKE_EXPORT_COMPILE_COMMANDS=ON']'
[0.374s] Level 5:colcon.colcon_core.verb:set package 'cpp01_topic' build argument 'cmake_target' from command line to 'None'
[0.374s] Level 5:colcon.colcon_core.verb:set package 'cpp01_topic' build argument 'cmake_target_skip_unavailable' from command line to 'False'
[0.374s] Level 5:colcon.colcon_core.verb:set package 'cpp01_topic' build argument 'cmake_clean_cache' from command line to 'False'
[0.374s] Level 5:colcon.colcon_core.verb:set package 'cpp01_topic' build argument 'cmake_clean_first' from command line to 'False'
[0.374s] Level 5:colcon.colcon_core.verb:set package 'cpp01_topic' build argument 'cmake_force_configure' from command line to 'False'
[0.374s] Level 5:colcon.colcon_core.verb:set package 'cpp01_topic' build argument 'ament_cmake_args' from command line to 'None'
[0.374s] Level 5:colcon.colcon_core.verb:set package 'cpp01_topic' build argument 'catkin_cmake_args' from command line to 'None'
[0.374s] Level 5:colcon.colcon_core.verb:set package 'cpp01_topic' build argument 'catkin_skip_building_tests' from command line to 'False'
[0.374s] DEBUG:colcon.colcon_core.verb:Building package 'cpp01_topic' with the following arguments: {'ament_cmake_args': None, 'build_base': '/home/sophia/workspace/about_ros/code/about_ros2/topic_ros/build/cpp01_topic', 'catkin_cmake_args': None, 'catkin_skip_building_tests': False, 'cmake_args': ['-DCMAKE_EXPORT_COMPILE_COMMANDS=ON'], 'cmake_clean_cache': False, 'cmake_clean_first': False, 'cmake_force_configure': False, 'cmake_target': None, 'cmake_target_skip_unavailable': False, 'install_base': '/home/sophia/workspace/about_ros/code/about_ros2/topic_ros/install/cpp01_topic', 'merge_install': False, 'path': '/home/sophia/workspace/about_ros/code/about_ros2/topic_ros/src/cpp01_topic', 'symlink_install': False, 'test_result_base': None}
[0.374s] INFO:colcon.colcon_core.executor:Executing jobs using 'parallel' executor
[0.377s] DEBUG:colcon.colcon_parallel_executor.executor.parallel:run_until_complete
[0.377s] INFO:colcon.colcon_ros.task.ament_cmake.build:Building ROS package in '/home/sophia/workspace/about_ros/code/about_ros2/topic_ros/src/base_interface_demo' with build type 'ament_cmake'
[0.378s] INFO:colcon.colcon_cmake.task.cmake.build:Building CMake package in '/home/sophia/workspace/about_ros/code/about_ros2/topic_ros/src/base_interface_demo'
[0.381s] INFO:colcon.colcon_core.plugin_system:Skipping extension 'colcon_core.shell.bat': Not used on non-Windows systems
[0.381s] INFO:colcon.colcon_core.shell:Skip shell extension 'powershell' for command environment: Not usable outside of PowerShell
[0.381s] DEBUG:colcon.colcon_core.shell:Skip shell extension 'dsv' for command environment
[0.385s] INFO:colcon.colcon_ros.task.ament_cmake.build:Building ROS package in '/home/sophia/workspace/about_ros/code/about_ros2/topic_ros/src/topic_test_cpp' with build type 'ament_cmake'
[0.385s] INFO:colcon.colcon_cmake.task.cmake.build:Building CMake package in '/home/sophia/workspace/about_ros/code/about_ros2/topic_ros/src/topic_test_cpp'
[0.387s] INFO:colcon.colcon_core.shell:Skip shell extension 'powershell' for command environment: Not usable outside of PowerShell
[0.387s] DEBUG:colcon.colcon_core.shell:Skip shell extension 'dsv' for command environment
[0.396s] DEBUG:colcon.colcon_core.event_handler.log_command:Invoking command in '/home/sophia/workspace/about_ros/code/about_ros2/topic_ros/build/base_interface_demo': CMAKE_PREFIX_PATH=${CMAKE_PREFIX_PATH}:/opt/ros/humble /usr/bin/cmake --build /home/sophia/workspace/about_ros/code/about_ros2/topic_ros/build/base_interface_demo -- -j8 -l8
[0.401s] DEBUG:colcon.colcon_core.event_handler.log_command:Invoking command in '/home/sophia/workspace/about_ros/code/about_ros2/topic_ros/build/topic_test_cpp': CMAKE_PREFIX_PATH=${CMAKE_PREFIX_PATH}:/opt/ros/humble /usr/bin/cmake --build /home/sophia/workspace/about_ros/code/about_ros2/topic_ros/build/topic_test_cpp -- -j8 -l8
[0.429s] DEBUG:colcon.colcon_core.event_handler.log_command:Invoked command in '/home/sophia/workspace/about_ros/code/about_ros2/topic_ros/build/base_interface_demo' returned '0': CMAKE_PREFIX_PATH=${CMAKE_PREFIX_PATH}:/opt/ros/humble /usr/bin/cmake --build /home/sophia/workspace/about_ros/code/about_ros2/topic_ros/build/base_interface_demo -- -j8 -l8
[0.455s] DEBUG:colcon.colcon_core.event_handler.log_command:Invoking command in '/home/sophia/workspace/about_ros/code/about_ros2/topic_ros/build/base_interface_demo': CMAKE_PREFIX_PATH=${CMAKE_PREFIX_PATH}:/opt/ros/humble /usr/bin/cmake --install /home/sophia/workspace/about_ros/code/about_ros2/topic_ros/build/base_interface_demo
[0.458s] DEBUG:colcon.colcon_core.event_handler.log_command:Invoked command in '/home/sophia/workspace/about_ros/code/about_ros2/topic_ros/build/topic_test_cpp' returned '0': CMAKE_PREFIX_PATH=${CMAKE_PREFIX_PATH}:/opt/ros/humble /usr/bin/cmake --build /home/sophia/workspace/about_ros/code/about_ros2/topic_ros/build/topic_test_cpp -- -j8 -l8
[0.463s] Level 1:colcon.colcon_core.environment:create_environment_scripts_only(base_interface_demo)
[0.465s] DEBUG:colcon.colcon_core.event_handler.log_command:Invoked command in '/home/sophia/workspace/about_ros/code/about_ros2/topic_ros/build/base_interface_demo' returned '0': CMAKE_PREFIX_PATH=${CMAKE_PREFIX_PATH}:/opt/ros/humble /usr/bin/cmake --install /home/sophia/workspace/about_ros/code/about_ros2/topic_ros/build/base_interface_demo
[0.468s] Level 1:colcon.colcon_core.environment:checking '/home/sophia/workspace/about_ros/code/about_ros2/topic_ros/install/base_interface_demo' for CMake module files
[0.469s] Level 1:colcon.colcon_core.environment:checking '/home/sophia/workspace/about_ros/code/about_ros2/topic_ros/install/base_interface_demo' for CMake config files
[0.469s] Level 1:colcon.colcon_core.shell:create_environment_hook('base_interface_demo', 'cmake_prefix_path')
[0.471s] INFO:colcon.colcon_core.shell:Creating environment hook '/home/sophia/workspace/about_ros/code/about_ros2/topic_ros/install/base_interface_demo/share/base_interface_demo/hook/cmake_prefix_path.ps1'
[0.471s] INFO:colcon.colcon_core.shell:Creating environment descriptor '/home/sophia/workspace/about_ros/code/about_ros2/topic_ros/install/base_interface_demo/share/base_interface_demo/hook/cmake_prefix_path.dsv'
[0.472s] INFO:colcon.colcon_core.shell:Creating environment hook '/home/sophia/workspace/about_ros/code/about_ros2/topic_ros/install/base_interface_demo/share/base_interface_demo/hook/cmake_prefix_path.sh'
[0.472s] Level 1:colcon.colcon_core.environment:checking '/home/sophia/workspace/about_ros/code/about_ros2/topic_ros/install/base_interface_demo/bin'
[0.473s] Level 1:colcon.colcon_core.environment:checking '/home/sophia/workspace/about_ros/code/about_ros2/topic_ros/install/base_interface_demo/lib/pkgconfig/base_interface_demo.pc'
[0.473s] Level 1:colcon.colcon_core.environment:checking '/home/sophia/workspace/about_ros/code/about_ros2/topic_ros/install/base_interface_demo/lib/python3.10/site-packages'
[0.473s] Level 1:colcon.colcon_core.environment:checking '/home/sophia/workspace/about_ros/code/about_ros2/topic_ros/install/base_interface_demo/bin'
[0.474s] INFO:colcon.colcon_core.shell:Creating package script '/home/sophia/workspace/about_ros/code/about_ros2/topic_ros/install/base_interface_demo/share/base_interface_demo/package.ps1'
[0.475s] INFO:colcon.colcon_core.shell:Creating package descriptor '/home/sophia/workspace/about_ros/code/about_ros2/topic_ros/install/base_interface_demo/share/base_interface_demo/package.dsv'
[0.475s] INFO:colcon.colcon_core.shell:Creating package script '/home/sophia/workspace/about_ros/code/about_ros2/topic_ros/install/base_interface_demo/share/base_interface_demo/package.sh'
[0.476s] INFO:colcon.colcon_core.shell:Creating package script '/home/sophia/workspace/about_ros/code/about_ros2/topic_ros/install/base_interface_demo/share/base_interface_demo/package.bash'
[0.477s] INFO:colcon.colcon_core.shell:Creating package script '/home/sophia/workspace/about_ros/code/about_ros2/topic_ros/install/base_interface_demo/share/base_interface_demo/package.zsh'
[0.477s] Level 1:colcon.colcon_core.environment:create_file_with_runtime_dependencies(/home/sophia/workspace/about_ros/code/about_ros2/topic_ros/install/base_interface_demo/share/colcon-core/packages/base_interface_demo)
[0.480s] DEBUG:colcon.colcon_core.event_handler.log_command:Invoking command in '/home/sophia/workspace/about_ros/code/about_ros2/topic_ros/build/topic_test_cpp': CMAKE_PREFIX_PATH=${CMAKE_PREFIX_PATH}:/opt/ros/humble /usr/bin/cmake --install /home/sophia/workspace/about_ros/code/about_ros2/topic_ros/build/topic_test_cpp
[0.489s] Level 1:colcon.colcon_core.environment:create_environment_scripts_only(topic_test_cpp)
[0.489s] DEBUG:colcon.colcon_core.event_handler.log_command:Invoked command in '/home/sophia/workspace/about_ros/code/about_ros2/topic_ros/build/topic_test_cpp' returned '0': CMAKE_PREFIX_PATH=${CMAKE_PREFIX_PATH}:/opt/ros/humble /usr/bin/cmake --install /home/sophia/workspace/about_ros/code/about_ros2/topic_ros/build/topic_test_cpp
[0.492s] Level 1:colcon.colcon_core.environment:checking '/home/sophia/workspace/about_ros/code/about_ros2/topic_ros/install/topic_test_cpp' for CMake module files
[0.493s] Level 1:colcon.colcon_core.environment:checking '/home/sophia/workspace/about_ros/code/about_ros2/topic_ros/install/topic_test_cpp' for CMake config files
[0.493s] Level 1:colcon.colcon_core.shell:create_environment_hook('topic_test_cpp', 'cmake_prefix_path')
[0.495s] INFO:colcon.colcon_core.shell:Creating environment hook '/home/sophia/workspace/about_ros/code/about_ros2/topic_ros/install/topic_test_cpp/share/topic_test_cpp/hook/cmake_prefix_path.ps1'
[0.496s] INFO:colcon.colcon_core.shell:Creating environment descriptor '/home/sophia/workspace/about_ros/code/about_ros2/topic_ros/install/topic_test_cpp/share/topic_test_cpp/hook/cmake_prefix_path.dsv'
[0.496s] INFO:colcon.colcon_core.shell:Creating environment hook '/home/sophia/workspace/about_ros/code/about_ros2/topic_ros/install/topic_test_cpp/share/topic_test_cpp/hook/cmake_prefix_path.sh'
[0.496s] Level 1:colcon.colcon_core.environment:checking '/home/sophia/workspace/about_ros/code/about_ros2/topic_ros/install/topic_test_cpp/lib'
[0.497s] Level 1:colcon.colcon_core.environment:checking '/home/sophia/workspace/about_ros/code/about_ros2/topic_ros/install/topic_test_cpp/bin'
[0.497s] Level 1:colcon.colcon_core.environment:checking '/home/sophia/workspace/about_ros/code/about_ros2/topic_ros/install/topic_test_cpp/lib/pkgconfig/topic_test_cpp.pc'
[0.497s] Level 1:colcon.colcon_core.environment:checking '/home/sophia/workspace/about_ros/code/about_ros2/topic_ros/install/topic_test_cpp/lib/python3.10/site-packages'
[0.497s] Level 1:colcon.colcon_core.environment:checking '/home/sophia/workspace/about_ros/code/about_ros2/topic_ros/install/topic_test_cpp/bin'
[0.498s] INFO:colcon.colcon_core.shell:Creating package script '/home/sophia/workspace/about_ros/code/about_ros2/topic_ros/install/topic_test_cpp/share/topic_test_cpp/package.ps1'
[0.498s] INFO:colcon.colcon_core.shell:Creating package descriptor '/home/sophia/workspace/about_ros/code/about_ros2/topic_ros/install/topic_test_cpp/share/topic_test_cpp/package.dsv'
[0.499s] INFO:colcon.colcon_core.shell:Creating package script '/home/sophia/workspace/about_ros/code/about_ros2/topic_ros/install/topic_test_cpp/share/topic_test_cpp/package.sh'
[0.499s] INFO:colcon.colcon_core.shell:Creating package script '/home/sophia/workspace/about_ros/code/about_ros2/topic_ros/install/topic_test_cpp/share/topic_test_cpp/package.bash'
[0.499s] INFO:colcon.colcon_core.shell:Creating package script '/home/sophia/workspace/about_ros/code/about_ros2/topic_ros/install/topic_test_cpp/share/topic_test_cpp/package.zsh'
[0.500s] Level 1:colcon.colcon_core.environment:create_file_with_runtime_dependencies(/home/sophia/workspace/about_ros/code/about_ros2/topic_ros/install/topic_test_cpp/share/colcon-core/packages/topic_test_cpp)
[0.502s] Level 1:colcon.colcon_core.environment:create_environment_scripts_only(base_interface_demo)
[0.504s] Level 1:colcon.colcon_core.environment:checking '/home/sophia/workspace/about_ros/code/about_ros2/topic_ros/install/base_interface_demo' for CMake module files
[0.505s] Level 1:colcon.colcon_core.environment:checking '/home/sophia/workspace/about_ros/code/about_ros2/topic_ros/install/base_interface_demo' for CMake config files
[0.505s] Level 1:colcon.colcon_core.shell:create_environment_hook('base_interface_demo', 'cmake_prefix_path')
[0.507s] INFO:colcon.colcon_core.shell:Creating environment hook '/home/sophia/workspace/about_ros/code/about_ros2/topic_ros/install/base_interface_demo/share/base_interface_demo/hook/cmake_prefix_path.ps1'
[0.508s] INFO:colcon.colcon_core.shell:Creating environment descriptor '/home/sophia/workspace/about_ros/code/about_ros2/topic_ros/install/base_interface_demo/share/base_interface_demo/hook/cmake_prefix_path.dsv'
[0.508s] INFO:colcon.colcon_core.shell:Creating environment hook '/home/sophia/workspace/about_ros/code/about_ros2/topic_ros/install/base_interface_demo/share/base_interface_demo/hook/cmake_prefix_path.sh'
[0.509s] Level 1:colcon.colcon_core.environment:checking '/home/sophia/workspace/about_ros/code/about_ros2/topic_ros/install/base_interface_demo/bin'
[0.509s] Level 1:colcon.colcon_core.environment:checking '/home/sophia/workspace/about_ros/code/about_ros2/topic_ros/install/base_interface_demo/lib/pkgconfig/base_interface_demo.pc'
[0.509s] Level 1:colcon.colcon_core.environment:checking '/home/sophia/workspace/about_ros/code/about_ros2/topic_ros/install/base_interface_demo/lib/python3.10/site-packages'
[0.509s] Level 1:colcon.colcon_core.environment:checking '/home/sophia/workspace/about_ros/code/about_ros2/topic_ros/install/base_interface_demo/bin'
[0.512s] INFO:colcon.colcon_core.shell:Creating package script '/home/sophia/workspace/about_ros/code/about_ros2/topic_ros/install/base_interface_demo/share/base_interface_demo/package.ps1'
[0.512s] INFO:colcon.colcon_core.shell:Creating package descriptor '/home/sophia/workspace/about_ros/code/about_ros2/topic_ros/install/base_interface_demo/share/base_interface_demo/package.dsv'
[0.513s] INFO:colcon.colcon_core.shell:Creating package script '/home/sophia/workspace/about_ros/code/about_ros2/topic_ros/install/base_interface_demo/share/base_interface_demo/package.sh'
[0.513s] INFO:colcon.colcon_core.shell:Creating package script '/home/sophia/workspace/about_ros/code/about_ros2/topic_ros/install/base_interface_demo/share/base_interface_demo/package.bash'
[0.513s] INFO:colcon.colcon_core.shell:Creating package script '/home/sophia/workspace/about_ros/code/about_ros2/topic_ros/install/base_interface_demo/share/base_interface_demo/package.zsh'
[0.514s] Level 1:colcon.colcon_core.environment:create_file_with_runtime_dependencies(/home/sophia/workspace/about_ros/code/about_ros2/topic_ros/install/base_interface_demo/share/colcon-core/packages/base_interface_demo)
[0.514s] INFO:colcon.colcon_ros.task.ament_cmake.build:Building ROS package in '/home/sophia/workspace/about_ros/code/about_ros2/topic_ros/src/cpp01_topic' with build type 'ament_cmake'
[0.514s] INFO:colcon.colcon_cmake.task.cmake.build:Building CMake package in '/home/sophia/workspace/about_ros/code/about_ros2/topic_ros/src/cpp01_topic'
[0.516s] INFO:colcon.colcon_core.shell:Skip shell extension 'powershell' for command environment: Not usable outside of PowerShell
[0.516s] DEBUG:colcon.colcon_core.shell:Skip shell extension 'dsv' for command environment
[0.522s] Level 1:colcon.colcon_core.environment:create_environment_scripts_only(topic_test_cpp)
[0.523s] Level 1:colcon.colcon_core.environment:checking '/home/sophia/workspace/about_ros/code/about_ros2/topic_ros/install/topic_test_cpp' for CMake module files
[0.524s] Level 1:colcon.colcon_core.environment:checking '/home/sophia/workspace/about_ros/code/about_ros2/topic_ros/install/topic_test_cpp' for CMake config files
[0.524s] Level 1:colcon.colcon_core.shell:create_environment_hook('topic_test_cpp', 'cmake_prefix_path')
[0.525s] INFO:colcon.colcon_core.shell:Creating environment hook '/home/sophia/workspace/about_ros/code/about_ros2/topic_ros/install/topic_test_cpp/share/topic_test_cpp/hook/cmake_prefix_path.ps1'
[0.525s] INFO:colcon.colcon_core.shell:Creating environment descriptor '/home/sophia/workspace/about_ros/code/about_ros2/topic_ros/install/topic_test_cpp/share/topic_test_cpp/hook/cmake_prefix_path.dsv'
[0.526s] INFO:colcon.colcon_core.shell:Creating environment hook '/home/sophia/workspace/about_ros/code/about_ros2/topic_ros/install/topic_test_cpp/share/topic_test_cpp/hook/cmake_prefix_path.sh'
[0.526s] Level 1:colcon.colcon_core.environment:checking '/home/sophia/workspace/about_ros/code/about_ros2/topic_ros/install/topic_test_cpp/lib'
[0.526s] Level 1:colcon.colcon_core.environment:checking '/home/sophia/workspace/about_ros/code/about_ros2/topic_ros/install/topic_test_cpp/bin'
[0.526s] Level 1:colcon.colcon_core.environment:checking '/home/sophia/workspace/about_ros/code/about_ros2/topic_ros/install/topic_test_cpp/lib/pkgconfig/topic_test_cpp.pc'
[0.526s] Level 1:colcon.colcon_core.environment:checking '/home/sophia/workspace/about_ros/code/about_ros2/topic_ros/install/topic_test_cpp/lib/python3.10/site-packages'
[0.526s] Level 1:colcon.colcon_core.environment:checking '/home/sophia/workspace/about_ros/code/about_ros2/topic_ros/install/topic_test_cpp/bin'
[0.528s] INFO:colcon.colcon_core.shell:Creating package script '/home/sophia/workspace/about_ros/code/about_ros2/topic_ros/install/topic_test_cpp/share/topic_test_cpp/package.ps1'
[0.529s] INFO:colcon.colcon_core.shell:Creating package descriptor '/home/sophia/workspace/about_ros/code/about_ros2/topic_ros/install/topic_test_cpp/share/topic_test_cpp/package.dsv'
[0.530s] INFO:colcon.colcon_core.shell:Creating package script '/home/sophia/workspace/about_ros/code/about_ros2/topic_ros/install/topic_test_cpp/share/topic_test_cpp/package.sh'
[0.530s] INFO:colcon.colcon_core.shell:Creating package script '/home/sophia/workspace/about_ros/code/about_ros2/topic_ros/install/topic_test_cpp/share/topic_test_cpp/package.bash'
[0.530s] INFO:colcon.colcon_core.shell:Creating package script '/home/sophia/workspace/about_ros/code/about_ros2/topic_ros/install/topic_test_cpp/share/topic_test_cpp/package.zsh'
[0.531s] Level 1:colcon.colcon_core.environment:create_file_with_runtime_dependencies(/home/sophia/workspace/about_ros/code/about_ros2/topic_ros/install/topic_test_cpp/share/colcon-core/packages/topic_test_cpp)
[0.534s] DEBUG:colcon.colcon_core.event_handler.log_command:Invoking command in '/home/sophia/workspace/about_ros/code/about_ros2/topic_ros/build/cpp01_topic': AMENT_PREFIX_PATH=/home/sophia/workspace/about_ros/code/about_ros2/topic_ros/install/base_interface_demo:${AMENT_PREFIX_PATH} CMAKE_PREFIX_PATH=/home/sophia/workspace/about_ros/code/about_ros2/topic_ros/install/base_interface_demo:/home/sophia/workspace/about_ros/code/about_ros2/topic_ros/install/topic_test_cpp:/home/sophia/workspace/about_ros/code/about_ros2/first_ros/install/first_helloworld_cpp:/opt/ros/humble /usr/bin/cmake --build /home/sophia/workspace/about_ros/code/about_ros2/topic_ros/build/cpp01_topic -- -j8 -l8
[3.276s] DEBUG:colcon.colcon_core.event_handler.log_command:Invoked command in '/home/sophia/workspace/about_ros/code/about_ros2/topic_ros/build/cpp01_topic' returned '0': AMENT_PREFIX_PATH=/home/sophia/workspace/about_ros/code/about_ros2/topic_ros/install/base_interface_demo:${AMENT_PREFIX_PATH} CMAKE_PREFIX_PATH=/home/sophia/workspace/about_ros/code/about_ros2/topic_ros/install/base_interface_demo:/home/sophia/workspace/about_ros/code/about_ros2/topic_ros/install/topic_test_cpp:/home/sophia/workspace/about_ros/code/about_ros2/first_ros/install/first_helloworld_cpp:/opt/ros/humble /usr/bin/cmake --build /home/sophia/workspace/about_ros/code/about_ros2/topic_ros/build/cpp01_topic -- -j8 -l8
[3.298s] DEBUG:colcon.colcon_core.event_handler.log_command:Invoking command in '/home/sophia/workspace/about_ros/code/about_ros2/topic_ros/build/cpp01_topic': AMENT_PREFIX_PATH=/home/sophia/workspace/about_ros/code/about_ros2/topic_ros/install/base_interface_demo:${AMENT_PREFIX_PATH} CMAKE_PREFIX_PATH=/home/sophia/workspace/about_ros/code/about_ros2/topic_ros/install/base_interface_demo:/home/sophia/workspace/about_ros/code/about_ros2/topic_ros/install/topic_test_cpp:/home/sophia/workspace/about_ros/code/about_ros2/first_ros/install/first_helloworld_cpp:/opt/ros/humble /usr/bin/cmake --install /home/sophia/workspace/about_ros/code/about_ros2/topic_ros/build/cpp01_topic
[3.308s] Level 1:colcon.colcon_core.environment:create_environment_scripts_only(cpp01_topic)
[3.309s] Level 1:colcon.colcon_core.environment:checking '/home/sophia/workspace/about_ros/code/about_ros2/topic_ros/install/cpp01_topic' for CMake module files
[3.310s] DEBUG:colcon.colcon_core.event_handler.log_command:Invoked command in '/home/sophia/workspace/about_ros/code/about_ros2/topic_ros/build/cpp01_topic' returned '0': AMENT_PREFIX_PATH=/home/sophia/workspace/about_ros/code/about_ros2/topic_ros/install/base_interface_demo:${AMENT_PREFIX_PATH} CMAKE_PREFIX_PATH=/home/sophia/workspace/about_ros/code/about_ros2/topic_ros/install/base_interface_demo:/home/sophia/workspace/about_ros/code/about_ros2/topic_ros/install/topic_test_cpp:/home/sophia/workspace/about_ros/code/about_ros2/first_ros/install/first_helloworld_cpp:/opt/ros/humble /usr/bin/cmake --install /home/sophia/workspace/about_ros/code/about_ros2/topic_ros/build/cpp01_topic
[3.310s] Level 1:colcon.colcon_core.environment:checking '/home/sophia/workspace/about_ros/code/about_ros2/topic_ros/install/cpp01_topic' for CMake config files
[3.311s] Level 1:colcon.colcon_core.shell:create_environment_hook('cpp01_topic', 'cmake_prefix_path')
[3.312s] INFO:colcon.colcon_core.shell:Creating environment hook '/home/sophia/workspace/about_ros/code/about_ros2/topic_ros/install/cpp01_topic/share/cpp01_topic/hook/cmake_prefix_path.ps1'
[3.312s] INFO:colcon.colcon_core.shell:Creating environment descriptor '/home/sophia/workspace/about_ros/code/about_ros2/topic_ros/install/cpp01_topic/share/cpp01_topic/hook/cmake_prefix_path.dsv'
[3.312s] INFO:colcon.colcon_core.shell:Creating environment hook '/home/sophia/workspace/about_ros/code/about_ros2/topic_ros/install/cpp01_topic/share/cpp01_topic/hook/cmake_prefix_path.sh'
[3.313s] Level 1:colcon.colcon_core.environment:checking '/home/sophia/workspace/about_ros/code/about_ros2/topic_ros/install/cpp01_topic/lib'
[3.313s] Level 1:colcon.colcon_core.environment:checking '/home/sophia/workspace/about_ros/code/about_ros2/topic_ros/install/cpp01_topic/bin'
[3.313s] Level 1:colcon.colcon_core.environment:checking '/home/sophia/workspace/about_ros/code/about_ros2/topic_ros/install/cpp01_topic/lib/pkgconfig/cpp01_topic.pc'
[3.313s] Level 1:colcon.colcon_core.environment:checking '/home/sophia/workspace/about_ros/code/about_ros2/topic_ros/install/cpp01_topic/lib/python3.10/site-packages'
[3.313s] Level 1:colcon.colcon_core.environment:checking '/home/sophia/workspace/about_ros/code/about_ros2/topic_ros/install/cpp01_topic/bin'
[3.314s] INFO:colcon.colcon_core.shell:Creating package script '/home/sophia/workspace/about_ros/code/about_ros2/topic_ros/install/cpp01_topic/share/cpp01_topic/package.ps1'
[3.315s] INFO:colcon.colcon_core.shell:Creating package descriptor '/home/sophia/workspace/about_ros/code/about_ros2/topic_ros/install/cpp01_topic/share/cpp01_topic/package.dsv'
[3.315s] INFO:colcon.colcon_core.shell:Creating package script '/home/sophia/workspace/about_ros/code/about_ros2/topic_ros/install/cpp01_topic/share/cpp01_topic/package.sh'
[3.316s] INFO:colcon.colcon_core.shell:Creating package script '/home/sophia/workspace/about_ros/code/about_ros2/topic_ros/install/cpp01_topic/share/cpp01_topic/package.bash'
[3.316s] INFO:colcon.colcon_core.shell:Creating package script '/home/sophia/workspace/about_ros/code/about_ros2/topic_ros/install/cpp01_topic/share/cpp01_topic/package.zsh'
[3.316s] Level 1:colcon.colcon_core.environment:create_file_with_runtime_dependencies(/home/sophia/workspace/about_ros/code/about_ros2/topic_ros/install/cpp01_topic/share/colcon-core/packages/cpp01_topic)
[3.337s] Level 1:colcon.colcon_core.environment:create_environment_scripts_only(cpp01_topic)
[3.339s] Level 1:colcon.colcon_core.environment:checking '/home/sophia/workspace/about_ros/code/about_ros2/topic_ros/install/cpp01_topic' for CMake module files
[3.339s] Level 1:colcon.colcon_core.environment:checking '/home/sophia/workspace/about_ros/code/about_ros2/topic_ros/install/cpp01_topic' for CMake config files
[3.339s] Level 1:colcon.colcon_core.shell:create_environment_hook('cpp01_topic', 'cmake_prefix_path')
[3.340s] INFO:colcon.colcon_core.shell:Creating environment hook '/home/sophia/workspace/about_ros/code/about_ros2/topic_ros/install/cpp01_topic/share/cpp01_topic/hook/cmake_prefix_path.ps1'
[3.341s] INFO:colcon.colcon_core.shell:Creating environment descriptor '/home/sophia/workspace/about_ros/code/about_ros2/topic_ros/install/cpp01_topic/share/cpp01_topic/hook/cmake_prefix_path.dsv'
[3.341s] INFO:colcon.colcon_core.shell:Creating environment hook '/home/sophia/workspace/about_ros/code/about_ros2/topic_ros/install/cpp01_topic/share/cpp01_topic/hook/cmake_prefix_path.sh'
[3.341s] Level 1:colcon.colcon_core.environment:checking '/home/sophia/workspace/about_ros/code/about_ros2/topic_ros/install/cpp01_topic/lib'
[3.341s] Level 1:colcon.colcon_core.environment:checking '/home/sophia/workspace/about_ros/code/about_ros2/topic_ros/install/cpp01_topic/bin'
[3.342s] Level 1:colcon.colcon_core.environment:checking '/home/sophia/workspace/about_ros/code/about_ros2/topic_ros/install/cpp01_topic/lib/pkgconfig/cpp01_topic.pc'
[3.342s] Level 1:colcon.colcon_core.environment:checking '/home/sophia/workspace/about_ros/code/about_ros2/topic_ros/install/cpp01_topic/lib/python3.10/site-packages'
[3.342s] Level 1:colcon.colcon_core.environment:checking '/home/sophia/workspace/about_ros/code/about_ros2/topic_ros/install/cpp01_topic/bin'
[3.343s] INFO:colcon.colcon_core.shell:Creating package script '/home/sophia/workspace/about_ros/code/about_ros2/topic_ros/install/cpp01_topic/share/cpp01_topic/package.ps1'
[3.343s] INFO:colcon.colcon_core.shell:Creating package descriptor '/home/sophia/workspace/about_ros/code/about_ros2/topic_ros/install/cpp01_topic/share/cpp01_topic/package.dsv'
[3.344s] INFO:colcon.colcon_core.shell:Creating package script '/home/sophia/workspace/about_ros/code/about_ros2/topic_ros/install/cpp01_topic/share/cpp01_topic/package.sh'
[3.344s] INFO:colcon.colcon_core.shell:Creating package script '/home/sophia/workspace/about_ros/code/about_ros2/topic_ros/install/cpp01_topic/share/cpp01_topic/package.bash'
[3.344s] INFO:colcon.colcon_core.shell:Creating package script '/home/sophia/workspace/about_ros/code/about_ros2/topic_ros/install/cpp01_topic/share/cpp01_topic/package.zsh'
[3.345s] Level 1:colcon.colcon_core.environment:create_file_with_runtime_dependencies(/home/sophia/workspace/about_ros/code/about_ros2/topic_ros/install/cpp01_topic/share/colcon-core/packages/cpp01_topic)
[3.345s] DEBUG:colcon.colcon_parallel_executor.executor.parallel:closing loop
[3.345s] DEBUG:colcon.colcon_parallel_executor.executor.parallel:loop closed
[3.345s] DEBUG:colcon.colcon_parallel_executor.executor.parallel:run_until_complete finished with '0'
[3.345s] DEBUG:colcon.colcon_core.event_reactor:joining thread
[3.350s] INFO:colcon.colcon_core.plugin_system:Skipping extension 'colcon_notification.desktop_notification.terminal_notifier': Not used on non-Darwin systems
[3.350s] INFO:colcon.colcon_core.plugin_system:Skipping extension 'colcon_notification.desktop_notification.win32': Not used on non-Windows systems
[3.350s] INFO:colcon.colcon_notification.desktop_notification:Sending desktop notification using 'notify2'
[3.361s] DEBUG:colcon.colcon_core.event_reactor:joined thread
[3.362s] INFO:colcon.colcon_core.shell:Creating prefix script '/home/sophia/workspace/about_ros/code/about_ros2/topic_ros/install/local_setup.ps1'
[3.363s] INFO:colcon.colcon_core.shell:Creating prefix util module '/home/sophia/workspace/about_ros/code/about_ros2/topic_ros/install/_local_setup_util_ps1.py'
[3.364s] INFO:colcon.colcon_core.shell:Creating prefix chain script '/home/sophia/workspace/about_ros/code/about_ros2/topic_ros/install/setup.ps1'
[3.365s] INFO:colcon.colcon_core.shell:Creating prefix script '/home/sophia/workspace/about_ros/code/about_ros2/topic_ros/install/local_setup.sh'
[3.366s] INFO:colcon.colcon_core.shell:Creating prefix util module '/home/sophia/workspace/about_ros/code/about_ros2/topic_ros/install/_local_setup_util_sh.py'
[3.366s] INFO:colcon.colcon_core.shell:Creating prefix chain script '/home/sophia/workspace/about_ros/code/about_ros2/topic_ros/install/setup.sh'
[3.367s] INFO:colcon.colcon_core.shell:Creating prefix script '/home/sophia/workspace/about_ros/code/about_ros2/topic_ros/install/local_setup.bash'
[3.368s] INFO:colcon.colcon_core.shell:Creating prefix chain script '/home/sophia/workspace/about_ros/code/about_ros2/topic_ros/install/setup.bash'
[3.369s] INFO:colcon.colcon_core.shell:Creating prefix script '/home/sophia/workspace/about_ros/code/about_ros2/topic_ros/install/local_setup.zsh'
[3.369s] INFO:colcon.colcon_core.shell:Creating prefix chain script '/home/sophia/workspace/about_ros/code/about_ros2/topic_ros/install/setup.zsh'
