[0.010s] Invoking command in '/home/sophia/workspace/about_ros/code/about_ros2/build/cpp05_exercise': CMAKE_PREFIX_PATH=${CMAKE_PREFIX_PATH}:/opt/ros/humble /bin/cmake /home/sophia/workspace/about_ros/code/about_ros2/ws_tools/src/cpp05_exercise -DCMAKE_INSTALL_PREFIX=/home/sophia/workspace/about_ros/code/about_ros2/install/cpp05_exercise
[0.750s] -- The C compiler identification is GNU 11.4.0
[1.017s] -- The CXX compiler identification is GNU 11.4.0
[1.095s] -- Detecting C compiler ABI info
[1.367s] -- Detecting C compiler ABI info - done
[1.375s] -- Check for working C compiler: /bin/cc - skipped
[1.375s] -- Detecting C compile features
[1.410s] -- Detecting C compile features - done
[1.422s] -- Detecting CXX compiler ABI info
[1.548s] -- Detecting CXX compiler ABI info - done
[1.557s] -- Check for working CXX compiler: /bin/c++ - skipped
[1.557s] -- Detecting CXX compile features
[1.557s] -- Detecting CXX compile features - done
[1.633s] -- Found ament_cmake: 1.3.5 (/opt/ros/humble/share/ament_cmake/cmake)
[2.076s] -- Found Python3: /bin/python3.10 (found version "3.10.12") found components: Interpreter 
[2.480s] -- Found rclcpp: 16.0.5 (/opt/ros/humble/share/rclcpp/cmake)
[2.842s] -- Found rosidl_generator_c: 3.1.5 (/opt/ros/humble/share/rosidl_generator_c/cmake)
[2.851s] -- Found rosidl_adapter: 3.1.5 (/opt/ros/humble/share/rosidl_adapter/cmake)
[2.906s] -- Found rosidl_generator_cpp: 3.1.5 (/opt/ros/humble/share/rosidl_generator_cpp/cmake)
[2.987s] -- Using all available rosidl_typesupport_c: rosidl_typesupport_fastrtps_c;rosidl_typesupport_introspection_c
[3.015s] -- Using all available rosidl_typesupport_cpp: rosidl_typesupport_fastrtps_cpp;rosidl_typesupport_introspection_cpp
[3.188s] -- Found rmw_implementation_cmake: 6.1.1 (/opt/ros/humble/share/rmw_implementation_cmake/cmake)
[3.190s] -- Found rmw_fastrtps_cpp: 6.2.3 (/opt/ros/humble/share/rmw_fastrtps_cpp/cmake)
[3.541s] -- Found OpenSSL: /usr/lib/x86_64-linux-gnu/libcrypto.so (found version "3.0.2")  
[3.586s] -- Found FastRTPS: /opt/ros/humble/include  
[3.633s] -- Using RMW implementation 'rmw_fastrtps_cpp' as default
[3.693s] -- Looking for pthread.h
[3.834s] -- Looking for pthread.h - found
[3.834s] -- Performing Test CMAKE_HAVE_LIBC_PTHREAD
[4.056s] -- Performing Test CMAKE_HAVE_LIBC_PTHREAD - Success
[4.057s] -- Found Threads: TRUE  
[4.397s] -- Found tf2: 0.25.3 (/opt/ros/humble/share/tf2/cmake)
[4.516s] -- Found tf2_ros: 0.25.3 (/opt/ros/humble/share/tf2_ros/cmake)
[5.204s] -- Found turtlesim: 1.4.2 (/opt/ros/humble/share/turtlesim/cmake)
[5.278s] -- Found ament_lint_auto: 0.12.7 (/opt/ros/humble/share/ament_lint_auto/cmake)
[5.360s] -- Added test 'cppcheck' to perform static code analysis on C / C++ code
[5.361s] -- Configured cppcheck include dirs: $<BUILD_INTERFACE:/home/sophia/workspace/about_ros/code/about_ros2/ws_tools/src/cpp05_exercise/include>
[5.361s] -- Configured cppcheck exclude dirs and/or files: 
[5.361s] -- Added test 'flake8' to check Python code syntax and style conventions
[5.362s] -- Added test 'lint_cmake' to check CMake code style
[5.362s] -- Added test 'pep257' to check Python code against some of the docstring style conventions in PEP 257
[5.363s] -- Added test 'uncrustify' to check C / C++ code style
[5.363s] -- Configured uncrustify additional arguments: 
[5.364s] -- Added test 'xmllint' to check XML markup files
[5.365s] -- Configuring done
[5.409s] -- Generating done
[5.410s] -- Build files have been written to: /home/sophia/workspace/about_ros/code/about_ros2/build/cpp05_exercise
[5.422s] Invoked command in '/home/sophia/workspace/about_ros/code/about_ros2/build/cpp05_exercise' returned '0': CMAKE_PREFIX_PATH=${CMAKE_PREFIX_PATH}:/opt/ros/humble /bin/cmake /home/sophia/workspace/about_ros/code/about_ros2/ws_tools/src/cpp05_exercise -DCMAKE_INSTALL_PREFIX=/home/sophia/workspace/about_ros/code/about_ros2/install/cpp05_exercise
[5.425s] Invoking command in '/home/sophia/workspace/about_ros/code/about_ros2/build/cpp05_exercise': CMAKE_PREFIX_PATH=${CMAKE_PREFIX_PATH}:/opt/ros/humble /bin/cmake --build /home/sophia/workspace/about_ros/code/about_ros2/build/cpp05_exercise -- -j8 -l8
[5.473s] [ 50%] [32mBuilding CXX object CMakeFiles/exer02_tf_broadcaster.dir/src/exer02_tf_broadcaster.cpp.o[0m
[5.474s] [ 50%] [32mBuilding CXX object CMakeFiles/exer01_tf_spawn.dir/src/exer01_tf_spawn.cpp.o[0m
[5.474s] [ 50%] [32mBuilding CXX object CMakeFiles/exer03_tf_listener.dir/src/exer03_tf_listener.cpp.o[0m
[13.775s] [ 66%] [32m[1mLinking CXX executable exer01_tf_spawn[0m
[13.825s] [ 83%] [32m[1mLinking CXX executable exer03_tf_listener[0m
[14.175s] [ 83%] Built target exer01_tf_spawn
[14.235s] [ 83%] Built target exer03_tf_listener
[18.175s] [100%] [32m[1mLinking CXX executable exer02_tf_broadcaster[0m
[18.615s] [100%] Built target exer02_tf_broadcaster
[18.689s] Invoked command in '/home/sophia/workspace/about_ros/code/about_ros2/build/cpp05_exercise' returned '0': CMAKE_PREFIX_PATH=${CMAKE_PREFIX_PATH}:/opt/ros/humble /bin/cmake --build /home/sophia/workspace/about_ros/code/about_ros2/build/cpp05_exercise -- -j8 -l8
[18.769s] Invoking command in '/home/sophia/workspace/about_ros/code/about_ros2/build/cpp05_exercise': CMAKE_PREFIX_PATH=${CMAKE_PREFIX_PATH}:/opt/ros/humble /bin/cmake --install /home/sophia/workspace/about_ros/code/about_ros2/build/cpp05_exercise
[18.780s] -- Install configuration: ""
[18.781s] -- Installing: /home/sophia/workspace/about_ros/code/about_ros2/install/cpp05_exercise/lib/cpp05_exercise/exer01_tf_spawn
[18.782s] -- Set runtime path of "/home/sophia/workspace/about_ros/code/about_ros2/install/cpp05_exercise/lib/cpp05_exercise/exer01_tf_spawn" to ""
[18.782s] -- Installing: /home/sophia/workspace/about_ros/code/about_ros2/install/cpp05_exercise/lib/cpp05_exercise/exer02_tf_broadcaster
[18.788s] -- Set runtime path of "/home/sophia/workspace/about_ros/code/about_ros2/install/cpp05_exercise/lib/cpp05_exercise/exer02_tf_broadcaster" to ""
[18.788s] -- Installing: /home/sophia/workspace/about_ros/code/about_ros2/install/cpp05_exercise/lib/cpp05_exercise/exer03_tf_listener
[18.790s] -- Set runtime path of "/home/sophia/workspace/about_ros/code/about_ros2/install/cpp05_exercise/lib/cpp05_exercise/exer03_tf_listener" to ""
[18.790s] -- Installing: /home/sophia/workspace/about_ros/code/about_ros2/install/cpp05_exercise/share/cpp05_exercise/launch
[18.790s] -- Installing: /home/sophia/workspace/about_ros/code/about_ros2/install/cpp05_exercise/share/cpp05_exercise/launch/follow_launch.py
[18.790s] -- Installing: /home/sophia/workspace/about_ros/code/about_ros2/install/cpp05_exercise/share/cpp05_exercise/launch/escort_launch.py
[18.791s] -- Installing: /home/sophia/workspace/about_ros/code/about_ros2/install/cpp05_exercise/share/ament_index/resource_index/package_run_dependencies/cpp05_exercise
[18.800s] -- Installing: /home/sophia/workspace/about_ros/code/about_ros2/install/cpp05_exercise/share/ament_index/resource_index/parent_prefix_path/cpp05_exercise
[18.801s] -- Installing: /home/sophia/workspace/about_ros/code/about_ros2/install/cpp05_exercise/share/cpp05_exercise/environment/ament_prefix_path.sh
[18.801s] -- Installing: /home/sophia/workspace/about_ros/code/about_ros2/install/cpp05_exercise/share/cpp05_exercise/environment/ament_prefix_path.dsv
[18.801s] -- Installing: /home/sophia/workspace/about_ros/code/about_ros2/install/cpp05_exercise/share/cpp05_exercise/environment/path.sh
[18.802s] -- Installing: /home/sophia/workspace/about_ros/code/about_ros2/install/cpp05_exercise/share/cpp05_exercise/environment/path.dsv
[18.802s] -- Installing: /home/sophia/workspace/about_ros/code/about_ros2/install/cpp05_exercise/share/cpp05_exercise/local_setup.bash
[18.802s] -- Installing: /home/sophia/workspace/about_ros/code/about_ros2/install/cpp05_exercise/share/cpp05_exercise/local_setup.sh
[18.803s] -- Installing: /home/sophia/workspace/about_ros/code/about_ros2/install/cpp05_exercise/share/cpp05_exercise/local_setup.zsh
[18.803s] -- Installing: /home/sophia/workspace/about_ros/code/about_ros2/install/cpp05_exercise/share/cpp05_exercise/local_setup.dsv
[18.803s] -- Installing: /home/sophia/workspace/about_ros/code/about_ros2/install/cpp05_exercise/share/cpp05_exercise/package.dsv
[18.804s] -- Installing: /home/sophia/workspace/about_ros/code/about_ros2/install/cpp05_exercise/share/ament_index/resource_index/packages/cpp05_exercise
[18.804s] -- Installing: /home/sophia/workspace/about_ros/code/about_ros2/install/cpp05_exercise/share/cpp05_exercise/cmake/cpp05_exerciseConfig.cmake
[18.804s] -- Installing: /home/sophia/workspace/about_ros/code/about_ros2/install/cpp05_exercise/share/cpp05_exercise/cmake/cpp05_exerciseConfig-version.cmake
[18.804s] -- Installing: /home/sophia/workspace/about_ros/code/about_ros2/install/cpp05_exercise/share/cpp05_exercise/package.xml
[18.817s] Invoked command in '/home/sophia/workspace/about_ros/code/about_ros2/build/cpp05_exercise' returned '0': CMAKE_PREFIX_PATH=${CMAKE_PREFIX_PATH}:/opt/ros/humble /bin/cmake --install /home/sophia/workspace/about_ros/code/about_ros2/build/cpp05_exercise
