-- Found ament_cmake: 1.3.5 (/opt/ros/humble/share/ament_cmake/cmake)
-- Found Python3: /bin/python3.10 (found version "3.10.12") found components: Interpreter 
-- Found rclcpp: 16.0.5 (/opt/ros/humble/share/rclcpp/cmake)
-- Found rosidl_generator_c: 3.1.5 (/opt/ros/humble/share/rosidl_generator_c/cmake)
-- Found rosidl_adapter: 3.1.5 (/opt/ros/humble/share/rosidl_adapter/cmake)
-- Found rosidl_generator_cpp: 3.1.5 (/opt/ros/humble/share/rosidl_generator_cpp/cmake)
-- Using all available rosidl_typesupport_c: rosidl_typesupport_fastrtps_c;rosidl_typesupport_introspection_c
-- Using all available rosidl_typesupport_cpp: rosidl_typesupport_fastrtps_cpp;rosidl_typesupport_introspection_cpp
-- Found rmw_implementation_cmake: 6.1.1 (/opt/ros/humble/share/rmw_implementation_cmake/cmake)
-- Found rmw_fastrtps_cpp: 6.2.3 (/opt/ros/humble/share/rmw_fastrtps_cpp/cmake)
-- Found OpenSSL: /usr/lib/x86_64-linux-gnu/libcrypto.so (found version "3.0.2")  
-- Found FastRTPS: /opt/ros/humble/include  
-- Using RMW implementation 'rmw_fastrtps_cpp' as default
-- Looking for pthread.h
-- Looking for pthread.h - found
-- Performing Test CMAKE_HAVE_LIBC_PTHREAD
-- Performing Test CMAKE_HAVE_LIBC_PTHREAD - Success
-- Found Threads: TRUE  
-- Found tf2: 0.25.3 (/opt/ros/humble/share/tf2/cmake)
-- Found tf2_ros: 0.25.3 (/opt/ros/humble/share/tf2_ros/cmake)
-- Found ament_lint_auto: 0.12.7 (/opt/ros/humble/share/ament_lint_auto/cmake)
-- Added test 'cppcheck' to perform static code analysis on C / C++ code
-- Configured cppcheck include dirs: $<BUILD_INTERFACE:/home/sophia/workspace/about_ros/code/about_ros2/ws_tools/src/cpp04_tf_listener/include>
-- Configured cppcheck exclude dirs and/or files: 
-- Added test 'lint_cmake' to check CMake code style
-- Added test 'uncrustify' to check C / C++ code style
-- Configured uncrustify additional arguments: 
-- Added test 'xmllint' to check XML markup files
-- Configuring done
-- Generating done
-- Build files have been written to: /home/sophia/workspace/about_ros/code/about_ros2/ws_tools/build/cpp04_tf_listener
[ 50%] [32mBuilding CXX object CMakeFiles/demo01_tf_listener.dir/src/demo01_tf_listener.cpp.o[0m
[100%] [32m[1mLinking CXX executable demo01_tf_listener[0m
[100%] Built target demo01_tf_listener
-- Install configuration: ""
-- Installing: /home/sophia/workspace/about_ros/code/about_ros2/ws_tools/install/cpp04_tf_listener/lib/cpp04_tf_listener/demo01_tf_listener
-- Set runtime path of "/home/sophia/workspace/about_ros/code/about_ros2/ws_tools/install/cpp04_tf_listener/lib/cpp04_tf_listener/demo01_tf_listener" to ""
-- Installing: /home/sophia/workspace/about_ros/code/about_ros2/ws_tools/install/cpp04_tf_listener/share/ament_index/resource_index/package_run_dependencies/cpp04_tf_listener
-- Installing: /home/sophia/workspace/about_ros/code/about_ros2/ws_tools/install/cpp04_tf_listener/share/ament_index/resource_index/parent_prefix_path/cpp04_tf_listener
-- Installing: /home/sophia/workspace/about_ros/code/about_ros2/ws_tools/install/cpp04_tf_listener/share/cpp04_tf_listener/environment/ament_prefix_path.sh
-- Installing: /home/sophia/workspace/about_ros/code/about_ros2/ws_tools/install/cpp04_tf_listener/share/cpp04_tf_listener/environment/ament_prefix_path.dsv
-- Installing: /home/sophia/workspace/about_ros/code/about_ros2/ws_tools/install/cpp04_tf_listener/share/cpp04_tf_listener/environment/path.sh
-- Installing: /home/sophia/workspace/about_ros/code/about_ros2/ws_tools/install/cpp04_tf_listener/share/cpp04_tf_listener/environment/path.dsv
-- Installing: /home/sophia/workspace/about_ros/code/about_ros2/ws_tools/install/cpp04_tf_listener/share/cpp04_tf_listener/local_setup.bash
-- Installing: /home/sophia/workspace/about_ros/code/about_ros2/ws_tools/install/cpp04_tf_listener/share/cpp04_tf_listener/local_setup.sh
-- Installing: /home/sophia/workspace/about_ros/code/about_ros2/ws_tools/install/cpp04_tf_listener/share/cpp04_tf_listener/local_setup.zsh
-- Installing: /home/sophia/workspace/about_ros/code/about_ros2/ws_tools/install/cpp04_tf_listener/share/cpp04_tf_listener/local_setup.dsv
-- Installing: /home/sophia/workspace/about_ros/code/about_ros2/ws_tools/install/cpp04_tf_listener/share/cpp04_tf_listener/package.dsv
-- Installing: /home/sophia/workspace/about_ros/code/about_ros2/ws_tools/install/cpp04_tf_listener/share/ament_index/resource_index/packages/cpp04_tf_listener
-- Installing: /home/sophia/workspace/about_ros/code/about_ros2/ws_tools/install/cpp04_tf_listener/share/cpp04_tf_listener/cmake/cpp04_tf_listenerConfig.cmake
-- Installing: /home/sophia/workspace/about_ros/code/about_ros2/ws_tools/install/cpp04_tf_listener/share/cpp04_tf_listener/cmake/cpp04_tf_listenerConfig-version.cmake
-- Installing: /home/sophia/workspace/about_ros/code/about_ros2/ws_tools/install/cpp04_tf_listener/share/cpp04_tf_listener/package.xml
