-- The C compiler identification is GNU 11.4.0
-- The CXX compiler identification is GNU 11.4.0
-- Detecting C compiler ABI info
-- Detecting C compiler ABI info - done
-- Check for working C compiler: /bin/cc - skipped
-- Detecting C compile features
-- Detecting C compile features - done
-- Detecting CXX compiler ABI info
-- Detecting CXX compiler ABI info - done
-- Check for working CXX compiler: /bin/c++ - skipped
-- Detecting CXX compile features
-- Detecting CXX compile features - done
-- Found ament_cmake: 1.3.5 (/opt/ros/humble/share/ament_cmake/cmake)
-- Found Python3: /bin/python3.10 (found version "3.10.12") found components: Interpreter 
-- Found rclcpp: 16.0.5 (/opt/ros/humble/share/rclcpp/cmake)
-- Found rosidl_generator_c: 3.1.5 (/opt/ros/humble/share/rosidl_generator_c/cmake)
-- Found rosidl_adapter: 3.1.5 (/opt/ros/humble/share/rosidl_adapter/cmake)
-- Found rosidl_generator_cpp: 3.1.5 (/opt/ros/humble/share/rosidl_generator_cpp/cmake)
-- Using all available rosidl_typesupport_c: rosidl_typesupport_fastrtps_c;rosidl_typesupport_introspection_c
-- Using all available rosidl_typesupport_cpp: rosidl_typesupport_fastrtps_cpp;rosidl_typesupport_introspection_cpp
-- Found rmw_implementation_cmake: 6.1.1 (/opt/ros/humble/share/rmw_implementation_cmake/cmake)
-- Found rmw_fastrtps_cpp: 6.2.3 (/opt/ros/humble/share/rmw_fastrtps_cpp/cmake)
-- Found OpenSSL: /usr/lib/x86_64-linux-gnu/libcrypto.so (found version "3.0.2")  
-- Found FastRTPS: /opt/ros/humble/include  
-- Using RMW implementation 'rmw_fastrtps_cpp' as default
-- Looking for pthread.h
-- Looking for pthread.h - found
-- Performing Test CMAKE_HAVE_LIBC_PTHREAD
-- Performing Test CMAKE_HAVE_LIBC_PTHREAD - Success
-- Found Threads: TRUE  
-- Found rosbag2_cpp: 0.15.7 (/opt/ros/humble/share/rosbag2_cpp/cmake)
-- Found geometry_msgs: 4.2.3 (/opt/ros/humble/share/geometry_msgs/cmake)
-- Found ament_lint_auto: 0.12.7 (/opt/ros/humble/share/ament_lint_auto/cmake)
-- Added test 'cppcheck' to perform static code analysis on C / C++ code
-- Configured cppcheck include dirs: $<BUILD_INTERFACE:/home/sophia/workspace/about_ros/code/about_ros2/ws_tools/src/cpp02_rosbag/include>
-- Configured cppcheck exclude dirs and/or files: 
-- Added test 'lint_cmake' to check CMake code style
-- Added test 'uncrustify' to check C / C++ code style
-- Configured uncrustify additional arguments: 
-- Added test 'xmllint' to check XML markup files
-- Configuring done
-- Generating done
-- Build files have been written to: /home/sophia/workspace/about_ros/code/about_ros2/build/cpp02_rosbag
[ 50%] [32mBuilding CXX object CMakeFiles/demo01_writer.dir/src/demo01_writer.cpp.o[0m
[ 50%] [32mBuilding CXX object CMakeFiles/demo02_reader.dir/src/demo02_reader.cpp.o[0m
[ 75%] [32m[1mLinking CXX executable demo01_writer[0m
[ 75%] Built target demo01_writer
[100%] [32m[1mLinking CXX executable demo02_reader[0m
[100%] Built target demo02_reader
-- Install configuration: ""
-- Installing: /home/sophia/workspace/about_ros/code/about_ros2/install/cpp02_rosbag/lib/cpp02_rosbag/demo01_writer
-- Set runtime path of "/home/sophia/workspace/about_ros/code/about_ros2/install/cpp02_rosbag/lib/cpp02_rosbag/demo01_writer" to ""
-- Installing: /home/sophia/workspace/about_ros/code/about_ros2/install/cpp02_rosbag/lib/cpp02_rosbag/demo02_reader
-- Set runtime path of "/home/sophia/workspace/about_ros/code/about_ros2/install/cpp02_rosbag/lib/cpp02_rosbag/demo02_reader" to ""
-- Installing: /home/sophia/workspace/about_ros/code/about_ros2/install/cpp02_rosbag/share/ament_index/resource_index/package_run_dependencies/cpp02_rosbag
-- Installing: /home/sophia/workspace/about_ros/code/about_ros2/install/cpp02_rosbag/share/ament_index/resource_index/parent_prefix_path/cpp02_rosbag
-- Installing: /home/sophia/workspace/about_ros/code/about_ros2/install/cpp02_rosbag/share/cpp02_rosbag/environment/ament_prefix_path.sh
-- Installing: /home/sophia/workspace/about_ros/code/about_ros2/install/cpp02_rosbag/share/cpp02_rosbag/environment/ament_prefix_path.dsv
-- Installing: /home/sophia/workspace/about_ros/code/about_ros2/install/cpp02_rosbag/share/cpp02_rosbag/environment/path.sh
-- Installing: /home/sophia/workspace/about_ros/code/about_ros2/install/cpp02_rosbag/share/cpp02_rosbag/environment/path.dsv
-- Installing: /home/sophia/workspace/about_ros/code/about_ros2/install/cpp02_rosbag/share/cpp02_rosbag/local_setup.bash
-- Installing: /home/sophia/workspace/about_ros/code/about_ros2/install/cpp02_rosbag/share/cpp02_rosbag/local_setup.sh
-- Installing: /home/sophia/workspace/about_ros/code/about_ros2/install/cpp02_rosbag/share/cpp02_rosbag/local_setup.zsh
-- Installing: /home/sophia/workspace/about_ros/code/about_ros2/install/cpp02_rosbag/share/cpp02_rosbag/local_setup.dsv
-- Installing: /home/sophia/workspace/about_ros/code/about_ros2/install/cpp02_rosbag/share/cpp02_rosbag/package.dsv
-- Installing: /home/sophia/workspace/about_ros/code/about_ros2/install/cpp02_rosbag/share/ament_index/resource_index/packages/cpp02_rosbag
-- Installing: /home/sophia/workspace/about_ros/code/about_ros2/install/cpp02_rosbag/share/cpp02_rosbag/cmake/cpp02_rosbagConfig.cmake
-- Installing: /home/sophia/workspace/about_ros/code/about_ros2/install/cpp02_rosbag/share/cpp02_rosbag/cmake/cpp02_rosbagConfig-version.cmake
-- Installing: /home/sophia/workspace/about_ros/code/about_ros2/install/cpp02_rosbag/share/cpp02_rosbag/package.xml
