[0.011s] Invoking command in '/home/sophia/workspace/about_ros/code/about_ros2/build/cpp02_rosbag': CMAKE_PREFIX_PATH=${CMAKE_PREFIX_PATH}:/opt/ros/humble /bin/cmake /home/sophia/workspace/about_ros/code/about_ros2/ws_tools/src/cpp02_rosbag -DCMAKE_INSTALL_PREFIX=/home/sophia/workspace/about_ros/code/about_ros2/install/cpp02_rosbag
[0.057s] -- The C compiler identification is GNU 11.4.0
[0.110s] -- The CXX compiler identification is GNU 11.4.0
[0.116s] -- Detecting C compiler ABI info
[0.178s] -- Detecting C compiler ABI info - done
[0.190s] -- Check for working C compiler: /bin/cc - skipped
[0.190s] -- Detecting C compile features
[0.191s] -- Detecting C compile features - done
[0.193s] -- Detecting CXX compiler ABI info
[0.265s] -- Detecting CXX compiler ABI info - done
[0.277s] -- Check for working CXX compiler: /bin/c++ - skipped
[0.277s] -- Detecting CXX compile features
[0.278s] -- Detecting CXX compile features - done
[0.280s] -- Found ament_cmake: 1.3.5 (/opt/ros/humble/share/ament_cmake/cmake)
[0.601s] -- Found Python3: /bin/python3.10 (found version "3.10.12") found components: Interpreter 
[0.676s] -- Found rclcpp: 16.0.5 (/opt/ros/humble/share/rclcpp/cmake)
[0.716s] -- Found rosidl_generator_c: 3.1.5 (/opt/ros/humble/share/rosidl_generator_c/cmake)
[0.720s] -- Found rosidl_adapter: 3.1.5 (/opt/ros/humble/share/rosidl_adapter/cmake)
[0.727s] -- Found rosidl_generator_cpp: 3.1.5 (/opt/ros/humble/share/rosidl_generator_cpp/cmake)
[0.739s] -- Using all available rosidl_typesupport_c: rosidl_typesupport_fastrtps_c;rosidl_typesupport_introspection_c
[0.757s] -- Using all available rosidl_typesupport_cpp: rosidl_typesupport_fastrtps_cpp;rosidl_typesupport_introspection_cpp
[0.828s] -- Found rmw_implementation_cmake: 6.1.1 (/opt/ros/humble/share/rmw_implementation_cmake/cmake)
[0.830s] -- Found rmw_fastrtps_cpp: 6.2.3 (/opt/ros/humble/share/rmw_fastrtps_cpp/cmake)
[0.920s] -- Found OpenSSL: /usr/lib/x86_64-linux-gnu/libcrypto.so (found version "3.0.2")  
[0.947s] -- Found FastRTPS: /opt/ros/humble/include  
[0.989s] -- Using RMW implementation 'rmw_fastrtps_cpp' as default
[0.997s] -- Looking for pthread.h
[1.063s] -- Looking for pthread.h - found
[1.063s] -- Performing Test CMAKE_HAVE_LIBC_PTHREAD
[1.131s] -- Performing Test CMAKE_HAVE_LIBC_PTHREAD - Success
[1.133s] -- Found Threads: TRUE  
[1.292s] -- Found rosbag2_cpp: 0.15.7 (/opt/ros/humble/share/rosbag2_cpp/cmake)
[1.330s] -- Found geometry_msgs: 4.2.3 (/opt/ros/humble/share/geometry_msgs/cmake)
[1.378s] -- Found ament_lint_auto: 0.12.7 (/opt/ros/humble/share/ament_lint_auto/cmake)
[1.450s] -- Added test 'cppcheck' to perform static code analysis on C / C++ code
[1.450s] -- Configured cppcheck include dirs: $<BUILD_INTERFACE:/home/sophia/workspace/about_ros/code/about_ros2/ws_tools/src/cpp02_rosbag/include>
[1.450s] -- Configured cppcheck exclude dirs and/or files: 
[1.451s] -- Added test 'lint_cmake' to check CMake code style
[1.451s] -- Added test 'uncrustify' to check C / C++ code style
[1.451s] -- Configured uncrustify additional arguments: 
[1.452s] -- Added test 'xmllint' to check XML markup files
[1.453s] -- Configuring done
[1.465s] -- Generating done
[1.466s] -- Build files have been written to: /home/sophia/workspace/about_ros/code/about_ros2/build/cpp02_rosbag
[1.476s] Invoked command in '/home/sophia/workspace/about_ros/code/about_ros2/build/cpp02_rosbag' returned '0': CMAKE_PREFIX_PATH=${CMAKE_PREFIX_PATH}:/opt/ros/humble /bin/cmake /home/sophia/workspace/about_ros/code/about_ros2/ws_tools/src/cpp02_rosbag -DCMAKE_INSTALL_PREFIX=/home/sophia/workspace/about_ros/code/about_ros2/install/cpp02_rosbag
[1.477s] Invoking command in '/home/sophia/workspace/about_ros/code/about_ros2/build/cpp02_rosbag': CMAKE_PREFIX_PATH=${CMAKE_PREFIX_PATH}:/opt/ros/humble /bin/cmake --build /home/sophia/workspace/about_ros/code/about_ros2/build/cpp02_rosbag -- -j8 -l8
[1.521s] [ 50%] [32mBuilding CXX object CMakeFiles/demo01_writer.dir/src/demo01_writer.cpp.o[0m
[1.521s] [ 50%] [32mBuilding CXX object CMakeFiles/demo02_reader.dir/src/demo02_reader.cpp.o[0m
[1.556s] [ 75%] [32m[1mLinking CXX executable demo01_writer[0m
[1.631s] [ 75%] Built target demo01_writer
[3.986s] [100%] [32m[1mLinking CXX executable demo02_reader[0m
[4.093s] [100%] Built target demo02_reader
[4.103s] Invoked command in '/home/sophia/workspace/about_ros/code/about_ros2/build/cpp02_rosbag' returned '0': CMAKE_PREFIX_PATH=${CMAKE_PREFIX_PATH}:/opt/ros/humble /bin/cmake --build /home/sophia/workspace/about_ros/code/about_ros2/build/cpp02_rosbag -- -j8 -l8
[4.137s] Invoking command in '/home/sophia/workspace/about_ros/code/about_ros2/build/cpp02_rosbag': CMAKE_PREFIX_PATH=${CMAKE_PREFIX_PATH}:/opt/ros/humble /bin/cmake --install /home/sophia/workspace/about_ros/code/about_ros2/build/cpp02_rosbag
[4.144s] -- Install configuration: ""
[4.144s] -- Installing: /home/sophia/workspace/about_ros/code/about_ros2/install/cpp02_rosbag/lib/cpp02_rosbag/demo01_writer
[4.145s] -- Set runtime path of "/home/sophia/workspace/about_ros/code/about_ros2/install/cpp02_rosbag/lib/cpp02_rosbag/demo01_writer" to ""
[4.145s] -- Installing: /home/sophia/workspace/about_ros/code/about_ros2/install/cpp02_rosbag/lib/cpp02_rosbag/demo02_reader
[4.145s] -- Set runtime path of "/home/sophia/workspace/about_ros/code/about_ros2/install/cpp02_rosbag/lib/cpp02_rosbag/demo02_reader" to ""
[4.146s] -- Installing: /home/sophia/workspace/about_ros/code/about_ros2/install/cpp02_rosbag/share/ament_index/resource_index/package_run_dependencies/cpp02_rosbag
[4.146s] -- Installing: /home/sophia/workspace/about_ros/code/about_ros2/install/cpp02_rosbag/share/ament_index/resource_index/parent_prefix_path/cpp02_rosbag
[4.146s] -- Installing: /home/sophia/workspace/about_ros/code/about_ros2/install/cpp02_rosbag/share/cpp02_rosbag/environment/ament_prefix_path.sh
[4.146s] -- Installing: /home/sophia/workspace/about_ros/code/about_ros2/install/cpp02_rosbag/share/cpp02_rosbag/environment/ament_prefix_path.dsv
[4.146s] -- Installing: /home/sophia/workspace/about_ros/code/about_ros2/install/cpp02_rosbag/share/cpp02_rosbag/environment/path.sh
[4.146s] -- Installing: /home/sophia/workspace/about_ros/code/about_ros2/install/cpp02_rosbag/share/cpp02_rosbag/environment/path.dsv
[4.147s] -- Installing: /home/sophia/workspace/about_ros/code/about_ros2/install/cpp02_rosbag/share/cpp02_rosbag/local_setup.bash
[4.147s] -- Installing: /home/sophia/workspace/about_ros/code/about_ros2/install/cpp02_rosbag/share/cpp02_rosbag/local_setup.sh
[4.147s] -- Installing: /home/sophia/workspace/about_ros/code/about_ros2/install/cpp02_rosbag/share/cpp02_rosbag/local_setup.zsh
[4.147s] -- Installing: /home/sophia/workspace/about_ros/code/about_ros2/install/cpp02_rosbag/share/cpp02_rosbag/local_setup.dsv
[4.147s] -- Installing: /home/sophia/workspace/about_ros/code/about_ros2/install/cpp02_rosbag/share/cpp02_rosbag/package.dsv
[4.147s] -- Installing: /home/sophia/workspace/about_ros/code/about_ros2/install/cpp02_rosbag/share/ament_index/resource_index/packages/cpp02_rosbag
[4.147s] -- Installing: /home/sophia/workspace/about_ros/code/about_ros2/install/cpp02_rosbag/share/cpp02_rosbag/cmake/cpp02_rosbagConfig.cmake
[4.147s] -- Installing: /home/sophia/workspace/about_ros/code/about_ros2/install/cpp02_rosbag/share/cpp02_rosbag/cmake/cpp02_rosbagConfig-version.cmake
[4.147s] -- Installing: /home/sophia/workspace/about_ros/code/about_ros2/install/cpp02_rosbag/share/cpp02_rosbag/package.xml
[4.149s] Invoked command in '/home/sophia/workspace/about_ros/code/about_ros2/build/cpp02_rosbag' returned '0': CMAKE_PREFIX_PATH=${CMAKE_PREFIX_PATH}:/opt/ros/humble /bin/cmake --install /home/sophia/workspace/about_ros/code/about_ros2/build/cpp02_rosbag
