[0.013s] Invoking command in '/home/sophia/workspace/about_ros/code/about_ros2/ws_tools/build/cpp04_tf_listener': CMAKE_PREFIX_PATH=${CMAKE_PREFIX_PATH}:/opt/ros/humble /bin/cmake --build /home/sophia/workspace/about_ros/code/about_ros2/ws_tools/build/cpp04_tf_listener -- -j8 -l8
[0.036s] -- Found ament_cmake: 1.3.5 (/opt/ros/humble/share/ament_cmake/cmake)
[0.165s] -- Found rclcpp: 16.0.5 (/opt/ros/humble/share/rclcpp/cmake)
[0.193s] -- Found rosidl_generator_c: 3.1.5 (/opt/ros/humble/share/rosidl_generator_c/cmake)
[0.195s] -- Found rosidl_adapter: 3.1.5 (/opt/ros/humble/share/rosidl_adapter/cmake)
[0.200s] -- Found rosidl_generator_cpp: 3.1.5 (/opt/ros/humble/share/rosidl_generator_cpp/cmake)
[0.211s] -- Using all available rosidl_typesupport_c: rosidl_typesupport_fastrtps_c;rosidl_typesupport_introspection_c
[0.226s] -- Using all available rosidl_typesupport_cpp: rosidl_typesupport_fastrtps_cpp;rosidl_typesupport_introspection_cpp
[0.282s] -- Found rmw_implementation_cmake: 6.1.1 (/opt/ros/humble/share/rmw_implementation_cmake/cmake)
[0.283s] -- Found rmw_fastrtps_cpp: 6.2.3 (/opt/ros/humble/share/rmw_fastrtps_cpp/cmake)
[0.393s] -- Using RMW implementation 'rmw_fastrtps_cpp' as default
[0.547s] -- Found tf2: 0.25.3 (/opt/ros/humble/share/tf2/cmake)
[0.600s] -- Found tf2_ros: 0.25.3 (/opt/ros/humble/share/tf2_ros/cmake)
[0.986s] -- Found tf2_geometry_msgs: 0.25.3 (/opt/ros/humble/share/tf2_geometry_msgs/cmake)
[1.163s] -- Found eigen3_cmake_module: 0.1.1 (/opt/ros/humble/share/eigen3_cmake_module/cmake)
[1.168s] -- Found Eigen3: TRUE (found version "3.4.0") 
[1.169s] -- Ensuring Eigen3 include directory is part of orocos-kdl CMake target
[1.204s] -- Found ament_lint_auto: 0.12.7 (/opt/ros/humble/share/ament_lint_auto/cmake)
[1.276s] -- Added test 'cppcheck' to perform static code analysis on C / C++ code
[1.276s] -- Configured cppcheck include dirs: $<BUILD_INTERFACE:/home/sophia/workspace/about_ros/code/about_ros2/ws_tools/src/cpp04_tf_listener/include>
[1.276s] -- Configured cppcheck exclude dirs and/or files: 
[1.276s] -- Added test 'lint_cmake' to check CMake code style
[1.277s] -- Added test 'uncrustify' to check C / C++ code style
[1.277s] -- Configured uncrustify additional arguments: 
[1.278s] -- Added test 'xmllint' to check XML markup files
[1.278s] -- Configuring done
[1.292s] -- Generating done
[1.294s] -- Build files have been written to: /home/sophia/workspace/about_ros/code/about_ros2/ws_tools/build/cpp04_tf_listener
[1.318s] [35m[1mConsolidate compiler generated dependencies of target demo02_msg_filter[0m
[1.318s] [35m[1mConsolidate compiler generated dependencies of target demo01_tf_listener[0m
[1.335s] [ 50%] Built target demo02_msg_filter
[1.337s] [100%] Built target demo01_tf_listener
[1.348s] Invoked command in '/home/sophia/workspace/about_ros/code/about_ros2/ws_tools/build/cpp04_tf_listener' returned '0': CMAKE_PREFIX_PATH=${CMAKE_PREFIX_PATH}:/opt/ros/humble /bin/cmake --build /home/sophia/workspace/about_ros/code/about_ros2/ws_tools/build/cpp04_tf_listener -- -j8 -l8
[1.382s] Invoking command in '/home/sophia/workspace/about_ros/code/about_ros2/ws_tools/build/cpp04_tf_listener': CMAKE_PREFIX_PATH=${CMAKE_PREFIX_PATH}:/opt/ros/humble /bin/cmake --install /home/sophia/workspace/about_ros/code/about_ros2/ws_tools/build/cpp04_tf_listener
[1.389s] -- Install configuration: ""
[1.389s] -- Up-to-date: /home/sophia/workspace/about_ros/code/about_ros2/ws_tools/install/cpp04_tf_listener/lib/cpp04_tf_listener/demo01_tf_listener
[1.390s] -- Up-to-date: /home/sophia/workspace/about_ros/code/about_ros2/ws_tools/install/cpp04_tf_listener/lib/cpp04_tf_listener/demo02_msg_filter
[1.390s] -- Installing: /home/sophia/workspace/about_ros/code/about_ros2/ws_tools/install/cpp04_tf_listener/share/ament_index/resource_index/package_run_dependencies/cpp04_tf_listener
[1.390s] -- Up-to-date: /home/sophia/workspace/about_ros/code/about_ros2/ws_tools/install/cpp04_tf_listener/share/ament_index/resource_index/parent_prefix_path/cpp04_tf_listener
[1.390s] -- Up-to-date: /home/sophia/workspace/about_ros/code/about_ros2/ws_tools/install/cpp04_tf_listener/share/cpp04_tf_listener/environment/ament_prefix_path.sh
[1.390s] -- Installing: /home/sophia/workspace/about_ros/code/about_ros2/ws_tools/install/cpp04_tf_listener/share/cpp04_tf_listener/environment/ament_prefix_path.dsv
[1.390s] -- Up-to-date: /home/sophia/workspace/about_ros/code/about_ros2/ws_tools/install/cpp04_tf_listener/share/cpp04_tf_listener/environment/path.sh
[1.391s] -- Installing: /home/sophia/workspace/about_ros/code/about_ros2/ws_tools/install/cpp04_tf_listener/share/cpp04_tf_listener/environment/path.dsv
[1.391s] -- Up-to-date: /home/sophia/workspace/about_ros/code/about_ros2/ws_tools/install/cpp04_tf_listener/share/cpp04_tf_listener/local_setup.bash
[1.391s] -- Up-to-date: /home/sophia/workspace/about_ros/code/about_ros2/ws_tools/install/cpp04_tf_listener/share/cpp04_tf_listener/local_setup.sh
[1.391s] -- Up-to-date: /home/sophia/workspace/about_ros/code/about_ros2/ws_tools/install/cpp04_tf_listener/share/cpp04_tf_listener/local_setup.zsh
[1.391s] -- Installing: /home/sophia/workspace/about_ros/code/about_ros2/ws_tools/install/cpp04_tf_listener/share/cpp04_tf_listener/local_setup.dsv
[1.391s] -- Installing: /home/sophia/workspace/about_ros/code/about_ros2/ws_tools/install/cpp04_tf_listener/share/cpp04_tf_listener/package.dsv
[1.391s] -- Up-to-date: /home/sophia/workspace/about_ros/code/about_ros2/ws_tools/install/cpp04_tf_listener/share/ament_index/resource_index/packages/cpp04_tf_listener
[1.391s] -- Up-to-date: /home/sophia/workspace/about_ros/code/about_ros2/ws_tools/install/cpp04_tf_listener/share/cpp04_tf_listener/cmake/cpp04_tf_listenerConfig.cmake
[1.391s] -- Up-to-date: /home/sophia/workspace/about_ros/code/about_ros2/ws_tools/install/cpp04_tf_listener/share/cpp04_tf_listener/cmake/cpp04_tf_listenerConfig-version.cmake
[1.392s] -- Installing: /home/sophia/workspace/about_ros/code/about_ros2/ws_tools/install/cpp04_tf_listener/share/cpp04_tf_listener/package.xml
[1.394s] Invoked command in '/home/sophia/workspace/about_ros/code/about_ros2/ws_tools/build/cpp04_tf_listener' returned '0': CMAKE_PREFIX_PATH=${CMAKE_PREFIX_PATH}:/opt/ros/humble /bin/cmake --install /home/sophia/workspace/about_ros/code/about_ros2/ws_tools/build/cpp04_tf_listener
