[0.016s] Invoking command in '/home/sophia/workspace/about_ros/code/about_ros2/topic_ros/build/cpp01_topic': CMAKE_PREFIX_PATH=/home/sophia/workspace/about_ros/code/about_ros2/topic_ros/install/base_interface_demo:/home/sophia/workspace/about_ros/code/about_ros2/topic_ros/install/cpp01_topic:/home/sophia/workspace/about_ros/code/about_ros2/topic_ros/install/topic_test_cpp:/home/sophia/workspace/about_ros/code/about_ros2/first_ros/install/first_helloworld_cpp:/opt/ros/humble /usr/bin/cmake --build /home/sophia/workspace/about_ros/code/about_ros2/topic_ros/build/cpp01_topic -- -j8 -l8
[0.074s] [35m[1mConsolidate compiler generated dependencies of target demo04_listener_stu[0m
[0.084s] [ 62%] Built target demo02_listener_str
[0.085s] [ 50%] [32mBuilding CXX object CMakeFiles/demo03_talker_stu.dir/src/demo03_talker_stu.cpp.o[0m
[0.085s] [ 62%] Built target demo01_talker_str
[0.091s] [ 75%] [32mBuilding CXX object CMakeFiles/demo04_listener_stu.dir/src/demo04_listener_stu.cpp.o[0m
[5.369s] [ 87%] [32m[1mLinking CXX executable demo03_talker_stu[0m
[5.779s] [ 87%] Built target demo03_talker_stu
[7.734s] [100%] [32m[1mLinking CXX executable demo04_listener_stu[0m
[8.072s] [100%] Built target demo04_listener_stu
[8.109s] Invoked command in '/home/sophia/workspace/about_ros/code/about_ros2/topic_ros/build/cpp01_topic' returned '0': CMAKE_PREFIX_PATH=/home/sophia/workspace/about_ros/code/about_ros2/topic_ros/install/base_interface_demo:/home/sophia/workspace/about_ros/code/about_ros2/topic_ros/install/cpp01_topic:/home/sophia/workspace/about_ros/code/about_ros2/topic_ros/install/topic_test_cpp:/home/sophia/workspace/about_ros/code/about_ros2/first_ros/install/first_helloworld_cpp:/opt/ros/humble /usr/bin/cmake --build /home/sophia/workspace/about_ros/code/about_ros2/topic_ros/build/cpp01_topic -- -j8 -l8
[8.119s] Invoking command in '/home/sophia/workspace/about_ros/code/about_ros2/topic_ros/build/cpp01_topic': CMAKE_PREFIX_PATH=/home/sophia/workspace/about_ros/code/about_ros2/topic_ros/install/base_interface_demo:/home/sophia/workspace/about_ros/code/about_ros2/topic_ros/install/cpp01_topic:/home/sophia/workspace/about_ros/code/about_ros2/topic_ros/install/topic_test_cpp:/home/sophia/workspace/about_ros/code/about_ros2/first_ros/install/first_helloworld_cpp:/opt/ros/humble /usr/bin/cmake --install /home/sophia/workspace/about_ros/code/about_ros2/topic_ros/build/cpp01_topic
[8.125s] -- Install configuration: ""
[8.126s] -- Up-to-date: /home/sophia/workspace/about_ros/code/about_ros2/topic_ros/install/cpp01_topic/lib/cpp01_topic/demo01_talker_str
[8.126s] -- Up-to-date: /home/sophia/workspace/about_ros/code/about_ros2/topic_ros/install/cpp01_topic/lib/cpp01_topic/demo02_listener_str
[8.127s] -- Installing: /home/sophia/workspace/about_ros/code/about_ros2/topic_ros/install/cpp01_topic/lib/cpp01_topic/demo03_talker_stu
[8.128s] -- Set runtime path of "/home/sophia/workspace/about_ros/code/about_ros2/topic_ros/install/cpp01_topic/lib/cpp01_topic/demo03_talker_stu" to ""
[8.129s] -- Installing: /home/sophia/workspace/about_ros/code/about_ros2/topic_ros/install/cpp01_topic/lib/cpp01_topic/demo04_listener_stu
[8.133s] -- Set runtime path of "/home/sophia/workspace/about_ros/code/about_ros2/topic_ros/install/cpp01_topic/lib/cpp01_topic/demo04_listener_stu" to ""
[8.134s] -- Up-to-date: /home/sophia/workspace/about_ros/code/about_ros2/topic_ros/install/cpp01_topic/share/ament_index/resource_index/package_run_dependencies/cpp01_topic
[8.134s] -- Up-to-date: /home/sophia/workspace/about_ros/code/about_ros2/topic_ros/install/cpp01_topic/share/ament_index/resource_index/parent_prefix_path/cpp01_topic
[8.134s] -- Up-to-date: /home/sophia/workspace/about_ros/code/about_ros2/topic_ros/install/cpp01_topic/share/cpp01_topic/environment/ament_prefix_path.sh
[8.134s] -- Up-to-date: /home/sophia/workspace/about_ros/code/about_ros2/topic_ros/install/cpp01_topic/share/cpp01_topic/environment/ament_prefix_path.dsv
[8.134s] -- Up-to-date: /home/sophia/workspace/about_ros/code/about_ros2/topic_ros/install/cpp01_topic/share/cpp01_topic/environment/path.sh
[8.134s] -- Up-to-date: /home/sophia/workspace/about_ros/code/about_ros2/topic_ros/install/cpp01_topic/share/cpp01_topic/environment/path.dsv
[8.134s] -- Up-to-date: /home/sophia/workspace/about_ros/code/about_ros2/topic_ros/install/cpp01_topic/share/cpp01_topic/local_setup.bash
[8.134s] -- Up-to-date: /home/sophia/workspace/about_ros/code/about_ros2/topic_ros/install/cpp01_topic/share/cpp01_topic/local_setup.sh
[8.134s] -- Up-to-date: /home/sophia/workspace/about_ros/code/about_ros2/topic_ros/install/cpp01_topic/share/cpp01_topic/local_setup.zsh
[8.134s] -- Up-to-date: /home/sophia/workspace/about_ros/code/about_ros2/topic_ros/install/cpp01_topic/share/cpp01_topic/local_setup.dsv
[8.134s] -- Installing: /home/sophia/workspace/about_ros/code/about_ros2/topic_ros/install/cpp01_topic/share/cpp01_topic/package.dsv
[8.134s] -- Up-to-date: /home/sophia/workspace/about_ros/code/about_ros2/topic_ros/install/cpp01_topic/share/ament_index/resource_index/packages/cpp01_topic
[8.134s] -- Up-to-date: /home/sophia/workspace/about_ros/code/about_ros2/topic_ros/install/cpp01_topic/share/cpp01_topic/cmake/cpp01_topicConfig.cmake
[8.134s] -- Up-to-date: /home/sophia/workspace/about_ros/code/about_ros2/topic_ros/install/cpp01_topic/share/cpp01_topic/cmake/cpp01_topicConfig-version.cmake
[8.134s] -- Up-to-date: /home/sophia/workspace/about_ros/code/about_ros2/topic_ros/install/cpp01_topic/share/cpp01_topic/package.xml
[8.137s] Invoked command in '/home/sophia/workspace/about_ros/code/about_ros2/topic_ros/build/cpp01_topic' returned '0': CMAKE_PREFIX_PATH=/home/sophia/workspace/about_ros/code/about_ros2/topic_ros/install/base_interface_demo:/home/sophia/workspace/about_ros/code/about_ros2/topic_ros/install/cpp01_topic:/home/sophia/workspace/about_ros/code/about_ros2/topic_ros/install/topic_test_cpp:/home/sophia/workspace/about_ros/code/about_ros2/first_ros/install/first_helloworld_cpp:/opt/ros/humble /usr/bin/cmake --install /home/sophia/workspace/about_ros/code/about_ros2/topic_ros/build/cpp01_topic
