[0.247s] DEBUG:colcon:Command line arguments: ['/usr/bin/colcon', 'build', '--packages-select', 'base_interfaces_demo']
[0.247s] DEBUG:colcon:Parsed command line arguments: Namespace(log_base=None, log_level=None, verb_name='build', build_base='build', install_base='install', merge_install=False, symlink_install=False, test_result_base=None, continue_on_error=False, executor='parallel', parallel_workers=8, event_handlers=None, ignore_user_meta=False, metas=['./colcon.meta'], base_paths=['.'], packages_ignore=None, packages_ignore_regex=None, paths=None, packages_up_to=None, packages_up_to_regex=None, packages_above=None, packages_above_and_dependencies=None, packages_above_depth=None, packages_select_by_dep=None, packages_skip_by_dep=None, packages_skip_up_to=None, packages_select_build_failed=False, packages_skip_build_finished=False, packages_select_test_failures=False, packages_skip_test_passed=False, packages_select=['base_interfaces_demo'], packages_skip=None, packages_select_regex=None, packages_skip_regex=None, packages_start=None, packages_end=None, allow_overriding=[], cmake_args=None, cmake_target=None, cmake_target_skip_unavailable=False, cmake_clean_cache=False, cmake_clean_first=False, cmake_force_configure=False, ament_cmake_args=None, catkin_cmake_args=None, catkin_skip_building_tests=False, verb_parser=<colcon_defaults.argument_parser.defaults.DefaultArgumentsDecorator object at 0x7fd710752050>, verb_extension=<colcon_core.verb.build.BuildVerb object at 0x7fd710853a30>, main=<bound method BuildVerb.main of <colcon_core.verb.build.BuildVerb object at 0x7fd710853a30>>)
[0.275s] Level 1:colcon.colcon_core.package_discovery:discover_packages(colcon_meta) check parameters
[0.275s] Level 1:colcon.colcon_core.package_discovery:discover_packages(recursive) check parameters
[0.275s] Level 1:colcon.colcon_core.package_discovery:discover_packages(ignore) check parameters
[0.275s] Level 1:colcon.colcon_core.package_discovery:discover_packages(path) check parameters
[0.275s] Level 1:colcon.colcon_core.package_discovery:discover_packages(colcon_meta) discover
[0.275s] Level 1:colcon.colcon_core.package_discovery:discover_packages(recursive) discover
[0.275s] INFO:colcon.colcon_core.package_discovery:Crawling recursively for packages in '/home/sophia/workspace/about_ros/code/about_ros2/server_ros'
[0.276s] Level 1:colcon.colcon_core.package_identification:_identify(.) by extensions ['ignore', 'ignore_ament_install']
[0.276s] Level 1:colcon.colcon_core.package_identification:_identify(.) by extension 'ignore'
[0.276s] Level 1:colcon.colcon_core.package_identification:_identify(.) by extension 'ignore_ament_install'
[0.276s] Level 1:colcon.colcon_core.package_identification:_identify(.) by extensions ['colcon_pkg']
[0.276s] Level 1:colcon.colcon_core.package_identification:_identify(.) by extension 'colcon_pkg'
[0.276s] Level 1:colcon.colcon_core.package_identification:_identify(.) by extensions ['colcon_meta']
[0.276s] Level 1:colcon.colcon_core.package_identification:_identify(.) by extension 'colcon_meta'
[0.276s] Level 1:colcon.colcon_core.package_identification:_identify(.) by extensions ['ros']
[0.276s] Level 1:colcon.colcon_core.package_identification:_identify(.) by extension 'ros'
[0.288s] Level 1:colcon.colcon_core.package_identification:_identify(.) by extensions ['cmake', 'python']
[0.288s] Level 1:colcon.colcon_core.package_identification:_identify(.) by extension 'cmake'
[0.288s] Level 1:colcon.colcon_core.package_identification:_identify(.) by extension 'python'
[0.288s] Level 1:colcon.colcon_core.package_identification:_identify(.) by extensions ['python_setup_py']
[0.288s] Level 1:colcon.colcon_core.package_identification:_identify(.) by extension 'python_setup_py'
[0.289s] Level 1:colcon.colcon_core.package_identification:_identify(build) by extensions ['ignore', 'ignore_ament_install']
[0.289s] Level 1:colcon.colcon_core.package_identification:_identify(build) by extension 'ignore'
[0.289s] Level 1:colcon.colcon_core.package_identification:_identify(build) ignored
[0.289s] Level 1:colcon.colcon_core.package_identification:_identify(install) by extensions ['ignore', 'ignore_ament_install']
[0.289s] Level 1:colcon.colcon_core.package_identification:_identify(install) by extension 'ignore'
[0.289s] Level 1:colcon.colcon_core.package_identification:_identify(install) ignored
[0.289s] Level 1:colcon.colcon_core.package_identification:_identify(log) by extensions ['ignore', 'ignore_ament_install']
[0.289s] Level 1:colcon.colcon_core.package_identification:_identify(log) by extension 'ignore'
[0.289s] Level 1:colcon.colcon_core.package_identification:_identify(log) ignored
[0.289s] Level 1:colcon.colcon_core.package_identification:_identify(src) by extensions ['ignore', 'ignore_ament_install']
[0.289s] Level 1:colcon.colcon_core.package_identification:_identify(src) by extension 'ignore'
[0.289s] Level 1:colcon.colcon_core.package_identification:_identify(src) by extension 'ignore_ament_install'
[0.289s] Level 1:colcon.colcon_core.package_identification:_identify(src) by extensions ['colcon_pkg']
[0.289s] Level 1:colcon.colcon_core.package_identification:_identify(src) by extension 'colcon_pkg'
[0.289s] Level 1:colcon.colcon_core.package_identification:_identify(src) by extensions ['colcon_meta']
[0.289s] Level 1:colcon.colcon_core.package_identification:_identify(src) by extension 'colcon_meta'
[0.289s] Level 1:colcon.colcon_core.package_identification:_identify(src) by extensions ['ros']
[0.290s] Level 1:colcon.colcon_core.package_identification:_identify(src) by extension 'ros'
[0.290s] Level 1:colcon.colcon_core.package_identification:_identify(src) by extensions ['cmake', 'python']
[0.290s] Level 1:colcon.colcon_core.package_identification:_identify(src) by extension 'cmake'
[0.290s] Level 1:colcon.colcon_core.package_identification:_identify(src) by extension 'python'
[0.290s] Level 1:colcon.colcon_core.package_identification:_identify(src) by extensions ['python_setup_py']
[0.290s] Level 1:colcon.colcon_core.package_identification:_identify(src) by extension 'python_setup_py'
[0.290s] Level 1:colcon.colcon_core.package_identification:_identify(src/base_interfaces_demo) by extensions ['ignore', 'ignore_ament_install']
[0.290s] Level 1:colcon.colcon_core.package_identification:_identify(src/base_interfaces_demo) by extension 'ignore'
[0.290s] Level 1:colcon.colcon_core.package_identification:_identify(src/base_interfaces_demo) by extension 'ignore_ament_install'
[0.290s] Level 1:colcon.colcon_core.package_identification:_identify(src/base_interfaces_demo) by extensions ['colcon_pkg']
[0.290s] Level 1:colcon.colcon_core.package_identification:_identify(src/base_interfaces_demo) by extension 'colcon_pkg'
[0.290s] Level 1:colcon.colcon_core.package_identification:_identify(src/base_interfaces_demo) by extensions ['colcon_meta']
[0.290s] Level 1:colcon.colcon_core.package_identification:_identify(src/base_interfaces_demo) by extension 'colcon_meta'
[0.290s] Level 1:colcon.colcon_core.package_identification:_identify(src/base_interfaces_demo) by extensions ['ros']
[0.290s] Level 1:colcon.colcon_core.package_identification:_identify(src/base_interfaces_demo) by extension 'ros'
[0.292s] DEBUG:colcon.colcon_core.package_identification:Package 'src/base_interfaces_demo' with type 'ros.ament_cmake' and name 'base_interfaces_demo'
[0.292s] Level 1:colcon.colcon_core.package_identification:_identify(src/cpp02_server) by extensions ['ignore', 'ignore_ament_install']
[0.292s] Level 1:colcon.colcon_core.package_identification:_identify(src/cpp02_server) by extension 'ignore'
[0.292s] Level 1:colcon.colcon_core.package_identification:_identify(src/cpp02_server) by extension 'ignore_ament_install'
[0.292s] Level 1:colcon.colcon_core.package_identification:_identify(src/cpp02_server) by extensions ['colcon_pkg']
[0.292s] Level 1:colcon.colcon_core.package_identification:_identify(src/cpp02_server) by extension 'colcon_pkg'
[0.292s] Level 1:colcon.colcon_core.package_identification:_identify(src/cpp02_server) by extensions ['colcon_meta']
[0.292s] Level 1:colcon.colcon_core.package_identification:_identify(src/cpp02_server) by extension 'colcon_meta'
[0.293s] Level 1:colcon.colcon_core.package_identification:_identify(src/cpp02_server) by extensions ['ros']
[0.293s] Level 1:colcon.colcon_core.package_identification:_identify(src/cpp02_server) by extension 'ros'
[0.293s] DEBUG:colcon.colcon_core.package_identification:Package 'src/cpp02_server' with type 'ros.ament_cmake' and name 'cpp02_server'
[0.293s] Level 1:colcon.colcon_core.package_identification:_identify(src/first_hello_test) by extensions ['ignore', 'ignore_ament_install']
[0.293s] Level 1:colcon.colcon_core.package_identification:_identify(src/first_hello_test) by extension 'ignore'
[0.293s] Level 1:colcon.colcon_core.package_identification:_identify(src/first_hello_test) by extension 'ignore_ament_install'
[0.293s] Level 1:colcon.colcon_core.package_identification:_identify(src/first_hello_test) by extensions ['colcon_pkg']
[0.293s] Level 1:colcon.colcon_core.package_identification:_identify(src/first_hello_test) by extension 'colcon_pkg'
[0.293s] Level 1:colcon.colcon_core.package_identification:_identify(src/first_hello_test) by extensions ['colcon_meta']
[0.293s] Level 1:colcon.colcon_core.package_identification:_identify(src/first_hello_test) by extension 'colcon_meta'
[0.294s] Level 1:colcon.colcon_core.package_identification:_identify(src/first_hello_test) by extensions ['ros']
[0.294s] Level 1:colcon.colcon_core.package_identification:_identify(src/first_hello_test) by extension 'ros'
[0.294s] DEBUG:colcon.colcon_core.package_identification:Package 'src/first_hello_test' with type 'ros.ament_cmake' and name 'first_hello_test'
[0.294s] Level 1:colcon.colcon_core.package_discovery:discover_packages(recursive) using defaults
[0.294s] Level 1:colcon.colcon_core.package_discovery:discover_packages(ignore) discover
[0.294s] Level 1:colcon.colcon_core.package_discovery:discover_packages(ignore) using defaults
[0.294s] Level 1:colcon.colcon_core.package_discovery:discover_packages(path) discover
[0.294s] Level 1:colcon.colcon_core.package_discovery:discover_packages(path) using defaults
[0.314s] INFO:colcon.colcon_core.package_selection:Skipping not selected package 'first_hello_test' in 'src/first_hello_test'
[0.314s] INFO:colcon.colcon_core.package_selection:Skipping not selected package 'cpp02_server' in 'src/cpp02_server'
[0.315s] Level 1:colcon.colcon_core.package_discovery:discover_packages(prefix_path) check parameters
[0.315s] Level 1:colcon.colcon_core.package_discovery:discover_packages(prefix_path) discover
[0.317s] DEBUG:colcon.colcon_installed_package_information.package_discovery:Found 2 installed packages in /home/sophia/workspace/about_ros/code/about_ros2/server_ros/install
[0.318s] DEBUG:colcon.colcon_installed_package_information.package_discovery:Found 3 installed packages in /home/sophia/workspace/about_ros/code/about_ros2/topic_ros/install
[0.319s] DEBUG:colcon.colcon_installed_package_information.package_discovery:Found 1 installed packages in /home/sophia/workspace/about_ros/code/about_ros2/first_ros/install
[0.320s] DEBUG:colcon.colcon_installed_package_information.package_discovery:Found 270 installed packages in /opt/ros/humble
[0.321s] Level 1:colcon.colcon_core.package_discovery:discover_packages(prefix_path) using defaults
[0.369s] Level 5:colcon.colcon_core.verb:set package 'base_interfaces_demo' build argument 'cmake_args' from command line to 'None'
[0.369s] Level 5:colcon.colcon_core.verb:set package 'base_interfaces_demo' build argument 'cmake_target' from command line to 'None'
[0.369s] Level 5:colcon.colcon_core.verb:set package 'base_interfaces_demo' build argument 'cmake_target_skip_unavailable' from command line to 'False'
[0.370s] Level 5:colcon.colcon_core.verb:set package 'base_interfaces_demo' build argument 'cmake_clean_cache' from command line to 'False'
[0.370s] Level 5:colcon.colcon_core.verb:set package 'base_interfaces_demo' build argument 'cmake_clean_first' from command line to 'False'
[0.370s] Level 5:colcon.colcon_core.verb:set package 'base_interfaces_demo' build argument 'cmake_force_configure' from command line to 'False'
[0.370s] Level 5:colcon.colcon_core.verb:set package 'base_interfaces_demo' build argument 'ament_cmake_args' from command line to 'None'
[0.370s] Level 5:colcon.colcon_core.verb:set package 'base_interfaces_demo' build argument 'catkin_cmake_args' from command line to 'None'
[0.370s] Level 5:colcon.colcon_core.verb:set package 'base_interfaces_demo' build argument 'catkin_skip_building_tests' from command line to 'False'
[0.370s] DEBUG:colcon.colcon_core.verb:Building package 'base_interfaces_demo' with the following arguments: {'ament_cmake_args': None, 'build_base': '/home/sophia/workspace/about_ros/code/about_ros2/server_ros/build/base_interfaces_demo', 'catkin_cmake_args': None, 'catkin_skip_building_tests': False, 'cmake_args': None, 'cmake_clean_cache': False, 'cmake_clean_first': False, 'cmake_force_configure': False, 'cmake_target': None, 'cmake_target_skip_unavailable': False, 'install_base': '/home/sophia/workspace/about_ros/code/about_ros2/server_ros/install/base_interfaces_demo', 'merge_install': False, 'path': '/home/sophia/workspace/about_ros/code/about_ros2/server_ros/src/base_interfaces_demo', 'symlink_install': False, 'test_result_base': None}
[0.370s] INFO:colcon.colcon_core.executor:Executing jobs using 'parallel' executor
[0.373s] DEBUG:colcon.colcon_parallel_executor.executor.parallel:run_until_complete
[0.373s] INFO:colcon.colcon_ros.task.ament_cmake.build:Building ROS package in '/home/sophia/workspace/about_ros/code/about_ros2/server_ros/src/base_interfaces_demo' with build type 'ament_cmake'
[0.373s] INFO:colcon.colcon_cmake.task.cmake.build:Building CMake package in '/home/sophia/workspace/about_ros/code/about_ros2/server_ros/src/base_interfaces_demo'
[0.376s] INFO:colcon.colcon_core.plugin_system:Skipping extension 'colcon_core.shell.bat': Not used on non-Windows systems
[0.377s] INFO:colcon.colcon_core.shell:Skip shell extension 'powershell' for command environment: Not usable outside of PowerShell
[0.377s] DEBUG:colcon.colcon_core.shell:Skip shell extension 'dsv' for command environment
[0.387s] DEBUG:colcon.colcon_core.event_handler.log_command:Invoking command in '/home/sophia/workspace/about_ros/code/about_ros2/server_ros/build/base_interfaces_demo': CMAKE_PREFIX_PATH=${CMAKE_PREFIX_PATH}:/opt/ros/humble /usr/bin/cmake /home/sophia/workspace/about_ros/code/about_ros2/server_ros/src/base_interfaces_demo -DCMAKE_INSTALL_PREFIX=/home/sophia/workspace/about_ros/code/about_ros2/server_ros/install/base_interfaces_demo
[2.027s] DEBUG:colcon.colcon_core.event_handler.log_command:Invoked command in '/home/sophia/workspace/about_ros/code/about_ros2/server_ros/build/base_interfaces_demo' returned '0': CMAKE_PREFIX_PATH=${CMAKE_PREFIX_PATH}:/opt/ros/humble /usr/bin/cmake /home/sophia/workspace/about_ros/code/about_ros2/server_ros/src/base_interfaces_demo -DCMAKE_INSTALL_PREFIX=/home/sophia/workspace/about_ros/code/about_ros2/server_ros/install/base_interfaces_demo
[2.027s] DEBUG:colcon.colcon_core.event_handler.log_command:Invoking command in '/home/sophia/workspace/about_ros/code/about_ros2/server_ros/build/base_interfaces_demo': CMAKE_PREFIX_PATH=${CMAKE_PREFIX_PATH}:/opt/ros/humble /usr/bin/cmake --build /home/sophia/workspace/about_ros/code/about_ros2/server_ros/build/base_interfaces_demo -- -j8 -l8
[4.132s] DEBUG:colcon.colcon_core.event_handler.log_command:Invoked command in '/home/sophia/workspace/about_ros/code/about_ros2/server_ros/build/base_interfaces_demo' returned '0': CMAKE_PREFIX_PATH=${CMAKE_PREFIX_PATH}:/opt/ros/humble /usr/bin/cmake --build /home/sophia/workspace/about_ros/code/about_ros2/server_ros/build/base_interfaces_demo -- -j8 -l8
[4.192s] DEBUG:colcon.colcon_core.event_handler.log_command:Invoking command in '/home/sophia/workspace/about_ros/code/about_ros2/server_ros/build/base_interfaces_demo': CMAKE_PREFIX_PATH=${CMAKE_PREFIX_PATH}:/opt/ros/humble /usr/bin/cmake --install /home/sophia/workspace/about_ros/code/about_ros2/server_ros/build/base_interfaces_demo
[4.255s] Level 1:colcon.colcon_core.environment:create_environment_scripts_only(base_interfaces_demo)
[4.255s] DEBUG:colcon.colcon_core.event_handler.log_command:Invoked command in '/home/sophia/workspace/about_ros/code/about_ros2/server_ros/build/base_interfaces_demo' returned '0': CMAKE_PREFIX_PATH=${CMAKE_PREFIX_PATH}:/opt/ros/humble /usr/bin/cmake --install /home/sophia/workspace/about_ros/code/about_ros2/server_ros/build/base_interfaces_demo
[4.260s] Level 1:colcon.colcon_core.environment:checking '/home/sophia/workspace/about_ros/code/about_ros2/server_ros/install/base_interfaces_demo' for CMake module files
[4.260s] Level 1:colcon.colcon_core.environment:checking '/home/sophia/workspace/about_ros/code/about_ros2/server_ros/install/base_interfaces_demo' for CMake config files
[4.260s] Level 1:colcon.colcon_core.shell:create_environment_hook('base_interfaces_demo', 'cmake_prefix_path')
[4.261s] INFO:colcon.colcon_core.shell:Creating environment hook '/home/sophia/workspace/about_ros/code/about_ros2/server_ros/install/base_interfaces_demo/share/base_interfaces_demo/hook/cmake_prefix_path.ps1'
[4.262s] INFO:colcon.colcon_core.shell:Creating environment descriptor '/home/sophia/workspace/about_ros/code/about_ros2/server_ros/install/base_interfaces_demo/share/base_interfaces_demo/hook/cmake_prefix_path.dsv'
[4.262s] INFO:colcon.colcon_core.shell:Creating environment hook '/home/sophia/workspace/about_ros/code/about_ros2/server_ros/install/base_interfaces_demo/share/base_interfaces_demo/hook/cmake_prefix_path.sh'
[4.263s] Level 1:colcon.colcon_core.environment:checking '/home/sophia/workspace/about_ros/code/about_ros2/server_ros/install/base_interfaces_demo/lib'
[4.263s] Level 1:colcon.colcon_core.shell:create_environment_hook('base_interfaces_demo', 'ld_library_path_lib')
[4.264s] INFO:colcon.colcon_core.shell:Creating environment hook '/home/sophia/workspace/about_ros/code/about_ros2/server_ros/install/base_interfaces_demo/share/base_interfaces_demo/hook/ld_library_path_lib.ps1'
[4.264s] INFO:colcon.colcon_core.shell:Creating environment descriptor '/home/sophia/workspace/about_ros/code/about_ros2/server_ros/install/base_interfaces_demo/share/base_interfaces_demo/hook/ld_library_path_lib.dsv'
[4.265s] INFO:colcon.colcon_core.shell:Creating environment hook '/home/sophia/workspace/about_ros/code/about_ros2/server_ros/install/base_interfaces_demo/share/base_interfaces_demo/hook/ld_library_path_lib.sh'
[4.265s] Level 1:colcon.colcon_core.environment:checking '/home/sophia/workspace/about_ros/code/about_ros2/server_ros/install/base_interfaces_demo/bin'
[4.265s] Level 1:colcon.colcon_core.environment:checking '/home/sophia/workspace/about_ros/code/about_ros2/server_ros/install/base_interfaces_demo/lib/pkgconfig/base_interfaces_demo.pc'
[4.265s] Level 1:colcon.colcon_core.environment:checking '/home/sophia/workspace/about_ros/code/about_ros2/server_ros/install/base_interfaces_demo/lib/python3.10/site-packages'
[4.265s] Level 1:colcon.colcon_core.environment:checking '/home/sophia/workspace/about_ros/code/about_ros2/server_ros/install/base_interfaces_demo/bin'
[4.266s] INFO:colcon.colcon_core.shell:Creating package script '/home/sophia/workspace/about_ros/code/about_ros2/server_ros/install/base_interfaces_demo/share/base_interfaces_demo/package.ps1'
[4.267s] INFO:colcon.colcon_core.shell:Creating package descriptor '/home/sophia/workspace/about_ros/code/about_ros2/server_ros/install/base_interfaces_demo/share/base_interfaces_demo/package.dsv'
[4.267s] INFO:colcon.colcon_core.shell:Creating package script '/home/sophia/workspace/about_ros/code/about_ros2/server_ros/install/base_interfaces_demo/share/base_interfaces_demo/package.sh'
[4.268s] INFO:colcon.colcon_core.shell:Creating package script '/home/sophia/workspace/about_ros/code/about_ros2/server_ros/install/base_interfaces_demo/share/base_interfaces_demo/package.bash'
[4.268s] INFO:colcon.colcon_core.shell:Creating package script '/home/sophia/workspace/about_ros/code/about_ros2/server_ros/install/base_interfaces_demo/share/base_interfaces_demo/package.zsh'
[4.269s] Level 1:colcon.colcon_core.environment:create_file_with_runtime_dependencies(/home/sophia/workspace/about_ros/code/about_ros2/server_ros/install/base_interfaces_demo/share/colcon-core/packages/base_interfaces_demo)
[4.322s] Level 1:colcon.colcon_core.environment:create_environment_scripts_only(base_interfaces_demo)
[4.324s] Level 1:colcon.colcon_core.environment:checking '/home/sophia/workspace/about_ros/code/about_ros2/server_ros/install/base_interfaces_demo' for CMake module files
[4.324s] Level 1:colcon.colcon_core.environment:checking '/home/sophia/workspace/about_ros/code/about_ros2/server_ros/install/base_interfaces_demo' for CMake config files
[4.325s] Level 1:colcon.colcon_core.shell:create_environment_hook('base_interfaces_demo', 'cmake_prefix_path')
[4.326s] INFO:colcon.colcon_core.shell:Creating environment hook '/home/sophia/workspace/about_ros/code/about_ros2/server_ros/install/base_interfaces_demo/share/base_interfaces_demo/hook/cmake_prefix_path.ps1'
[4.326s] INFO:colcon.colcon_core.shell:Creating environment descriptor '/home/sophia/workspace/about_ros/code/about_ros2/server_ros/install/base_interfaces_demo/share/base_interfaces_demo/hook/cmake_prefix_path.dsv'
[4.326s] INFO:colcon.colcon_core.shell:Creating environment hook '/home/sophia/workspace/about_ros/code/about_ros2/server_ros/install/base_interfaces_demo/share/base_interfaces_demo/hook/cmake_prefix_path.sh'
[4.327s] Level 1:colcon.colcon_core.environment:checking '/home/sophia/workspace/about_ros/code/about_ros2/server_ros/install/base_interfaces_demo/lib'
[4.327s] Level 1:colcon.colcon_core.shell:create_environment_hook('base_interfaces_demo', 'ld_library_path_lib')
[4.328s] INFO:colcon.colcon_core.shell:Creating environment hook '/home/sophia/workspace/about_ros/code/about_ros2/server_ros/install/base_interfaces_demo/share/base_interfaces_demo/hook/ld_library_path_lib.ps1'
[4.328s] INFO:colcon.colcon_core.shell:Creating environment descriptor '/home/sophia/workspace/about_ros/code/about_ros2/server_ros/install/base_interfaces_demo/share/base_interfaces_demo/hook/ld_library_path_lib.dsv'
[4.328s] INFO:colcon.colcon_core.shell:Creating environment hook '/home/sophia/workspace/about_ros/code/about_ros2/server_ros/install/base_interfaces_demo/share/base_interfaces_demo/hook/ld_library_path_lib.sh'
[4.328s] Level 1:colcon.colcon_core.environment:checking '/home/sophia/workspace/about_ros/code/about_ros2/server_ros/install/base_interfaces_demo/bin'
[4.329s] Level 1:colcon.colcon_core.environment:checking '/home/sophia/workspace/about_ros/code/about_ros2/server_ros/install/base_interfaces_demo/lib/pkgconfig/base_interfaces_demo.pc'
[4.329s] Level 1:colcon.colcon_core.environment:checking '/home/sophia/workspace/about_ros/code/about_ros2/server_ros/install/base_interfaces_demo/lib/python3.10/site-packages'
[4.329s] Level 1:colcon.colcon_core.environment:checking '/home/sophia/workspace/about_ros/code/about_ros2/server_ros/install/base_interfaces_demo/bin'
[4.330s] INFO:colcon.colcon_core.shell:Creating package script '/home/sophia/workspace/about_ros/code/about_ros2/server_ros/install/base_interfaces_demo/share/base_interfaces_demo/package.ps1'
[4.330s] INFO:colcon.colcon_core.shell:Creating package descriptor '/home/sophia/workspace/about_ros/code/about_ros2/server_ros/install/base_interfaces_demo/share/base_interfaces_demo/package.dsv'
[4.331s] INFO:colcon.colcon_core.shell:Creating package script '/home/sophia/workspace/about_ros/code/about_ros2/server_ros/install/base_interfaces_demo/share/base_interfaces_demo/package.sh'
[4.331s] INFO:colcon.colcon_core.shell:Creating package script '/home/sophia/workspace/about_ros/code/about_ros2/server_ros/install/base_interfaces_demo/share/base_interfaces_demo/package.bash'
[4.331s] INFO:colcon.colcon_core.shell:Creating package script '/home/sophia/workspace/about_ros/code/about_ros2/server_ros/install/base_interfaces_demo/share/base_interfaces_demo/package.zsh'
[4.332s] Level 1:colcon.colcon_core.environment:create_file_with_runtime_dependencies(/home/sophia/workspace/about_ros/code/about_ros2/server_ros/install/base_interfaces_demo/share/colcon-core/packages/base_interfaces_demo)
[4.332s] DEBUG:colcon.colcon_parallel_executor.executor.parallel:closing loop
[4.333s] DEBUG:colcon.colcon_parallel_executor.executor.parallel:loop closed
[4.333s] DEBUG:colcon.colcon_parallel_executor.executor.parallel:run_until_complete finished with '0'
[4.333s] DEBUG:colcon.colcon_core.event_reactor:joining thread
[4.337s] INFO:colcon.colcon_core.plugin_system:Skipping extension 'colcon_notification.desktop_notification.terminal_notifier': Not used on non-Darwin systems
[4.337s] INFO:colcon.colcon_core.plugin_system:Skipping extension 'colcon_notification.desktop_notification.win32': Not used on non-Windows systems
[4.337s] INFO:colcon.colcon_notification.desktop_notification:Sending desktop notification using 'notify2'
[4.348s] DEBUG:colcon.colcon_core.event_reactor:joined thread
[4.349s] INFO:colcon.colcon_core.shell:Creating prefix script '/home/sophia/workspace/about_ros/code/about_ros2/server_ros/install/local_setup.ps1'
[4.351s] INFO:colcon.colcon_core.shell:Creating prefix util module '/home/sophia/workspace/about_ros/code/about_ros2/server_ros/install/_local_setup_util_ps1.py'
[4.352s] INFO:colcon.colcon_core.shell:Creating prefix chain script '/home/sophia/workspace/about_ros/code/about_ros2/server_ros/install/setup.ps1'
[4.353s] INFO:colcon.colcon_core.shell:Creating prefix script '/home/sophia/workspace/about_ros/code/about_ros2/server_ros/install/local_setup.sh'
[4.354s] INFO:colcon.colcon_core.shell:Creating prefix util module '/home/sophia/workspace/about_ros/code/about_ros2/server_ros/install/_local_setup_util_sh.py'
[4.355s] INFO:colcon.colcon_core.shell:Creating prefix chain script '/home/sophia/workspace/about_ros/code/about_ros2/server_ros/install/setup.sh'
[4.356s] INFO:colcon.colcon_core.shell:Creating prefix script '/home/sophia/workspace/about_ros/code/about_ros2/server_ros/install/local_setup.bash'
[4.356s] INFO:colcon.colcon_core.shell:Creating prefix chain script '/home/sophia/workspace/about_ros/code/about_ros2/server_ros/install/setup.bash'
[4.357s] INFO:colcon.colcon_core.shell:Creating prefix script '/home/sophia/workspace/about_ros/code/about_ros2/server_ros/install/local_setup.zsh'
[4.358s] INFO:colcon.colcon_core.shell:Creating prefix chain script '/home/sophia/workspace/about_ros/code/about_ros2/server_ros/install/setup.zsh'
