[0.030s] Invoking command in '/home/sophia/workspace/about_ros/code/about_ros2/topic_ros/build/cpp01_topic': CMAKE_PREFIX_PATH=/home/sophia/workspace/about_ros/code/about_ros2/topic_ros/install/base_interface_demo:/home/sophia/workspace/about_ros/code/about_ros2/topic_ros/install/cpp01_topic:/home/sophia/workspace/about_ros/code/about_ros2/topic_ros/install/topic_test_cpp:/home/sophia/workspace/about_ros/code/about_ros2/first_ros/install/first_helloworld_cpp:/opt/ros/humble /usr/bin/cmake --build /home/sophia/workspace/about_ros/code/about_ros2/topic_ros/build/cpp01_topic -- -j8 -l8
[0.132s] -- Found ament_cmake: 1.3.5 (/opt/ros/humble/share/ament_cmake/cmake)
[0.398s] -- Found rclcpp: 16.0.5 (/opt/ros/humble/share/rclcpp/cmake)
[0.659s] -- Found rosidl_generator_c: 3.1.5 (/opt/ros/humble/share/rosidl_generator_c/cmake)
[0.662s] -- Found rosidl_adapter: 3.1.5 (/opt/ros/humble/share/rosidl_adapter/cmake)
[0.670s] -- Found rosidl_generator_cpp: 3.1.5 (/opt/ros/humble/share/rosidl_generator_cpp/cmake)
[0.682s] -- Using all available rosidl_typesupport_c: rosidl_typesupport_fastrtps_c;rosidl_typesupport_introspection_c
[0.696s] -- Using all available rosidl_typesupport_cpp: rosidl_typesupport_fastrtps_cpp;rosidl_typesupport_introspection_cpp
[0.958s] -- Found rmw_implementation_cmake: 6.1.1 (/opt/ros/humble/share/rmw_implementation_cmake/cmake)
[0.976s] -- Found rmw_fastrtps_cpp: 6.2.3 (/opt/ros/humble/share/rmw_fastrtps_cpp/cmake)
[1.550s] -- Using RMW implementation 'rmw_fastrtps_cpp' as default
[1.980s] -- Found base_interface_demo: 0.0.0 (/home/sophia/workspace/about_ros/code/about_ros2/topic_ros/install/base_interface_demo/share/base_interface_demo/cmake)
[1.996s] [31mCMake Error at /opt/ros/humble/share/ament_cmake_target_dependencies/cmake/ament_target_dependencies.cmake:77 (message):
[1.996s]   ament_target_dependencies() the passed package name 'base_interfaces_demo'
[1.996s]   was not found before
[1.996s] Call Stack (most recent call first):
[1.996s]   CMakeLists.txt:36 (ament_target_dependencies)
[1.996s] 
[1.996s] [0m
[2.000s] -- Configuring incomplete, errors occurred!
[2.000s] See also "/home/sophia/workspace/about_ros/code/about_ros2/topic_ros/build/cpp01_topic/CMakeFiles/CMakeOutput.log".
[2.006s] gmake: *** [Makefile:308: cmake_check_build_system] Error 1
[2.008s] Invoked command in '/home/sophia/workspace/about_ros/code/about_ros2/topic_ros/build/cpp01_topic' returned '2': CMAKE_PREFIX_PATH=/home/sophia/workspace/about_ros/code/about_ros2/topic_ros/install/base_interface_demo:/home/sophia/workspace/about_ros/code/about_ros2/topic_ros/install/cpp01_topic:/home/sophia/workspace/about_ros/code/about_ros2/topic_ros/install/topic_test_cpp:/home/sophia/workspace/about_ros/code/about_ros2/first_ros/install/first_helloworld_cpp:/opt/ros/humble /usr/bin/cmake --build /home/sophia/workspace/about_ros/code/about_ros2/topic_ros/build/cpp01_topic -- -j8 -l8
