[2.757s] DEBUG:colcon:Command line arguments: ['/usr/bin/colcon', 'build']
[2.757s] DEBUG:colcon:Parsed command line arguments: Namespace(log_base=None, log_level=None, verb_name='build', build_base='build', install_base='install', merge_install=False, symlink_install=False, test_result_base=None, continue_on_error=False, executor='parallel', parallel_workers=8, event_handlers=None, ignore_user_meta=False, metas=['./colcon.meta'], base_paths=['.'], packages_ignore=None, packages_ignore_regex=None, paths=None, packages_up_to=None, packages_up_to_regex=None, packages_above=None, packages_above_and_dependencies=None, packages_above_depth=None, packages_select_by_dep=None, packages_skip_by_dep=None, packages_skip_up_to=None, packages_select_build_failed=False, packages_skip_build_finished=False, packages_select_test_failures=False, packages_skip_test_passed=False, packages_select=None, packages_skip=None, packages_select_regex=None, packages_skip_regex=None, packages_start=None, packages_end=None, allow_overriding=[], cmake_args=None, cmake_target=None, cmake_target_skip_unavailable=False, cmake_clean_cache=False, cmake_clean_first=False, cmake_force_configure=False, ament_cmake_args=None, catkin_cmake_args=None, catkin_skip_building_tests=False, verb_parser=<colcon_defaults.argument_parser.defaults.DefaultArgumentsDecorator object at 0x7f6df4ddda20>, verb_extension=<colcon_core.verb.build.BuildVerb object at 0x7f6df54274f0>, main=<bound method BuildVerb.main of <colcon_core.verb.build.BuildVerb object at 0x7f6df54274f0>>)
[3.171s] Level 1:colcon.colcon_core.package_discovery:discover_packages(colcon_meta) check parameters
[3.172s] Level 1:colcon.colcon_core.package_discovery:discover_packages(recursive) check parameters
[3.172s] Level 1:colcon.colcon_core.package_discovery:discover_packages(ignore) check parameters
[3.172s] Level 1:colcon.colcon_core.package_discovery:discover_packages(path) check parameters
[3.172s] Level 1:colcon.colcon_core.package_discovery:discover_packages(colcon_meta) discover
[3.173s] Level 1:colcon.colcon_core.package_discovery:discover_packages(recursive) discover
[3.173s] INFO:colcon.colcon_core.package_discovery:Crawling recursively for packages in '/home/sophia/workspace/about_ros/code/about_ros2/first_ros'
[3.173s] Level 1:colcon.colcon_core.package_identification:_identify(.) by extensions ['ignore', 'ignore_ament_install']
[3.173s] Level 1:colcon.colcon_core.package_identification:_identify(.) by extension 'ignore'
[3.174s] Level 1:colcon.colcon_core.package_identification:_identify(.) by extension 'ignore_ament_install'
[3.174s] Level 1:colcon.colcon_core.package_identification:_identify(.) by extensions ['colcon_pkg']
[3.174s] Level 1:colcon.colcon_core.package_identification:_identify(.) by extension 'colcon_pkg'
[3.174s] Level 1:colcon.colcon_core.package_identification:_identify(.) by extensions ['colcon_meta']
[3.174s] Level 1:colcon.colcon_core.package_identification:_identify(.) by extension 'colcon_meta'
[3.174s] Level 1:colcon.colcon_core.package_identification:_identify(.) by extensions ['ros']
[3.175s] Level 1:colcon.colcon_core.package_identification:_identify(.) by extension 'ros'
[3.256s] Level 1:colcon.colcon_core.package_identification:_identify(.) by extensions ['cmake', 'python']
[3.256s] Level 1:colcon.colcon_core.package_identification:_identify(.) by extension 'cmake'
[3.256s] Level 1:colcon.colcon_core.package_identification:_identify(.) by extension 'python'
[3.256s] Level 1:colcon.colcon_core.package_identification:_identify(.) by extensions ['python_setup_py']
[3.256s] Level 1:colcon.colcon_core.package_identification:_identify(.) by extension 'python_setup_py'
[3.256s] Level 1:colcon.colcon_core.package_identification:_identify(build) by extensions ['ignore', 'ignore_ament_install']
[3.256s] Level 1:colcon.colcon_core.package_identification:_identify(build) by extension 'ignore'
[3.256s] Level 1:colcon.colcon_core.package_identification:_identify(build) ignored
[3.257s] Level 1:colcon.colcon_core.package_identification:_identify(install) by extensions ['ignore', 'ignore_ament_install']
[3.257s] Level 1:colcon.colcon_core.package_identification:_identify(install) by extension 'ignore'
[3.257s] Level 1:colcon.colcon_core.package_identification:_identify(install) ignored
[3.257s] Level 1:colcon.colcon_core.package_identification:_identify(log) by extensions ['ignore', 'ignore_ament_install']
[3.257s] Level 1:colcon.colcon_core.package_identification:_identify(log) by extension 'ignore'
[3.257s] Level 1:colcon.colcon_core.package_identification:_identify(log) ignored
[3.257s] Level 1:colcon.colcon_core.package_identification:_identify(src) by extensions ['ignore', 'ignore_ament_install']
[3.257s] Level 1:colcon.colcon_core.package_identification:_identify(src) by extension 'ignore'
[3.258s] Level 1:colcon.colcon_core.package_identification:_identify(src) by extension 'ignore_ament_install'
[3.258s] Level 1:colcon.colcon_core.package_identification:_identify(src) by extensions ['colcon_pkg']
[3.258s] Level 1:colcon.colcon_core.package_identification:_identify(src) by extension 'colcon_pkg'
[3.258s] Level 1:colcon.colcon_core.package_identification:_identify(src) by extensions ['colcon_meta']
[3.258s] Level 1:colcon.colcon_core.package_identification:_identify(src) by extension 'colcon_meta'
[3.258s] Level 1:colcon.colcon_core.package_identification:_identify(src) by extensions ['ros']
[3.258s] Level 1:colcon.colcon_core.package_identification:_identify(src) by extension 'ros'
[3.258s] Level 1:colcon.colcon_core.package_identification:_identify(src) by extensions ['cmake', 'python']
[3.258s] Level 1:colcon.colcon_core.package_identification:_identify(src) by extension 'cmake'
[3.258s] Level 1:colcon.colcon_core.package_identification:_identify(src) by extension 'python'
[3.258s] Level 1:colcon.colcon_core.package_identification:_identify(src) by extensions ['python_setup_py']
[3.258s] Level 1:colcon.colcon_core.package_identification:_identify(src) by extension 'python_setup_py'
[3.258s] Level 1:colcon.colcon_core.package_discovery:discover_packages(recursive) using defaults
[3.258s] Level 1:colcon.colcon_core.package_discovery:discover_packages(ignore) discover
[3.258s] Level 1:colcon.colcon_core.package_discovery:discover_packages(ignore) using defaults
[3.258s] Level 1:colcon.colcon_core.package_discovery:discover_packages(path) discover
[3.259s] Level 1:colcon.colcon_core.package_discovery:discover_packages(path) using defaults
[3.646s] Level 1:colcon.colcon_core.package_discovery:discover_packages(prefix_path) check parameters
[3.646s] Level 1:colcon.colcon_core.package_discovery:discover_packages(prefix_path) discover
[3.657s] Level 1:colcon.colcon_core.package_discovery:discover_packages(prefix_path) using defaults
[3.665s] INFO:colcon.colcon_core.executor:Executing jobs using 'parallel' executor
[3.675s] DEBUG:colcon.colcon_parallel_executor.executor.parallel:run_until_complete
[3.675s] DEBUG:colcon.colcon_parallel_executor.executor.parallel:closing loop
[3.676s] DEBUG:colcon.colcon_parallel_executor.executor.parallel:loop closed
[3.676s] DEBUG:colcon.colcon_parallel_executor.executor.parallel:run_until_complete finished with '0'
[3.676s] DEBUG:colcon.colcon_core.event_reactor:joining thread
[3.693s] INFO:colcon.colcon_core.plugin_system:Skipping extension 'colcon_notification.desktop_notification.terminal_notifier': Not used on non-Darwin systems
[3.693s] INFO:colcon.colcon_core.plugin_system:Skipping extension 'colcon_notification.desktop_notification.win32': Not used on non-Windows systems
[3.693s] INFO:colcon.colcon_notification.desktop_notification:Sending desktop notification using 'notify2'
[3.726s] DEBUG:colcon.colcon_core.event_reactor:joined thread
[3.801s] INFO:colcon.colcon_core.plugin_system:Skipping extension 'colcon_core.shell.bat': Not used on non-Windows systems
[3.801s] INFO:colcon.colcon_core.shell:Creating prefix script '/home/sophia/workspace/about_ros/code/about_ros2/first_ros/install/local_setup.ps1'
[3.808s] INFO:colcon.colcon_core.shell:Creating prefix util module '/home/sophia/workspace/about_ros/code/about_ros2/first_ros/install/_local_setup_util_ps1.py'
[3.835s] INFO:colcon.colcon_core.shell:Creating prefix chain script '/home/sophia/workspace/about_ros/code/about_ros2/first_ros/install/setup.ps1'
[3.839s] INFO:colcon.colcon_core.shell:Creating prefix script '/home/sophia/workspace/about_ros/code/about_ros2/first_ros/install/local_setup.sh'
[3.841s] INFO:colcon.colcon_core.shell:Creating prefix util module '/home/sophia/workspace/about_ros/code/about_ros2/first_ros/install/_local_setup_util_sh.py'
[3.843s] INFO:colcon.colcon_core.shell:Creating prefix chain script '/home/sophia/workspace/about_ros/code/about_ros2/first_ros/install/setup.sh'
[3.845s] INFO:colcon.colcon_core.shell:Creating prefix script '/home/sophia/workspace/about_ros/code/about_ros2/first_ros/install/local_setup.bash'
[3.848s] INFO:colcon.colcon_core.shell:Creating prefix chain script '/home/sophia/workspace/about_ros/code/about_ros2/first_ros/install/setup.bash'
[3.851s] INFO:colcon.colcon_core.shell:Creating prefix script '/home/sophia/workspace/about_ros/code/about_ros2/first_ros/install/local_setup.zsh'
[3.852s] INFO:colcon.colcon_core.shell:Creating prefix chain script '/home/sophia/workspace/about_ros/code/about_ros2/first_ros/install/setup.zsh'
