[0.249s] DEBUG:colcon:Command line arguments: ['/usr/bin/colcon', 'build', '--packages-select', 'cpp07_exercise']
[0.249s] DEBUG:colcon:Parsed command line arguments: Namespace(log_base=None, log_level=None, verb_name='build', build_base='build', install_base='install', merge_install=False, symlink_install=False, test_result_base=None, continue_on_error=False, executor='parallel', parallel_workers=8, event_handlers=None, ignore_user_meta=False, metas=['./colcon.meta'], base_paths=['.'], packages_ignore=None, packages_ignore_regex=None, paths=None, packages_up_to=None, packages_up_to_regex=None, packages_above=None, packages_above_and_dependencies=None, packages_above_depth=None, packages_select_by_dep=None, packages_skip_by_dep=None, packages_skip_up_to=None, packages_select_build_failed=False, packages_skip_build_finished=False, packages_select_test_failures=False, packages_skip_test_passed=False, packages_select=['cpp07_exercise'], packages_skip=None, packages_select_regex=None, packages_skip_regex=None, packages_start=None, packages_end=None, allow_overriding=[], cmake_args=None, cmake_target=None, cmake_target_skip_unavailable=False, cmake_clean_cache=False, cmake_clean_first=False, cmake_force_configure=False, ament_cmake_args=None, catkin_cmake_args=None, catkin_skip_building_tests=False, verb_parser=<colcon_defaults.argument_parser.defaults.DefaultArgumentsDecorator object at 0x7f02dc646650>, verb_extension=<colcon_core.verb.build.BuildVerb object at 0x7f02dc794190>, main=<bound method BuildVerb.main of <colcon_core.verb.build.BuildVerb object at 0x7f02dc794190>>)
[0.279s] Level 1:colcon.colcon_core.package_discovery:discover_packages(colcon_meta) check parameters
[0.279s] Level 1:colcon.colcon_core.package_discovery:discover_packages(recursive) check parameters
[0.279s] Level 1:colcon.colcon_core.package_discovery:discover_packages(ignore) check parameters
[0.279s] Level 1:colcon.colcon_core.package_discovery:discover_packages(path) check parameters
[0.279s] Level 1:colcon.colcon_core.package_discovery:discover_packages(colcon_meta) discover
[0.280s] Level 1:colcon.colcon_core.package_discovery:discover_packages(recursive) discover
[0.280s] INFO:colcon.colcon_core.package_discovery:Crawling recursively for packages in '/home/sophia/workspace/about_ros/code/about_ros2/exercise_ros'
[0.280s] Level 1:colcon.colcon_core.package_identification:_identify(.) by extensions ['ignore', 'ignore_ament_install']
[0.280s] Level 1:colcon.colcon_core.package_identification:_identify(.) by extension 'ignore'
[0.280s] Level 1:colcon.colcon_core.package_identification:_identify(.) by extension 'ignore_ament_install'
[0.280s] Level 1:colcon.colcon_core.package_identification:_identify(.) by extensions ['colcon_pkg']
[0.280s] Level 1:colcon.colcon_core.package_identification:_identify(.) by extension 'colcon_pkg'
[0.280s] Level 1:colcon.colcon_core.package_identification:_identify(.) by extensions ['colcon_meta']
[0.280s] Level 1:colcon.colcon_core.package_identification:_identify(.) by extension 'colcon_meta'
[0.280s] Level 1:colcon.colcon_core.package_identification:_identify(.) by extensions ['ros']
[0.280s] Level 1:colcon.colcon_core.package_identification:_identify(.) by extension 'ros'
[0.295s] Level 1:colcon.colcon_core.package_identification:_identify(.) by extensions ['cmake', 'python']
[0.296s] Level 1:colcon.colcon_core.package_identification:_identify(.) by extension 'cmake'
[0.296s] Level 1:colcon.colcon_core.package_identification:_identify(.) by extension 'python'
[0.296s] Level 1:colcon.colcon_core.package_identification:_identify(.) by extensions ['python_setup_py']
[0.296s] Level 1:colcon.colcon_core.package_identification:_identify(.) by extension 'python_setup_py'
[0.296s] Level 1:colcon.colcon_core.package_identification:_identify(build) by extensions ['ignore', 'ignore_ament_install']
[0.296s] Level 1:colcon.colcon_core.package_identification:_identify(build) by extension 'ignore'
[0.296s] Level 1:colcon.colcon_core.package_identification:_identify(build) ignored
[0.296s] Level 1:colcon.colcon_core.package_identification:_identify(install) by extensions ['ignore', 'ignore_ament_install']
[0.296s] Level 1:colcon.colcon_core.package_identification:_identify(install) by extension 'ignore'
[0.296s] Level 1:colcon.colcon_core.package_identification:_identify(install) ignored
[0.297s] Level 1:colcon.colcon_core.package_identification:_identify(log) by extensions ['ignore', 'ignore_ament_install']
[0.297s] Level 1:colcon.colcon_core.package_identification:_identify(log) by extension 'ignore'
[0.297s] Level 1:colcon.colcon_core.package_identification:_identify(log) ignored
[0.297s] Level 1:colcon.colcon_core.package_identification:_identify(src) by extensions ['ignore', 'ignore_ament_install']
[0.297s] Level 1:colcon.colcon_core.package_identification:_identify(src) by extension 'ignore'
[0.297s] Level 1:colcon.colcon_core.package_identification:_identify(src) by extension 'ignore_ament_install'
[0.297s] Level 1:colcon.colcon_core.package_identification:_identify(src) by extensions ['colcon_pkg']
[0.297s] Level 1:colcon.colcon_core.package_identification:_identify(src) by extension 'colcon_pkg'
[0.297s] Level 1:colcon.colcon_core.package_identification:_identify(src) by extensions ['colcon_meta']
[0.297s] Level 1:colcon.colcon_core.package_identification:_identify(src) by extension 'colcon_meta'
[0.297s] Level 1:colcon.colcon_core.package_identification:_identify(src) by extensions ['ros']
[0.297s] Level 1:colcon.colcon_core.package_identification:_identify(src) by extension 'ros'
[0.297s] Level 1:colcon.colcon_core.package_identification:_identify(src) by extensions ['cmake', 'python']
[0.297s] Level 1:colcon.colcon_core.package_identification:_identify(src) by extension 'cmake'
[0.297s] Level 1:colcon.colcon_core.package_identification:_identify(src) by extension 'python'
[0.297s] Level 1:colcon.colcon_core.package_identification:_identify(src) by extensions ['python_setup_py']
[0.297s] Level 1:colcon.colcon_core.package_identification:_identify(src) by extension 'python_setup_py'
[0.297s] Level 1:colcon.colcon_core.package_identification:_identify(src/base_interfaces_demo) by extensions ['ignore', 'ignore_ament_install']
[0.297s] Level 1:colcon.colcon_core.package_identification:_identify(src/base_interfaces_demo) by extension 'ignore'
[0.297s] Level 1:colcon.colcon_core.package_identification:_identify(src/base_interfaces_demo) by extension 'ignore_ament_install'
[0.298s] Level 1:colcon.colcon_core.package_identification:_identify(src/base_interfaces_demo) by extensions ['colcon_pkg']
[0.298s] Level 1:colcon.colcon_core.package_identification:_identify(src/base_interfaces_demo) by extension 'colcon_pkg'
[0.298s] Level 1:colcon.colcon_core.package_identification:_identify(src/base_interfaces_demo) by extensions ['colcon_meta']
[0.298s] Level 1:colcon.colcon_core.package_identification:_identify(src/base_interfaces_demo) by extension 'colcon_meta'
[0.298s] Level 1:colcon.colcon_core.package_identification:_identify(src/base_interfaces_demo) by extensions ['ros']
[0.298s] Level 1:colcon.colcon_core.package_identification:_identify(src/base_interfaces_demo) by extension 'ros'
[0.300s] DEBUG:colcon.colcon_core.package_identification:Package 'src/base_interfaces_demo' with type 'ros.ament_cmake' and name 'base_interfaces_demo'
[0.300s] Level 1:colcon.colcon_core.package_identification:_identify(src/cpp07_exercise) by extensions ['ignore', 'ignore_ament_install']
[0.300s] Level 1:colcon.colcon_core.package_identification:_identify(src/cpp07_exercise) by extension 'ignore'
[0.300s] Level 1:colcon.colcon_core.package_identification:_identify(src/cpp07_exercise) by extension 'ignore_ament_install'
[0.300s] Level 1:colcon.colcon_core.package_identification:_identify(src/cpp07_exercise) by extensions ['colcon_pkg']
[0.300s] Level 1:colcon.colcon_core.package_identification:_identify(src/cpp07_exercise) by extension 'colcon_pkg'
[0.300s] Level 1:colcon.colcon_core.package_identification:_identify(src/cpp07_exercise) by extensions ['colcon_meta']
[0.300s] Level 1:colcon.colcon_core.package_identification:_identify(src/cpp07_exercise) by extension 'colcon_meta'
[0.300s] Level 1:colcon.colcon_core.package_identification:_identify(src/cpp07_exercise) by extensions ['ros']
[0.300s] Level 1:colcon.colcon_core.package_identification:_identify(src/cpp07_exercise) by extension 'ros'
[0.301s] DEBUG:colcon.colcon_core.package_identification:Package 'src/cpp07_exercise' with type 'ros.ament_cmake' and name 'cpp07_exercise'
[0.301s] Level 1:colcon.colcon_core.package_discovery:discover_packages(recursive) using defaults
[0.301s] Level 1:colcon.colcon_core.package_discovery:discover_packages(ignore) discover
[0.301s] Level 1:colcon.colcon_core.package_discovery:discover_packages(ignore) using defaults
[0.301s] Level 1:colcon.colcon_core.package_discovery:discover_packages(path) discover
[0.301s] Level 1:colcon.colcon_core.package_discovery:discover_packages(path) using defaults
[0.324s] INFO:colcon.colcon_core.package_selection:Skipping not selected package 'base_interfaces_demo' in 'src/base_interfaces_demo'
[0.325s] Level 1:colcon.colcon_core.package_discovery:discover_packages(prefix_path) check parameters
[0.325s] Level 1:colcon.colcon_core.package_discovery:discover_packages(prefix_path) discover
[0.327s] DEBUG:colcon.colcon_installed_package_information.package_discovery:Found 2 installed packages in /home/sophia/workspace/about_ros/code/about_ros2/exercise_ros/install
[0.328s] DEBUG:colcon.colcon_installed_package_information.package_discovery:Found 1 installed packages in /home/sophia/workspace/about_ros/code/about_ros2/param_ros/install
[0.329s] DEBUG:colcon.colcon_installed_package_information.package_discovery:Found 2 installed packages in /home/sophia/workspace/about_ros/code/about_ros2/action_ros/install
[0.330s] DEBUG:colcon.colcon_installed_package_information.package_discovery:Found 3 installed packages in /home/sophia/workspace/about_ros/code/about_ros2/server_ros/install
[0.331s] DEBUG:colcon.colcon_installed_package_information.package_discovery:Found 3 installed packages in /home/sophia/workspace/about_ros/code/about_ros2/topic_ros/install
[0.332s] DEBUG:colcon.colcon_installed_package_information.package_discovery:Found 1 installed packages in /home/sophia/workspace/about_ros/code/about_ros2/first_ros/install
[0.333s] DEBUG:colcon.colcon_installed_package_information.package_discovery:Found 270 installed packages in /opt/ros/humble
[0.334s] Level 1:colcon.colcon_core.package_discovery:discover_packages(prefix_path) using defaults
[0.384s] Level 5:colcon.colcon_core.verb:set package 'cpp07_exercise' build argument 'cmake_args' from command line to 'None'
[0.384s] Level 5:colcon.colcon_core.verb:set package 'cpp07_exercise' build argument 'cmake_target' from command line to 'None'
[0.384s] Level 5:colcon.colcon_core.verb:set package 'cpp07_exercise' build argument 'cmake_target_skip_unavailable' from command line to 'False'
[0.384s] Level 5:colcon.colcon_core.verb:set package 'cpp07_exercise' build argument 'cmake_clean_cache' from command line to 'False'
[0.384s] Level 5:colcon.colcon_core.verb:set package 'cpp07_exercise' build argument 'cmake_clean_first' from command line to 'False'
[0.384s] Level 5:colcon.colcon_core.verb:set package 'cpp07_exercise' build argument 'cmake_force_configure' from command line to 'False'
[0.384s] Level 5:colcon.colcon_core.verb:set package 'cpp07_exercise' build argument 'ament_cmake_args' from command line to 'None'
[0.384s] Level 5:colcon.colcon_core.verb:set package 'cpp07_exercise' build argument 'catkin_cmake_args' from command line to 'None'
[0.384s] Level 5:colcon.colcon_core.verb:set package 'cpp07_exercise' build argument 'catkin_skip_building_tests' from command line to 'False'
[0.384s] DEBUG:colcon.colcon_core.verb:Building package 'cpp07_exercise' with the following arguments: {'ament_cmake_args': None, 'build_base': '/home/sophia/workspace/about_ros/code/about_ros2/exercise_ros/build/cpp07_exercise', 'catkin_cmake_args': None, 'catkin_skip_building_tests': False, 'cmake_args': None, 'cmake_clean_cache': False, 'cmake_clean_first': False, 'cmake_force_configure': False, 'cmake_target': None, 'cmake_target_skip_unavailable': False, 'install_base': '/home/sophia/workspace/about_ros/code/about_ros2/exercise_ros/install/cpp07_exercise', 'merge_install': False, 'path': '/home/sophia/workspace/about_ros/code/about_ros2/exercise_ros/src/cpp07_exercise', 'symlink_install': False, 'test_result_base': None}
[0.385s] INFO:colcon.colcon_core.executor:Executing jobs using 'parallel' executor
[0.387s] DEBUG:colcon.colcon_parallel_executor.executor.parallel:run_until_complete
[0.387s] INFO:colcon.colcon_ros.task.ament_cmake.build:Building ROS package in '/home/sophia/workspace/about_ros/code/about_ros2/exercise_ros/src/cpp07_exercise' with build type 'ament_cmake'
[0.387s] INFO:colcon.colcon_cmake.task.cmake.build:Building CMake package in '/home/sophia/workspace/about_ros/code/about_ros2/exercise_ros/src/cpp07_exercise'
[0.391s] INFO:colcon.colcon_core.plugin_system:Skipping extension 'colcon_core.shell.bat': Not used on non-Windows systems
[0.391s] INFO:colcon.colcon_core.shell:Skip shell extension 'powershell' for command environment: Not usable outside of PowerShell
[0.391s] DEBUG:colcon.colcon_core.shell:Skip shell extension 'dsv' for command environment
[0.408s] DEBUG:colcon.colcon_core.event_handler.log_command:Invoking command in '/home/sophia/workspace/about_ros/code/about_ros2/exercise_ros/build/cpp07_exercise': CMAKE_PREFIX_PATH=/home/sophia/workspace/about_ros/code/about_ros2/exercise_ros/install/base_interfaces_demo:/home/sophia/workspace/about_ros/code/about_ros2/exercise_ros/install/cpp07_exercise:/home/sophia/workspace/about_ros/code/about_ros2/param_ros/install/cpp04_param:/home/sophia/workspace/about_ros/code/about_ros2/action_ros/install/cpp03_action:/home/sophia/workspace/about_ros/code/about_ros2/action_ros/install/base_interfaces_demo:/home/sophia/workspace/about_ros/code/about_ros2/server_ros/install/first_hello_test:/home/sophia/workspace/about_ros/code/about_ros2/server_ros/install/cpp02_server:/home/sophia/workspace/about_ros/code/about_ros2/server_ros/install/base_interfaces_demo:/home/sophia/workspace/about_ros/code/about_ros2/topic_ros/install/topic_test_cpp:/home/sophia/workspace/about_ros/code/about_ros2/topic_ros/install/cpp01_topic:/home/sophia/workspace/about_ros/code/about_ros2/topic_ros/install/base_interface_demo:/home/sophia/workspace/about_ros/code/about_ros2/first_ros/install/first_helloworld_cpp:/opt/ros/humble /usr/bin/cmake --build /home/sophia/workspace/about_ros/code/about_ros2/exercise_ros/build/cpp07_exercise -- -j8 -l8
[4.321s] DEBUG:colcon.colcon_core.event_handler.log_command:Invoked command in '/home/sophia/workspace/about_ros/code/about_ros2/exercise_ros/build/cpp07_exercise' returned '0': CMAKE_PREFIX_PATH=/home/sophia/workspace/about_ros/code/about_ros2/exercise_ros/install/base_interfaces_demo:/home/sophia/workspace/about_ros/code/about_ros2/exercise_ros/install/cpp07_exercise:/home/sophia/workspace/about_ros/code/about_ros2/param_ros/install/cpp04_param:/home/sophia/workspace/about_ros/code/about_ros2/action_ros/install/cpp03_action:/home/sophia/workspace/about_ros/code/about_ros2/action_ros/install/base_interfaces_demo:/home/sophia/workspace/about_ros/code/about_ros2/server_ros/install/first_hello_test:/home/sophia/workspace/about_ros/code/about_ros2/server_ros/install/cpp02_server:/home/sophia/workspace/about_ros/code/about_ros2/server_ros/install/base_interfaces_demo:/home/sophia/workspace/about_ros/code/about_ros2/topic_ros/install/topic_test_cpp:/home/sophia/workspace/about_ros/code/about_ros2/topic_ros/install/cpp01_topic:/home/sophia/workspace/about_ros/code/about_ros2/topic_ros/install/base_interface_demo:/home/sophia/workspace/about_ros/code/about_ros2/first_ros/install/first_helloworld_cpp:/opt/ros/humble /usr/bin/cmake --build /home/sophia/workspace/about_ros/code/about_ros2/exercise_ros/build/cpp07_exercise -- -j8 -l8
[4.371s] DEBUG:colcon.colcon_core.event_handler.log_command:Invoking command in '/home/sophia/workspace/about_ros/code/about_ros2/exercise_ros/build/cpp07_exercise': CMAKE_PREFIX_PATH=/home/sophia/workspace/about_ros/code/about_ros2/exercise_ros/install/base_interfaces_demo:/home/sophia/workspace/about_ros/code/about_ros2/exercise_ros/install/cpp07_exercise:/home/sophia/workspace/about_ros/code/about_ros2/param_ros/install/cpp04_param:/home/sophia/workspace/about_ros/code/about_ros2/action_ros/install/cpp03_action:/home/sophia/workspace/about_ros/code/about_ros2/action_ros/install/base_interfaces_demo:/home/sophia/workspace/about_ros/code/about_ros2/server_ros/install/first_hello_test:/home/sophia/workspace/about_ros/code/about_ros2/server_ros/install/cpp02_server:/home/sophia/workspace/about_ros/code/about_ros2/server_ros/install/base_interfaces_demo:/home/sophia/workspace/about_ros/code/about_ros2/topic_ros/install/topic_test_cpp:/home/sophia/workspace/about_ros/code/about_ros2/topic_ros/install/cpp01_topic:/home/sophia/workspace/about_ros/code/about_ros2/topic_ros/install/base_interface_demo:/home/sophia/workspace/about_ros/code/about_ros2/first_ros/install/first_helloworld_cpp:/opt/ros/humble /usr/bin/cmake --install /home/sophia/workspace/about_ros/code/about_ros2/exercise_ros/build/cpp07_exercise
[4.384s] Level 1:colcon.colcon_core.environment:create_environment_scripts_only(cpp07_exercise)
[4.385s] DEBUG:colcon.colcon_core.event_handler.log_command:Invoked command in '/home/sophia/workspace/about_ros/code/about_ros2/exercise_ros/build/cpp07_exercise' returned '0': CMAKE_PREFIX_PATH=/home/sophia/workspace/about_ros/code/about_ros2/exercise_ros/install/base_interfaces_demo:/home/sophia/workspace/about_ros/code/about_ros2/exercise_ros/install/cpp07_exercise:/home/sophia/workspace/about_ros/code/about_ros2/param_ros/install/cpp04_param:/home/sophia/workspace/about_ros/code/about_ros2/action_ros/install/cpp03_action:/home/sophia/workspace/about_ros/code/about_ros2/action_ros/install/base_interfaces_demo:/home/sophia/workspace/about_ros/code/about_ros2/server_ros/install/first_hello_test:/home/sophia/workspace/about_ros/code/about_ros2/server_ros/install/cpp02_server:/home/sophia/workspace/about_ros/code/about_ros2/server_ros/install/base_interfaces_demo:/home/sophia/workspace/about_ros/code/about_ros2/topic_ros/install/topic_test_cpp:/home/sophia/workspace/about_ros/code/about_ros2/topic_ros/install/cpp01_topic:/home/sophia/workspace/about_ros/code/about_ros2/topic_ros/install/base_interface_demo:/home/sophia/workspace/about_ros/code/about_ros2/first_ros/install/first_helloworld_cpp:/opt/ros/humble /usr/bin/cmake --install /home/sophia/workspace/about_ros/code/about_ros2/exercise_ros/build/cpp07_exercise
[4.388s] Level 1:colcon.colcon_core.environment:checking '/home/sophia/workspace/about_ros/code/about_ros2/exercise_ros/install/cpp07_exercise' for CMake module files
[4.389s] Level 1:colcon.colcon_core.environment:checking '/home/sophia/workspace/about_ros/code/about_ros2/exercise_ros/install/cpp07_exercise' for CMake config files
[4.389s] Level 1:colcon.colcon_core.shell:create_environment_hook('cpp07_exercise', 'cmake_prefix_path')
[4.391s] INFO:colcon.colcon_core.shell:Creating environment hook '/home/sophia/workspace/about_ros/code/about_ros2/exercise_ros/install/cpp07_exercise/share/cpp07_exercise/hook/cmake_prefix_path.ps1'
[4.392s] INFO:colcon.colcon_core.shell:Creating environment descriptor '/home/sophia/workspace/about_ros/code/about_ros2/exercise_ros/install/cpp07_exercise/share/cpp07_exercise/hook/cmake_prefix_path.dsv'
[4.393s] INFO:colcon.colcon_core.shell:Creating environment hook '/home/sophia/workspace/about_ros/code/about_ros2/exercise_ros/install/cpp07_exercise/share/cpp07_exercise/hook/cmake_prefix_path.sh'
[4.394s] Level 1:colcon.colcon_core.environment:checking '/home/sophia/workspace/about_ros/code/about_ros2/exercise_ros/install/cpp07_exercise/lib'
[4.394s] Level 1:colcon.colcon_core.environment:checking '/home/sophia/workspace/about_ros/code/about_ros2/exercise_ros/install/cpp07_exercise/bin'
[4.394s] Level 1:colcon.colcon_core.environment:checking '/home/sophia/workspace/about_ros/code/about_ros2/exercise_ros/install/cpp07_exercise/lib/pkgconfig/cpp07_exercise.pc'
[4.394s] Level 1:colcon.colcon_core.environment:checking '/home/sophia/workspace/about_ros/code/about_ros2/exercise_ros/install/cpp07_exercise/lib/python3.10/site-packages'
[4.395s] Level 1:colcon.colcon_core.environment:checking '/home/sophia/workspace/about_ros/code/about_ros2/exercise_ros/install/cpp07_exercise/bin'
[4.397s] INFO:colcon.colcon_core.shell:Creating package script '/home/sophia/workspace/about_ros/code/about_ros2/exercise_ros/install/cpp07_exercise/share/cpp07_exercise/package.ps1'
[4.397s] INFO:colcon.colcon_core.shell:Creating package descriptor '/home/sophia/workspace/about_ros/code/about_ros2/exercise_ros/install/cpp07_exercise/share/cpp07_exercise/package.dsv'
[4.398s] INFO:colcon.colcon_core.shell:Creating package script '/home/sophia/workspace/about_ros/code/about_ros2/exercise_ros/install/cpp07_exercise/share/cpp07_exercise/package.sh'
[4.398s] INFO:colcon.colcon_core.shell:Creating package script '/home/sophia/workspace/about_ros/code/about_ros2/exercise_ros/install/cpp07_exercise/share/cpp07_exercise/package.bash'
[4.399s] INFO:colcon.colcon_core.shell:Creating package script '/home/sophia/workspace/about_ros/code/about_ros2/exercise_ros/install/cpp07_exercise/share/cpp07_exercise/package.zsh'
[4.399s] Level 1:colcon.colcon_core.environment:create_file_with_runtime_dependencies(/home/sophia/workspace/about_ros/code/about_ros2/exercise_ros/install/cpp07_exercise/share/colcon-core/packages/cpp07_exercise)
[4.443s] Level 1:colcon.colcon_core.environment:create_environment_scripts_only(cpp07_exercise)
[4.444s] Level 1:colcon.colcon_core.environment:checking '/home/sophia/workspace/about_ros/code/about_ros2/exercise_ros/install/cpp07_exercise' for CMake module files
[4.445s] Level 1:colcon.colcon_core.environment:checking '/home/sophia/workspace/about_ros/code/about_ros2/exercise_ros/install/cpp07_exercise' for CMake config files
[4.445s] Level 1:colcon.colcon_core.shell:create_environment_hook('cpp07_exercise', 'cmake_prefix_path')
[4.446s] INFO:colcon.colcon_core.shell:Creating environment hook '/home/sophia/workspace/about_ros/code/about_ros2/exercise_ros/install/cpp07_exercise/share/cpp07_exercise/hook/cmake_prefix_path.ps1'
[4.446s] INFO:colcon.colcon_core.shell:Creating environment descriptor '/home/sophia/workspace/about_ros/code/about_ros2/exercise_ros/install/cpp07_exercise/share/cpp07_exercise/hook/cmake_prefix_path.dsv'
[4.447s] INFO:colcon.colcon_core.shell:Creating environment hook '/home/sophia/workspace/about_ros/code/about_ros2/exercise_ros/install/cpp07_exercise/share/cpp07_exercise/hook/cmake_prefix_path.sh'
[4.447s] Level 1:colcon.colcon_core.environment:checking '/home/sophia/workspace/about_ros/code/about_ros2/exercise_ros/install/cpp07_exercise/lib'
[4.447s] Level 1:colcon.colcon_core.environment:checking '/home/sophia/workspace/about_ros/code/about_ros2/exercise_ros/install/cpp07_exercise/bin'
[4.447s] Level 1:colcon.colcon_core.environment:checking '/home/sophia/workspace/about_ros/code/about_ros2/exercise_ros/install/cpp07_exercise/lib/pkgconfig/cpp07_exercise.pc'
[4.447s] Level 1:colcon.colcon_core.environment:checking '/home/sophia/workspace/about_ros/code/about_ros2/exercise_ros/install/cpp07_exercise/lib/python3.10/site-packages'
[4.448s] Level 1:colcon.colcon_core.environment:checking '/home/sophia/workspace/about_ros/code/about_ros2/exercise_ros/install/cpp07_exercise/bin'
[4.449s] INFO:colcon.colcon_core.shell:Creating package script '/home/sophia/workspace/about_ros/code/about_ros2/exercise_ros/install/cpp07_exercise/share/cpp07_exercise/package.ps1'
[4.449s] INFO:colcon.colcon_core.shell:Creating package descriptor '/home/sophia/workspace/about_ros/code/about_ros2/exercise_ros/install/cpp07_exercise/share/cpp07_exercise/package.dsv'
[4.450s] INFO:colcon.colcon_core.shell:Creating package script '/home/sophia/workspace/about_ros/code/about_ros2/exercise_ros/install/cpp07_exercise/share/cpp07_exercise/package.sh'
[4.450s] INFO:colcon.colcon_core.shell:Creating package script '/home/sophia/workspace/about_ros/code/about_ros2/exercise_ros/install/cpp07_exercise/share/cpp07_exercise/package.bash'
[4.451s] INFO:colcon.colcon_core.shell:Creating package script '/home/sophia/workspace/about_ros/code/about_ros2/exercise_ros/install/cpp07_exercise/share/cpp07_exercise/package.zsh'
[4.451s] Level 1:colcon.colcon_core.environment:create_file_with_runtime_dependencies(/home/sophia/workspace/about_ros/code/about_ros2/exercise_ros/install/cpp07_exercise/share/colcon-core/packages/cpp07_exercise)
[4.451s] DEBUG:colcon.colcon_parallel_executor.executor.parallel:closing loop
[4.451s] DEBUG:colcon.colcon_parallel_executor.executor.parallel:loop closed
[4.451s] DEBUG:colcon.colcon_parallel_executor.executor.parallel:run_until_complete finished with '0'
[4.452s] DEBUG:colcon.colcon_core.event_reactor:joining thread
[4.457s] INFO:colcon.colcon_core.plugin_system:Skipping extension 'colcon_notification.desktop_notification.terminal_notifier': Not used on non-Darwin systems
[4.457s] INFO:colcon.colcon_core.plugin_system:Skipping extension 'colcon_notification.desktop_notification.win32': Not used on non-Windows systems
[4.457s] INFO:colcon.colcon_notification.desktop_notification:Sending desktop notification using 'notify2'
[4.467s] DEBUG:colcon.colcon_core.event_reactor:joined thread
[4.469s] INFO:colcon.colcon_core.shell:Creating prefix script '/home/sophia/workspace/about_ros/code/about_ros2/exercise_ros/install/local_setup.ps1'
[4.470s] INFO:colcon.colcon_core.shell:Creating prefix util module '/home/sophia/workspace/about_ros/code/about_ros2/exercise_ros/install/_local_setup_util_ps1.py'
[4.472s] INFO:colcon.colcon_core.shell:Creating prefix chain script '/home/sophia/workspace/about_ros/code/about_ros2/exercise_ros/install/setup.ps1'
[4.474s] INFO:colcon.colcon_core.shell:Creating prefix script '/home/sophia/workspace/about_ros/code/about_ros2/exercise_ros/install/local_setup.sh'
[4.474s] INFO:colcon.colcon_core.shell:Creating prefix util module '/home/sophia/workspace/about_ros/code/about_ros2/exercise_ros/install/_local_setup_util_sh.py'
[4.475s] INFO:colcon.colcon_core.shell:Creating prefix chain script '/home/sophia/workspace/about_ros/code/about_ros2/exercise_ros/install/setup.sh'
[4.476s] INFO:colcon.colcon_core.shell:Creating prefix script '/home/sophia/workspace/about_ros/code/about_ros2/exercise_ros/install/local_setup.bash'
[4.477s] INFO:colcon.colcon_core.shell:Creating prefix chain script '/home/sophia/workspace/about_ros/code/about_ros2/exercise_ros/install/setup.bash'
[4.478s] INFO:colcon.colcon_core.shell:Creating prefix script '/home/sophia/workspace/about_ros/code/about_ros2/exercise_ros/install/local_setup.zsh'
[4.479s] INFO:colcon.colcon_core.shell:Creating prefix chain script '/home/sophia/workspace/about_ros/code/about_ros2/exercise_ros/install/setup.zsh'
