[0.046s] Invoking command in '/home/sophia/workspace/about_ros/code/about_ros2/ws_tools/build/cpp02_rosbag': CMAKE_PREFIX_PATH=${CMAKE_PREFIX_PATH}:/opt/ros/humble /bin/cmake /home/sophia/workspace/about_ros/code/about_ros2/ws_tools/src/cpp02_rosbag -DCMAKE_EXPORT_COMPILE_COMMANDS=ON -DCMAKE_INSTALL_PREFIX=/home/sophia/workspace/about_ros/code/about_ros2/ws_tools/install/cpp02_rosbag
[0.122s] -- Found ament_cmake: 1.3.5 (/opt/ros/humble/share/ament_cmake/cmake)
[0.270s] -- Found rclcpp: 16.0.5 (/opt/ros/humble/share/rclcpp/cmake)
[0.315s] -- Found rosidl_generator_c: 3.1.5 (/opt/ros/humble/share/rosidl_generator_c/cmake)
[0.320s] -- Found rosidl_adapter: 3.1.5 (/opt/ros/humble/share/rosidl_adapter/cmake)
[0.330s] -- Found rosidl_generator_cpp: 3.1.5 (/opt/ros/humble/share/rosidl_generator_cpp/cmake)
[0.348s] -- Using all available rosidl_typesupport_c: rosidl_typesupport_fastrtps_c;rosidl_typesupport_introspection_c
[0.376s] -- Using all available rosidl_typesupport_cpp: rosidl_typesupport_fastrtps_cpp;rosidl_typesupport_introspection_cpp
[0.442s] -- Found rmw_implementation_cmake: 6.1.1 (/opt/ros/humble/share/rmw_implementation_cmake/cmake)
[0.443s] -- Found rmw_fastrtps_cpp: 6.2.3 (/opt/ros/humble/share/rmw_fastrtps_cpp/cmake)
[0.555s] -- Using RMW implementation 'rmw_fastrtps_cpp' as default
[0.733s] -- Found rosbag2_cpp: 0.15.7 (/opt/ros/humble/share/rosbag2_cpp/cmake)
[0.845s] -- Found geometry_msgs: 4.2.3 (/opt/ros/humble/share/geometry_msgs/cmake)
[0.890s] -- Found ament_lint_auto: 0.12.7 (/opt/ros/humble/share/ament_lint_auto/cmake)
[0.978s] -- Added test 'cppcheck' to perform static code analysis on C / C++ code
[0.978s] -- Configured cppcheck include dirs: $<BUILD_INTERFACE:/home/sophia/workspace/about_ros/code/about_ros2/ws_tools/src/cpp02_rosbag/include>
[0.978s] -- Configured cppcheck exclude dirs and/or files: 
[0.979s] -- Added test 'lint_cmake' to check CMake code style
[0.980s] -- Added test 'uncrustify' to check C / C++ code style
[0.980s] -- Configured uncrustify additional arguments: 
[0.981s] -- Added test 'xmllint' to check XML markup files
[0.983s] -- Configuring done
[1.056s] -- Generating done
[1.058s] -- Build files have been written to: /home/sophia/workspace/about_ros/code/about_ros2/ws_tools/build/cpp02_rosbag
[1.069s] Invoked command in '/home/sophia/workspace/about_ros/code/about_ros2/ws_tools/build/cpp02_rosbag' returned '0': CMAKE_PREFIX_PATH=${CMAKE_PREFIX_PATH}:/opt/ros/humble /bin/cmake /home/sophia/workspace/about_ros/code/about_ros2/ws_tools/src/cpp02_rosbag -DCMAKE_EXPORT_COMPILE_COMMANDS=ON -DCMAKE_INSTALL_PREFIX=/home/sophia/workspace/about_ros/code/about_ros2/ws_tools/install/cpp02_rosbag
[1.072s] Invoking command in '/home/sophia/workspace/about_ros/code/about_ros2/ws_tools/build/cpp02_rosbag': CMAKE_PREFIX_PATH=${CMAKE_PREFIX_PATH}:/opt/ros/humble /bin/cmake --build /home/sophia/workspace/about_ros/code/about_ros2/ws_tools/build/cpp02_rosbag -- -j8 -l8
[1.128s] [35m[1mConsolidate compiler generated dependencies of target demo02_reader[0m
[1.135s] [35m[1mConsolidate compiler generated dependencies of target demo01_writer[0m
[1.153s] [ 50%] Built target demo02_reader
[1.154s] [100%] Built target demo01_writer
[1.167s] Invoked command in '/home/sophia/workspace/about_ros/code/about_ros2/ws_tools/build/cpp02_rosbag' returned '0': CMAKE_PREFIX_PATH=${CMAKE_PREFIX_PATH}:/opt/ros/humble /bin/cmake --build /home/sophia/workspace/about_ros/code/about_ros2/ws_tools/build/cpp02_rosbag -- -j8 -l8
[1.210s] Invoking command in '/home/sophia/workspace/about_ros/code/about_ros2/ws_tools/build/cpp02_rosbag': CMAKE_PREFIX_PATH=${CMAKE_PREFIX_PATH}:/opt/ros/humble /bin/cmake --install /home/sophia/workspace/about_ros/code/about_ros2/ws_tools/build/cpp02_rosbag
[1.219s] -- Install configuration: ""
[1.239s] -- Up-to-date: /home/sophia/workspace/about_ros/code/about_ros2/ws_tools/install/cpp02_rosbag/lib/cpp02_rosbag/demo01_writer
[1.258s] -- Up-to-date: /home/sophia/workspace/about_ros/code/about_ros2/ws_tools/install/cpp02_rosbag/lib/cpp02_rosbag/demo02_reader
[1.258s] -- Up-to-date: /home/sophia/workspace/about_ros/code/about_ros2/ws_tools/install/cpp02_rosbag/share/ament_index/resource_index/package_run_dependencies/cpp02_rosbag
[1.258s] -- Installing: /home/sophia/workspace/about_ros/code/about_ros2/ws_tools/install/cpp02_rosbag/share/ament_index/resource_index/parent_prefix_path/cpp02_rosbag
[1.258s] -- Up-to-date: /home/sophia/workspace/about_ros/code/about_ros2/ws_tools/install/cpp02_rosbag/share/cpp02_rosbag/environment/ament_prefix_path.sh
[1.259s] -- Installing: /home/sophia/workspace/about_ros/code/about_ros2/ws_tools/install/cpp02_rosbag/share/cpp02_rosbag/environment/ament_prefix_path.dsv
[1.259s] -- Up-to-date: /home/sophia/workspace/about_ros/code/about_ros2/ws_tools/install/cpp02_rosbag/share/cpp02_rosbag/environment/path.sh
[1.259s] -- Installing: /home/sophia/workspace/about_ros/code/about_ros2/ws_tools/install/cpp02_rosbag/share/cpp02_rosbag/environment/path.dsv
[1.260s] -- Up-to-date: /home/sophia/workspace/about_ros/code/about_ros2/ws_tools/install/cpp02_rosbag/share/cpp02_rosbag/local_setup.bash
[1.260s] -- Up-to-date: /home/sophia/workspace/about_ros/code/about_ros2/ws_tools/install/cpp02_rosbag/share/cpp02_rosbag/local_setup.sh
[1.260s] -- Up-to-date: /home/sophia/workspace/about_ros/code/about_ros2/ws_tools/install/cpp02_rosbag/share/cpp02_rosbag/local_setup.zsh
[1.260s] -- Installing: /home/sophia/workspace/about_ros/code/about_ros2/ws_tools/install/cpp02_rosbag/share/cpp02_rosbag/local_setup.dsv
[1.263s] -- Installing: /home/sophia/workspace/about_ros/code/about_ros2/ws_tools/install/cpp02_rosbag/share/cpp02_rosbag/package.dsv
[1.263s] -- Up-to-date: /home/sophia/workspace/about_ros/code/about_ros2/ws_tools/install/cpp02_rosbag/share/ament_index/resource_index/packages/cpp02_rosbag
[1.263s] -- Up-to-date: /home/sophia/workspace/about_ros/code/about_ros2/ws_tools/install/cpp02_rosbag/share/cpp02_rosbag/cmake/cpp02_rosbagConfig.cmake
[1.263s] -- Up-to-date: /home/sophia/workspace/about_ros/code/about_ros2/ws_tools/install/cpp02_rosbag/share/cpp02_rosbag/cmake/cpp02_rosbagConfig-version.cmake
[1.263s] -- Up-to-date: /home/sophia/workspace/about_ros/code/about_ros2/ws_tools/install/cpp02_rosbag/share/cpp02_rosbag/package.xml
[1.272s] Invoked command in '/home/sophia/workspace/about_ros/code/about_ros2/ws_tools/build/cpp02_rosbag' returned '0': CMAKE_PREFIX_PATH=${CMAKE_PREFIX_PATH}:/opt/ros/humble /bin/cmake --install /home/sophia/workspace/about_ros/code/about_ros2/ws_tools/build/cpp02_rosbag
