[35m[1mConsolidate compiler generated dependencies of target demo04_listener_stu[0m
[35m[1mConsolidate compiler generated dependencies of target demo03_talker_stu[0m
[35m[1mConsolidate compiler generated dependencies of target demo01_talker_str[0m
[35m[1mConsolidate compiler generated dependencies of target demo02_listener_str[0m
[ 25%] Built target demo03_talker_stu
[ 50%] [32mBuilding CXX object CMakeFiles/demo04_listener_stu.dir/src/demo04_listener_stu.cpp.o[0m
[ 62%] Built target demo02_listener_str
[ 87%] Built target demo01_talker_str
[100%] [32m[1mLinking CXX executable demo04_listener_stu[0m
[100%] Built target demo04_listener_stu
-- Install configuration: ""
-- Installing: /home/sophia/workspace/about_ros/code/about_ros2/topic_ros/install/cpp01_topic/lib/cpp01_topic/demo01_talker_str
-- Set runtime path of "/home/sophia/workspace/about_ros/code/about_ros2/topic_ros/install/cpp01_topic/lib/cpp01_topic/demo01_talker_str" to ""
-- Installing: /home/sophia/workspace/about_ros/code/about_ros2/topic_ros/install/cpp01_topic/lib/cpp01_topic/demo02_listener_str
-- Set runtime path of "/home/sophia/workspace/about_ros/code/about_ros2/topic_ros/install/cpp01_topic/lib/cpp01_topic/demo02_listener_str" to ""
-- Installing: /home/sophia/workspace/about_ros/code/about_ros2/topic_ros/install/cpp01_topic/lib/cpp01_topic/demo03_talker_stu
-- Set runtime path of "/home/sophia/workspace/about_ros/code/about_ros2/topic_ros/install/cpp01_topic/lib/cpp01_topic/demo03_talker_stu" to ""
-- Installing: /home/sophia/workspace/about_ros/code/about_ros2/topic_ros/install/cpp01_topic/lib/cpp01_topic/demo04_listener_stu
-- Set runtime path of "/home/sophia/workspace/about_ros/code/about_ros2/topic_ros/install/cpp01_topic/lib/cpp01_topic/demo04_listener_stu" to ""
-- Up-to-date: /home/sophia/workspace/about_ros/code/about_ros2/topic_ros/install/cpp01_topic/share/ament_index/resource_index/package_run_dependencies/cpp01_topic
-- Installing: /home/sophia/workspace/about_ros/code/about_ros2/topic_ros/install/cpp01_topic/share/ament_index/resource_index/parent_prefix_path/cpp01_topic
-- Up-to-date: /home/sophia/workspace/about_ros/code/about_ros2/topic_ros/install/cpp01_topic/share/cpp01_topic/environment/ament_prefix_path.sh
-- Installing: /home/sophia/workspace/about_ros/code/about_ros2/topic_ros/install/cpp01_topic/share/cpp01_topic/environment/ament_prefix_path.dsv
-- Up-to-date: /home/sophia/workspace/about_ros/code/about_ros2/topic_ros/install/cpp01_topic/share/cpp01_topic/environment/path.sh
-- Installing: /home/sophia/workspace/about_ros/code/about_ros2/topic_ros/install/cpp01_topic/share/cpp01_topic/environment/path.dsv
-- Up-to-date: /home/sophia/workspace/about_ros/code/about_ros2/topic_ros/install/cpp01_topic/share/cpp01_topic/local_setup.bash
-- Up-to-date: /home/sophia/workspace/about_ros/code/about_ros2/topic_ros/install/cpp01_topic/share/cpp01_topic/local_setup.sh
-- Up-to-date: /home/sophia/workspace/about_ros/code/about_ros2/topic_ros/install/cpp01_topic/share/cpp01_topic/local_setup.zsh
-- Installing: /home/sophia/workspace/about_ros/code/about_ros2/topic_ros/install/cpp01_topic/share/cpp01_topic/local_setup.dsv
-- Installing: /home/sophia/workspace/about_ros/code/about_ros2/topic_ros/install/cpp01_topic/share/cpp01_topic/package.dsv
-- Up-to-date: /home/sophia/workspace/about_ros/code/about_ros2/topic_ros/install/cpp01_topic/share/ament_index/resource_index/packages/cpp01_topic
-- Up-to-date: /home/sophia/workspace/about_ros/code/about_ros2/topic_ros/install/cpp01_topic/share/cpp01_topic/cmake/cpp01_topicConfig.cmake
-- Up-to-date: /home/sophia/workspace/about_ros/code/about_ros2/topic_ros/install/cpp01_topic/share/cpp01_topic/cmake/cpp01_topicConfig-version.cmake
-- Up-to-date: /home/sophia/workspace/about_ros/code/about_ros2/topic_ros/install/cpp01_topic/share/cpp01_topic/package.xml
