[2.813s] DEBUG:colcon:Command line arguments: ['/bin/colcon', 'build', '--packages-select', 'cpp05_exercise']
[2.813s] DEBUG:colcon:Parsed command line arguments: Namespace(log_base=None, log_level=None, verb_name='build', build_base='build', install_base='install', merge_install=False, symlink_install=False, test_result_base=None, continue_on_error=False, executor='parallel', parallel_workers=8, event_handlers=None, ignore_user_meta=False, metas=['./colcon.meta'], base_paths=['.'], packages_ignore=None, packages_ignore_regex=None, paths=None, packages_up_to=None, packages_up_to_regex=None, packages_above=None, packages_above_and_dependencies=None, packages_above_depth=None, packages_select_by_dep=None, packages_skip_by_dep=None, packages_skip_up_to=None, packages_select_build_failed=False, packages_skip_build_finished=False, packages_select_test_failures=False, packages_skip_test_passed=False, packages_select=['cpp05_exercise'], packages_skip=None, packages_select_regex=None, packages_skip_regex=None, packages_start=None, packages_end=None, allow_overriding=[], cmake_args=None, cmake_target=None, cmake_target_skip_unavailable=False, cmake_clean_cache=False, cmake_clean_first=False, cmake_force_configure=False, ament_cmake_args=None, catkin_cmake_args=None, catkin_skip_building_tests=False, verb_parser=<colcon_defaults.argument_parser.defaults.DefaultArgumentsDecorator object at 0x7f521a4469b0>, verb_extension=<colcon_core.verb.build.BuildVerb object at 0x7f521a590460>, main=<bound method BuildVerb.main of <colcon_core.verb.build.BuildVerb object at 0x7f521a590460>>)
[2.995s] Level 1:colcon.colcon_core.package_discovery:discover_packages(colcon_meta) check parameters
[2.995s] Level 1:colcon.colcon_core.package_discovery:discover_packages(recursive) check parameters
[2.995s] Level 1:colcon.colcon_core.package_discovery:discover_packages(ignore) check parameters
[2.995s] Level 1:colcon.colcon_core.package_discovery:discover_packages(path) check parameters
[2.995s] Level 1:colcon.colcon_core.package_discovery:discover_packages(colcon_meta) discover
[2.995s] Level 1:colcon.colcon_core.package_discovery:discover_packages(recursive) discover
[2.995s] INFO:colcon.colcon_core.package_discovery:Crawling recursively for packages in '/home/sophia/workspace/about_ros/code/about_ros2'
[2.995s] Level 1:colcon.colcon_core.package_identification:_identify(.) by extensions ['ignore', 'ignore_ament_install']
[2.995s] Level 1:colcon.colcon_core.package_identification:_identify(.) by extension 'ignore'
[2.995s] Level 1:colcon.colcon_core.package_identification:_identify(.) by extension 'ignore_ament_install'
[2.995s] Level 1:colcon.colcon_core.package_identification:_identify(.) by extensions ['colcon_pkg']
[2.995s] Level 1:colcon.colcon_core.package_identification:_identify(.) by extension 'colcon_pkg'
[2.995s] Level 1:colcon.colcon_core.package_identification:_identify(.) by extensions ['colcon_meta']
[2.995s] Level 1:colcon.colcon_core.package_identification:_identify(.) by extension 'colcon_meta'
[2.996s] Level 1:colcon.colcon_core.package_identification:_identify(.) by extensions ['ros']
[2.996s] Level 1:colcon.colcon_core.package_identification:_identify(.) by extension 'ros'
[3.032s] Level 1:colcon.colcon_core.package_identification:_identify(.) by extensions ['cmake', 'python']
[3.032s] Level 1:colcon.colcon_core.package_identification:_identify(.) by extension 'cmake'
[3.032s] Level 1:colcon.colcon_core.package_identification:_identify(.) by extension 'python'
[3.032s] Level 1:colcon.colcon_core.package_identification:_identify(.) by extensions ['python_setup_py']
[3.032s] Level 1:colcon.colcon_core.package_identification:_identify(.) by extension 'python_setup_py'
[3.032s] Level 1:colcon.colcon_core.package_identification:_identify(build) by extensions ['ignore', 'ignore_ament_install']
[3.033s] Level 1:colcon.colcon_core.package_identification:_identify(build) by extension 'ignore'
[3.033s] Level 1:colcon.colcon_core.package_identification:_identify(build) ignored
[3.033s] Level 1:colcon.colcon_core.package_identification:_identify(code_snippet) by extensions ['ignore', 'ignore_ament_install']
[3.033s] Level 1:colcon.colcon_core.package_identification:_identify(code_snippet) by extension 'ignore'
[3.033s] Level 1:colcon.colcon_core.package_identification:_identify(code_snippet) by extension 'ignore_ament_install'
[3.033s] Level 1:colcon.colcon_core.package_identification:_identify(code_snippet) by extensions ['colcon_pkg']
[3.033s] Level 1:colcon.colcon_core.package_identification:_identify(code_snippet) by extension 'colcon_pkg'
[3.033s] Level 1:colcon.colcon_core.package_identification:_identify(code_snippet) by extensions ['colcon_meta']
[3.033s] Level 1:colcon.colcon_core.package_identification:_identify(code_snippet) by extension 'colcon_meta'
[3.034s] Level 1:colcon.colcon_core.package_identification:_identify(code_snippet) by extensions ['ros']
[3.034s] Level 1:colcon.colcon_core.package_identification:_identify(code_snippet) by extension 'ros'
[3.034s] Level 1:colcon.colcon_core.package_identification:_identify(code_snippet) by extensions ['cmake', 'python']
[3.034s] Level 1:colcon.colcon_core.package_identification:_identify(code_snippet) by extension 'cmake'
[3.034s] Level 1:colcon.colcon_core.package_identification:_identify(code_snippet) by extension 'python'
[3.034s] Level 1:colcon.colcon_core.package_identification:_identify(code_snippet) by extensions ['python_setup_py']
[3.034s] Level 1:colcon.colcon_core.package_identification:_identify(code_snippet) by extension 'python_setup_py'
[3.034s] Level 1:colcon.colcon_core.package_identification:_identify(exercise_ros) by extensions ['ignore', 'ignore_ament_install']
[3.034s] Level 1:colcon.colcon_core.package_identification:_identify(exercise_ros) by extension 'ignore'
[3.034s] Level 1:colcon.colcon_core.package_identification:_identify(exercise_ros) by extension 'ignore_ament_install'
[3.034s] Level 1:colcon.colcon_core.package_identification:_identify(exercise_ros) by extensions ['colcon_pkg']
[3.034s] Level 1:colcon.colcon_core.package_identification:_identify(exercise_ros) by extension 'colcon_pkg'
[3.035s] Level 1:colcon.colcon_core.package_identification:_identify(exercise_ros) by extensions ['colcon_meta']
[3.035s] Level 1:colcon.colcon_core.package_identification:_identify(exercise_ros) by extension 'colcon_meta'
[3.035s] Level 1:colcon.colcon_core.package_identification:_identify(exercise_ros) by extensions ['ros']
[3.035s] Level 1:colcon.colcon_core.package_identification:_identify(exercise_ros) by extension 'ros'
[3.035s] Level 1:colcon.colcon_core.package_identification:_identify(exercise_ros) by extensions ['cmake', 'python']
[3.035s] Level 1:colcon.colcon_core.package_identification:_identify(exercise_ros) by extension 'cmake'
[3.035s] Level 1:colcon.colcon_core.package_identification:_identify(exercise_ros) by extension 'python'
[3.035s] Level 1:colcon.colcon_core.package_identification:_identify(exercise_ros) by extensions ['python_setup_py']
[3.035s] Level 1:colcon.colcon_core.package_identification:_identify(exercise_ros) by extension 'python_setup_py'
[3.035s] Level 1:colcon.colcon_core.package_identification:_identify(exercise_ros/build) by extensions ['ignore', 'ignore_ament_install']
[3.035s] Level 1:colcon.colcon_core.package_identification:_identify(exercise_ros/build) by extension 'ignore'
[3.035s] Level 1:colcon.colcon_core.package_identification:_identify(exercise_ros/build) by extension 'ignore_ament_install'
[3.036s] Level 1:colcon.colcon_core.package_identification:_identify(exercise_ros/build) by extensions ['colcon_pkg']
[3.036s] Level 1:colcon.colcon_core.package_identification:_identify(exercise_ros/build) by extension 'colcon_pkg'
[3.036s] Level 1:colcon.colcon_core.package_identification:_identify(exercise_ros/build) by extensions ['colcon_meta']
[3.036s] Level 1:colcon.colcon_core.package_identification:_identify(exercise_ros/build) by extension 'colcon_meta'
[3.036s] Level 1:colcon.colcon_core.package_identification:_identify(exercise_ros/build) by extensions ['ros']
[3.036s] Level 1:colcon.colcon_core.package_identification:_identify(exercise_ros/build) by extension 'ros'
[3.036s] Level 1:colcon.colcon_core.package_identification:_identify(exercise_ros/build) by extensions ['cmake', 'python']
[3.036s] Level 1:colcon.colcon_core.package_identification:_identify(exercise_ros/build) by extension 'cmake'
[3.036s] Level 1:colcon.colcon_core.package_identification:_identify(exercise_ros/build) by extension 'python'
[3.036s] Level 1:colcon.colcon_core.package_identification:_identify(exercise_ros/build) by extensions ['python_setup_py']
[3.036s] Level 1:colcon.colcon_core.package_identification:_identify(exercise_ros/build) by extension 'python_setup_py'
[3.036s] Level 1:colcon.colcon_core.package_identification:_identify(first_ros) by extensions ['ignore', 'ignore_ament_install']
[3.036s] Level 1:colcon.colcon_core.package_identification:_identify(first_ros) by extension 'ignore'
[3.036s] Level 1:colcon.colcon_core.package_identification:_identify(first_ros) by extension 'ignore_ament_install'
[3.037s] Level 1:colcon.colcon_core.package_identification:_identify(first_ros) by extensions ['colcon_pkg']
[3.037s] Level 1:colcon.colcon_core.package_identification:_identify(first_ros) by extension 'colcon_pkg'
[3.037s] Level 1:colcon.colcon_core.package_identification:_identify(first_ros) by extensions ['colcon_meta']
[3.037s] Level 1:colcon.colcon_core.package_identification:_identify(first_ros) by extension 'colcon_meta'
[3.037s] Level 1:colcon.colcon_core.package_identification:_identify(first_ros) by extensions ['ros']
[3.037s] Level 1:colcon.colcon_core.package_identification:_identify(first_ros) by extension 'ros'
[3.037s] Level 1:colcon.colcon_core.package_identification:_identify(first_ros) by extensions ['cmake', 'python']
[3.037s] Level 1:colcon.colcon_core.package_identification:_identify(first_ros) by extension 'cmake'
[3.037s] Level 1:colcon.colcon_core.package_identification:_identify(first_ros) by extension 'python'
[3.037s] Level 1:colcon.colcon_core.package_identification:_identify(first_ros) by extensions ['python_setup_py']
[3.037s] Level 1:colcon.colcon_core.package_identification:_identify(first_ros) by extension 'python_setup_py'
[3.037s] Level 1:colcon.colcon_core.package_identification:_identify(first_ros/build) by extensions ['ignore', 'ignore_ament_install']
[3.037s] Level 1:colcon.colcon_core.package_identification:_identify(first_ros/build) by extension 'ignore'
[3.038s] Level 1:colcon.colcon_core.package_identification:_identify(first_ros/build) ignored
[3.038s] Level 1:colcon.colcon_core.package_identification:_identify(first_ros/install) by extensions ['ignore', 'ignore_ament_install']
[3.038s] Level 1:colcon.colcon_core.package_identification:_identify(first_ros/install) by extension 'ignore'
[3.038s] Level 1:colcon.colcon_core.package_identification:_identify(first_ros/install) ignored
[3.038s] Level 1:colcon.colcon_core.package_identification:_identify(first_ros/log) by extensions ['ignore', 'ignore_ament_install']
[3.038s] Level 1:colcon.colcon_core.package_identification:_identify(first_ros/log) by extension 'ignore'
[3.038s] Level 1:colcon.colcon_core.package_identification:_identify(first_ros/log) ignored
[3.038s] Level 1:colcon.colcon_core.package_identification:_identify(first_ros/src) by extensions ['ignore', 'ignore_ament_install']
[3.039s] Level 1:colcon.colcon_core.package_identification:_identify(first_ros/src) by extension 'ignore'
[3.039s] Level 1:colcon.colcon_core.package_identification:_identify(first_ros/src) by extension 'ignore_ament_install'
[3.039s] Level 1:colcon.colcon_core.package_identification:_identify(first_ros/src) by extensions ['colcon_pkg']
[3.039s] Level 1:colcon.colcon_core.package_identification:_identify(first_ros/src) by extension 'colcon_pkg'
[3.039s] Level 1:colcon.colcon_core.package_identification:_identify(first_ros/src) by extensions ['colcon_meta']
[3.039s] Level 1:colcon.colcon_core.package_identification:_identify(first_ros/src) by extension 'colcon_meta'
[3.039s] Level 1:colcon.colcon_core.package_identification:_identify(first_ros/src) by extensions ['ros']
[3.039s] Level 1:colcon.colcon_core.package_identification:_identify(first_ros/src) by extension 'ros'
[3.039s] Level 1:colcon.colcon_core.package_identification:_identify(first_ros/src) by extensions ['cmake', 'python']
[3.039s] Level 1:colcon.colcon_core.package_identification:_identify(first_ros/src) by extension 'cmake'
[3.039s] Level 1:colcon.colcon_core.package_identification:_identify(first_ros/src) by extension 'python'
[3.039s] Level 1:colcon.colcon_core.package_identification:_identify(first_ros/src) by extensions ['python_setup_py']
[3.039s] Level 1:colcon.colcon_core.package_identification:_identify(first_ros/src) by extension 'python_setup_py'
[3.040s] Level 1:colcon.colcon_core.package_identification:_identify(first_ros/src/first_helloworld_cpp) by extensions ['ignore', 'ignore_ament_install']
[3.040s] Level 1:colcon.colcon_core.package_identification:_identify(first_ros/src/first_helloworld_cpp) by extension 'ignore'
[3.040s] Level 1:colcon.colcon_core.package_identification:_identify(first_ros/src/first_helloworld_cpp) by extension 'ignore_ament_install'
[3.040s] Level 1:colcon.colcon_core.package_identification:_identify(first_ros/src/first_helloworld_cpp) by extensions ['colcon_pkg']
[3.040s] Level 1:colcon.colcon_core.package_identification:_identify(first_ros/src/first_helloworld_cpp) by extension 'colcon_pkg'
[3.040s] Level 1:colcon.colcon_core.package_identification:_identify(first_ros/src/first_helloworld_cpp) by extensions ['colcon_meta']
[3.040s] Level 1:colcon.colcon_core.package_identification:_identify(first_ros/src/first_helloworld_cpp) by extension 'colcon_meta'
[3.040s] Level 1:colcon.colcon_core.package_identification:_identify(first_ros/src/first_helloworld_cpp) by extensions ['ros']
[3.040s] Level 1:colcon.colcon_core.package_identification:_identify(first_ros/src/first_helloworld_cpp) by extension 'ros'
[3.068s] DEBUG:colcon.colcon_core.package_identification:Package 'first_ros/src/first_helloworld_cpp' with type 'ros.ament_cmake' and name 'first_helloworld_cpp'
[3.068s] Level 1:colcon.colcon_core.package_identification:_identify(install) by extensions ['ignore', 'ignore_ament_install']
[3.069s] Level 1:colcon.colcon_core.package_identification:_identify(install) by extension 'ignore'
[3.069s] Level 1:colcon.colcon_core.package_identification:_identify(install) ignored
[3.069s] Level 1:colcon.colcon_core.package_identification:_identify(log) by extensions ['ignore', 'ignore_ament_install']
[3.069s] Level 1:colcon.colcon_core.package_identification:_identify(log) by extension 'ignore'
[3.069s] Level 1:colcon.colcon_core.package_identification:_identify(log) ignored
[3.069s] Level 1:colcon.colcon_core.package_identification:_identify(ws_correspond) by extensions ['ignore', 'ignore_ament_install']
[3.069s] Level 1:colcon.colcon_core.package_identification:_identify(ws_correspond) by extension 'ignore'
[3.069s] Level 1:colcon.colcon_core.package_identification:_identify(ws_correspond) by extension 'ignore_ament_install'
[3.070s] Level 1:colcon.colcon_core.package_identification:_identify(ws_correspond) by extensions ['colcon_pkg']
[3.070s] Level 1:colcon.colcon_core.package_identification:_identify(ws_correspond) by extension 'colcon_pkg'
[3.070s] Level 1:colcon.colcon_core.package_identification:_identify(ws_correspond) by extensions ['colcon_meta']
[3.070s] Level 1:colcon.colcon_core.package_identification:_identify(ws_correspond) by extension 'colcon_meta'
[3.070s] Level 1:colcon.colcon_core.package_identification:_identify(ws_correspond) by extensions ['ros']
[3.070s] Level 1:colcon.colcon_core.package_identification:_identify(ws_correspond) by extension 'ros'
[3.070s] Level 1:colcon.colcon_core.package_identification:_identify(ws_correspond) by extensions ['cmake', 'python']
[3.070s] Level 1:colcon.colcon_core.package_identification:_identify(ws_correspond) by extension 'cmake'
[3.070s] Level 1:colcon.colcon_core.package_identification:_identify(ws_correspond) by extension 'python'
[3.070s] Level 1:colcon.colcon_core.package_identification:_identify(ws_correspond) by extensions ['python_setup_py']
[3.070s] Level 1:colcon.colcon_core.package_identification:_identify(ws_correspond) by extension 'python_setup_py'
[3.070s] Level 1:colcon.colcon_core.package_identification:_identify(ws_correspond/action_ros) by extensions ['ignore', 'ignore_ament_install']
[3.071s] Level 1:colcon.colcon_core.package_identification:_identify(ws_correspond/action_ros) by extension 'ignore'
[3.071s] Level 1:colcon.colcon_core.package_identification:_identify(ws_correspond/action_ros) by extension 'ignore_ament_install'
[3.071s] Level 1:colcon.colcon_core.package_identification:_identify(ws_correspond/action_ros) by extensions ['colcon_pkg']
[3.071s] Level 1:colcon.colcon_core.package_identification:_identify(ws_correspond/action_ros) by extension 'colcon_pkg'
[3.071s] Level 1:colcon.colcon_core.package_identification:_identify(ws_correspond/action_ros) by extensions ['colcon_meta']
[3.071s] Level 1:colcon.colcon_core.package_identification:_identify(ws_correspond/action_ros) by extension 'colcon_meta'
[3.071s] Level 1:colcon.colcon_core.package_identification:_identify(ws_correspond/action_ros) by extensions ['ros']
[3.071s] Level 1:colcon.colcon_core.package_identification:_identify(ws_correspond/action_ros) by extension 'ros'
[3.071s] Level 1:colcon.colcon_core.package_identification:_identify(ws_correspond/action_ros) by extensions ['cmake', 'python']
[3.071s] Level 1:colcon.colcon_core.package_identification:_identify(ws_correspond/action_ros) by extension 'cmake'
[3.071s] Level 1:colcon.colcon_core.package_identification:_identify(ws_correspond/action_ros) by extension 'python'
[3.071s] Level 1:colcon.colcon_core.package_identification:_identify(ws_correspond/action_ros) by extensions ['python_setup_py']
[3.071s] Level 1:colcon.colcon_core.package_identification:_identify(ws_correspond/action_ros) by extension 'python_setup_py'
[3.072s] Level 1:colcon.colcon_core.package_identification:_identify(ws_correspond/action_ros/build) by extensions ['ignore', 'ignore_ament_install']
[3.072s] Level 1:colcon.colcon_core.package_identification:_identify(ws_correspond/action_ros/build) by extension 'ignore'
[3.072s] Level 1:colcon.colcon_core.package_identification:_identify(ws_correspond/action_ros/build) ignored
[3.072s] Level 1:colcon.colcon_core.package_identification:_identify(ws_correspond/action_ros/install) by extensions ['ignore', 'ignore_ament_install']
[3.072s] Level 1:colcon.colcon_core.package_identification:_identify(ws_correspond/action_ros/install) by extension 'ignore'
[3.072s] Level 1:colcon.colcon_core.package_identification:_identify(ws_correspond/action_ros/install) ignored
[3.072s] Level 1:colcon.colcon_core.package_identification:_identify(ws_correspond/action_ros/log) by extensions ['ignore', 'ignore_ament_install']
[3.072s] Level 1:colcon.colcon_core.package_identification:_identify(ws_correspond/action_ros/log) by extension 'ignore'
[3.073s] Level 1:colcon.colcon_core.package_identification:_identify(ws_correspond/action_ros/log) ignored
[3.073s] Level 1:colcon.colcon_core.package_identification:_identify(ws_correspond/action_ros/src) by extensions ['ignore', 'ignore_ament_install']
[3.073s] Level 1:colcon.colcon_core.package_identification:_identify(ws_correspond/action_ros/src) by extension 'ignore'
[3.073s] Level 1:colcon.colcon_core.package_identification:_identify(ws_correspond/action_ros/src) by extension 'ignore_ament_install'
[3.073s] Level 1:colcon.colcon_core.package_identification:_identify(ws_correspond/action_ros/src) by extensions ['colcon_pkg']
[3.073s] Level 1:colcon.colcon_core.package_identification:_identify(ws_correspond/action_ros/src) by extension 'colcon_pkg'
[3.073s] Level 1:colcon.colcon_core.package_identification:_identify(ws_correspond/action_ros/src) by extensions ['colcon_meta']
[3.073s] Level 1:colcon.colcon_core.package_identification:_identify(ws_correspond/action_ros/src) by extension 'colcon_meta'
[3.073s] Level 1:colcon.colcon_core.package_identification:_identify(ws_correspond/action_ros/src) by extensions ['ros']
[3.073s] Level 1:colcon.colcon_core.package_identification:_identify(ws_correspond/action_ros/src) by extension 'ros'
[3.073s] Level 1:colcon.colcon_core.package_identification:_identify(ws_correspond/action_ros/src) by extensions ['cmake', 'python']
[3.073s] Level 1:colcon.colcon_core.package_identification:_identify(ws_correspond/action_ros/src) by extension 'cmake'
[3.074s] Level 1:colcon.colcon_core.package_identification:_identify(ws_correspond/action_ros/src) by extension 'python'
[3.074s] Level 1:colcon.colcon_core.package_identification:_identify(ws_correspond/action_ros/src) by extensions ['python_setup_py']
[3.074s] Level 1:colcon.colcon_core.package_identification:_identify(ws_correspond/action_ros/src) by extension 'python_setup_py'
[3.074s] Level 1:colcon.colcon_core.package_identification:_identify(ws_correspond/action_ros/src/base_interfaces_demo) by extensions ['ignore', 'ignore_ament_install']
[3.074s] Level 1:colcon.colcon_core.package_identification:_identify(ws_correspond/action_ros/src/base_interfaces_demo) by extension 'ignore'
[3.074s] Level 1:colcon.colcon_core.package_identification:_identify(ws_correspond/action_ros/src/base_interfaces_demo) by extension 'ignore_ament_install'
[3.074s] Level 1:colcon.colcon_core.package_identification:_identify(ws_correspond/action_ros/src/base_interfaces_demo) by extensions ['colcon_pkg']
[3.074s] Level 1:colcon.colcon_core.package_identification:_identify(ws_correspond/action_ros/src/base_interfaces_demo) by extension 'colcon_pkg'
[3.074s] Level 1:colcon.colcon_core.package_identification:_identify(ws_correspond/action_ros/src/base_interfaces_demo) by extensions ['colcon_meta']
[3.074s] Level 1:colcon.colcon_core.package_identification:_identify(ws_correspond/action_ros/src/base_interfaces_demo) by extension 'colcon_meta'
[3.074s] Level 1:colcon.colcon_core.package_identification:_identify(ws_correspond/action_ros/src/base_interfaces_demo) by extensions ['ros']
[3.074s] Level 1:colcon.colcon_core.package_identification:_identify(ws_correspond/action_ros/src/base_interfaces_demo) by extension 'ros'
[3.090s] DEBUG:colcon.colcon_core.package_identification:Package 'ws_correspond/action_ros/src/base_interfaces_demo' with type 'ros.ament_cmake' and name 'base_interfaces_demo'
[3.090s] Level 1:colcon.colcon_core.package_identification:_identify(ws_correspond/action_ros/src/cpp03_action) by extensions ['ignore', 'ignore_ament_install']
[3.090s] Level 1:colcon.colcon_core.package_identification:_identify(ws_correspond/action_ros/src/cpp03_action) by extension 'ignore'
[3.090s] Level 1:colcon.colcon_core.package_identification:_identify(ws_correspond/action_ros/src/cpp03_action) by extension 'ignore_ament_install'
[3.090s] Level 1:colcon.colcon_core.package_identification:_identify(ws_correspond/action_ros/src/cpp03_action) by extensions ['colcon_pkg']
[3.090s] Level 1:colcon.colcon_core.package_identification:_identify(ws_correspond/action_ros/src/cpp03_action) by extension 'colcon_pkg'
[3.090s] Level 1:colcon.colcon_core.package_identification:_identify(ws_correspond/action_ros/src/cpp03_action) by extensions ['colcon_meta']
[3.090s] Level 1:colcon.colcon_core.package_identification:_identify(ws_correspond/action_ros/src/cpp03_action) by extension 'colcon_meta'
[3.090s] Level 1:colcon.colcon_core.package_identification:_identify(ws_correspond/action_ros/src/cpp03_action) by extensions ['ros']
[3.090s] Level 1:colcon.colcon_core.package_identification:_identify(ws_correspond/action_ros/src/cpp03_action) by extension 'ros'
[3.106s] DEBUG:colcon.colcon_core.package_identification:Package 'ws_correspond/action_ros/src/cpp03_action' with type 'ros.ament_cmake' and name 'cpp03_action'
[3.107s] Level 1:colcon.colcon_core.package_identification:_identify(ws_correspond/exercise_ros) by extensions ['ignore', 'ignore_ament_install']
[3.107s] Level 1:colcon.colcon_core.package_identification:_identify(ws_correspond/exercise_ros) by extension 'ignore'
[3.107s] Level 1:colcon.colcon_core.package_identification:_identify(ws_correspond/exercise_ros) by extension 'ignore_ament_install'
[3.107s] Level 1:colcon.colcon_core.package_identification:_identify(ws_correspond/exercise_ros) by extensions ['colcon_pkg']
[3.107s] Level 1:colcon.colcon_core.package_identification:_identify(ws_correspond/exercise_ros) by extension 'colcon_pkg'
[3.107s] Level 1:colcon.colcon_core.package_identification:_identify(ws_correspond/exercise_ros) by extensions ['colcon_meta']
[3.107s] Level 1:colcon.colcon_core.package_identification:_identify(ws_correspond/exercise_ros) by extension 'colcon_meta'
[3.107s] Level 1:colcon.colcon_core.package_identification:_identify(ws_correspond/exercise_ros) by extensions ['ros']
[3.107s] Level 1:colcon.colcon_core.package_identification:_identify(ws_correspond/exercise_ros) by extension 'ros'
[3.108s] Level 1:colcon.colcon_core.package_identification:_identify(ws_correspond/exercise_ros) by extensions ['cmake', 'python']
[3.108s] Level 1:colcon.colcon_core.package_identification:_identify(ws_correspond/exercise_ros) by extension 'cmake'
[3.108s] Level 1:colcon.colcon_core.package_identification:_identify(ws_correspond/exercise_ros) by extension 'python'
[3.108s] Level 1:colcon.colcon_core.package_identification:_identify(ws_correspond/exercise_ros) by extensions ['python_setup_py']
[3.108s] Level 1:colcon.colcon_core.package_identification:_identify(ws_correspond/exercise_ros) by extension 'python_setup_py'
[3.108s] Level 1:colcon.colcon_core.package_identification:_identify(ws_correspond/exercise_ros/build) by extensions ['ignore', 'ignore_ament_install']
[3.108s] Level 1:colcon.colcon_core.package_identification:_identify(ws_correspond/exercise_ros/build) by extension 'ignore'
[3.108s] Level 1:colcon.colcon_core.package_identification:_identify(ws_correspond/exercise_ros/build) ignored
[3.108s] Level 1:colcon.colcon_core.package_identification:_identify(ws_correspond/exercise_ros/install) by extensions ['ignore', 'ignore_ament_install']
[3.108s] Level 1:colcon.colcon_core.package_identification:_identify(ws_correspond/exercise_ros/install) by extension 'ignore'
[3.108s] Level 1:colcon.colcon_core.package_identification:_identify(ws_correspond/exercise_ros/install) ignored
[3.109s] Level 1:colcon.colcon_core.package_identification:_identify(ws_correspond/exercise_ros/log) by extensions ['ignore', 'ignore_ament_install']
[3.109s] Level 1:colcon.colcon_core.package_identification:_identify(ws_correspond/exercise_ros/log) by extension 'ignore'
[3.109s] Level 1:colcon.colcon_core.package_identification:_identify(ws_correspond/exercise_ros/log) ignored
[3.109s] Level 1:colcon.colcon_core.package_identification:_identify(ws_correspond/exercise_ros/src) by extensions ['ignore', 'ignore_ament_install']
[3.109s] Level 1:colcon.colcon_core.package_identification:_identify(ws_correspond/exercise_ros/src) by extension 'ignore'
[3.109s] Level 1:colcon.colcon_core.package_identification:_identify(ws_correspond/exercise_ros/src) by extension 'ignore_ament_install'
[3.109s] Level 1:colcon.colcon_core.package_identification:_identify(ws_correspond/exercise_ros/src) by extensions ['colcon_pkg']
[3.109s] Level 1:colcon.colcon_core.package_identification:_identify(ws_correspond/exercise_ros/src) by extension 'colcon_pkg'
[3.109s] Level 1:colcon.colcon_core.package_identification:_identify(ws_correspond/exercise_ros/src) by extensions ['colcon_meta']
[3.109s] Level 1:colcon.colcon_core.package_identification:_identify(ws_correspond/exercise_ros/src) by extension 'colcon_meta'
[3.109s] Level 1:colcon.colcon_core.package_identification:_identify(ws_correspond/exercise_ros/src) by extensions ['ros']
[3.109s] Level 1:colcon.colcon_core.package_identification:_identify(ws_correspond/exercise_ros/src) by extension 'ros'
[3.110s] Level 1:colcon.colcon_core.package_identification:_identify(ws_correspond/exercise_ros/src) by extensions ['cmake', 'python']
[3.110s] Level 1:colcon.colcon_core.package_identification:_identify(ws_correspond/exercise_ros/src) by extension 'cmake'
[3.110s] Level 1:colcon.colcon_core.package_identification:_identify(ws_correspond/exercise_ros/src) by extension 'python'
[3.110s] Level 1:colcon.colcon_core.package_identification:_identify(ws_correspond/exercise_ros/src) by extensions ['python_setup_py']
[3.110s] Level 1:colcon.colcon_core.package_identification:_identify(ws_correspond/exercise_ros/src) by extension 'python_setup_py'
[3.110s] Level 1:colcon.colcon_core.package_identification:_identify(ws_correspond/exercise_ros/src/base_interfaces_demo) by extensions ['ignore', 'ignore_ament_install']
[3.110s] Level 1:colcon.colcon_core.package_identification:_identify(ws_correspond/exercise_ros/src/base_interfaces_demo) by extension 'ignore'
[3.110s] Level 1:colcon.colcon_core.package_identification:_identify(ws_correspond/exercise_ros/src/base_interfaces_demo) by extension 'ignore_ament_install'
[3.110s] Level 1:colcon.colcon_core.package_identification:_identify(ws_correspond/exercise_ros/src/base_interfaces_demo) by extensions ['colcon_pkg']
[3.110s] Level 1:colcon.colcon_core.package_identification:_identify(ws_correspond/exercise_ros/src/base_interfaces_demo) by extension 'colcon_pkg'
[3.110s] Level 1:colcon.colcon_core.package_identification:_identify(ws_correspond/exercise_ros/src/base_interfaces_demo) by extensions ['colcon_meta']
[3.110s] Level 1:colcon.colcon_core.package_identification:_identify(ws_correspond/exercise_ros/src/base_interfaces_demo) by extension 'colcon_meta'
[3.110s] Level 1:colcon.colcon_core.package_identification:_identify(ws_correspond/exercise_ros/src/base_interfaces_demo) by extensions ['ros']
[3.110s] Level 1:colcon.colcon_core.package_identification:_identify(ws_correspond/exercise_ros/src/base_interfaces_demo) by extension 'ros'
[3.133s] DEBUG:colcon.colcon_core.package_identification:Package 'ws_correspond/exercise_ros/src/base_interfaces_demo' with type 'ros.ament_cmake' and name 'base_interfaces_demo'
[3.133s] Level 1:colcon.colcon_core.package_identification:_identify(ws_correspond/exercise_ros/src/cpp07_exercise) by extensions ['ignore', 'ignore_ament_install']
[3.134s] Level 1:colcon.colcon_core.package_identification:_identify(ws_correspond/exercise_ros/src/cpp07_exercise) by extension 'ignore'
[3.134s] Level 1:colcon.colcon_core.package_identification:_identify(ws_correspond/exercise_ros/src/cpp07_exercise) by extension 'ignore_ament_install'
[3.134s] Level 1:colcon.colcon_core.package_identification:_identify(ws_correspond/exercise_ros/src/cpp07_exercise) by extensions ['colcon_pkg']
[3.134s] Level 1:colcon.colcon_core.package_identification:_identify(ws_correspond/exercise_ros/src/cpp07_exercise) by extension 'colcon_pkg'
[3.134s] Level 1:colcon.colcon_core.package_identification:_identify(ws_correspond/exercise_ros/src/cpp07_exercise) by extensions ['colcon_meta']
[3.134s] Level 1:colcon.colcon_core.package_identification:_identify(ws_correspond/exercise_ros/src/cpp07_exercise) by extension 'colcon_meta'
[3.134s] Level 1:colcon.colcon_core.package_identification:_identify(ws_correspond/exercise_ros/src/cpp07_exercise) by extensions ['ros']
[3.134s] Level 1:colcon.colcon_core.package_identification:_identify(ws_correspond/exercise_ros/src/cpp07_exercise) by extension 'ros'
[3.150s] DEBUG:colcon.colcon_core.package_identification:Package 'ws_correspond/exercise_ros/src/cpp07_exercise' with type 'ros.ament_cmake' and name 'cpp07_exercise'
[3.151s] Level 1:colcon.colcon_core.package_identification:_identify(ws_correspond/param_ros) by extensions ['ignore', 'ignore_ament_install']
[3.151s] Level 1:colcon.colcon_core.package_identification:_identify(ws_correspond/param_ros) by extension 'ignore'
[3.151s] Level 1:colcon.colcon_core.package_identification:_identify(ws_correspond/param_ros) by extension 'ignore_ament_install'
[3.151s] Level 1:colcon.colcon_core.package_identification:_identify(ws_correspond/param_ros) by extensions ['colcon_pkg']
[3.151s] Level 1:colcon.colcon_core.package_identification:_identify(ws_correspond/param_ros) by extension 'colcon_pkg'
[3.151s] Level 1:colcon.colcon_core.package_identification:_identify(ws_correspond/param_ros) by extensions ['colcon_meta']
[3.151s] Level 1:colcon.colcon_core.package_identification:_identify(ws_correspond/param_ros) by extension 'colcon_meta'
[3.151s] Level 1:colcon.colcon_core.package_identification:_identify(ws_correspond/param_ros) by extensions ['ros']
[3.151s] Level 1:colcon.colcon_core.package_identification:_identify(ws_correspond/param_ros) by extension 'ros'
[3.151s] Level 1:colcon.colcon_core.package_identification:_identify(ws_correspond/param_ros) by extensions ['cmake', 'python']
[3.152s] Level 1:colcon.colcon_core.package_identification:_identify(ws_correspond/param_ros) by extension 'cmake'
[3.152s] Level 1:colcon.colcon_core.package_identification:_identify(ws_correspond/param_ros) by extension 'python'
[3.152s] Level 1:colcon.colcon_core.package_identification:_identify(ws_correspond/param_ros) by extensions ['python_setup_py']
[3.152s] Level 1:colcon.colcon_core.package_identification:_identify(ws_correspond/param_ros) by extension 'python_setup_py'
[3.152s] Level 1:colcon.colcon_core.package_identification:_identify(ws_correspond/param_ros/build) by extensions ['ignore', 'ignore_ament_install']
[3.152s] Level 1:colcon.colcon_core.package_identification:_identify(ws_correspond/param_ros/build) by extension 'ignore'
[3.152s] Level 1:colcon.colcon_core.package_identification:_identify(ws_correspond/param_ros/build) ignored
[3.152s] Level 1:colcon.colcon_core.package_identification:_identify(ws_correspond/param_ros/install) by extensions ['ignore', 'ignore_ament_install']
[3.152s] Level 1:colcon.colcon_core.package_identification:_identify(ws_correspond/param_ros/install) by extension 'ignore'
[3.152s] Level 1:colcon.colcon_core.package_identification:_identify(ws_correspond/param_ros/install) ignored
[3.153s] Level 1:colcon.colcon_core.package_identification:_identify(ws_correspond/param_ros/log) by extensions ['ignore', 'ignore_ament_install']
[3.153s] Level 1:colcon.colcon_core.package_identification:_identify(ws_correspond/param_ros/log) by extension 'ignore'
[3.153s] Level 1:colcon.colcon_core.package_identification:_identify(ws_correspond/param_ros/log) ignored
[3.153s] Level 1:colcon.colcon_core.package_identification:_identify(ws_correspond/param_ros/src) by extensions ['ignore', 'ignore_ament_install']
[3.153s] Level 1:colcon.colcon_core.package_identification:_identify(ws_correspond/param_ros/src) by extension 'ignore'
[3.153s] Level 1:colcon.colcon_core.package_identification:_identify(ws_correspond/param_ros/src) by extension 'ignore_ament_install'
[3.153s] Level 1:colcon.colcon_core.package_identification:_identify(ws_correspond/param_ros/src) by extensions ['colcon_pkg']
[3.153s] Level 1:colcon.colcon_core.package_identification:_identify(ws_correspond/param_ros/src) by extension 'colcon_pkg'
[3.153s] Level 1:colcon.colcon_core.package_identification:_identify(ws_correspond/param_ros/src) by extensions ['colcon_meta']
[3.153s] Level 1:colcon.colcon_core.package_identification:_identify(ws_correspond/param_ros/src) by extension 'colcon_meta'
[3.154s] Level 1:colcon.colcon_core.package_identification:_identify(ws_correspond/param_ros/src) by extensions ['ros']
[3.154s] Level 1:colcon.colcon_core.package_identification:_identify(ws_correspond/param_ros/src) by extension 'ros'
[3.154s] Level 1:colcon.colcon_core.package_identification:_identify(ws_correspond/param_ros/src) by extensions ['cmake', 'python']
[3.154s] Level 1:colcon.colcon_core.package_identification:_identify(ws_correspond/param_ros/src) by extension 'cmake'
[3.154s] Level 1:colcon.colcon_core.package_identification:_identify(ws_correspond/param_ros/src) by extension 'python'
[3.154s] Level 1:colcon.colcon_core.package_identification:_identify(ws_correspond/param_ros/src) by extensions ['python_setup_py']
[3.154s] Level 1:colcon.colcon_core.package_identification:_identify(ws_correspond/param_ros/src) by extension 'python_setup_py'
[3.154s] Level 1:colcon.colcon_core.package_identification:_identify(ws_correspond/param_ros/src/cpp04_param) by extensions ['ignore', 'ignore_ament_install']
[3.154s] Level 1:colcon.colcon_core.package_identification:_identify(ws_correspond/param_ros/src/cpp04_param) by extension 'ignore'
[3.154s] Level 1:colcon.colcon_core.package_identification:_identify(ws_correspond/param_ros/src/cpp04_param) by extension 'ignore_ament_install'
[3.154s] Level 1:colcon.colcon_core.package_identification:_identify(ws_correspond/param_ros/src/cpp04_param) by extensions ['colcon_pkg']
[3.154s] Level 1:colcon.colcon_core.package_identification:_identify(ws_correspond/param_ros/src/cpp04_param) by extension 'colcon_pkg'
[3.155s] Level 1:colcon.colcon_core.package_identification:_identify(ws_correspond/param_ros/src/cpp04_param) by extensions ['colcon_meta']
[3.155s] Level 1:colcon.colcon_core.package_identification:_identify(ws_correspond/param_ros/src/cpp04_param) by extension 'colcon_meta'
[3.155s] Level 1:colcon.colcon_core.package_identification:_identify(ws_correspond/param_ros/src/cpp04_param) by extensions ['ros']
[3.155s] Level 1:colcon.colcon_core.package_identification:_identify(ws_correspond/param_ros/src/cpp04_param) by extension 'ros'
[3.159s] DEBUG:colcon.colcon_core.package_identification:Package 'ws_correspond/param_ros/src/cpp04_param' with type 'ros.ament_cmake' and name 'cpp04_param'
[3.160s] Level 1:colcon.colcon_core.package_identification:_identify(ws_correspond/server_ros) by extensions ['ignore', 'ignore_ament_install']
[3.160s] Level 1:colcon.colcon_core.package_identification:_identify(ws_correspond/server_ros) by extension 'ignore'
[3.160s] Level 1:colcon.colcon_core.package_identification:_identify(ws_correspond/server_ros) by extension 'ignore_ament_install'
[3.160s] Level 1:colcon.colcon_core.package_identification:_identify(ws_correspond/server_ros) by extensions ['colcon_pkg']
[3.160s] Level 1:colcon.colcon_core.package_identification:_identify(ws_correspond/server_ros) by extension 'colcon_pkg'
[3.160s] Level 1:colcon.colcon_core.package_identification:_identify(ws_correspond/server_ros) by extensions ['colcon_meta']
[3.160s] Level 1:colcon.colcon_core.package_identification:_identify(ws_correspond/server_ros) by extension 'colcon_meta'
[3.160s] Level 1:colcon.colcon_core.package_identification:_identify(ws_correspond/server_ros) by extensions ['ros']
[3.160s] Level 1:colcon.colcon_core.package_identification:_identify(ws_correspond/server_ros) by extension 'ros'
[3.160s] Level 1:colcon.colcon_core.package_identification:_identify(ws_correspond/server_ros) by extensions ['cmake', 'python']
[3.160s] Level 1:colcon.colcon_core.package_identification:_identify(ws_correspond/server_ros) by extension 'cmake'
[3.160s] Level 1:colcon.colcon_core.package_identification:_identify(ws_correspond/server_ros) by extension 'python'
[3.161s] Level 1:colcon.colcon_core.package_identification:_identify(ws_correspond/server_ros) by extensions ['python_setup_py']
[3.161s] Level 1:colcon.colcon_core.package_identification:_identify(ws_correspond/server_ros) by extension 'python_setup_py'
[3.161s] Level 1:colcon.colcon_core.package_identification:_identify(ws_correspond/server_ros/build) by extensions ['ignore', 'ignore_ament_install']
[3.161s] Level 1:colcon.colcon_core.package_identification:_identify(ws_correspond/server_ros/build) by extension 'ignore'
[3.161s] Level 1:colcon.colcon_core.package_identification:_identify(ws_correspond/server_ros/build) ignored
[3.161s] Level 1:colcon.colcon_core.package_identification:_identify(ws_correspond/server_ros/install) by extensions ['ignore', 'ignore_ament_install']
[3.161s] Level 1:colcon.colcon_core.package_identification:_identify(ws_correspond/server_ros/install) by extension 'ignore'
[3.161s] Level 1:colcon.colcon_core.package_identification:_identify(ws_correspond/server_ros/install) ignored
[3.161s] Level 1:colcon.colcon_core.package_identification:_identify(ws_correspond/server_ros/log) by extensions ['ignore', 'ignore_ament_install']
[3.161s] Level 1:colcon.colcon_core.package_identification:_identify(ws_correspond/server_ros/log) by extension 'ignore'
[3.162s] Level 1:colcon.colcon_core.package_identification:_identify(ws_correspond/server_ros/log) ignored
[3.162s] Level 1:colcon.colcon_core.package_identification:_identify(ws_correspond/server_ros/src) by extensions ['ignore', 'ignore_ament_install']
[3.162s] Level 1:colcon.colcon_core.package_identification:_identify(ws_correspond/server_ros/src) by extension 'ignore'
[3.162s] Level 1:colcon.colcon_core.package_identification:_identify(ws_correspond/server_ros/src) by extension 'ignore_ament_install'
[3.162s] Level 1:colcon.colcon_core.package_identification:_identify(ws_correspond/server_ros/src) by extensions ['colcon_pkg']
[3.162s] Level 1:colcon.colcon_core.package_identification:_identify(ws_correspond/server_ros/src) by extension 'colcon_pkg'
[3.162s] Level 1:colcon.colcon_core.package_identification:_identify(ws_correspond/server_ros/src) by extensions ['colcon_meta']
[3.162s] Level 1:colcon.colcon_core.package_identification:_identify(ws_correspond/server_ros/src) by extension 'colcon_meta'
[3.163s] Level 1:colcon.colcon_core.package_identification:_identify(ws_correspond/server_ros/src) by extensions ['ros']
[3.163s] Level 1:colcon.colcon_core.package_identification:_identify(ws_correspond/server_ros/src) by extension 'ros'
[3.163s] Level 1:colcon.colcon_core.package_identification:_identify(ws_correspond/server_ros/src) by extensions ['cmake', 'python']
[3.163s] Level 1:colcon.colcon_core.package_identification:_identify(ws_correspond/server_ros/src) by extension 'cmake'
[3.163s] Level 1:colcon.colcon_core.package_identification:_identify(ws_correspond/server_ros/src) by extension 'python'
[3.163s] Level 1:colcon.colcon_core.package_identification:_identify(ws_correspond/server_ros/src) by extensions ['python_setup_py']
[3.163s] Level 1:colcon.colcon_core.package_identification:_identify(ws_correspond/server_ros/src) by extension 'python_setup_py'
[3.163s] Level 1:colcon.colcon_core.package_identification:_identify(ws_correspond/server_ros/src/base_interfaces_demo) by extensions ['ignore', 'ignore_ament_install']
[3.164s] Level 1:colcon.colcon_core.package_identification:_identify(ws_correspond/server_ros/src/base_interfaces_demo) by extension 'ignore'
[3.164s] Level 1:colcon.colcon_core.package_identification:_identify(ws_correspond/server_ros/src/base_interfaces_demo) by extension 'ignore_ament_install'
[3.164s] Level 1:colcon.colcon_core.package_identification:_identify(ws_correspond/server_ros/src/base_interfaces_demo) by extensions ['colcon_pkg']
[3.164s] Level 1:colcon.colcon_core.package_identification:_identify(ws_correspond/server_ros/src/base_interfaces_demo) by extension 'colcon_pkg'
[3.164s] Level 1:colcon.colcon_core.package_identification:_identify(ws_correspond/server_ros/src/base_interfaces_demo) by extensions ['colcon_meta']
[3.164s] Level 1:colcon.colcon_core.package_identification:_identify(ws_correspond/server_ros/src/base_interfaces_demo) by extension 'colcon_meta'
[3.164s] Level 1:colcon.colcon_core.package_identification:_identify(ws_correspond/server_ros/src/base_interfaces_demo) by extensions ['ros']
[3.164s] Level 1:colcon.colcon_core.package_identification:_identify(ws_correspond/server_ros/src/base_interfaces_demo) by extension 'ros'
[3.181s] DEBUG:colcon.colcon_core.package_identification:Package 'ws_correspond/server_ros/src/base_interfaces_demo' with type 'ros.ament_cmake' and name 'base_interfaces_demo'
[3.181s] Level 1:colcon.colcon_core.package_identification:_identify(ws_correspond/server_ros/src/cpp02_server) by extensions ['ignore', 'ignore_ament_install']
[3.182s] Level 1:colcon.colcon_core.package_identification:_identify(ws_correspond/server_ros/src/cpp02_server) by extension 'ignore'
[3.182s] Level 1:colcon.colcon_core.package_identification:_identify(ws_correspond/server_ros/src/cpp02_server) by extension 'ignore_ament_install'
[3.182s] Level 1:colcon.colcon_core.package_identification:_identify(ws_correspond/server_ros/src/cpp02_server) by extensions ['colcon_pkg']
[3.182s] Level 1:colcon.colcon_core.package_identification:_identify(ws_correspond/server_ros/src/cpp02_server) by extension 'colcon_pkg'
[3.182s] Level 1:colcon.colcon_core.package_identification:_identify(ws_correspond/server_ros/src/cpp02_server) by extensions ['colcon_meta']
[3.182s] Level 1:colcon.colcon_core.package_identification:_identify(ws_correspond/server_ros/src/cpp02_server) by extension 'colcon_meta'
[3.182s] Level 1:colcon.colcon_core.package_identification:_identify(ws_correspond/server_ros/src/cpp02_server) by extensions ['ros']
[3.182s] Level 1:colcon.colcon_core.package_identification:_identify(ws_correspond/server_ros/src/cpp02_server) by extension 'ros'
[3.203s] DEBUG:colcon.colcon_core.package_identification:Package 'ws_correspond/server_ros/src/cpp02_server' with type 'ros.ament_cmake' and name 'cpp02_server'
[3.203s] Level 1:colcon.colcon_core.package_identification:_identify(ws_correspond/server_ros/src/first_hello_test) by extensions ['ignore', 'ignore_ament_install']
[3.203s] Level 1:colcon.colcon_core.package_identification:_identify(ws_correspond/server_ros/src/first_hello_test) by extension 'ignore'
[3.203s] Level 1:colcon.colcon_core.package_identification:_identify(ws_correspond/server_ros/src/first_hello_test) by extension 'ignore_ament_install'
[3.204s] Level 1:colcon.colcon_core.package_identification:_identify(ws_correspond/server_ros/src/first_hello_test) by extensions ['colcon_pkg']
[3.204s] Level 1:colcon.colcon_core.package_identification:_identify(ws_correspond/server_ros/src/first_hello_test) by extension 'colcon_pkg'
[3.204s] Level 1:colcon.colcon_core.package_identification:_identify(ws_correspond/server_ros/src/first_hello_test) by extensions ['colcon_meta']
[3.204s] Level 1:colcon.colcon_core.package_identification:_identify(ws_correspond/server_ros/src/first_hello_test) by extension 'colcon_meta'
[3.204s] Level 1:colcon.colcon_core.package_identification:_identify(ws_correspond/server_ros/src/first_hello_test) by extensions ['ros']
[3.204s] Level 1:colcon.colcon_core.package_identification:_identify(ws_correspond/server_ros/src/first_hello_test) by extension 'ros'
[3.222s] DEBUG:colcon.colcon_core.package_identification:Package 'ws_correspond/server_ros/src/first_hello_test' with type 'ros.ament_cmake' and name 'first_hello_test'
[3.222s] Level 1:colcon.colcon_core.package_identification:_identify(ws_correspond/topic_ros) by extensions ['ignore', 'ignore_ament_install']
[3.222s] Level 1:colcon.colcon_core.package_identification:_identify(ws_correspond/topic_ros) by extension 'ignore'
[3.222s] Level 1:colcon.colcon_core.package_identification:_identify(ws_correspond/topic_ros) by extension 'ignore_ament_install'
[3.222s] Level 1:colcon.colcon_core.package_identification:_identify(ws_correspond/topic_ros) by extensions ['colcon_pkg']
[3.222s] Level 1:colcon.colcon_core.package_identification:_identify(ws_correspond/topic_ros) by extension 'colcon_pkg'
[3.222s] Level 1:colcon.colcon_core.package_identification:_identify(ws_correspond/topic_ros) by extensions ['colcon_meta']
[3.222s] Level 1:colcon.colcon_core.package_identification:_identify(ws_correspond/topic_ros) by extension 'colcon_meta'
[3.222s] Level 1:colcon.colcon_core.package_identification:_identify(ws_correspond/topic_ros) by extensions ['ros']
[3.223s] Level 1:colcon.colcon_core.package_identification:_identify(ws_correspond/topic_ros) by extension 'ros'
[3.223s] Level 1:colcon.colcon_core.package_identification:_identify(ws_correspond/topic_ros) by extensions ['cmake', 'python']
[3.223s] Level 1:colcon.colcon_core.package_identification:_identify(ws_correspond/topic_ros) by extension 'cmake'
[3.223s] Level 1:colcon.colcon_core.package_identification:_identify(ws_correspond/topic_ros) by extension 'python'
[3.223s] Level 1:colcon.colcon_core.package_identification:_identify(ws_correspond/topic_ros) by extensions ['python_setup_py']
[3.223s] Level 1:colcon.colcon_core.package_identification:_identify(ws_correspond/topic_ros) by extension 'python_setup_py'
[3.223s] Level 1:colcon.colcon_core.package_identification:_identify(ws_correspond/topic_ros/build) by extensions ['ignore', 'ignore_ament_install']
[3.223s] Level 1:colcon.colcon_core.package_identification:_identify(ws_correspond/topic_ros/build) by extension 'ignore'
[3.223s] Level 1:colcon.colcon_core.package_identification:_identify(ws_correspond/topic_ros/build) ignored
[3.223s] Level 1:colcon.colcon_core.package_identification:_identify(ws_correspond/topic_ros/install) by extensions ['ignore', 'ignore_ament_install']
[3.224s] Level 1:colcon.colcon_core.package_identification:_identify(ws_correspond/topic_ros/install) by extension 'ignore'
[3.224s] Level 1:colcon.colcon_core.package_identification:_identify(ws_correspond/topic_ros/install) ignored
[3.224s] Level 1:colcon.colcon_core.package_identification:_identify(ws_correspond/topic_ros/log) by extensions ['ignore', 'ignore_ament_install']
[3.224s] Level 1:colcon.colcon_core.package_identification:_identify(ws_correspond/topic_ros/log) by extension 'ignore'
[3.224s] Level 1:colcon.colcon_core.package_identification:_identify(ws_correspond/topic_ros/log) ignored
[3.224s] Level 1:colcon.colcon_core.package_identification:_identify(ws_correspond/topic_ros/src) by extensions ['ignore', 'ignore_ament_install']
[3.224s] Level 1:colcon.colcon_core.package_identification:_identify(ws_correspond/topic_ros/src) by extension 'ignore'
[3.224s] Level 1:colcon.colcon_core.package_identification:_identify(ws_correspond/topic_ros/src) by extension 'ignore_ament_install'
[3.225s] Level 1:colcon.colcon_core.package_identification:_identify(ws_correspond/topic_ros/src) by extensions ['colcon_pkg']
[3.225s] Level 1:colcon.colcon_core.package_identification:_identify(ws_correspond/topic_ros/src) by extension 'colcon_pkg'
[3.225s] Level 1:colcon.colcon_core.package_identification:_identify(ws_correspond/topic_ros/src) by extensions ['colcon_meta']
[3.225s] Level 1:colcon.colcon_core.package_identification:_identify(ws_correspond/topic_ros/src) by extension 'colcon_meta'
[3.225s] Level 1:colcon.colcon_core.package_identification:_identify(ws_correspond/topic_ros/src) by extensions ['ros']
[3.225s] Level 1:colcon.colcon_core.package_identification:_identify(ws_correspond/topic_ros/src) by extension 'ros'
[3.225s] Level 1:colcon.colcon_core.package_identification:_identify(ws_correspond/topic_ros/src) by extensions ['cmake', 'python']
[3.225s] Level 1:colcon.colcon_core.package_identification:_identify(ws_correspond/topic_ros/src) by extension 'cmake'
[3.225s] Level 1:colcon.colcon_core.package_identification:_identify(ws_correspond/topic_ros/src) by extension 'python'
[3.225s] Level 1:colcon.colcon_core.package_identification:_identify(ws_correspond/topic_ros/src) by extensions ['python_setup_py']
[3.225s] Level 1:colcon.colcon_core.package_identification:_identify(ws_correspond/topic_ros/src) by extension 'python_setup_py'
[3.225s] Level 1:colcon.colcon_core.package_identification:_identify(ws_correspond/topic_ros/src/base_interface_demo) by extensions ['ignore', 'ignore_ament_install']
[3.225s] Level 1:colcon.colcon_core.package_identification:_identify(ws_correspond/topic_ros/src/base_interface_demo) by extension 'ignore'
[3.226s] Level 1:colcon.colcon_core.package_identification:_identify(ws_correspond/topic_ros/src/base_interface_demo) by extension 'ignore_ament_install'
[3.226s] Level 1:colcon.colcon_core.package_identification:_identify(ws_correspond/topic_ros/src/base_interface_demo) by extensions ['colcon_pkg']
[3.226s] Level 1:colcon.colcon_core.package_identification:_identify(ws_correspond/topic_ros/src/base_interface_demo) by extension 'colcon_pkg'
[3.226s] Level 1:colcon.colcon_core.package_identification:_identify(ws_correspond/topic_ros/src/base_interface_demo) by extensions ['colcon_meta']
[3.226s] Level 1:colcon.colcon_core.package_identification:_identify(ws_correspond/topic_ros/src/base_interface_demo) by extension 'colcon_meta'
[3.226s] Level 1:colcon.colcon_core.package_identification:_identify(ws_correspond/topic_ros/src/base_interface_demo) by extensions ['ros']
[3.226s] Level 1:colcon.colcon_core.package_identification:_identify(ws_correspond/topic_ros/src/base_interface_demo) by extension 'ros'
[3.241s] DEBUG:colcon.colcon_core.package_identification:Package 'ws_correspond/topic_ros/src/base_interface_demo' with type 'ros.ament_cmake' and name 'base_interface_demo'
[3.241s] Level 1:colcon.colcon_core.package_identification:_identify(ws_correspond/topic_ros/src/cpp01_topic) by extensions ['ignore', 'ignore_ament_install']
[3.242s] Level 1:colcon.colcon_core.package_identification:_identify(ws_correspond/topic_ros/src/cpp01_topic) by extension 'ignore'
[3.242s] Level 1:colcon.colcon_core.package_identification:_identify(ws_correspond/topic_ros/src/cpp01_topic) by extension 'ignore_ament_install'
[3.242s] Level 1:colcon.colcon_core.package_identification:_identify(ws_correspond/topic_ros/src/cpp01_topic) by extensions ['colcon_pkg']
[3.242s] Level 1:colcon.colcon_core.package_identification:_identify(ws_correspond/topic_ros/src/cpp01_topic) by extension 'colcon_pkg'
[3.242s] Level 1:colcon.colcon_core.package_identification:_identify(ws_correspond/topic_ros/src/cpp01_topic) by extensions ['colcon_meta']
[3.242s] Level 1:colcon.colcon_core.package_identification:_identify(ws_correspond/topic_ros/src/cpp01_topic) by extension 'colcon_meta'
[3.242s] Level 1:colcon.colcon_core.package_identification:_identify(ws_correspond/topic_ros/src/cpp01_topic) by extensions ['ros']
[3.242s] Level 1:colcon.colcon_core.package_identification:_identify(ws_correspond/topic_ros/src/cpp01_topic) by extension 'ros'
[3.263s] DEBUG:colcon.colcon_core.package_identification:Package 'ws_correspond/topic_ros/src/cpp01_topic' with type 'ros.ament_cmake' and name 'cpp01_topic'
[3.263s] Level 1:colcon.colcon_core.package_identification:_identify(ws_correspond/topic_ros/src/topic_test_cpp) by extensions ['ignore', 'ignore_ament_install']
[3.263s] Level 1:colcon.colcon_core.package_identification:_identify(ws_correspond/topic_ros/src/topic_test_cpp) by extension 'ignore'
[3.263s] Level 1:colcon.colcon_core.package_identification:_identify(ws_correspond/topic_ros/src/topic_test_cpp) by extension 'ignore_ament_install'
[3.264s] Level 1:colcon.colcon_core.package_identification:_identify(ws_correspond/topic_ros/src/topic_test_cpp) by extensions ['colcon_pkg']
[3.264s] Level 1:colcon.colcon_core.package_identification:_identify(ws_correspond/topic_ros/src/topic_test_cpp) by extension 'colcon_pkg'
[3.264s] Level 1:colcon.colcon_core.package_identification:_identify(ws_correspond/topic_ros/src/topic_test_cpp) by extensions ['colcon_meta']
[3.264s] Level 1:colcon.colcon_core.package_identification:_identify(ws_correspond/topic_ros/src/topic_test_cpp) by extension 'colcon_meta'
[3.264s] Level 1:colcon.colcon_core.package_identification:_identify(ws_correspond/topic_ros/src/topic_test_cpp) by extensions ['ros']
[3.264s] Level 1:colcon.colcon_core.package_identification:_identify(ws_correspond/topic_ros/src/topic_test_cpp) by extension 'ros'
[3.279s] DEBUG:colcon.colcon_core.package_identification:Package 'ws_correspond/topic_ros/src/topic_test_cpp' with type 'ros.ament_cmake' and name 'topic_test_cpp'
[3.279s] Level 1:colcon.colcon_core.package_identification:_identify(ws_tools) by extensions ['ignore', 'ignore_ament_install']
[3.279s] Level 1:colcon.colcon_core.package_identification:_identify(ws_tools) by extension 'ignore'
[3.279s] Level 1:colcon.colcon_core.package_identification:_identify(ws_tools) by extension 'ignore_ament_install'
[3.279s] Level 1:colcon.colcon_core.package_identification:_identify(ws_tools) by extensions ['colcon_pkg']
[3.279s] Level 1:colcon.colcon_core.package_identification:_identify(ws_tools) by extension 'colcon_pkg'
[3.279s] Level 1:colcon.colcon_core.package_identification:_identify(ws_tools) by extensions ['colcon_meta']
[3.279s] Level 1:colcon.colcon_core.package_identification:_identify(ws_tools) by extension 'colcon_meta'
[3.279s] Level 1:colcon.colcon_core.package_identification:_identify(ws_tools) by extensions ['ros']
[3.279s] Level 1:colcon.colcon_core.package_identification:_identify(ws_tools) by extension 'ros'
[3.280s] Level 1:colcon.colcon_core.package_identification:_identify(ws_tools) by extensions ['cmake', 'python']
[3.280s] Level 1:colcon.colcon_core.package_identification:_identify(ws_tools) by extension 'cmake'
[3.280s] Level 1:colcon.colcon_core.package_identification:_identify(ws_tools) by extension 'python'
[3.280s] Level 1:colcon.colcon_core.package_identification:_identify(ws_tools) by extensions ['python_setup_py']
[3.280s] Level 1:colcon.colcon_core.package_identification:_identify(ws_tools) by extension 'python_setup_py'
[3.280s] Level 1:colcon.colcon_core.package_identification:_identify(ws_tools/build) by extensions ['ignore', 'ignore_ament_install']
[3.280s] Level 1:colcon.colcon_core.package_identification:_identify(ws_tools/build) by extension 'ignore'
[3.280s] Level 1:colcon.colcon_core.package_identification:_identify(ws_tools/build) ignored
[3.280s] Level 1:colcon.colcon_core.package_identification:_identify(ws_tools/install) by extensions ['ignore', 'ignore_ament_install']
[3.280s] Level 1:colcon.colcon_core.package_identification:_identify(ws_tools/install) by extension 'ignore'
[3.280s] Level 1:colcon.colcon_core.package_identification:_identify(ws_tools/install) ignored
[3.280s] Level 1:colcon.colcon_core.package_identification:_identify(ws_tools/log) by extensions ['ignore', 'ignore_ament_install']
[3.280s] Level 1:colcon.colcon_core.package_identification:_identify(ws_tools/log) by extension 'ignore'
[3.280s] Level 1:colcon.colcon_core.package_identification:_identify(ws_tools/log) ignored
[3.280s] Level 1:colcon.colcon_core.package_identification:_identify(ws_tools/my_bag) by extensions ['ignore', 'ignore_ament_install']
[3.281s] Level 1:colcon.colcon_core.package_identification:_identify(ws_tools/my_bag) by extension 'ignore'
[3.281s] Level 1:colcon.colcon_core.package_identification:_identify(ws_tools/my_bag) by extension 'ignore_ament_install'
[3.281s] Level 1:colcon.colcon_core.package_identification:_identify(ws_tools/my_bag) by extensions ['colcon_pkg']
[3.281s] Level 1:colcon.colcon_core.package_identification:_identify(ws_tools/my_bag) by extension 'colcon_pkg'
[3.281s] Level 1:colcon.colcon_core.package_identification:_identify(ws_tools/my_bag) by extensions ['colcon_meta']
[3.281s] Level 1:colcon.colcon_core.package_identification:_identify(ws_tools/my_bag) by extension 'colcon_meta'
[3.281s] Level 1:colcon.colcon_core.package_identification:_identify(ws_tools/my_bag) by extensions ['ros']
[3.281s] Level 1:colcon.colcon_core.package_identification:_identify(ws_tools/my_bag) by extension 'ros'
[3.281s] Level 1:colcon.colcon_core.package_identification:_identify(ws_tools/my_bag) by extensions ['cmake', 'python']
[3.281s] Level 1:colcon.colcon_core.package_identification:_identify(ws_tools/my_bag) by extension 'cmake'
[3.281s] Level 1:colcon.colcon_core.package_identification:_identify(ws_tools/my_bag) by extension 'python'
[3.281s] Level 1:colcon.colcon_core.package_identification:_identify(ws_tools/my_bag) by extensions ['python_setup_py']
[3.281s] Level 1:colcon.colcon_core.package_identification:_identify(ws_tools/my_bag) by extension 'python_setup_py'
[3.281s] Level 1:colcon.colcon_core.package_identification:_identify(ws_tools/src) by extensions ['ignore', 'ignore_ament_install']
[3.281s] Level 1:colcon.colcon_core.package_identification:_identify(ws_tools/src) by extension 'ignore'
[3.281s] Level 1:colcon.colcon_core.package_identification:_identify(ws_tools/src) by extension 'ignore_ament_install'
[3.281s] Level 1:colcon.colcon_core.package_identification:_identify(ws_tools/src) by extensions ['colcon_pkg']
[3.281s] Level 1:colcon.colcon_core.package_identification:_identify(ws_tools/src) by extension 'colcon_pkg'
[3.281s] Level 1:colcon.colcon_core.package_identification:_identify(ws_tools/src) by extensions ['colcon_meta']
[3.281s] Level 1:colcon.colcon_core.package_identification:_identify(ws_tools/src) by extension 'colcon_meta'
[3.281s] Level 1:colcon.colcon_core.package_identification:_identify(ws_tools/src) by extensions ['ros']
[3.281s] Level 1:colcon.colcon_core.package_identification:_identify(ws_tools/src) by extension 'ros'
[3.281s] Level 1:colcon.colcon_core.package_identification:_identify(ws_tools/src) by extensions ['cmake', 'python']
[3.282s] Level 1:colcon.colcon_core.package_identification:_identify(ws_tools/src) by extension 'cmake'
[3.282s] Level 1:colcon.colcon_core.package_identification:_identify(ws_tools/src) by extension 'python'
[3.282s] Level 1:colcon.colcon_core.package_identification:_identify(ws_tools/src) by extensions ['python_setup_py']
[3.282s] Level 1:colcon.colcon_core.package_identification:_identify(ws_tools/src) by extension 'python_setup_py'
[3.282s] Level 1:colcon.colcon_core.package_identification:_identify(ws_tools/src/cpp01_launch) by extensions ['ignore', 'ignore_ament_install']
[3.282s] Level 1:colcon.colcon_core.package_identification:_identify(ws_tools/src/cpp01_launch) by extension 'ignore'
[3.282s] Level 1:colcon.colcon_core.package_identification:_identify(ws_tools/src/cpp01_launch) by extension 'ignore_ament_install'
[3.282s] Level 1:colcon.colcon_core.package_identification:_identify(ws_tools/src/cpp01_launch) by extensions ['colcon_pkg']
[3.282s] Level 1:colcon.colcon_core.package_identification:_identify(ws_tools/src/cpp01_launch) by extension 'colcon_pkg'
[3.282s] Level 1:colcon.colcon_core.package_identification:_identify(ws_tools/src/cpp01_launch) by extensions ['colcon_meta']
[3.282s] Level 1:colcon.colcon_core.package_identification:_identify(ws_tools/src/cpp01_launch) by extension 'colcon_meta'
[3.282s] Level 1:colcon.colcon_core.package_identification:_identify(ws_tools/src/cpp01_launch) by extensions ['ros']
[3.282s] Level 1:colcon.colcon_core.package_identification:_identify(ws_tools/src/cpp01_launch) by extension 'ros'
[3.302s] DEBUG:colcon.colcon_core.package_identification:Package 'ws_tools/src/cpp01_launch' with type 'ros.ament_cmake' and name 'cpp01_launch'
[3.302s] Level 1:colcon.colcon_core.package_identification:_identify(ws_tools/src/cpp02_rosbag) by extensions ['ignore', 'ignore_ament_install']
[3.303s] Level 1:colcon.colcon_core.package_identification:_identify(ws_tools/src/cpp02_rosbag) by extension 'ignore'
[3.303s] Level 1:colcon.colcon_core.package_identification:_identify(ws_tools/src/cpp02_rosbag) by extension 'ignore_ament_install'
[3.303s] Level 1:colcon.colcon_core.package_identification:_identify(ws_tools/src/cpp02_rosbag) by extensions ['colcon_pkg']
[3.303s] Level 1:colcon.colcon_core.package_identification:_identify(ws_tools/src/cpp02_rosbag) by extension 'colcon_pkg'
[3.303s] Level 1:colcon.colcon_core.package_identification:_identify(ws_tools/src/cpp02_rosbag) by extensions ['colcon_meta']
[3.303s] Level 1:colcon.colcon_core.package_identification:_identify(ws_tools/src/cpp02_rosbag) by extension 'colcon_meta'
[3.303s] Level 1:colcon.colcon_core.package_identification:_identify(ws_tools/src/cpp02_rosbag) by extensions ['ros']
[3.303s] Level 1:colcon.colcon_core.package_identification:_identify(ws_tools/src/cpp02_rosbag) by extension 'ros'
[3.320s] DEBUG:colcon.colcon_core.package_identification:Package 'ws_tools/src/cpp02_rosbag' with type 'ros.ament_cmake' and name 'cpp02_rosbag'
[3.320s] Level 1:colcon.colcon_core.package_identification:_identify(ws_tools/src/cpp03_tf_broadcaster) by extensions ['ignore', 'ignore_ament_install']
[3.320s] Level 1:colcon.colcon_core.package_identification:_identify(ws_tools/src/cpp03_tf_broadcaster) by extension 'ignore'
[3.321s] Level 1:colcon.colcon_core.package_identification:_identify(ws_tools/src/cpp03_tf_broadcaster) by extension 'ignore_ament_install'
[3.321s] Level 1:colcon.colcon_core.package_identification:_identify(ws_tools/src/cpp03_tf_broadcaster) by extensions ['colcon_pkg']
[3.321s] Level 1:colcon.colcon_core.package_identification:_identify(ws_tools/src/cpp03_tf_broadcaster) by extension 'colcon_pkg'
[3.321s] Level 1:colcon.colcon_core.package_identification:_identify(ws_tools/src/cpp03_tf_broadcaster) by extensions ['colcon_meta']
[3.321s] Level 1:colcon.colcon_core.package_identification:_identify(ws_tools/src/cpp03_tf_broadcaster) by extension 'colcon_meta'
[3.321s] Level 1:colcon.colcon_core.package_identification:_identify(ws_tools/src/cpp03_tf_broadcaster) by extensions ['ros']
[3.321s] Level 1:colcon.colcon_core.package_identification:_identify(ws_tools/src/cpp03_tf_broadcaster) by extension 'ros'
[3.338s] DEBUG:colcon.colcon_core.package_identification:Package 'ws_tools/src/cpp03_tf_broadcaster' with type 'ros.ament_cmake' and name 'cpp03_tf_broadcaster'
[3.338s] Level 1:colcon.colcon_core.package_identification:_identify(ws_tools/src/cpp04_tf_listener) by extensions ['ignore', 'ignore_ament_install']
[3.338s] Level 1:colcon.colcon_core.package_identification:_identify(ws_tools/src/cpp04_tf_listener) by extension 'ignore'
[3.339s] Level 1:colcon.colcon_core.package_identification:_identify(ws_tools/src/cpp04_tf_listener) by extension 'ignore_ament_install'
[3.339s] Level 1:colcon.colcon_core.package_identification:_identify(ws_tools/src/cpp04_tf_listener) by extensions ['colcon_pkg']
[3.339s] Level 1:colcon.colcon_core.package_identification:_identify(ws_tools/src/cpp04_tf_listener) by extension 'colcon_pkg'
[3.339s] Level 1:colcon.colcon_core.package_identification:_identify(ws_tools/src/cpp04_tf_listener) by extensions ['colcon_meta']
[3.339s] Level 1:colcon.colcon_core.package_identification:_identify(ws_tools/src/cpp04_tf_listener) by extension 'colcon_meta'
[3.339s] Level 1:colcon.colcon_core.package_identification:_identify(ws_tools/src/cpp04_tf_listener) by extensions ['ros']
[3.339s] Level 1:colcon.colcon_core.package_identification:_identify(ws_tools/src/cpp04_tf_listener) by extension 'ros'
[3.339s] DEBUG:colcon.colcon_core.package_identification:Package 'ws_tools/src/cpp04_tf_listener' with type 'ros.ament_cmake' and name 'cpp04_tf_listener'
[3.340s] Level 1:colcon.colcon_core.package_identification:_identify(ws_tools/src/cpp05_exercise) by extensions ['ignore', 'ignore_ament_install']
[3.340s] Level 1:colcon.colcon_core.package_identification:_identify(ws_tools/src/cpp05_exercise) by extension 'ignore'
[3.340s] Level 1:colcon.colcon_core.package_identification:_identify(ws_tools/src/cpp05_exercise) by extension 'ignore_ament_install'
[3.340s] Level 1:colcon.colcon_core.package_identification:_identify(ws_tools/src/cpp05_exercise) by extensions ['colcon_pkg']
[3.340s] Level 1:colcon.colcon_core.package_identification:_identify(ws_tools/src/cpp05_exercise) by extension 'colcon_pkg'
[3.340s] Level 1:colcon.colcon_core.package_identification:_identify(ws_tools/src/cpp05_exercise) by extensions ['colcon_meta']
[3.340s] Level 1:colcon.colcon_core.package_identification:_identify(ws_tools/src/cpp05_exercise) by extension 'colcon_meta'
[3.340s] Level 1:colcon.colcon_core.package_identification:_identify(ws_tools/src/cpp05_exercise) by extensions ['ros']
[3.340s] Level 1:colcon.colcon_core.package_identification:_identify(ws_tools/src/cpp05_exercise) by extension 'ros'
[3.341s] DEBUG:colcon.colcon_core.package_identification:Package 'ws_tools/src/cpp05_exercise' with type 'ros.ament_cmake' and name 'cpp05_exercise'
[3.341s] Level 1:colcon.colcon_core.package_discovery:discover_packages(recursive) using defaults
[3.341s] Level 1:colcon.colcon_core.package_discovery:discover_packages(ignore) discover
[3.341s] Level 1:colcon.colcon_core.package_discovery:discover_packages(ignore) using defaults
[3.341s] Level 1:colcon.colcon_core.package_discovery:discover_packages(path) discover
[3.341s] Level 1:colcon.colcon_core.package_discovery:discover_packages(path) using defaults
[3.468s] INFO:colcon.colcon_core.package_selection:Skipping not selected package 'base_interface_demo' in 'ws_correspond/topic_ros/src/base_interface_demo'
[3.469s] INFO:colcon.colcon_core.package_selection:Skipping not selected package 'base_interfaces_demo' in 'ws_correspond/action_ros/src/base_interfaces_demo'
[3.469s] INFO:colcon.colcon_core.package_selection:Skipping not selected package 'base_interfaces_demo' in 'ws_correspond/exercise_ros/src/base_interfaces_demo'
[3.469s] INFO:colcon.colcon_core.package_selection:Skipping not selected package 'base_interfaces_demo' in 'ws_correspond/server_ros/src/base_interfaces_demo'
[3.469s] INFO:colcon.colcon_core.package_selection:Skipping not selected package 'cpp01_launch' in 'ws_tools/src/cpp01_launch'
[3.469s] INFO:colcon.colcon_core.package_selection:Skipping not selected package 'cpp02_rosbag' in 'ws_tools/src/cpp02_rosbag'
[3.469s] INFO:colcon.colcon_core.package_selection:Skipping not selected package 'cpp03_tf_broadcaster' in 'ws_tools/src/cpp03_tf_broadcaster'
[3.469s] INFO:colcon.colcon_core.package_selection:Skipping not selected package 'cpp04_param' in 'ws_correspond/param_ros/src/cpp04_param'
[3.469s] INFO:colcon.colcon_core.package_selection:Skipping not selected package 'cpp04_tf_listener' in 'ws_tools/src/cpp04_tf_listener'
[3.469s] INFO:colcon.colcon_core.package_selection:Skipping not selected package 'first_hello_test' in 'ws_correspond/server_ros/src/first_hello_test'
[3.469s] INFO:colcon.colcon_core.package_selection:Skipping not selected package 'first_helloworld_cpp' in 'first_ros/src/first_helloworld_cpp'
[3.469s] INFO:colcon.colcon_core.package_selection:Skipping not selected package 'topic_test_cpp' in 'ws_correspond/topic_ros/src/topic_test_cpp'
[3.469s] INFO:colcon.colcon_core.package_selection:Skipping not selected package 'cpp01_topic' in 'ws_correspond/topic_ros/src/cpp01_topic'
[3.469s] INFO:colcon.colcon_core.package_selection:Skipping not selected package 'cpp02_server' in 'ws_correspond/server_ros/src/cpp02_server'
[3.469s] INFO:colcon.colcon_core.package_selection:Skipping not selected package 'cpp03_action' in 'ws_correspond/action_ros/src/cpp03_action'
[3.469s] INFO:colcon.colcon_core.package_selection:Skipping not selected package 'cpp07_exercise' in 'ws_correspond/exercise_ros/src/cpp07_exercise'
[3.470s] Level 1:colcon.colcon_core.package_discovery:discover_packages(prefix_path) check parameters
[3.470s] Level 1:colcon.colcon_core.package_discovery:discover_packages(prefix_path) discover
[3.472s] DEBUG:colcon.colcon_installed_package_information.package_discovery:Found 1 installed packages in /home/sophia/workspace/about_ros/code/about_ros2/install
[3.473s] DEBUG:colcon.colcon_installed_package_information.package_discovery:Found 5 installed packages in /home/sophia/workspace/about_ros/code/about_ros2/ws_tools/install
[3.475s] DEBUG:colcon.colcon_installed_package_information.package_discovery:Found 272 installed packages in /opt/ros/humble
[3.476s] Level 1:colcon.colcon_core.package_discovery:discover_packages(prefix_path) using defaults
[3.528s] Level 5:colcon.colcon_core.verb:set package 'cpp05_exercise' build argument 'cmake_args' from command line to 'None'
[3.528s] Level 5:colcon.colcon_core.verb:set package 'cpp05_exercise' build argument 'cmake_target' from command line to 'None'
[3.528s] Level 5:colcon.colcon_core.verb:set package 'cpp05_exercise' build argument 'cmake_target_skip_unavailable' from command line to 'False'
[3.529s] Level 5:colcon.colcon_core.verb:set package 'cpp05_exercise' build argument 'cmake_clean_cache' from command line to 'False'
[3.529s] Level 5:colcon.colcon_core.verb:set package 'cpp05_exercise' build argument 'cmake_clean_first' from command line to 'False'
[3.529s] Level 5:colcon.colcon_core.verb:set package 'cpp05_exercise' build argument 'cmake_force_configure' from command line to 'False'
[3.529s] Level 5:colcon.colcon_core.verb:set package 'cpp05_exercise' build argument 'ament_cmake_args' from command line to 'None'
[3.529s] Level 5:colcon.colcon_core.verb:set package 'cpp05_exercise' build argument 'catkin_cmake_args' from command line to 'None'
[3.529s] Level 5:colcon.colcon_core.verb:set package 'cpp05_exercise' build argument 'catkin_skip_building_tests' from command line to 'False'
[3.529s] DEBUG:colcon.colcon_core.verb:Building package 'cpp05_exercise' with the following arguments: {'ament_cmake_args': None, 'build_base': '/home/sophia/workspace/about_ros/code/about_ros2/build/cpp05_exercise', 'catkin_cmake_args': None, 'catkin_skip_building_tests': False, 'cmake_args': None, 'cmake_clean_cache': False, 'cmake_clean_first': False, 'cmake_force_configure': False, 'cmake_target': None, 'cmake_target_skip_unavailable': False, 'install_base': '/home/sophia/workspace/about_ros/code/about_ros2/install/cpp05_exercise', 'merge_install': False, 'path': '/home/sophia/workspace/about_ros/code/about_ros2/ws_tools/src/cpp05_exercise', 'symlink_install': False, 'test_result_base': None}
[3.529s] INFO:colcon.colcon_core.executor:Executing jobs using 'parallel' executor
[3.532s] DEBUG:colcon.colcon_parallel_executor.executor.parallel:run_until_complete
[3.533s] INFO:colcon.colcon_ros.task.ament_cmake.build:Building ROS package in '/home/sophia/workspace/about_ros/code/about_ros2/ws_tools/src/cpp05_exercise' with build type 'ament_cmake'
[3.533s] INFO:colcon.colcon_cmake.task.cmake.build:Building CMake package in '/home/sophia/workspace/about_ros/code/about_ros2/ws_tools/src/cpp05_exercise'
[3.540s] INFO:colcon.colcon_core.plugin_system:Skipping extension 'colcon_core.shell.bat': Not used on non-Windows systems
[3.540s] INFO:colcon.colcon_core.shell:Skip shell extension 'powershell' for command environment: Not usable outside of PowerShell
[3.540s] DEBUG:colcon.colcon_core.shell:Skip shell extension 'dsv' for command environment
[3.566s] DEBUG:colcon.colcon_core.event_handler.log_command:Invoking command in '/home/sophia/workspace/about_ros/code/about_ros2/build/cpp05_exercise': CMAKE_PREFIX_PATH=${CMAKE_PREFIX_PATH}:/opt/ros/humble /bin/cmake --build /home/sophia/workspace/about_ros/code/about_ros2/build/cpp05_exercise -- -j8 -l8
[3.800s] DEBUG:colcon.colcon_core.event_handler.log_command:Invoked command in '/home/sophia/workspace/about_ros/code/about_ros2/build/cpp05_exercise' returned '0': CMAKE_PREFIX_PATH=${CMAKE_PREFIX_PATH}:/opt/ros/humble /bin/cmake --build /home/sophia/workspace/about_ros/code/about_ros2/build/cpp05_exercise -- -j8 -l8
[3.838s] DEBUG:colcon.colcon_core.event_handler.log_command:Invoking command in '/home/sophia/workspace/about_ros/code/about_ros2/build/cpp05_exercise': CMAKE_PREFIX_PATH=${CMAKE_PREFIX_PATH}:/opt/ros/humble /bin/cmake --install /home/sophia/workspace/about_ros/code/about_ros2/build/cpp05_exercise
[3.849s] Level 1:colcon.colcon_core.environment:create_environment_scripts_only(cpp05_exercise)
[3.850s] DEBUG:colcon.colcon_core.event_handler.log_command:Invoked command in '/home/sophia/workspace/about_ros/code/about_ros2/build/cpp05_exercise' returned '0': CMAKE_PREFIX_PATH=${CMAKE_PREFIX_PATH}:/opt/ros/humble /bin/cmake --install /home/sophia/workspace/about_ros/code/about_ros2/build/cpp05_exercise
[3.855s] Level 1:colcon.colcon_core.environment:checking '/home/sophia/workspace/about_ros/code/about_ros2/install/cpp05_exercise' for CMake module files
[3.856s] Level 1:colcon.colcon_core.environment:checking '/home/sophia/workspace/about_ros/code/about_ros2/install/cpp05_exercise' for CMake config files
[3.856s] Level 1:colcon.colcon_core.shell:create_environment_hook('cpp05_exercise', 'cmake_prefix_path')
[3.858s] INFO:colcon.colcon_core.shell:Creating environment hook '/home/sophia/workspace/about_ros/code/about_ros2/install/cpp05_exercise/share/cpp05_exercise/hook/cmake_prefix_path.ps1'
[3.858s] INFO:colcon.colcon_core.shell:Creating environment descriptor '/home/sophia/workspace/about_ros/code/about_ros2/install/cpp05_exercise/share/cpp05_exercise/hook/cmake_prefix_path.dsv'
[3.859s] INFO:colcon.colcon_core.shell:Creating environment hook '/home/sophia/workspace/about_ros/code/about_ros2/install/cpp05_exercise/share/cpp05_exercise/hook/cmake_prefix_path.sh'
[3.860s] Level 1:colcon.colcon_core.environment:checking '/home/sophia/workspace/about_ros/code/about_ros2/install/cpp05_exercise/lib'
[3.860s] Level 1:colcon.colcon_core.environment:checking '/home/sophia/workspace/about_ros/code/about_ros2/install/cpp05_exercise/bin'
[3.860s] Level 1:colcon.colcon_core.environment:checking '/home/sophia/workspace/about_ros/code/about_ros2/install/cpp05_exercise/lib/pkgconfig/cpp05_exercise.pc'
[3.860s] Level 1:colcon.colcon_core.environment:checking '/home/sophia/workspace/about_ros/code/about_ros2/install/cpp05_exercise/lib/python3.10/site-packages'
[3.861s] Level 1:colcon.colcon_core.environment:checking '/home/sophia/workspace/about_ros/code/about_ros2/install/cpp05_exercise/bin'
[3.862s] INFO:colcon.colcon_core.shell:Creating package script '/home/sophia/workspace/about_ros/code/about_ros2/install/cpp05_exercise/share/cpp05_exercise/package.ps1'
[3.863s] INFO:colcon.colcon_core.shell:Creating package descriptor '/home/sophia/workspace/about_ros/code/about_ros2/install/cpp05_exercise/share/cpp05_exercise/package.dsv'
[3.863s] INFO:colcon.colcon_core.shell:Creating package script '/home/sophia/workspace/about_ros/code/about_ros2/install/cpp05_exercise/share/cpp05_exercise/package.sh'
[3.864s] INFO:colcon.colcon_core.shell:Creating package script '/home/sophia/workspace/about_ros/code/about_ros2/install/cpp05_exercise/share/cpp05_exercise/package.bash'
[3.865s] INFO:colcon.colcon_core.shell:Creating package script '/home/sophia/workspace/about_ros/code/about_ros2/install/cpp05_exercise/share/cpp05_exercise/package.zsh'
[3.866s] Level 1:colcon.colcon_core.environment:create_file_with_runtime_dependencies(/home/sophia/workspace/about_ros/code/about_ros2/install/cpp05_exercise/share/colcon-core/packages/cpp05_exercise)
[3.897s] Level 1:colcon.colcon_core.environment:create_environment_scripts_only(cpp05_exercise)
[3.900s] Level 1:colcon.colcon_core.environment:checking '/home/sophia/workspace/about_ros/code/about_ros2/install/cpp05_exercise' for CMake module files
[3.900s] Level 1:colcon.colcon_core.environment:checking '/home/sophia/workspace/about_ros/code/about_ros2/install/cpp05_exercise' for CMake config files
[3.901s] Level 1:colcon.colcon_core.shell:create_environment_hook('cpp05_exercise', 'cmake_prefix_path')
[3.902s] INFO:colcon.colcon_core.shell:Creating environment hook '/home/sophia/workspace/about_ros/code/about_ros2/install/cpp05_exercise/share/cpp05_exercise/hook/cmake_prefix_path.ps1'
[3.902s] INFO:colcon.colcon_core.shell:Creating environment descriptor '/home/sophia/workspace/about_ros/code/about_ros2/install/cpp05_exercise/share/cpp05_exercise/hook/cmake_prefix_path.dsv'
[3.902s] INFO:colcon.colcon_core.shell:Creating environment hook '/home/sophia/workspace/about_ros/code/about_ros2/install/cpp05_exercise/share/cpp05_exercise/hook/cmake_prefix_path.sh'
[3.903s] Level 1:colcon.colcon_core.environment:checking '/home/sophia/workspace/about_ros/code/about_ros2/install/cpp05_exercise/lib'
[3.903s] Level 1:colcon.colcon_core.environment:checking '/home/sophia/workspace/about_ros/code/about_ros2/install/cpp05_exercise/bin'
[3.903s] Level 1:colcon.colcon_core.environment:checking '/home/sophia/workspace/about_ros/code/about_ros2/install/cpp05_exercise/lib/pkgconfig/cpp05_exercise.pc'
[3.904s] Level 1:colcon.colcon_core.environment:checking '/home/sophia/workspace/about_ros/code/about_ros2/install/cpp05_exercise/lib/python3.10/site-packages'
[3.904s] Level 1:colcon.colcon_core.environment:checking '/home/sophia/workspace/about_ros/code/about_ros2/install/cpp05_exercise/bin'
[3.905s] INFO:colcon.colcon_core.shell:Creating package script '/home/sophia/workspace/about_ros/code/about_ros2/install/cpp05_exercise/share/cpp05_exercise/package.ps1'
[3.906s] INFO:colcon.colcon_core.shell:Creating package descriptor '/home/sophia/workspace/about_ros/code/about_ros2/install/cpp05_exercise/share/cpp05_exercise/package.dsv'
[3.906s] INFO:colcon.colcon_core.shell:Creating package script '/home/sophia/workspace/about_ros/code/about_ros2/install/cpp05_exercise/share/cpp05_exercise/package.sh'
[3.906s] INFO:colcon.colcon_core.shell:Creating package script '/home/sophia/workspace/about_ros/code/about_ros2/install/cpp05_exercise/share/cpp05_exercise/package.bash'
[3.907s] INFO:colcon.colcon_core.shell:Creating package script '/home/sophia/workspace/about_ros/code/about_ros2/install/cpp05_exercise/share/cpp05_exercise/package.zsh'
[3.907s] Level 1:colcon.colcon_core.environment:create_file_with_runtime_dependencies(/home/sophia/workspace/about_ros/code/about_ros2/install/cpp05_exercise/share/colcon-core/packages/cpp05_exercise)
[3.907s] DEBUG:colcon.colcon_parallel_executor.executor.parallel:closing loop
[3.908s] DEBUG:colcon.colcon_parallel_executor.executor.parallel:loop closed
[3.908s] DEBUG:colcon.colcon_parallel_executor.executor.parallel:run_until_complete finished with '0'
[3.908s] DEBUG:colcon.colcon_core.event_reactor:joining thread
[3.914s] INFO:colcon.colcon_core.plugin_system:Skipping extension 'colcon_notification.desktop_notification.terminal_notifier': Not used on non-Darwin systems
[3.914s] INFO:colcon.colcon_core.plugin_system:Skipping extension 'colcon_notification.desktop_notification.win32': Not used on non-Windows systems
[3.914s] INFO:colcon.colcon_notification.desktop_notification:Sending desktop notification using 'notify2'
[3.925s] DEBUG:colcon.colcon_core.event_reactor:joined thread
[3.926s] INFO:colcon.colcon_core.shell:Creating prefix script '/home/sophia/workspace/about_ros/code/about_ros2/install/local_setup.ps1'
[3.927s] INFO:colcon.colcon_core.shell:Creating prefix util module '/home/sophia/workspace/about_ros/code/about_ros2/install/_local_setup_util_ps1.py'
[3.928s] INFO:colcon.colcon_core.shell:Creating prefix chain script '/home/sophia/workspace/about_ros/code/about_ros2/install/setup.ps1'
[3.929s] INFO:colcon.colcon_core.shell:Creating prefix script '/home/sophia/workspace/about_ros/code/about_ros2/install/local_setup.sh'
[3.930s] INFO:colcon.colcon_core.shell:Creating prefix util module '/home/sophia/workspace/about_ros/code/about_ros2/install/_local_setup_util_sh.py'
[3.930s] INFO:colcon.colcon_core.shell:Creating prefix chain script '/home/sophia/workspace/about_ros/code/about_ros2/install/setup.sh'
[3.932s] INFO:colcon.colcon_core.shell:Creating prefix script '/home/sophia/workspace/about_ros/code/about_ros2/install/local_setup.bash'
[3.932s] INFO:colcon.colcon_core.shell:Creating prefix chain script '/home/sophia/workspace/about_ros/code/about_ros2/install/setup.bash'
[3.933s] INFO:colcon.colcon_core.shell:Creating prefix script '/home/sophia/workspace/about_ros/code/about_ros2/install/local_setup.zsh'
[3.934s] INFO:colcon.colcon_core.shell:Creating prefix chain script '/home/sophia/workspace/about_ros/code/about_ros2/install/setup.zsh'
