[0.015s] Invoking command in '/home/sophia/workspace/about_ros/code/about_ros2/exercise_ros/build/base_interfaces_demo': CMAKE_PREFIX_PATH=${CMAKE_PREFIX_PATH}:/opt/ros/humble /usr/bin/cmake /home/sophia/workspace/about_ros/code/about_ros2/exercise_ros/src/base_interfaces_demo -DCMAKE_INSTALL_PREFIX=/home/sophia/workspace/about_ros/code/about_ros2/exercise_ros/install/base_interfaces_demo
[0.065s] -- The C compiler identification is GNU 11.4.0
[0.118s] -- The CXX compiler identification is GNU 11.4.0
[0.125s] -- Detecting C compiler ABI info
[0.189s] -- Detecting C compiler ABI info - done
[0.196s] -- Check for working C compiler: /usr/bin/cc - skipped
[0.196s] -- Detecting C compile features
[0.197s] -- Detecting C compile features - done
[0.200s] -- Detecting CXX compiler ABI info
[0.273s] -- Detecting CXX compiler ABI info - done
[0.283s] -- Check for working CXX compiler: /usr/bin/c++ - skipped
[0.283s] -- Detecting CXX compile features
[0.283s] -- Detecting CXX compile features - done
[0.286s] -- Found ament_cmake: 1.3.5 (/opt/ros/humble/share/ament_cmake/cmake)
[0.617s] -- Found Python3: /usr/bin/python3.10 (found version "3.10.12") found components: Interpreter 
[0.708s] -- Found ament_lint_auto: 0.12.7 (/opt/ros/humble/share/ament_lint_auto/cmake)
[0.786s] -- Added test 'lint_cmake' to check CMake code style
[0.788s] -- Added test 'xmllint' to check XML markup files
[0.789s] -- Configuring done
[0.792s] -- Generating done
[0.793s] -- Build files have been written to: /home/sophia/workspace/about_ros/code/about_ros2/exercise_ros/build/base_interfaces_demo
[0.798s] Invoked command in '/home/sophia/workspace/about_ros/code/about_ros2/exercise_ros/build/base_interfaces_demo' returned '0': CMAKE_PREFIX_PATH=${CMAKE_PREFIX_PATH}:/opt/ros/humble /usr/bin/cmake /home/sophia/workspace/about_ros/code/about_ros2/exercise_ros/src/base_interfaces_demo -DCMAKE_INSTALL_PREFIX=/home/sophia/workspace/about_ros/code/about_ros2/exercise_ros/install/base_interfaces_demo
[0.799s] Invoking command in '/home/sophia/workspace/about_ros/code/about_ros2/exercise_ros/build/base_interfaces_demo': CMAKE_PREFIX_PATH=${CMAKE_PREFIX_PATH}:/opt/ros/humble /usr/bin/cmake --build /home/sophia/workspace/about_ros/code/about_ros2/exercise_ros/build/base_interfaces_demo -- -j8 -l8
[0.834s] Invoked command in '/home/sophia/workspace/about_ros/code/about_ros2/exercise_ros/build/base_interfaces_demo' returned '0': CMAKE_PREFIX_PATH=${CMAKE_PREFIX_PATH}:/opt/ros/humble /usr/bin/cmake --build /home/sophia/workspace/about_ros/code/about_ros2/exercise_ros/build/base_interfaces_demo -- -j8 -l8
[0.865s] Invoking command in '/home/sophia/workspace/about_ros/code/about_ros2/exercise_ros/build/base_interfaces_demo': CMAKE_PREFIX_PATH=${CMAKE_PREFIX_PATH}:/opt/ros/humble /usr/bin/cmake --install /home/sophia/workspace/about_ros/code/about_ros2/exercise_ros/build/base_interfaces_demo
[0.872s] -- Install configuration: ""
[0.872s] -- Installing: /home/sophia/workspace/about_ros/code/about_ros2/exercise_ros/install/base_interfaces_demo/share/ament_index/resource_index/package_run_dependencies/base_interfaces_demo
[0.872s] -- Installing: /home/sophia/workspace/about_ros/code/about_ros2/exercise_ros/install/base_interfaces_demo/share/ament_index/resource_index/parent_prefix_path/base_interfaces_demo
[0.872s] -- Installing: /home/sophia/workspace/about_ros/code/about_ros2/exercise_ros/install/base_interfaces_demo/share/base_interfaces_demo/environment/ament_prefix_path.sh
[0.872s] -- Installing: /home/sophia/workspace/about_ros/code/about_ros2/exercise_ros/install/base_interfaces_demo/share/base_interfaces_demo/environment/ament_prefix_path.dsv
[0.873s] -- Installing: /home/sophia/workspace/about_ros/code/about_ros2/exercise_ros/install/base_interfaces_demo/share/base_interfaces_demo/environment/path.sh
[0.873s] -- Installing: /home/sophia/workspace/about_ros/code/about_ros2/exercise_ros/install/base_interfaces_demo/share/base_interfaces_demo/environment/path.dsv
[0.873s] -- Installing: /home/sophia/workspace/about_ros/code/about_ros2/exercise_ros/install/base_interfaces_demo/share/base_interfaces_demo/local_setup.bash
[0.873s] -- Installing: /home/sophia/workspace/about_ros/code/about_ros2/exercise_ros/install/base_interfaces_demo/share/base_interfaces_demo/local_setup.sh
[0.873s] -- Installing: /home/sophia/workspace/about_ros/code/about_ros2/exercise_ros/install/base_interfaces_demo/share/base_interfaces_demo/local_setup.zsh
[0.873s] -- Installing: /home/sophia/workspace/about_ros/code/about_ros2/exercise_ros/install/base_interfaces_demo/share/base_interfaces_demo/local_setup.dsv
[0.873s] -- Installing: /home/sophia/workspace/about_ros/code/about_ros2/exercise_ros/install/base_interfaces_demo/share/base_interfaces_demo/package.dsv
[0.874s] -- Installing: /home/sophia/workspace/about_ros/code/about_ros2/exercise_ros/install/base_interfaces_demo/share/ament_index/resource_index/packages/base_interfaces_demo
[0.874s] -- Installing: /home/sophia/workspace/about_ros/code/about_ros2/exercise_ros/install/base_interfaces_demo/share/base_interfaces_demo/cmake/base_interfaces_demoConfig.cmake
[0.874s] -- Installing: /home/sophia/workspace/about_ros/code/about_ros2/exercise_ros/install/base_interfaces_demo/share/base_interfaces_demo/cmake/base_interfaces_demoConfig-version.cmake
[0.874s] -- Installing: /home/sophia/workspace/about_ros/code/about_ros2/exercise_ros/install/base_interfaces_demo/share/base_interfaces_demo/package.xml
[0.877s] Invoked command in '/home/sophia/workspace/about_ros/code/about_ros2/exercise_ros/build/base_interfaces_demo' returned '0': CMAKE_PREFIX_PATH=${CMAKE_PREFIX_PATH}:/opt/ros/humble /usr/bin/cmake --install /home/sophia/workspace/about_ros/code/about_ros2/exercise_ros/build/base_interfaces_demo
