[0.015s] Invoking command in '/home/sophia/workspace/about_ros/code/about_ros2/build/cpp05_exercise': CMAKE_PREFIX_PATH=${CMAKE_PREFIX_PATH}:/opt/ros/humble /bin/cmake --build /home/sophia/workspace/about_ros/code/about_ros2/build/cpp05_exercise -- -j8 -l8
[0.137s] [ 66%] Built target exer02_tf_broadcaster
[0.137s] [ 66%] Built target exer01_tf_spawn
[0.137s] [100%] Built target exer03_tf_listener
[0.148s] Invoked command in '/home/sophia/workspace/about_ros/code/about_ros2/build/cpp05_exercise' returned '0': CMAKE_PREFIX_PATH=${CMAKE_PREFIX_PATH}:/opt/ros/humble /bin/cmake --build /home/sophia/workspace/about_ros/code/about_ros2/build/cpp05_exercise -- -j8 -l8
[0.184s] Invoking command in '/home/sophia/workspace/about_ros/code/about_ros2/build/cpp05_exercise': CMAKE_PREFIX_PATH=${CMAKE_PREFIX_PATH}:/opt/ros/humble /bin/cmake --install /home/sophia/workspace/about_ros/code/about_ros2/build/cpp05_exercise
[0.191s] -- Install configuration: ""
[0.191s] -- Up-to-date: /home/sophia/workspace/about_ros/code/about_ros2/install/cpp05_exercise/lib/cpp05_exercise/exer01_tf_spawn
[0.192s] -- Up-to-date: /home/sophia/workspace/about_ros/code/about_ros2/install/cpp05_exercise/lib/cpp05_exercise/exer02_tf_broadcaster
[0.192s] -- Up-to-date: /home/sophia/workspace/about_ros/code/about_ros2/install/cpp05_exercise/lib/cpp05_exercise/exer03_tf_listener
[0.192s] -- Up-to-date: /home/sophia/workspace/about_ros/code/about_ros2/install/cpp05_exercise/share/cpp05_exercise/launch
[0.193s] -- Up-to-date: /home/sophia/workspace/about_ros/code/about_ros2/install/cpp05_exercise/share/cpp05_exercise/launch/follow_launch.py
[0.193s] -- Installing: /home/sophia/workspace/about_ros/code/about_ros2/install/cpp05_exercise/share/cpp05_exercise/launch/escort_launch.py
[0.193s] -- Up-to-date: /home/sophia/workspace/about_ros/code/about_ros2/install/cpp05_exercise/share/ament_index/resource_index/package_run_dependencies/cpp05_exercise
[0.193s] -- Up-to-date: /home/sophia/workspace/about_ros/code/about_ros2/install/cpp05_exercise/share/ament_index/resource_index/parent_prefix_path/cpp05_exercise
[0.193s] -- Up-to-date: /home/sophia/workspace/about_ros/code/about_ros2/install/cpp05_exercise/share/cpp05_exercise/environment/ament_prefix_path.sh
[0.193s] -- Up-to-date: /home/sophia/workspace/about_ros/code/about_ros2/install/cpp05_exercise/share/cpp05_exercise/environment/ament_prefix_path.dsv
[0.193s] -- Up-to-date: /home/sophia/workspace/about_ros/code/about_ros2/install/cpp05_exercise/share/cpp05_exercise/environment/path.sh
[0.193s] -- Up-to-date: /home/sophia/workspace/about_ros/code/about_ros2/install/cpp05_exercise/share/cpp05_exercise/environment/path.dsv
[0.193s] -- Up-to-date: /home/sophia/workspace/about_ros/code/about_ros2/install/cpp05_exercise/share/cpp05_exercise/local_setup.bash
[0.193s] -- Up-to-date: /home/sophia/workspace/about_ros/code/about_ros2/install/cpp05_exercise/share/cpp05_exercise/local_setup.sh
[0.193s] -- Up-to-date: /home/sophia/workspace/about_ros/code/about_ros2/install/cpp05_exercise/share/cpp05_exercise/local_setup.zsh
[0.194s] -- Up-to-date: /home/sophia/workspace/about_ros/code/about_ros2/install/cpp05_exercise/share/cpp05_exercise/local_setup.dsv
[0.194s] -- Installing: /home/sophia/workspace/about_ros/code/about_ros2/install/cpp05_exercise/share/cpp05_exercise/package.dsv
[0.194s] -- Up-to-date: /home/sophia/workspace/about_ros/code/about_ros2/install/cpp05_exercise/share/ament_index/resource_index/packages/cpp05_exercise
[0.194s] -- Up-to-date: /home/sophia/workspace/about_ros/code/about_ros2/install/cpp05_exercise/share/cpp05_exercise/cmake/cpp05_exerciseConfig.cmake
[0.194s] -- Up-to-date: /home/sophia/workspace/about_ros/code/about_ros2/install/cpp05_exercise/share/cpp05_exercise/cmake/cpp05_exerciseConfig-version.cmake
[0.194s] -- Up-to-date: /home/sophia/workspace/about_ros/code/about_ros2/install/cpp05_exercise/share/cpp05_exercise/package.xml
[0.195s] Invoked command in '/home/sophia/workspace/about_ros/code/about_ros2/build/cpp05_exercise' returned '0': CMAKE_PREFIX_PATH=${CMAKE_PREFIX_PATH}:/opt/ros/humble /bin/cmake --install /home/sophia/workspace/about_ros/code/about_ros2/build/cpp05_exercise
