[0.018s] Invoking command in '/home/sophia/workspace/about_ros/code/about_ros2/ws_tools/build/cpp05_exercise': CMAKE_PREFIX_PATH=${CMAKE_PREFIX_PATH}:/opt/ros/humble /bin/cmake --build /home/sophia/workspace/about_ros/code/about_ros2/ws_tools/build/cpp05_exercise -- -j8 -l8
[0.119s] [35m[1mConsolidate compiler generated dependencies of target exer03_tf_listener[0m
[0.135s] [ 33%] Built target exer01_tf_spawn
[0.160s] [ 66%] Built target exer03_tf_listener
[0.181s] [100%] Built target exer02_tf_broadcaster
[0.193s] Invoked command in '/home/sophia/workspace/about_ros/code/about_ros2/ws_tools/build/cpp05_exercise' returned '0': CMAKE_PREFIX_PATH=${CMAKE_PREFIX_PATH}:/opt/ros/humble /bin/cmake --build /home/sophia/workspace/about_ros/code/about_ros2/ws_tools/build/cpp05_exercise -- -j8 -l8
[0.239s] Invoking command in '/home/sophia/workspace/about_ros/code/about_ros2/ws_tools/build/cpp05_exercise': CMAKE_PREFIX_PATH=${CMAKE_PREFIX_PATH}:/opt/ros/humble /bin/cmake --install /home/sophia/workspace/about_ros/code/about_ros2/ws_tools/build/cpp05_exercise
[0.248s] -- Install configuration: ""
[0.278s] -- Up-to-date: /home/sophia/workspace/about_ros/code/about_ros2/ws_tools/install/cpp05_exercise/lib/cpp05_exercise/exer01_tf_spawn
[0.303s] -- Up-to-date: /home/sophia/workspace/about_ros/code/about_ros2/ws_tools/install/cpp05_exercise/lib/cpp05_exercise/exer02_tf_broadcaster
[0.303s] -- Up-to-date: /home/sophia/workspace/about_ros/code/about_ros2/ws_tools/install/cpp05_exercise/lib/cpp05_exercise/exer03_tf_listener
[0.304s] -- Up-to-date: /home/sophia/workspace/about_ros/code/about_ros2/ws_tools/install/cpp05_exercise/share/cpp05_exercise/launch
[0.304s] -- Up-to-date: /home/sophia/workspace/about_ros/code/about_ros2/ws_tools/install/cpp05_exercise/share/cpp05_exercise/launch/follow_launch.py
[0.304s] -- Installing: /home/sophia/workspace/about_ros/code/about_ros2/ws_tools/install/cpp05_exercise/share/cpp05_exercise/launch/escort_launch.py
[0.304s] -- Up-to-date: /home/sophia/workspace/about_ros/code/about_ros2/ws_tools/install/cpp05_exercise/share/ament_index/resource_index/package_run_dependencies/cpp05_exercise
[0.305s] -- Up-to-date: /home/sophia/workspace/about_ros/code/about_ros2/ws_tools/install/cpp05_exercise/share/ament_index/resource_index/parent_prefix_path/cpp05_exercise
[0.305s] -- Up-to-date: /home/sophia/workspace/about_ros/code/about_ros2/ws_tools/install/cpp05_exercise/share/cpp05_exercise/environment/ament_prefix_path.sh
[0.305s] -- Up-to-date: /home/sophia/workspace/about_ros/code/about_ros2/ws_tools/install/cpp05_exercise/share/cpp05_exercise/environment/ament_prefix_path.dsv
[0.305s] -- Up-to-date: /home/sophia/workspace/about_ros/code/about_ros2/ws_tools/install/cpp05_exercise/share/cpp05_exercise/environment/path.sh
[0.305s] -- Up-to-date: /home/sophia/workspace/about_ros/code/about_ros2/ws_tools/install/cpp05_exercise/share/cpp05_exercise/environment/path.dsv
[0.306s] -- Up-to-date: /home/sophia/workspace/about_ros/code/about_ros2/ws_tools/install/cpp05_exercise/share/cpp05_exercise/local_setup.bash
[0.306s] -- Up-to-date: /home/sophia/workspace/about_ros/code/about_ros2/ws_tools/install/cpp05_exercise/share/cpp05_exercise/local_setup.sh
[0.306s] -- Up-to-date: /home/sophia/workspace/about_ros/code/about_ros2/ws_tools/install/cpp05_exercise/share/cpp05_exercise/local_setup.zsh
[0.306s] -- Up-to-date: /home/sophia/workspace/about_ros/code/about_ros2/ws_tools/install/cpp05_exercise/share/cpp05_exercise/local_setup.dsv
[0.306s] -- Installing: /home/sophia/workspace/about_ros/code/about_ros2/ws_tools/install/cpp05_exercise/share/cpp05_exercise/package.dsv
[0.327s] -- Up-to-date: /home/sophia/workspace/about_ros/code/about_ros2/ws_tools/install/cpp05_exercise/share/ament_index/resource_index/packages/cpp05_exercise
[0.327s] -- Up-to-date: /home/sophia/workspace/about_ros/code/about_ros2/ws_tools/install/cpp05_exercise/share/cpp05_exercise/cmake/cpp05_exerciseConfig.cmake
[0.328s] -- Up-to-date: /home/sophia/workspace/about_ros/code/about_ros2/ws_tools/install/cpp05_exercise/share/cpp05_exercise/cmake/cpp05_exerciseConfig-version.cmake
[0.328s] -- Up-to-date: /home/sophia/workspace/about_ros/code/about_ros2/ws_tools/install/cpp05_exercise/share/cpp05_exercise/package.xml
[0.337s] Invoked command in '/home/sophia/workspace/about_ros/code/about_ros2/ws_tools/build/cpp05_exercise' returned '0': CMAKE_PREFIX_PATH=${CMAKE_PREFIX_PATH}:/opt/ros/humble /bin/cmake --install /home/sophia/workspace/about_ros/code/about_ros2/ws_tools/build/cpp05_exercise
