[0.014s] Invoking command in '/home/sophia/workspace/about_ros/code/about_ros2/server_ros/build/base_interfaces_demo': CMAKE_PREFIX_PATH=${CMAKE_PREFIX_PATH}:/opt/ros/humble /usr/bin/cmake /home/sophia/workspace/about_ros/code/about_ros2/server_ros/src/base_interfaces_demo -DCMAKE_INSTALL_PREFIX=/home/sophia/workspace/about_ros/code/about_ros2/server_ros/install/base_interfaces_demo
[0.062s] -- The C compiler identification is GNU 11.4.0
[0.114s] -- The CXX compiler identification is GNU 11.4.0
[0.120s] -- Detecting C compiler ABI info
[0.180s] -- Detecting C compiler ABI info - done
[0.187s] -- Check for working C compiler: /usr/bin/cc - skipped
[0.187s] -- Detecting C compile features
[0.188s] -- Detecting C compile features - done
[0.190s] -- Detecting CXX compiler ABI info
[0.260s] -- Detecting CXX compiler ABI info - done
[0.267s] -- Check for working CXX compiler: /usr/bin/c++ - skipped
[0.267s] -- Detecting CXX compile features
[0.268s] -- Detecting CXX compile features - done
[0.270s] -- Found ament_cmake: 1.3.5 (/opt/ros/humble/share/ament_cmake/cmake)
[0.585s] -- Found Python3: /usr/bin/python3.10 (found version "3.10.12") found components: Interpreter 
[0.692s] -- Found rosidl_default_generators: 1.2.0 (/opt/ros/humble/share/rosidl_default_generators/cmake)
[0.720s] -- Using all available rosidl_typesupport_c: rosidl_typesupport_fastrtps_c;rosidl_typesupport_introspection_c
[0.744s] -- Found rosidl_adapter: 3.1.5 (/opt/ros/humble/share/rosidl_adapter/cmake)
[0.791s] -- Using all available rosidl_typesupport_cpp: rosidl_typesupport_fastrtps_cpp;rosidl_typesupport_introspection_cpp
[1.105s] [31mCMake Error at /opt/ros/humble/share/rosidl_cmake/cmake/rosidl_generate_interfaces.cmake:229 (message):
[1.105s]   Packages installing interfaces must include
[1.105s]   '<member_of_group>rosidl_interface_packages</member_of_group>' in their
[1.105s]   package.xml
[1.105s] Call Stack (most recent call first):
[1.105s]   CMakeLists.txt:16 (rosidl_generate_interfaces)
[1.105s] 
[1.105s] [0m
[1.105s] -- Configuring incomplete, errors occurred!
[1.105s] See also "/home/sophia/workspace/about_ros/code/about_ros2/server_ros/build/base_interfaces_demo/CMakeFiles/CMakeOutput.log".
[1.111s] Invoked command in '/home/sophia/workspace/about_ros/code/about_ros2/server_ros/build/base_interfaces_demo' returned '1': CMAKE_PREFIX_PATH=${CMAKE_PREFIX_PATH}:/opt/ros/humble /usr/bin/cmake /home/sophia/workspace/about_ros/code/about_ros2/server_ros/src/base_interfaces_demo -DCMAKE_INSTALL_PREFIX=/home/sophia/workspace/about_ros/code/about_ros2/server_ros/install/base_interfaces_demo
