[0.330s] DEBUG:colcon:Command line arguments: ['/usr/bin/colcon', 'build', '--packages-select', 'cpp01_topic']
[0.330s] DEBUG:colcon:Parsed command line arguments: Namespace(log_base=None, log_level=None, verb_name='build', build_base='build', install_base='install', merge_install=False, symlink_install=False, test_result_base=None, continue_on_error=False, executor='parallel', parallel_workers=8, event_handlers=None, ignore_user_meta=False, metas=['./colcon.meta'], base_paths=['.'], packages_ignore=None, packages_ignore_regex=None, paths=None, packages_up_to=None, packages_up_to_regex=None, packages_above=None, packages_above_and_dependencies=None, packages_above_depth=None, packages_select_by_dep=None, packages_skip_by_dep=None, packages_skip_up_to=None, packages_select_build_failed=False, packages_skip_build_finished=False, packages_select_test_failures=False, packages_skip_test_passed=False, packages_select=['cpp01_topic'], packages_skip=None, packages_select_regex=None, packages_skip_regex=None, packages_start=None, packages_end=None, allow_overriding=[], cmake_args=None, cmake_target=None, cmake_target_skip_unavailable=False, cmake_clean_cache=False, cmake_clean_first=False, cmake_force_configure=False, ament_cmake_args=None, catkin_cmake_args=None, catkin_skip_building_tests=False, verb_parser=<colcon_defaults.argument_parser.defaults.DefaultArgumentsDecorator object at 0x7f54e47520e0>, verb_extension=<colcon_core.verb.build.BuildVerb object at 0x7f54e484fac0>, main=<bound method BuildVerb.main of <colcon_core.verb.build.BuildVerb object at 0x7f54e484fac0>>)
[0.357s] Level 1:colcon.colcon_core.package_discovery:discover_packages(colcon_meta) check parameters
[0.357s] Level 1:colcon.colcon_core.package_discovery:discover_packages(recursive) check parameters
[0.357s] Level 1:colcon.colcon_core.package_discovery:discover_packages(ignore) check parameters
[0.357s] Level 1:colcon.colcon_core.package_discovery:discover_packages(path) check parameters
[0.357s] Level 1:colcon.colcon_core.package_discovery:discover_packages(colcon_meta) discover
[0.357s] Level 1:colcon.colcon_core.package_discovery:discover_packages(recursive) discover
[0.358s] INFO:colcon.colcon_core.package_discovery:Crawling recursively for packages in '/home/sophia/workspace/about_ros/code/about_ros2/topic_ros'
[0.358s] Level 1:colcon.colcon_core.package_identification:_identify(.) by extensions ['ignore', 'ignore_ament_install']
[0.358s] Level 1:colcon.colcon_core.package_identification:_identify(.) by extension 'ignore'
[0.358s] Level 1:colcon.colcon_core.package_identification:_identify(.) by extension 'ignore_ament_install'
[0.358s] Level 1:colcon.colcon_core.package_identification:_identify(.) by extensions ['colcon_pkg']
[0.358s] Level 1:colcon.colcon_core.package_identification:_identify(.) by extension 'colcon_pkg'
[0.358s] Level 1:colcon.colcon_core.package_identification:_identify(.) by extensions ['colcon_meta']
[0.358s] Level 1:colcon.colcon_core.package_identification:_identify(.) by extension 'colcon_meta'
[0.358s] Level 1:colcon.colcon_core.package_identification:_identify(.) by extensions ['ros']
[0.358s] Level 1:colcon.colcon_core.package_identification:_identify(.) by extension 'ros'
[0.371s] Level 1:colcon.colcon_core.package_identification:_identify(.) by extensions ['cmake', 'python']
[0.371s] Level 1:colcon.colcon_core.package_identification:_identify(.) by extension 'cmake'
[0.371s] Level 1:colcon.colcon_core.package_identification:_identify(.) by extension 'python'
[0.371s] Level 1:colcon.colcon_core.package_identification:_identify(.) by extensions ['python_setup_py']
[0.371s] Level 1:colcon.colcon_core.package_identification:_identify(.) by extension 'python_setup_py'
[0.371s] Level 1:colcon.colcon_core.package_identification:_identify(build) by extensions ['ignore', 'ignore_ament_install']
[0.371s] Level 1:colcon.colcon_core.package_identification:_identify(build) by extension 'ignore'
[0.371s] Level 1:colcon.colcon_core.package_identification:_identify(build) ignored
[0.371s] Level 1:colcon.colcon_core.package_identification:_identify(install) by extensions ['ignore', 'ignore_ament_install']
[0.371s] Level 1:colcon.colcon_core.package_identification:_identify(install) by extension 'ignore'
[0.371s] Level 1:colcon.colcon_core.package_identification:_identify(install) ignored
[0.372s] Level 1:colcon.colcon_core.package_identification:_identify(log) by extensions ['ignore', 'ignore_ament_install']
[0.372s] Level 1:colcon.colcon_core.package_identification:_identify(log) by extension 'ignore'
[0.372s] Level 1:colcon.colcon_core.package_identification:_identify(log) ignored
[0.372s] Level 1:colcon.colcon_core.package_identification:_identify(src) by extensions ['ignore', 'ignore_ament_install']
[0.372s] Level 1:colcon.colcon_core.package_identification:_identify(src) by extension 'ignore'
[0.372s] Level 1:colcon.colcon_core.package_identification:_identify(src) by extension 'ignore_ament_install'
[0.372s] Level 1:colcon.colcon_core.package_identification:_identify(src) by extensions ['colcon_pkg']
[0.372s] Level 1:colcon.colcon_core.package_identification:_identify(src) by extension 'colcon_pkg'
[0.372s] Level 1:colcon.colcon_core.package_identification:_identify(src) by extensions ['colcon_meta']
[0.372s] Level 1:colcon.colcon_core.package_identification:_identify(src) by extension 'colcon_meta'
[0.372s] Level 1:colcon.colcon_core.package_identification:_identify(src) by extensions ['ros']
[0.372s] Level 1:colcon.colcon_core.package_identification:_identify(src) by extension 'ros'
[0.372s] Level 1:colcon.colcon_core.package_identification:_identify(src) by extensions ['cmake', 'python']
[0.372s] Level 1:colcon.colcon_core.package_identification:_identify(src) by extension 'cmake'
[0.372s] Level 1:colcon.colcon_core.package_identification:_identify(src) by extension 'python'
[0.372s] Level 1:colcon.colcon_core.package_identification:_identify(src) by extensions ['python_setup_py']
[0.372s] Level 1:colcon.colcon_core.package_identification:_identify(src) by extension 'python_setup_py'
[0.372s] Level 1:colcon.colcon_core.package_identification:_identify(src/base_interface_demo) by extensions ['ignore', 'ignore_ament_install']
[0.372s] Level 1:colcon.colcon_core.package_identification:_identify(src/base_interface_demo) by extension 'ignore'
[0.373s] Level 1:colcon.colcon_core.package_identification:_identify(src/base_interface_demo) by extension 'ignore_ament_install'
[0.373s] Level 1:colcon.colcon_core.package_identification:_identify(src/base_interface_demo) by extensions ['colcon_pkg']
[0.373s] Level 1:colcon.colcon_core.package_identification:_identify(src/base_interface_demo) by extension 'colcon_pkg'
[0.373s] Level 1:colcon.colcon_core.package_identification:_identify(src/base_interface_demo) by extensions ['colcon_meta']
[0.373s] Level 1:colcon.colcon_core.package_identification:_identify(src/base_interface_demo) by extension 'colcon_meta'
[0.373s] Level 1:colcon.colcon_core.package_identification:_identify(src/base_interface_demo) by extensions ['ros']
[0.373s] Level 1:colcon.colcon_core.package_identification:_identify(src/base_interface_demo) by extension 'ros'
[0.375s] DEBUG:colcon.colcon_core.package_identification:Package 'src/base_interface_demo' with type 'ros.ament_cmake' and name 'base_interface_demo'
[0.375s] Level 1:colcon.colcon_core.package_identification:_identify(src/cpp01_topic) by extensions ['ignore', 'ignore_ament_install']
[0.375s] Level 1:colcon.colcon_core.package_identification:_identify(src/cpp01_topic) by extension 'ignore'
[0.375s] Level 1:colcon.colcon_core.package_identification:_identify(src/cpp01_topic) by extension 'ignore_ament_install'
[0.375s] Level 1:colcon.colcon_core.package_identification:_identify(src/cpp01_topic) by extensions ['colcon_pkg']
[0.375s] Level 1:colcon.colcon_core.package_identification:_identify(src/cpp01_topic) by extension 'colcon_pkg'
[0.375s] Level 1:colcon.colcon_core.package_identification:_identify(src/cpp01_topic) by extensions ['colcon_meta']
[0.375s] Level 1:colcon.colcon_core.package_identification:_identify(src/cpp01_topic) by extension 'colcon_meta'
[0.375s] Level 1:colcon.colcon_core.package_identification:_identify(src/cpp01_topic) by extensions ['ros']
[0.375s] Level 1:colcon.colcon_core.package_identification:_identify(src/cpp01_topic) by extension 'ros'
[0.376s] DEBUG:colcon.colcon_core.package_identification:Package 'src/cpp01_topic' with type 'ros.ament_cmake' and name 'cpp01_topic'
[0.376s] Level 1:colcon.colcon_core.package_identification:_identify(src/topic_test_cpp) by extensions ['ignore', 'ignore_ament_install']
[0.376s] Level 1:colcon.colcon_core.package_identification:_identify(src/topic_test_cpp) by extension 'ignore'
[0.376s] Level 1:colcon.colcon_core.package_identification:_identify(src/topic_test_cpp) by extension 'ignore_ament_install'
[0.376s] Level 1:colcon.colcon_core.package_identification:_identify(src/topic_test_cpp) by extensions ['colcon_pkg']
[0.376s] Level 1:colcon.colcon_core.package_identification:_identify(src/topic_test_cpp) by extension 'colcon_pkg'
[0.376s] Level 1:colcon.colcon_core.package_identification:_identify(src/topic_test_cpp) by extensions ['colcon_meta']
[0.376s] Level 1:colcon.colcon_core.package_identification:_identify(src/topic_test_cpp) by extension 'colcon_meta'
[0.376s] Level 1:colcon.colcon_core.package_identification:_identify(src/topic_test_cpp) by extensions ['ros']
[0.376s] Level 1:colcon.colcon_core.package_identification:_identify(src/topic_test_cpp) by extension 'ros'
[0.377s] DEBUG:colcon.colcon_core.package_identification:Package 'src/topic_test_cpp' with type 'ros.ament_cmake' and name 'topic_test_cpp'
[0.377s] Level 1:colcon.colcon_core.package_discovery:discover_packages(recursive) using defaults
[0.377s] Level 1:colcon.colcon_core.package_discovery:discover_packages(ignore) discover
[0.377s] Level 1:colcon.colcon_core.package_discovery:discover_packages(ignore) using defaults
[0.377s] Level 1:colcon.colcon_core.package_discovery:discover_packages(path) discover
[0.377s] Level 1:colcon.colcon_core.package_discovery:discover_packages(path) using defaults
[0.397s] INFO:colcon.colcon_core.package_selection:Skipping not selected package 'base_interface_demo' in 'src/base_interface_demo'
[0.397s] INFO:colcon.colcon_core.package_selection:Skipping not selected package 'topic_test_cpp' in 'src/topic_test_cpp'
[0.397s] Level 1:colcon.colcon_core.package_discovery:discover_packages(prefix_path) check parameters
[0.397s] Level 1:colcon.colcon_core.package_discovery:discover_packages(prefix_path) discover
[0.400s] DEBUG:colcon.colcon_installed_package_information.package_discovery:Found 3 installed packages in /home/sophia/workspace/about_ros/code/about_ros2/topic_ros/install
[0.400s] DEBUG:colcon.colcon_installed_package_information.package_discovery:Found 1 installed packages in /home/sophia/workspace/about_ros/code/about_ros2/first_ros/install
[0.402s] DEBUG:colcon.colcon_installed_package_information.package_discovery:Found 270 installed packages in /opt/ros/humble
[0.403s] Level 1:colcon.colcon_core.package_discovery:discover_packages(prefix_path) using defaults
[0.496s] Level 5:colcon.colcon_core.verb:set package 'cpp01_topic' build argument 'cmake_args' from command line to 'None'
[0.497s] Level 5:colcon.colcon_core.verb:set package 'cpp01_topic' build argument 'cmake_target' from command line to 'None'
[0.497s] Level 5:colcon.colcon_core.verb:set package 'cpp01_topic' build argument 'cmake_target_skip_unavailable' from command line to 'False'
[0.497s] Level 5:colcon.colcon_core.verb:set package 'cpp01_topic' build argument 'cmake_clean_cache' from command line to 'False'
[0.497s] Level 5:colcon.colcon_core.verb:set package 'cpp01_topic' build argument 'cmake_clean_first' from command line to 'False'
[0.497s] Level 5:colcon.colcon_core.verb:set package 'cpp01_topic' build argument 'cmake_force_configure' from command line to 'False'
[0.497s] Level 5:colcon.colcon_core.verb:set package 'cpp01_topic' build argument 'ament_cmake_args' from command line to 'None'
[0.497s] Level 5:colcon.colcon_core.verb:set package 'cpp01_topic' build argument 'catkin_cmake_args' from command line to 'None'
[0.497s] Level 5:colcon.colcon_core.verb:set package 'cpp01_topic' build argument 'catkin_skip_building_tests' from command line to 'False'
[0.497s] DEBUG:colcon.colcon_core.verb:Building package 'cpp01_topic' with the following arguments: {'ament_cmake_args': None, 'build_base': '/home/sophia/workspace/about_ros/code/about_ros2/topic_ros/build/cpp01_topic', 'catkin_cmake_args': None, 'catkin_skip_building_tests': False, 'cmake_args': None, 'cmake_clean_cache': False, 'cmake_clean_first': False, 'cmake_force_configure': False, 'cmake_target': None, 'cmake_target_skip_unavailable': False, 'install_base': '/home/sophia/workspace/about_ros/code/about_ros2/topic_ros/install/cpp01_topic', 'merge_install': False, 'path': '/home/sophia/workspace/about_ros/code/about_ros2/topic_ros/src/cpp01_topic', 'symlink_install': False, 'test_result_base': None}
[0.497s] INFO:colcon.colcon_core.executor:Executing jobs using 'parallel' executor
[0.500s] DEBUG:colcon.colcon_parallel_executor.executor.parallel:run_until_complete
[0.500s] INFO:colcon.colcon_ros.task.ament_cmake.build:Building ROS package in '/home/sophia/workspace/about_ros/code/about_ros2/topic_ros/src/cpp01_topic' with build type 'ament_cmake'
[0.500s] INFO:colcon.colcon_cmake.task.cmake.build:Building CMake package in '/home/sophia/workspace/about_ros/code/about_ros2/topic_ros/src/cpp01_topic'
[0.503s] INFO:colcon.colcon_core.plugin_system:Skipping extension 'colcon_core.shell.bat': Not used on non-Windows systems
[0.503s] INFO:colcon.colcon_core.shell:Skip shell extension 'powershell' for command environment: Not usable outside of PowerShell
[0.503s] DEBUG:colcon.colcon_core.shell:Skip shell extension 'dsv' for command environment
[0.516s] DEBUG:colcon.colcon_core.event_handler.log_command:Invoking command in '/home/sophia/workspace/about_ros/code/about_ros2/topic_ros/build/cpp01_topic': CMAKE_PREFIX_PATH=/home/sophia/workspace/about_ros/code/about_ros2/topic_ros/install/base_interface_demo:/home/sophia/workspace/about_ros/code/about_ros2/topic_ros/install/cpp01_topic:/home/sophia/workspace/about_ros/code/about_ros2/topic_ros/install/topic_test_cpp:/home/sophia/workspace/about_ros/code/about_ros2/first_ros/install/first_helloworld_cpp:/opt/ros/humble /usr/bin/cmake --build /home/sophia/workspace/about_ros/code/about_ros2/topic_ros/build/cpp01_topic -- -j8 -l8
[3.440s] DEBUG:colcon.colcon_core.event_handler.log_command:Invoked command in '/home/sophia/workspace/about_ros/code/about_ros2/topic_ros/build/cpp01_topic' returned '0': CMAKE_PREFIX_PATH=/home/sophia/workspace/about_ros/code/about_ros2/topic_ros/install/base_interface_demo:/home/sophia/workspace/about_ros/code/about_ros2/topic_ros/install/cpp01_topic:/home/sophia/workspace/about_ros/code/about_ros2/topic_ros/install/topic_test_cpp:/home/sophia/workspace/about_ros/code/about_ros2/first_ros/install/first_helloworld_cpp:/opt/ros/humble /usr/bin/cmake --build /home/sophia/workspace/about_ros/code/about_ros2/topic_ros/build/cpp01_topic -- -j8 -l8
[3.478s] DEBUG:colcon.colcon_core.event_handler.log_command:Invoking command in '/home/sophia/workspace/about_ros/code/about_ros2/topic_ros/build/cpp01_topic': CMAKE_PREFIX_PATH=/home/sophia/workspace/about_ros/code/about_ros2/topic_ros/install/base_interface_demo:/home/sophia/workspace/about_ros/code/about_ros2/topic_ros/install/cpp01_topic:/home/sophia/workspace/about_ros/code/about_ros2/topic_ros/install/topic_test_cpp:/home/sophia/workspace/about_ros/code/about_ros2/first_ros/install/first_helloworld_cpp:/opt/ros/humble /usr/bin/cmake --install /home/sophia/workspace/about_ros/code/about_ros2/topic_ros/build/cpp01_topic
[3.571s] Level 1:colcon.colcon_core.environment:create_environment_scripts_only(cpp01_topic)
[3.573s] DEBUG:colcon.colcon_core.event_handler.log_command:Invoked command in '/home/sophia/workspace/about_ros/code/about_ros2/topic_ros/build/cpp01_topic' returned '0': CMAKE_PREFIX_PATH=/home/sophia/workspace/about_ros/code/about_ros2/topic_ros/install/base_interface_demo:/home/sophia/workspace/about_ros/code/about_ros2/topic_ros/install/cpp01_topic:/home/sophia/workspace/about_ros/code/about_ros2/topic_ros/install/topic_test_cpp:/home/sophia/workspace/about_ros/code/about_ros2/first_ros/install/first_helloworld_cpp:/opt/ros/humble /usr/bin/cmake --install /home/sophia/workspace/about_ros/code/about_ros2/topic_ros/build/cpp01_topic
[3.579s] Level 1:colcon.colcon_core.environment:checking '/home/sophia/workspace/about_ros/code/about_ros2/topic_ros/install/cpp01_topic' for CMake module files
[3.579s] Level 1:colcon.colcon_core.environment:checking '/home/sophia/workspace/about_ros/code/about_ros2/topic_ros/install/cpp01_topic' for CMake config files
[3.580s] Level 1:colcon.colcon_core.shell:create_environment_hook('cpp01_topic', 'cmake_prefix_path')
[3.582s] INFO:colcon.colcon_core.shell:Creating environment hook '/home/sophia/workspace/about_ros/code/about_ros2/topic_ros/install/cpp01_topic/share/cpp01_topic/hook/cmake_prefix_path.ps1'
[3.582s] INFO:colcon.colcon_core.shell:Creating environment descriptor '/home/sophia/workspace/about_ros/code/about_ros2/topic_ros/install/cpp01_topic/share/cpp01_topic/hook/cmake_prefix_path.dsv'
[3.583s] INFO:colcon.colcon_core.shell:Creating environment hook '/home/sophia/workspace/about_ros/code/about_ros2/topic_ros/install/cpp01_topic/share/cpp01_topic/hook/cmake_prefix_path.sh'
[3.584s] Level 1:colcon.colcon_core.environment:checking '/home/sophia/workspace/about_ros/code/about_ros2/topic_ros/install/cpp01_topic/lib'
[3.585s] Level 1:colcon.colcon_core.environment:checking '/home/sophia/workspace/about_ros/code/about_ros2/topic_ros/install/cpp01_topic/bin'
[3.585s] Level 1:colcon.colcon_core.environment:checking '/home/sophia/workspace/about_ros/code/about_ros2/topic_ros/install/cpp01_topic/lib/pkgconfig/cpp01_topic.pc'
[3.585s] Level 1:colcon.colcon_core.environment:checking '/home/sophia/workspace/about_ros/code/about_ros2/topic_ros/install/cpp01_topic/lib/python3.10/site-packages'
[3.585s] Level 1:colcon.colcon_core.environment:checking '/home/sophia/workspace/about_ros/code/about_ros2/topic_ros/install/cpp01_topic/bin'
[3.587s] INFO:colcon.colcon_core.shell:Creating package script '/home/sophia/workspace/about_ros/code/about_ros2/topic_ros/install/cpp01_topic/share/cpp01_topic/package.ps1'
[3.588s] INFO:colcon.colcon_core.shell:Creating package descriptor '/home/sophia/workspace/about_ros/code/about_ros2/topic_ros/install/cpp01_topic/share/cpp01_topic/package.dsv'
[3.589s] INFO:colcon.colcon_core.shell:Creating package script '/home/sophia/workspace/about_ros/code/about_ros2/topic_ros/install/cpp01_topic/share/cpp01_topic/package.sh'
[3.590s] INFO:colcon.colcon_core.shell:Creating package script '/home/sophia/workspace/about_ros/code/about_ros2/topic_ros/install/cpp01_topic/share/cpp01_topic/package.bash'
[3.591s] INFO:colcon.colcon_core.shell:Creating package script '/home/sophia/workspace/about_ros/code/about_ros2/topic_ros/install/cpp01_topic/share/cpp01_topic/package.zsh'
[3.592s] Level 1:colcon.colcon_core.environment:create_file_with_runtime_dependencies(/home/sophia/workspace/about_ros/code/about_ros2/topic_ros/install/cpp01_topic/share/colcon-core/packages/cpp01_topic)
[3.646s] Level 1:colcon.colcon_core.environment:create_environment_scripts_only(cpp01_topic)
[3.649s] Level 1:colcon.colcon_core.environment:checking '/home/sophia/workspace/about_ros/code/about_ros2/topic_ros/install/cpp01_topic' for CMake module files
[3.650s] Level 1:colcon.colcon_core.environment:checking '/home/sophia/workspace/about_ros/code/about_ros2/topic_ros/install/cpp01_topic' for CMake config files
[3.651s] Level 1:colcon.colcon_core.shell:create_environment_hook('cpp01_topic', 'cmake_prefix_path')
[3.653s] INFO:colcon.colcon_core.shell:Creating environment hook '/home/sophia/workspace/about_ros/code/about_ros2/topic_ros/install/cpp01_topic/share/cpp01_topic/hook/cmake_prefix_path.ps1'
[3.653s] INFO:colcon.colcon_core.shell:Creating environment descriptor '/home/sophia/workspace/about_ros/code/about_ros2/topic_ros/install/cpp01_topic/share/cpp01_topic/hook/cmake_prefix_path.dsv'
[3.654s] INFO:colcon.colcon_core.shell:Creating environment hook '/home/sophia/workspace/about_ros/code/about_ros2/topic_ros/install/cpp01_topic/share/cpp01_topic/hook/cmake_prefix_path.sh'
[3.655s] Level 1:colcon.colcon_core.environment:checking '/home/sophia/workspace/about_ros/code/about_ros2/topic_ros/install/cpp01_topic/lib'
[3.655s] Level 1:colcon.colcon_core.environment:checking '/home/sophia/workspace/about_ros/code/about_ros2/topic_ros/install/cpp01_topic/bin'
[3.655s] Level 1:colcon.colcon_core.environment:checking '/home/sophia/workspace/about_ros/code/about_ros2/topic_ros/install/cpp01_topic/lib/pkgconfig/cpp01_topic.pc'
[3.655s] Level 1:colcon.colcon_core.environment:checking '/home/sophia/workspace/about_ros/code/about_ros2/topic_ros/install/cpp01_topic/lib/python3.10/site-packages'
[3.656s] Level 1:colcon.colcon_core.environment:checking '/home/sophia/workspace/about_ros/code/about_ros2/topic_ros/install/cpp01_topic/bin'
[3.657s] INFO:colcon.colcon_core.shell:Creating package script '/home/sophia/workspace/about_ros/code/about_ros2/topic_ros/install/cpp01_topic/share/cpp01_topic/package.ps1'
[3.658s] INFO:colcon.colcon_core.shell:Creating package descriptor '/home/sophia/workspace/about_ros/code/about_ros2/topic_ros/install/cpp01_topic/share/cpp01_topic/package.dsv'
[3.659s] INFO:colcon.colcon_core.shell:Creating package script '/home/sophia/workspace/about_ros/code/about_ros2/topic_ros/install/cpp01_topic/share/cpp01_topic/package.sh'
[3.659s] INFO:colcon.colcon_core.shell:Creating package script '/home/sophia/workspace/about_ros/code/about_ros2/topic_ros/install/cpp01_topic/share/cpp01_topic/package.bash'
[3.660s] INFO:colcon.colcon_core.shell:Creating package script '/home/sophia/workspace/about_ros/code/about_ros2/topic_ros/install/cpp01_topic/share/cpp01_topic/package.zsh'
[3.661s] Level 1:colcon.colcon_core.environment:create_file_with_runtime_dependencies(/home/sophia/workspace/about_ros/code/about_ros2/topic_ros/install/cpp01_topic/share/colcon-core/packages/cpp01_topic)
[3.661s] DEBUG:colcon.colcon_parallel_executor.executor.parallel:closing loop
[3.661s] DEBUG:colcon.colcon_parallel_executor.executor.parallel:loop closed
[3.662s] DEBUG:colcon.colcon_parallel_executor.executor.parallel:run_until_complete finished with '0'
[3.662s] DEBUG:colcon.colcon_core.event_reactor:joining thread
[3.671s] INFO:colcon.colcon_core.plugin_system:Skipping extension 'colcon_notification.desktop_notification.terminal_notifier': Not used on non-Darwin systems
[3.671s] INFO:colcon.colcon_core.plugin_system:Skipping extension 'colcon_notification.desktop_notification.win32': Not used on non-Windows systems
[3.671s] INFO:colcon.colcon_notification.desktop_notification:Sending desktop notification using 'notify2'
[3.687s] DEBUG:colcon.colcon_core.event_reactor:joined thread
[3.689s] INFO:colcon.colcon_core.shell:Creating prefix script '/home/sophia/workspace/about_ros/code/about_ros2/topic_ros/install/local_setup.ps1'
[3.692s] INFO:colcon.colcon_core.shell:Creating prefix util module '/home/sophia/workspace/about_ros/code/about_ros2/topic_ros/install/_local_setup_util_ps1.py'
[3.694s] INFO:colcon.colcon_core.shell:Creating prefix chain script '/home/sophia/workspace/about_ros/code/about_ros2/topic_ros/install/setup.ps1'
[3.696s] INFO:colcon.colcon_core.shell:Creating prefix script '/home/sophia/workspace/about_ros/code/about_ros2/topic_ros/install/local_setup.sh'
[3.697s] INFO:colcon.colcon_core.shell:Creating prefix util module '/home/sophia/workspace/about_ros/code/about_ros2/topic_ros/install/_local_setup_util_sh.py'
[3.698s] INFO:colcon.colcon_core.shell:Creating prefix chain script '/home/sophia/workspace/about_ros/code/about_ros2/topic_ros/install/setup.sh'
[3.700s] INFO:colcon.colcon_core.shell:Creating prefix script '/home/sophia/workspace/about_ros/code/about_ros2/topic_ros/install/local_setup.bash'
[3.700s] INFO:colcon.colcon_core.shell:Creating prefix chain script '/home/sophia/workspace/about_ros/code/about_ros2/topic_ros/install/setup.bash'
[3.703s] INFO:colcon.colcon_core.shell:Creating prefix script '/home/sophia/workspace/about_ros/code/about_ros2/topic_ros/install/local_setup.zsh'
[3.704s] INFO:colcon.colcon_core.shell:Creating prefix chain script '/home/sophia/workspace/about_ros/code/about_ros2/topic_ros/install/setup.zsh'
