[0.046s] Invoking command in '/home/sophia/workspace/about_ros/code/about_ros2/topic_ros/build/base_interface_demo': CMAKE_PREFIX_PATH=${CMAKE_PREFIX_PATH}:/opt/ros/humble /usr/bin/cmake --build /home/sophia/workspace/about_ros/code/about_ros2/topic_ros/build/base_interface_demo -- -j8 -l8
[0.623s] -- Found ament_cmake: 1.3.5 (/opt/ros/humble/share/ament_cmake/cmake)
[1.473s] -- Found rosidl_default_generators: 1.2.0 (/opt/ros/humble/share/rosidl_default_generators/cmake)
[1.560s] -- Using all available rosidl_typesupport_c: rosidl_typesupport_fastrtps_c;rosidl_typesupport_introspection_c
[1.605s] -- Found rosidl_adapter: 3.1.5 (/opt/ros/humble/share/rosidl_adapter/cmake)
[1.967s] -- Using all available rosidl_typesupport_cpp: rosidl_typesupport_fastrtps_cpp;rosidl_typesupport_introspection_cpp
[2.764s] -- Found ament_cmake_ros: 0.10.0 (/opt/ros/humble/share/ament_cmake_ros/cmake)
[3.160s] -- Using all available rosidl_typesupport_c: rosidl_typesupport_fastrtps_c;rosidl_typesupport_introspection_c
[3.453s] -- Using all available rosidl_typesupport_cpp: rosidl_typesupport_fastrtps_cpp;rosidl_typesupport_introspection_cpp
[3.527s] -- Found PythonInterp: /usr/bin/python3 (found suitable version "3.10.12", minimum required is "3.6") 
[3.554s] -- Found python_cmake_module: 0.10.0 (/opt/ros/humble/share/python_cmake_module/cmake)
[3.707s] -- Found PythonLibs: /usr/lib/x86_64-linux-gnu/libpython3.10.so (found suitable version "3.10.12", minimum required is "3.5") 
[3.707s] -- Using PYTHON_EXECUTABLE: /usr/bin/python3
[3.708s] -- Using PYTHON_INCLUDE_DIRS: /usr/include/python3.10
[3.708s] -- Using PYTHON_LIBRARIES: /usr/lib/x86_64-linux-gnu/libpython3.10.so
[3.759s] -- Found PythonExtra: .so  
[3.871s] -- Found ament_lint_auto: 0.12.7 (/opt/ros/humble/share/ament_lint_auto/cmake)
[4.052s] -- Added test 'lint_cmake' to check CMake code style
[4.058s] -- Added test 'xmllint' to check XML markup files
[4.114s] -- Configuring done
[4.462s] -- Generating done
[4.471s] -- Build files have been written to: /home/sophia/workspace/about_ros/code/about_ros2/topic_ros/build/base_interface_demo
[4.562s] [  3%] [34m[1mGenerating C code for ROS interfaces[0m
[4.574s] [  6%] [34m[1mGenerating C++ code for ROS interfaces[0m
[4.582s] [  6%] Built target ament_cmake_python_copy_base_interface_demo
[4.887s] running egg_info
[4.887s] creating base_interface_demo.egg-info
[4.901s] writing base_interface_demo.egg-info/PKG-INFO
[4.901s] writing dependency_links to base_interface_demo.egg-info/dependency_links.txt
[4.901s] writing top-level names to base_interface_demo.egg-info/top_level.txt
[4.901s] writing manifest file 'base_interface_demo.egg-info/SOURCES.txt'
[5.084s] reading manifest file 'base_interface_demo.egg-info/SOURCES.txt'
[5.084s] writing manifest file 'base_interface_demo.egg-info/SOURCES.txt'
[5.108s] [  6%] Built target base_interface_demo__cpp
[5.116s] [  9%] [34m[1mGenerating C++ type support dispatch for ROS interfaces[0m
[5.116s] [ 12%] [34m[1mGenerating C++ introspection for ROS interfaces[0m
[5.117s] [ 12%] Built target ament_cmake_python_build_base_interface_demo_egg
[5.119s] [ 16%] [34m[1mGenerating C++ type support for eProsima Fast-RTPS[0m
[5.119s] [ 19%] [32mBuilding C object CMakeFiles/base_interface_demo__rosidl_generator_c.dir/rosidl_generator_c/base_interface_demo/msg/detail/student__functions.c.o[0m
[5.335s] [ 22%] [32mBuilding CXX object CMakeFiles/base_interface_demo__rosidl_typesupport_fastrtps_cpp.dir/rosidl_typesupport_fastrtps_cpp/base_interface_demo/msg/detail/dds_fastrtps/student__type_support.cpp.o[0m
[5.406s] [ 25%] [32mBuilding CXX object CMakeFiles/base_interface_demo__rosidl_typesupport_introspection_cpp.dir/rosidl_typesupport_introspection_cpp/base_interface_demo/msg/detail/student__type_support.cpp.o[0m
[5.495s] [ 29%] [32mBuilding CXX object CMakeFiles/base_interface_demo__rosidl_typesupport_cpp.dir/rosidl_typesupport_cpp/base_interface_demo/msg/student__type_support.cpp.o[0m
[6.834s] [ 32%] [32m[1mLinking C shared library libbase_interface_demo__rosidl_generator_c.so[0m
[7.216s] [ 32%] Built target base_interface_demo__rosidl_generator_c
[7.224s] [ 41%] [34m[1mGenerating C type support for eProsima Fast-RTPS[0m
[7.224s] [ 41%] [34m[1mGenerating C introspection for ROS interfaces[0m
[7.225s] [ 41%] [34m[1mGenerating C type support dispatch for ROS interfaces[0m
[7.693s] [ 45%] [32mBuilding CXX object CMakeFiles/base_interface_demo__rosidl_typesupport_c.dir/rosidl_typesupport_c/base_interface_demo/msg/student__type_support.cpp.o[0m
[7.800s] [ 48%] [32m[1mLinking CXX shared library libbase_interface_demo__rosidl_typesupport_cpp.so[0m
[7.802s] [ 51%] [32m[1mLinking CXX shared library libbase_interface_demo__rosidl_typesupport_fastrtps_cpp.so[0m
[7.804s] [ 54%] [32m[1mLinking CXX shared library libbase_interface_demo__rosidl_typesupport_introspection_cpp.so[0m
[7.928s] [ 58%] [32mBuilding C object CMakeFiles/base_interface_demo__rosidl_typesupport_introspection_c.dir/rosidl_typesupport_introspection_c/base_interface_demo/msg/detail/student__type_support.c.o[0m
[7.960s] [ 61%] [32m[1mLinking C shared library libbase_interface_demo__rosidl_typesupport_introspection_c.so[0m
[7.961s] [ 64%] [32mBuilding CXX object CMakeFiles/base_interface_demo__rosidl_typesupport_fastrtps_c.dir/rosidl_typesupport_fastrtps_c/base_interface_demo/msg/detail/student__type_support_c.cpp.o[0m
[7.986s] [ 67%] [32m[1mLinking CXX shared library libbase_interface_demo__rosidl_typesupport_c.so[0m
[7.986s] [ 67%] Built target base_interface_demo__rosidl_typesupport_introspection_c
[8.007s] [ 67%] Built target base_interface_demo__rosidl_typesupport_cpp
[8.034s] [ 67%] Built target base_interface_demo__rosidl_typesupport_c
[8.054s] [ 67%] Built target base_interface_demo__rosidl_typesupport_introspection_cpp
[8.065s] [ 67%] Built target base_interface_demo__rosidl_typesupport_fastrtps_cpp
[8.432s] [ 70%] [32m[1mLinking CXX shared library libbase_interface_demo__rosidl_typesupport_fastrtps_c.so[0m
[8.502s] [ 70%] Built target base_interface_demo__rosidl_typesupport_fastrtps_c
[8.519s] [ 70%] Built target base_interface_demo
[8.535s] [ 74%] [34m[1mGenerating Python code for ROS interfaces[0m
[8.866s] [ 74%] Built target base_interface_demo__py
[8.882s] [ 77%] [32mBuilding C object CMakeFiles/base_interface_demo__rosidl_generator_py.dir/rosidl_generator_py/base_interface_demo/msg/_student_s.c.o[0m
[9.589s] [ 80%] [32m[1mLinking C shared library rosidl_generator_py/base_interface_demo/libbase_interface_demo__rosidl_generator_py.so[0m
[9.644s] [ 80%] Built target base_interface_demo__rosidl_generator_py
[9.664s] [ 87%] [32mBuilding C object CMakeFiles/base_interface_demo__rosidl_typesupport_introspection_c__pyext.dir/rosidl_generator_py/base_interface_demo/_base_interface_demo_s.ep.rosidl_typesupport_introspection_c.c.o[0m
[9.664s] [ 87%] [32mBuilding C object CMakeFiles/base_interface_demo__rosidl_typesupport_fastrtps_c__pyext.dir/rosidl_generator_py/base_interface_demo/_base_interface_demo_s.ep.rosidl_typesupport_fastrtps_c.c.o[0m
[9.665s] [ 90%] [32mBuilding C object CMakeFiles/base_interface_demo__rosidl_typesupport_c__pyext.dir/rosidl_generator_py/base_interface_demo/_base_interface_demo_s.ep.rosidl_typesupport_c.c.o[0m
[9.767s] [ 93%] [32m[1mLinking C shared library rosidl_generator_py/base_interface_demo/base_interface_demo_s__rosidl_typesupport_c.cpython-310-x86_64-linux-gnu.so[0m
[9.776s] [100%] [32m[1mLinking C shared library rosidl_generator_py/base_interface_demo/base_interface_demo_s__rosidl_typesupport_introspection_c.cpython-310-x86_64-linux-gnu.so[0m
[9.776s] [100%] [32m[1mLinking C shared library rosidl_generator_py/base_interface_demo/base_interface_demo_s__rosidl_typesupport_fastrtps_c.cpython-310-x86_64-linux-gnu.so[0m
[9.797s] [100%] Built target base_interface_demo__rosidl_typesupport_c__pyext
[9.806s] [100%] Built target base_interface_demo__rosidl_typesupport_fastrtps_c__pyext
[9.806s] [100%] Built target base_interface_demo__rosidl_typesupport_introspection_c__pyext
[9.816s] Invoked command in '/home/sophia/workspace/about_ros/code/about_ros2/topic_ros/build/base_interface_demo' returned '0': CMAKE_PREFIX_PATH=${CMAKE_PREFIX_PATH}:/opt/ros/humble /usr/bin/cmake --build /home/sophia/workspace/about_ros/code/about_ros2/topic_ros/build/base_interface_demo -- -j8 -l8
[9.875s] Invoking command in '/home/sophia/workspace/about_ros/code/about_ros2/topic_ros/build/base_interface_demo': CMAKE_PREFIX_PATH=${CMAKE_PREFIX_PATH}:/opt/ros/humble /usr/bin/cmake --install /home/sophia/workspace/about_ros/code/about_ros2/topic_ros/build/base_interface_demo
[9.881s] -- Install configuration: ""
[9.901s] -- Installing: /home/sophia/workspace/about_ros/code/about_ros2/topic_ros/install/base_interface_demo/share/ament_index/resource_index/rosidl_interfaces/base_interface_demo
[9.901s] -- Installing: /home/sophia/workspace/about_ros/code/about_ros2/topic_ros/install/base_interface_demo/include/base_interface_demo/base_interface_demo
[9.902s] -- Installing: /home/sophia/workspace/about_ros/code/about_ros2/topic_ros/install/base_interface_demo/include/base_interface_demo/base_interface_demo/msg
[9.902s] -- Installing: /home/sophia/workspace/about_ros/code/about_ros2/topic_ros/install/base_interface_demo/include/base_interface_demo/base_interface_demo/msg/detail
[9.902s] -- Installing: /home/sophia/workspace/about_ros/code/about_ros2/topic_ros/install/base_interface_demo/include/base_interface_demo/base_interface_demo/msg/detail/student__type_support.h
[9.902s] -- Installing: /home/sophia/workspace/about_ros/code/about_ros2/topic_ros/install/base_interface_demo/include/base_interface_demo/base_interface_demo/msg/detail/student__struct.h
[9.902s] -- Installing: /home/sophia/workspace/about_ros/code/about_ros2/topic_ros/install/base_interface_demo/include/base_interface_demo/base_interface_demo/msg/detail/student__functions.c
[9.902s] -- Installing: /home/sophia/workspace/about_ros/code/about_ros2/topic_ros/install/base_interface_demo/include/base_interface_demo/base_interface_demo/msg/detail/student__functions.h
[9.902s] -- Installing: /home/sophia/workspace/about_ros/code/about_ros2/topic_ros/install/base_interface_demo/include/base_interface_demo/base_interface_demo/msg/rosidl_generator_c__visibility_control.h
[9.902s] -- Installing: /home/sophia/workspace/about_ros/code/about_ros2/topic_ros/install/base_interface_demo/include/base_interface_demo/base_interface_demo/msg/student.h
[9.902s] -- Installing: /home/sophia/workspace/about_ros/code/about_ros2/topic_ros/install/base_interface_demo/share/base_interface_demo/environment/library_path.sh
[9.902s] -- Installing: /home/sophia/workspace/about_ros/code/about_ros2/topic_ros/install/base_interface_demo/share/base_interface_demo/environment/library_path.dsv
[9.903s] -- Installing: /home/sophia/workspace/about_ros/code/about_ros2/topic_ros/install/base_interface_demo/lib/libbase_interface_demo__rosidl_generator_c.so
[9.903s] -- Set runtime path of "/home/sophia/workspace/about_ros/code/about_ros2/topic_ros/install/base_interface_demo/lib/libbase_interface_demo__rosidl_generator_c.so" to ""
[9.903s] -- Up-to-date: /home/sophia/workspace/about_ros/code/about_ros2/topic_ros/install/base_interface_demo/include/base_interface_demo/base_interface_demo
[9.903s] -- Up-to-date: /home/sophia/workspace/about_ros/code/about_ros2/topic_ros/install/base_interface_demo/include/base_interface_demo/base_interface_demo/msg
[9.903s] -- Up-to-date: /home/sophia/workspace/about_ros/code/about_ros2/topic_ros/install/base_interface_demo/include/base_interface_demo/base_interface_demo/msg/detail
[9.904s] -- Installing: /home/sophia/workspace/about_ros/code/about_ros2/topic_ros/install/base_interface_demo/include/base_interface_demo/base_interface_demo/msg/detail/student__rosidl_typesupport_fastrtps_c.h
[9.904s] -- Installing: /home/sophia/workspace/about_ros/code/about_ros2/topic_ros/install/base_interface_demo/include/base_interface_demo/base_interface_demo/msg/rosidl_typesupport_fastrtps_c__visibility_control.h
[9.904s] -- Installing: /home/sophia/workspace/about_ros/code/about_ros2/topic_ros/install/base_interface_demo/lib/libbase_interface_demo__rosidl_typesupport_fastrtps_c.so
[9.904s] -- Set runtime path of "/home/sophia/workspace/about_ros/code/about_ros2/topic_ros/install/base_interface_demo/lib/libbase_interface_demo__rosidl_typesupport_fastrtps_c.so" to ""
[9.904s] -- Up-to-date: /home/sophia/workspace/about_ros/code/about_ros2/topic_ros/install/base_interface_demo/include/base_interface_demo/base_interface_demo
[9.904s] -- Up-to-date: /home/sophia/workspace/about_ros/code/about_ros2/topic_ros/install/base_interface_demo/include/base_interface_demo/base_interface_demo/msg
[9.904s] -- Up-to-date: /home/sophia/workspace/about_ros/code/about_ros2/topic_ros/install/base_interface_demo/include/base_interface_demo/base_interface_demo/msg/detail
[9.905s] -- Installing: /home/sophia/workspace/about_ros/code/about_ros2/topic_ros/install/base_interface_demo/include/base_interface_demo/base_interface_demo/msg/detail/student__type_support.c
[9.905s] -- Installing: /home/sophia/workspace/about_ros/code/about_ros2/topic_ros/install/base_interface_demo/include/base_interface_demo/base_interface_demo/msg/detail/student__rosidl_typesupport_introspection_c.h
[9.905s] -- Installing: /home/sophia/workspace/about_ros/code/about_ros2/topic_ros/install/base_interface_demo/include/base_interface_demo/base_interface_demo/msg/rosidl_typesupport_introspection_c__visibility_control.h
[9.905s] -- Installing: /home/sophia/workspace/about_ros/code/about_ros2/topic_ros/install/base_interface_demo/lib/libbase_interface_demo__rosidl_typesupport_introspection_c.so
[9.905s] -- Set runtime path of "/home/sophia/workspace/about_ros/code/about_ros2/topic_ros/install/base_interface_demo/lib/libbase_interface_demo__rosidl_typesupport_introspection_c.so" to ""
[9.905s] -- Installing: /home/sophia/workspace/about_ros/code/about_ros2/topic_ros/install/base_interface_demo/lib/libbase_interface_demo__rosidl_typesupport_c.so
[9.905s] -- Set runtime path of "/home/sophia/workspace/about_ros/code/about_ros2/topic_ros/install/base_interface_demo/lib/libbase_interface_demo__rosidl_typesupport_c.so" to ""
[9.905s] -- Up-to-date: /home/sophia/workspace/about_ros/code/about_ros2/topic_ros/install/base_interface_demo/include/base_interface_demo/base_interface_demo
[9.906s] -- Up-to-date: /home/sophia/workspace/about_ros/code/about_ros2/topic_ros/install/base_interface_demo/include/base_interface_demo/base_interface_demo/msg
[9.906s] -- Up-to-date: /home/sophia/workspace/about_ros/code/about_ros2/topic_ros/install/base_interface_demo/include/base_interface_demo/base_interface_demo/msg/detail
[9.906s] -- Installing: /home/sophia/workspace/about_ros/code/about_ros2/topic_ros/install/base_interface_demo/include/base_interface_demo/base_interface_demo/msg/detail/student__struct.hpp
[9.906s] -- Installing: /home/sophia/workspace/about_ros/code/about_ros2/topic_ros/install/base_interface_demo/include/base_interface_demo/base_interface_demo/msg/detail/student__builder.hpp
[9.906s] -- Installing: /home/sophia/workspace/about_ros/code/about_ros2/topic_ros/install/base_interface_demo/include/base_interface_demo/base_interface_demo/msg/detail/student__traits.hpp
[9.906s] -- Installing: /home/sophia/workspace/about_ros/code/about_ros2/topic_ros/install/base_interface_demo/include/base_interface_demo/base_interface_demo/msg/student.hpp
[9.906s] -- Up-to-date: /home/sophia/workspace/about_ros/code/about_ros2/topic_ros/install/base_interface_demo/include/base_interface_demo/base_interface_demo
[9.906s] -- Up-to-date: /home/sophia/workspace/about_ros/code/about_ros2/topic_ros/install/base_interface_demo/include/base_interface_demo/base_interface_demo/msg
[9.906s] -- Up-to-date: /home/sophia/workspace/about_ros/code/about_ros2/topic_ros/install/base_interface_demo/include/base_interface_demo/base_interface_demo/msg/detail
[9.906s] -- Installing: /home/sophia/workspace/about_ros/code/about_ros2/topic_ros/install/base_interface_demo/include/base_interface_demo/base_interface_demo/msg/detail/student__rosidl_typesupport_fastrtps_cpp.hpp
[9.906s] -- Installing: /home/sophia/workspace/about_ros/code/about_ros2/topic_ros/install/base_interface_demo/include/base_interface_demo/base_interface_demo/msg/detail/dds_fastrtps
[9.906s] -- Installing: /home/sophia/workspace/about_ros/code/about_ros2/topic_ros/install/base_interface_demo/include/base_interface_demo/base_interface_demo/msg/rosidl_typesupport_fastrtps_cpp__visibility_control.h
[9.907s] -- Installing: /home/sophia/workspace/about_ros/code/about_ros2/topic_ros/install/base_interface_demo/lib/libbase_interface_demo__rosidl_typesupport_fastrtps_cpp.so
[9.907s] -- Set runtime path of "/home/sophia/workspace/about_ros/code/about_ros2/topic_ros/install/base_interface_demo/lib/libbase_interface_demo__rosidl_typesupport_fastrtps_cpp.so" to ""
[9.907s] -- Up-to-date: /home/sophia/workspace/about_ros/code/about_ros2/topic_ros/install/base_interface_demo/include/base_interface_demo/base_interface_demo
[9.907s] -- Up-to-date: /home/sophia/workspace/about_ros/code/about_ros2/topic_ros/install/base_interface_demo/include/base_interface_demo/base_interface_demo/msg
[9.907s] -- Up-to-date: /home/sophia/workspace/about_ros/code/about_ros2/topic_ros/install/base_interface_demo/include/base_interface_demo/base_interface_demo/msg/detail
[9.907s] -- Installing: /home/sophia/workspace/about_ros/code/about_ros2/topic_ros/install/base_interface_demo/include/base_interface_demo/base_interface_demo/msg/detail/student__type_support.cpp
[9.907s] -- Installing: /home/sophia/workspace/about_ros/code/about_ros2/topic_ros/install/base_interface_demo/include/base_interface_demo/base_interface_demo/msg/detail/student__rosidl_typesupport_introspection_cpp.hpp
[9.907s] -- Installing: /home/sophia/workspace/about_ros/code/about_ros2/topic_ros/install/base_interface_demo/lib/libbase_interface_demo__rosidl_typesupport_introspection_cpp.so
[9.908s] -- Set runtime path of "/home/sophia/workspace/about_ros/code/about_ros2/topic_ros/install/base_interface_demo/lib/libbase_interface_demo__rosidl_typesupport_introspection_cpp.so" to ""
[9.908s] -- Installing: /home/sophia/workspace/about_ros/code/about_ros2/topic_ros/install/base_interface_demo/lib/libbase_interface_demo__rosidl_typesupport_cpp.so
[9.908s] -- Set runtime path of "/home/sophia/workspace/about_ros/code/about_ros2/topic_ros/install/base_interface_demo/lib/libbase_interface_demo__rosidl_typesupport_cpp.so" to ""
[9.908s] -- Installing: /home/sophia/workspace/about_ros/code/about_ros2/topic_ros/install/base_interface_demo/share/base_interface_demo/environment/pythonpath.sh
[9.908s] -- Installing: /home/sophia/workspace/about_ros/code/about_ros2/topic_ros/install/base_interface_demo/share/base_interface_demo/environment/pythonpath.dsv
[9.908s] -- Installing: /home/sophia/workspace/about_ros/code/about_ros2/topic_ros/install/base_interface_demo/local/lib/python3.10/dist-packages/base_interface_demo-0.0.0-py3.10.egg-info
[9.909s] -- Installing: /home/sophia/workspace/about_ros/code/about_ros2/topic_ros/install/base_interface_demo/local/lib/python3.10/dist-packages/base_interface_demo-0.0.0-py3.10.egg-info/top_level.txt
[9.909s] -- Installing: /home/sophia/workspace/about_ros/code/about_ros2/topic_ros/install/base_interface_demo/local/lib/python3.10/dist-packages/base_interface_demo-0.0.0-py3.10.egg-info/SOURCES.txt
[9.909s] -- Installing: /home/sophia/workspace/about_ros/code/about_ros2/topic_ros/install/base_interface_demo/local/lib/python3.10/dist-packages/base_interface_demo-0.0.0-py3.10.egg-info/PKG-INFO
[9.909s] -- Installing: /home/sophia/workspace/about_ros/code/about_ros2/topic_ros/install/base_interface_demo/local/lib/python3.10/dist-packages/base_interface_demo-0.0.0-py3.10.egg-info/dependency_links.txt
[9.909s] -- Installing: /home/sophia/workspace/about_ros/code/about_ros2/topic_ros/install/base_interface_demo/local/lib/python3.10/dist-packages/base_interface_demo
[9.909s] -- Installing: /home/sophia/workspace/about_ros/code/about_ros2/topic_ros/install/base_interface_demo/local/lib/python3.10/dist-packages/base_interface_demo/_base_interface_demo_s.ep.rosidl_typesupport_introspection_c.c
[9.909s] -- Installing: /home/sophia/workspace/about_ros/code/about_ros2/topic_ros/install/base_interface_demo/local/lib/python3.10/dist-packages/base_interface_demo/_base_interface_demo_s.ep.rosidl_typesupport_fastrtps_c.c
[9.909s] -- Installing: /home/sophia/workspace/about_ros/code/about_ros2/topic_ros/install/base_interface_demo/local/lib/python3.10/dist-packages/base_interface_demo/msg
[9.909s] -- Installing: /home/sophia/workspace/about_ros/code/about_ros2/topic_ros/install/base_interface_demo/local/lib/python3.10/dist-packages/base_interface_demo/msg/_student.py
[9.910s] -- Installing: /home/sophia/workspace/about_ros/code/about_ros2/topic_ros/install/base_interface_demo/local/lib/python3.10/dist-packages/base_interface_demo/msg/_student_s.c
[9.910s] -- Installing: /home/sophia/workspace/about_ros/code/about_ros2/topic_ros/install/base_interface_demo/local/lib/python3.10/dist-packages/base_interface_demo/msg/__init__.py
[9.910s] -- Installing: /home/sophia/workspace/about_ros/code/about_ros2/topic_ros/install/base_interface_demo/local/lib/python3.10/dist-packages/base_interface_demo/base_interface_demo_s__rosidl_typesupport_fastrtps_c.cpython-310-x86_64-linux-gnu.so
[9.910s] -- Installing: /home/sophia/workspace/about_ros/code/about_ros2/topic_ros/install/base_interface_demo/local/lib/python3.10/dist-packages/base_interface_demo/_base_interface_demo_s.ep.rosidl_typesupport_c.c
[9.910s] -- Installing: /home/sophia/workspace/about_ros/code/about_ros2/topic_ros/install/base_interface_demo/local/lib/python3.10/dist-packages/base_interface_demo/__init__.py
[9.910s] -- Installing: /home/sophia/workspace/about_ros/code/about_ros2/topic_ros/install/base_interface_demo/local/lib/python3.10/dist-packages/base_interface_demo/base_interface_demo_s__rosidl_typesupport_c.cpython-310-x86_64-linux-gnu.so
[9.910s] -- Installing: /home/sophia/workspace/about_ros/code/about_ros2/topic_ros/install/base_interface_demo/local/lib/python3.10/dist-packages/base_interface_demo/libbase_interface_demo__rosidl_generator_py.so
[9.910s] -- Installing: /home/sophia/workspace/about_ros/code/about_ros2/topic_ros/install/base_interface_demo/local/lib/python3.10/dist-packages/base_interface_demo/base_interface_demo_s__rosidl_typesupport_introspection_c.cpython-310-x86_64-linux-gnu.so
[10.038s] Listing '/home/sophia/workspace/about_ros/code/about_ros2/topic_ros/install/base_interface_demo/local/lib/python3.10/dist-packages/base_interface_demo'...
[10.038s] Compiling '/home/sophia/workspace/about_ros/code/about_ros2/topic_ros/install/base_interface_demo/local/lib/python3.10/dist-packages/base_interface_demo/__init__.py'...
[10.038s] Listing '/home/sophia/workspace/about_ros/code/about_ros2/topic_ros/install/base_interface_demo/local/lib/python3.10/dist-packages/base_interface_demo/msg'...
[10.038s] Compiling '/home/sophia/workspace/about_ros/code/about_ros2/topic_ros/install/base_interface_demo/local/lib/python3.10/dist-packages/base_interface_demo/msg/__init__.py'...
[10.038s] Compiling '/home/sophia/workspace/about_ros/code/about_ros2/topic_ros/install/base_interface_demo/local/lib/python3.10/dist-packages/base_interface_demo/msg/_student.py'...
[10.043s] -- Installing: /home/sophia/workspace/about_ros/code/about_ros2/topic_ros/install/base_interface_demo/local/lib/python3.10/dist-packages/base_interface_demo/base_interface_demo_s__rosidl_typesupport_fastrtps_c.cpython-310-x86_64-linux-gnu.so
[10.044s] -- Set runtime path of "/home/sophia/workspace/about_ros/code/about_ros2/topic_ros/install/base_interface_demo/local/lib/python3.10/dist-packages/base_interface_demo/base_interface_demo_s__rosidl_typesupport_fastrtps_c.cpython-310-x86_64-linux-gnu.so" to ""
[10.044s] -- Installing: /home/sophia/workspace/about_ros/code/about_ros2/topic_ros/install/base_interface_demo/local/lib/python3.10/dist-packages/base_interface_demo/base_interface_demo_s__rosidl_typesupport_introspection_c.cpython-310-x86_64-linux-gnu.so
[10.045s] -- Set runtime path of "/home/sophia/workspace/about_ros/code/about_ros2/topic_ros/install/base_interface_demo/local/lib/python3.10/dist-packages/base_interface_demo/base_interface_demo_s__rosidl_typesupport_introspection_c.cpython-310-x86_64-linux-gnu.so" to ""
[10.045s] -- Installing: /home/sophia/workspace/about_ros/code/about_ros2/topic_ros/install/base_interface_demo/local/lib/python3.10/dist-packages/base_interface_demo/base_interface_demo_s__rosidl_typesupport_c.cpython-310-x86_64-linux-gnu.so
[10.045s] -- Set runtime path of "/home/sophia/workspace/about_ros/code/about_ros2/topic_ros/install/base_interface_demo/local/lib/python3.10/dist-packages/base_interface_demo/base_interface_demo_s__rosidl_typesupport_c.cpython-310-x86_64-linux-gnu.so" to ""
[10.045s] -- Installing: /home/sophia/workspace/about_ros/code/about_ros2/topic_ros/install/base_interface_demo/lib/libbase_interface_demo__rosidl_generator_py.so
[10.046s] -- Set runtime path of "/home/sophia/workspace/about_ros/code/about_ros2/topic_ros/install/base_interface_demo/lib/libbase_interface_demo__rosidl_generator_py.so" to ""
[10.046s] -- Installing: /home/sophia/workspace/about_ros/code/about_ros2/topic_ros/install/base_interface_demo/share/base_interface_demo/msg/Student.idl
[10.046s] -- Installing: /home/sophia/workspace/about_ros/code/about_ros2/topic_ros/install/base_interface_demo/share/base_interface_demo/msg/Student.msg
[10.046s] -- Installing: /home/sophia/workspace/about_ros/code/about_ros2/topic_ros/install/base_interface_demo/share/ament_index/resource_index/package_run_dependencies/base_interface_demo
[10.047s] -- Installing: /home/sophia/workspace/about_ros/code/about_ros2/topic_ros/install/base_interface_demo/share/ament_index/resource_index/parent_prefix_path/base_interface_demo
[10.047s] -- Up-to-date: /home/sophia/workspace/about_ros/code/about_ros2/topic_ros/install/base_interface_demo/share/base_interface_demo/environment/ament_prefix_path.sh
[10.047s] -- Installing: /home/sophia/workspace/about_ros/code/about_ros2/topic_ros/install/base_interface_demo/share/base_interface_demo/environment/ament_prefix_path.dsv
[10.047s] -- Up-to-date: /home/sophia/workspace/about_ros/code/about_ros2/topic_ros/install/base_interface_demo/share/base_interface_demo/environment/path.sh
[10.047s] -- Installing: /home/sophia/workspace/about_ros/code/about_ros2/topic_ros/install/base_interface_demo/share/base_interface_demo/environment/path.dsv
[10.047s] -- Up-to-date: /home/sophia/workspace/about_ros/code/about_ros2/topic_ros/install/base_interface_demo/share/base_interface_demo/local_setup.bash
[10.047s] -- Installing: /home/sophia/workspace/about_ros/code/about_ros2/topic_ros/install/base_interface_demo/share/base_interface_demo/local_setup.sh
[10.048s] -- Up-to-date: /home/sophia/workspace/about_ros/code/about_ros2/topic_ros/install/base_interface_demo/share/base_interface_demo/local_setup.zsh
[10.048s] -- Installing: /home/sophia/workspace/about_ros/code/about_ros2/topic_ros/install/base_interface_demo/share/base_interface_demo/local_setup.dsv
[10.048s] -- Installing: /home/sophia/workspace/about_ros/code/about_ros2/topic_ros/install/base_interface_demo/share/base_interface_demo/package.dsv
[10.048s] -- Up-to-date: /home/sophia/workspace/about_ros/code/about_ros2/topic_ros/install/base_interface_demo/share/ament_index/resource_index/packages/base_interface_demo
[10.048s] -- Installing: /home/sophia/workspace/about_ros/code/about_ros2/topic_ros/install/base_interface_demo/share/base_interface_demo/cmake/export_base_interface_demo__rosidl_generator_cExport.cmake
[10.048s] -- Installing: /home/sophia/workspace/about_ros/code/about_ros2/topic_ros/install/base_interface_demo/share/base_interface_demo/cmake/export_base_interface_demo__rosidl_generator_cExport-noconfig.cmake
[10.048s] -- Installing: /home/sophia/workspace/about_ros/code/about_ros2/topic_ros/install/base_interface_demo/share/base_interface_demo/cmake/export_base_interface_demo__rosidl_typesupport_fastrtps_cExport.cmake
[10.049s] -- Installing: /home/sophia/workspace/about_ros/code/about_ros2/topic_ros/install/base_interface_demo/share/base_interface_demo/cmake/export_base_interface_demo__rosidl_typesupport_fastrtps_cExport-noconfig.cmake
[10.049s] -- Installing: /home/sophia/workspace/about_ros/code/about_ros2/topic_ros/install/base_interface_demo/share/base_interface_demo/cmake/base_interface_demo__rosidl_typesupport_introspection_cExport.cmake
[10.049s] -- Installing: /home/sophia/workspace/about_ros/code/about_ros2/topic_ros/install/base_interface_demo/share/base_interface_demo/cmake/base_interface_demo__rosidl_typesupport_introspection_cExport-noconfig.cmake
[10.049s] -- Installing: /home/sophia/workspace/about_ros/code/about_ros2/topic_ros/install/base_interface_demo/share/base_interface_demo/cmake/base_interface_demo__rosidl_typesupport_cExport.cmake
[10.049s] -- Installing: /home/sophia/workspace/about_ros/code/about_ros2/topic_ros/install/base_interface_demo/share/base_interface_demo/cmake/base_interface_demo__rosidl_typesupport_cExport-noconfig.cmake
[10.050s] -- Installing: /home/sophia/workspace/about_ros/code/about_ros2/topic_ros/install/base_interface_demo/share/base_interface_demo/cmake/export_base_interface_demo__rosidl_generator_cppExport.cmake
[10.050s] -- Installing: /home/sophia/workspace/about_ros/code/about_ros2/topic_ros/install/base_interface_demo/share/base_interface_demo/cmake/export_base_interface_demo__rosidl_typesupport_fastrtps_cppExport.cmake
[10.050s] -- Installing: /home/sophia/workspace/about_ros/code/about_ros2/topic_ros/install/base_interface_demo/share/base_interface_demo/cmake/export_base_interface_demo__rosidl_typesupport_fastrtps_cppExport-noconfig.cmake
[10.050s] -- Installing: /home/sophia/workspace/about_ros/code/about_ros2/topic_ros/install/base_interface_demo/share/base_interface_demo/cmake/base_interface_demo__rosidl_typesupport_introspection_cppExport.cmake
[10.050s] -- Installing: /home/sophia/workspace/about_ros/code/about_ros2/topic_ros/install/base_interface_demo/share/base_interface_demo/cmake/base_interface_demo__rosidl_typesupport_introspection_cppExport-noconfig.cmake
[10.050s] -- Installing: /home/sophia/workspace/about_ros/code/about_ros2/topic_ros/install/base_interface_demo/share/base_interface_demo/cmake/base_interface_demo__rosidl_typesupport_cppExport.cmake
[10.051s] -- Installing: /home/sophia/workspace/about_ros/code/about_ros2/topic_ros/install/base_interface_demo/share/base_interface_demo/cmake/base_interface_demo__rosidl_typesupport_cppExport-noconfig.cmake
[10.051s] -- Installing: /home/sophia/workspace/about_ros/code/about_ros2/topic_ros/install/base_interface_demo/share/base_interface_demo/cmake/export_base_interface_demo__rosidl_generator_pyExport.cmake
[10.051s] -- Installing: /home/sophia/workspace/about_ros/code/about_ros2/topic_ros/install/base_interface_demo/share/base_interface_demo/cmake/export_base_interface_demo__rosidl_generator_pyExport-noconfig.cmake
[10.051s] -- Installing: /home/sophia/workspace/about_ros/code/about_ros2/topic_ros/install/base_interface_demo/share/base_interface_demo/cmake/rosidl_cmake-extras.cmake
[10.051s] -- Installing: /home/sophia/workspace/about_ros/code/about_ros2/topic_ros/install/base_interface_demo/share/base_interface_demo/cmake/ament_cmake_export_include_directories-extras.cmake
[10.051s] -- Installing: /home/sophia/workspace/about_ros/code/about_ros2/topic_ros/install/base_interface_demo/share/base_interface_demo/cmake/ament_cmake_export_libraries-extras.cmake
[10.052s] -- Installing: /home/sophia/workspace/about_ros/code/about_ros2/topic_ros/install/base_interface_demo/share/base_interface_demo/cmake/ament_cmake_export_targets-extras.cmake
[10.052s] -- Installing: /home/sophia/workspace/about_ros/code/about_ros2/topic_ros/install/base_interface_demo/share/base_interface_demo/cmake/rosidl_cmake_export_typesupport_targets-extras.cmake
[10.052s] -- Installing: /home/sophia/workspace/about_ros/code/about_ros2/topic_ros/install/base_interface_demo/share/base_interface_demo/cmake/ament_cmake_export_dependencies-extras.cmake
[10.052s] -- Installing: /home/sophia/workspace/about_ros/code/about_ros2/topic_ros/install/base_interface_demo/share/base_interface_demo/cmake/rosidl_cmake_export_typesupport_libraries-extras.cmake
[10.052s] -- Installing: /home/sophia/workspace/about_ros/code/about_ros2/topic_ros/install/base_interface_demo/share/base_interface_demo/cmake/base_interface_demoConfig.cmake
[10.052s] -- Up-to-date: /home/sophia/workspace/about_ros/code/about_ros2/topic_ros/install/base_interface_demo/share/base_interface_demo/cmake/base_interface_demoConfig-version.cmake
[10.052s] -- Installing: /home/sophia/workspace/about_ros/code/about_ros2/topic_ros/install/base_interface_demo/share/base_interface_demo/package.xml
[10.056s] Invoked command in '/home/sophia/workspace/about_ros/code/about_ros2/topic_ros/build/base_interface_demo' returned '0': CMAKE_PREFIX_PATH=${CMAKE_PREFIX_PATH}:/opt/ros/humble /usr/bin/cmake --install /home/sophia/workspace/about_ros/code/about_ros2/topic_ros/build/base_interface_demo
