[0.265s] DEBUG:colcon:Command line arguments: ['/bin/colcon', 'build', '--packages-select', 'cpp05_exercise']
[0.265s] DEBUG:colcon:Parsed command line arguments: Namespace(log_base=None, log_level=None, verb_name='build', build_base='build', install_base='install', merge_install=False, symlink_install=False, test_result_base=None, continue_on_error=False, executor='parallel', parallel_workers=8, event_handlers=None, ignore_user_meta=False, metas=['./colcon.meta'], base_paths=['.'], packages_ignore=None, packages_ignore_regex=None, paths=None, packages_up_to=None, packages_up_to_regex=None, packages_above=None, packages_above_and_dependencies=None, packages_above_depth=None, packages_select_by_dep=None, packages_skip_by_dep=None, packages_skip_up_to=None, packages_select_build_failed=False, packages_skip_build_finished=False, packages_select_test_failures=False, packages_skip_test_passed=False, packages_select=['cpp05_exercise'], packages_skip=None, packages_select_regex=None, packages_skip_regex=None, packages_start=None, packages_end=None, allow_overriding=[], cmake_args=None, cmake_target=None, cmake_target_skip_unavailable=False, cmake_clean_cache=False, cmake_clean_first=False, cmake_force_configure=False, ament_cmake_args=None, catkin_cmake_args=None, catkin_skip_building_tests=False, verb_parser=<colcon_defaults.argument_parser.defaults.DefaultArgumentsDecorator object at 0x7f0dcd122c80>, verb_extension=<colcon_core.verb.build.BuildVerb object at 0x7f0dcd2906a0>, main=<bound method BuildVerb.main of <colcon_core.verb.build.BuildVerb object at 0x7f0dcd2906a0>>)
[0.292s] Level 1:colcon.colcon_core.package_discovery:discover_packages(colcon_meta) check parameters
[0.293s] Level 1:colcon.colcon_core.package_discovery:discover_packages(recursive) check parameters
[0.293s] Level 1:colcon.colcon_core.package_discovery:discover_packages(ignore) check parameters
[0.293s] Level 1:colcon.colcon_core.package_discovery:discover_packages(path) check parameters
[0.293s] Level 1:colcon.colcon_core.package_discovery:discover_packages(colcon_meta) discover
[0.293s] Level 1:colcon.colcon_core.package_discovery:discover_packages(recursive) discover
[0.293s] INFO:colcon.colcon_core.package_discovery:Crawling recursively for packages in '/home/sophia/workspace/about_ros/code/about_ros2'
[0.293s] Level 1:colcon.colcon_core.package_identification:_identify(.) by extensions ['ignore', 'ignore_ament_install']
[0.293s] Level 1:colcon.colcon_core.package_identification:_identify(.) by extension 'ignore'
[0.293s] Level 1:colcon.colcon_core.package_identification:_identify(.) by extension 'ignore_ament_install'
[0.293s] Level 1:colcon.colcon_core.package_identification:_identify(.) by extensions ['colcon_pkg']
[0.293s] Level 1:colcon.colcon_core.package_identification:_identify(.) by extension 'colcon_pkg'
[0.293s] Level 1:colcon.colcon_core.package_identification:_identify(.) by extensions ['colcon_meta']
[0.293s] Level 1:colcon.colcon_core.package_identification:_identify(.) by extension 'colcon_meta'
[0.293s] Level 1:colcon.colcon_core.package_identification:_identify(.) by extensions ['ros']
[0.293s] Level 1:colcon.colcon_core.package_identification:_identify(.) by extension 'ros'
[0.306s] Level 1:colcon.colcon_core.package_identification:_identify(.) by extensions ['cmake', 'python']
[0.306s] Level 1:colcon.colcon_core.package_identification:_identify(.) by extension 'cmake'
[0.306s] Level 1:colcon.colcon_core.package_identification:_identify(.) by extension 'python'
[0.307s] Level 1:colcon.colcon_core.package_identification:_identify(.) by extensions ['python_setup_py']
[0.307s] Level 1:colcon.colcon_core.package_identification:_identify(.) by extension 'python_setup_py'
[0.307s] Level 1:colcon.colcon_core.package_identification:_identify(build) by extensions ['ignore', 'ignore_ament_install']
[0.307s] Level 1:colcon.colcon_core.package_identification:_identify(build) by extension 'ignore'
[0.307s] Level 1:colcon.colcon_core.package_identification:_identify(build) ignored
[0.307s] Level 1:colcon.colcon_core.package_identification:_identify(code_snippet) by extensions ['ignore', 'ignore_ament_install']
[0.307s] Level 1:colcon.colcon_core.package_identification:_identify(code_snippet) by extension 'ignore'
[0.307s] Level 1:colcon.colcon_core.package_identification:_identify(code_snippet) by extension 'ignore_ament_install'
[0.307s] Level 1:colcon.colcon_core.package_identification:_identify(code_snippet) by extensions ['colcon_pkg']
[0.307s] Level 1:colcon.colcon_core.package_identification:_identify(code_snippet) by extension 'colcon_pkg'
[0.307s] Level 1:colcon.colcon_core.package_identification:_identify(code_snippet) by extensions ['colcon_meta']
[0.307s] Level 1:colcon.colcon_core.package_identification:_identify(code_snippet) by extension 'colcon_meta'
[0.307s] Level 1:colcon.colcon_core.package_identification:_identify(code_snippet) by extensions ['ros']
[0.307s] Level 1:colcon.colcon_core.package_identification:_identify(code_snippet) by extension 'ros'
[0.307s] Level 1:colcon.colcon_core.package_identification:_identify(code_snippet) by extensions ['cmake', 'python']
[0.307s] Level 1:colcon.colcon_core.package_identification:_identify(code_snippet) by extension 'cmake'
[0.307s] Level 1:colcon.colcon_core.package_identification:_identify(code_snippet) by extension 'python'
[0.307s] Level 1:colcon.colcon_core.package_identification:_identify(code_snippet) by extensions ['python_setup_py']
[0.307s] Level 1:colcon.colcon_core.package_identification:_identify(code_snippet) by extension 'python_setup_py'
[0.308s] Level 1:colcon.colcon_core.package_identification:_identify(exercise_ros) by extensions ['ignore', 'ignore_ament_install']
[0.308s] Level 1:colcon.colcon_core.package_identification:_identify(exercise_ros) by extension 'ignore'
[0.308s] Level 1:colcon.colcon_core.package_identification:_identify(exercise_ros) by extension 'ignore_ament_install'
[0.308s] Level 1:colcon.colcon_core.package_identification:_identify(exercise_ros) by extensions ['colcon_pkg']
[0.308s] Level 1:colcon.colcon_core.package_identification:_identify(exercise_ros) by extension 'colcon_pkg'
[0.308s] Level 1:colcon.colcon_core.package_identification:_identify(exercise_ros) by extensions ['colcon_meta']
[0.308s] Level 1:colcon.colcon_core.package_identification:_identify(exercise_ros) by extension 'colcon_meta'
[0.308s] Level 1:colcon.colcon_core.package_identification:_identify(exercise_ros) by extensions ['ros']
[0.308s] Level 1:colcon.colcon_core.package_identification:_identify(exercise_ros) by extension 'ros'
[0.308s] Level 1:colcon.colcon_core.package_identification:_identify(exercise_ros) by extensions ['cmake', 'python']
[0.308s] Level 1:colcon.colcon_core.package_identification:_identify(exercise_ros) by extension 'cmake'
[0.308s] Level 1:colcon.colcon_core.package_identification:_identify(exercise_ros) by extension 'python'
[0.308s] Level 1:colcon.colcon_core.package_identification:_identify(exercise_ros) by extensions ['python_setup_py']
[0.308s] Level 1:colcon.colcon_core.package_identification:_identify(exercise_ros) by extension 'python_setup_py'
[0.308s] Level 1:colcon.colcon_core.package_identification:_identify(exercise_ros/build) by extensions ['ignore', 'ignore_ament_install']
[0.308s] Level 1:colcon.colcon_core.package_identification:_identify(exercise_ros/build) by extension 'ignore'
[0.308s] Level 1:colcon.colcon_core.package_identification:_identify(exercise_ros/build) by extension 'ignore_ament_install'
[0.308s] Level 1:colcon.colcon_core.package_identification:_identify(exercise_ros/build) by extensions ['colcon_pkg']
[0.308s] Level 1:colcon.colcon_core.package_identification:_identify(exercise_ros/build) by extension 'colcon_pkg'
[0.308s] Level 1:colcon.colcon_core.package_identification:_identify(exercise_ros/build) by extensions ['colcon_meta']
[0.308s] Level 1:colcon.colcon_core.package_identification:_identify(exercise_ros/build) by extension 'colcon_meta'
[0.308s] Level 1:colcon.colcon_core.package_identification:_identify(exercise_ros/build) by extensions ['ros']
[0.308s] Level 1:colcon.colcon_core.package_identification:_identify(exercise_ros/build) by extension 'ros'
[0.308s] Level 1:colcon.colcon_core.package_identification:_identify(exercise_ros/build) by extensions ['cmake', 'python']
[0.309s] Level 1:colcon.colcon_core.package_identification:_identify(exercise_ros/build) by extension 'cmake'
[0.309s] Level 1:colcon.colcon_core.package_identification:_identify(exercise_ros/build) by extension 'python'
[0.309s] Level 1:colcon.colcon_core.package_identification:_identify(exercise_ros/build) by extensions ['python_setup_py']
[0.309s] Level 1:colcon.colcon_core.package_identification:_identify(exercise_ros/build) by extension 'python_setup_py'
[0.309s] Level 1:colcon.colcon_core.package_identification:_identify(first_ros) by extensions ['ignore', 'ignore_ament_install']
[0.309s] Level 1:colcon.colcon_core.package_identification:_identify(first_ros) by extension 'ignore'
[0.309s] Level 1:colcon.colcon_core.package_identification:_identify(first_ros) by extension 'ignore_ament_install'
[0.309s] Level 1:colcon.colcon_core.package_identification:_identify(first_ros) by extensions ['colcon_pkg']
[0.309s] Level 1:colcon.colcon_core.package_identification:_identify(first_ros) by extension 'colcon_pkg'
[0.309s] Level 1:colcon.colcon_core.package_identification:_identify(first_ros) by extensions ['colcon_meta']
[0.309s] Level 1:colcon.colcon_core.package_identification:_identify(first_ros) by extension 'colcon_meta'
[0.309s] Level 1:colcon.colcon_core.package_identification:_identify(first_ros) by extensions ['ros']
[0.309s] Level 1:colcon.colcon_core.package_identification:_identify(first_ros) by extension 'ros'
[0.309s] Level 1:colcon.colcon_core.package_identification:_identify(first_ros) by extensions ['cmake', 'python']
[0.309s] Level 1:colcon.colcon_core.package_identification:_identify(first_ros) by extension 'cmake'
[0.309s] Level 1:colcon.colcon_core.package_identification:_identify(first_ros) by extension 'python'
[0.309s] Level 1:colcon.colcon_core.package_identification:_identify(first_ros) by extensions ['python_setup_py']
[0.309s] Level 1:colcon.colcon_core.package_identification:_identify(first_ros) by extension 'python_setup_py'
[0.309s] Level 1:colcon.colcon_core.package_identification:_identify(first_ros/build) by extensions ['ignore', 'ignore_ament_install']
[0.309s] Level 1:colcon.colcon_core.package_identification:_identify(first_ros/build) by extension 'ignore'
[0.309s] Level 1:colcon.colcon_core.package_identification:_identify(first_ros/build) ignored
[0.310s] Level 1:colcon.colcon_core.package_identification:_identify(first_ros/install) by extensions ['ignore', 'ignore_ament_install']
[0.310s] Level 1:colcon.colcon_core.package_identification:_identify(first_ros/install) by extension 'ignore'
[0.310s] Level 1:colcon.colcon_core.package_identification:_identify(first_ros/install) ignored
[0.310s] Level 1:colcon.colcon_core.package_identification:_identify(first_ros/log) by extensions ['ignore', 'ignore_ament_install']
[0.310s] Level 1:colcon.colcon_core.package_identification:_identify(first_ros/log) by extension 'ignore'
[0.310s] Level 1:colcon.colcon_core.package_identification:_identify(first_ros/log) ignored
[0.310s] Level 1:colcon.colcon_core.package_identification:_identify(first_ros/src) by extensions ['ignore', 'ignore_ament_install']
[0.310s] Level 1:colcon.colcon_core.package_identification:_identify(first_ros/src) by extension 'ignore'
[0.310s] Level 1:colcon.colcon_core.package_identification:_identify(first_ros/src) by extension 'ignore_ament_install'
[0.310s] Level 1:colcon.colcon_core.package_identification:_identify(first_ros/src) by extensions ['colcon_pkg']
[0.310s] Level 1:colcon.colcon_core.package_identification:_identify(first_ros/src) by extension 'colcon_pkg'
[0.310s] Level 1:colcon.colcon_core.package_identification:_identify(first_ros/src) by extensions ['colcon_meta']
[0.310s] Level 1:colcon.colcon_core.package_identification:_identify(first_ros/src) by extension 'colcon_meta'
[0.310s] Level 1:colcon.colcon_core.package_identification:_identify(first_ros/src) by extensions ['ros']
[0.310s] Level 1:colcon.colcon_core.package_identification:_identify(first_ros/src) by extension 'ros'
[0.310s] Level 1:colcon.colcon_core.package_identification:_identify(first_ros/src) by extensions ['cmake', 'python']
[0.310s] Level 1:colcon.colcon_core.package_identification:_identify(first_ros/src) by extension 'cmake'
[0.310s] Level 1:colcon.colcon_core.package_identification:_identify(first_ros/src) by extension 'python'
[0.310s] Level 1:colcon.colcon_core.package_identification:_identify(first_ros/src) by extensions ['python_setup_py']
[0.310s] Level 1:colcon.colcon_core.package_identification:_identify(first_ros/src) by extension 'python_setup_py'
[0.311s] Level 1:colcon.colcon_core.package_identification:_identify(first_ros/src/first_helloworld_cpp) by extensions ['ignore', 'ignore_ament_install']
[0.311s] Level 1:colcon.colcon_core.package_identification:_identify(first_ros/src/first_helloworld_cpp) by extension 'ignore'
[0.311s] Level 1:colcon.colcon_core.package_identification:_identify(first_ros/src/first_helloworld_cpp) by extension 'ignore_ament_install'
[0.311s] Level 1:colcon.colcon_core.package_identification:_identify(first_ros/src/first_helloworld_cpp) by extensions ['colcon_pkg']
[0.311s] Level 1:colcon.colcon_core.package_identification:_identify(first_ros/src/first_helloworld_cpp) by extension 'colcon_pkg'
[0.311s] Level 1:colcon.colcon_core.package_identification:_identify(first_ros/src/first_helloworld_cpp) by extensions ['colcon_meta']
[0.311s] Level 1:colcon.colcon_core.package_identification:_identify(first_ros/src/first_helloworld_cpp) by extension 'colcon_meta'
[0.311s] Level 1:colcon.colcon_core.package_identification:_identify(first_ros/src/first_helloworld_cpp) by extensions ['ros']
[0.311s] Level 1:colcon.colcon_core.package_identification:_identify(first_ros/src/first_helloworld_cpp) by extension 'ros'
[0.313s] DEBUG:colcon.colcon_core.package_identification:Package 'first_ros/src/first_helloworld_cpp' with type 'ros.ament_cmake' and name 'first_helloworld_cpp'
[0.313s] Level 1:colcon.colcon_core.package_identification:_identify(install) by extensions ['ignore', 'ignore_ament_install']
[0.313s] Level 1:colcon.colcon_core.package_identification:_identify(install) by extension 'ignore'
[0.313s] Level 1:colcon.colcon_core.package_identification:_identify(install) ignored
[0.313s] Level 1:colcon.colcon_core.package_identification:_identify(log) by extensions ['ignore', 'ignore_ament_install']
[0.313s] Level 1:colcon.colcon_core.package_identification:_identify(log) by extension 'ignore'
[0.313s] Level 1:colcon.colcon_core.package_identification:_identify(log) ignored
[0.313s] Level 1:colcon.colcon_core.package_identification:_identify(ws_correspond) by extensions ['ignore', 'ignore_ament_install']
[0.314s] Level 1:colcon.colcon_core.package_identification:_identify(ws_correspond) by extension 'ignore'
[0.314s] Level 1:colcon.colcon_core.package_identification:_identify(ws_correspond) by extension 'ignore_ament_install'
[0.314s] Level 1:colcon.colcon_core.package_identification:_identify(ws_correspond) by extensions ['colcon_pkg']
[0.314s] Level 1:colcon.colcon_core.package_identification:_identify(ws_correspond) by extension 'colcon_pkg'
[0.314s] Level 1:colcon.colcon_core.package_identification:_identify(ws_correspond) by extensions ['colcon_meta']
[0.314s] Level 1:colcon.colcon_core.package_identification:_identify(ws_correspond) by extension 'colcon_meta'
[0.314s] Level 1:colcon.colcon_core.package_identification:_identify(ws_correspond) by extensions ['ros']
[0.314s] Level 1:colcon.colcon_core.package_identification:_identify(ws_correspond) by extension 'ros'
[0.314s] Level 1:colcon.colcon_core.package_identification:_identify(ws_correspond) by extensions ['cmake', 'python']
[0.314s] Level 1:colcon.colcon_core.package_identification:_identify(ws_correspond) by extension 'cmake'
[0.314s] Level 1:colcon.colcon_core.package_identification:_identify(ws_correspond) by extension 'python'
[0.314s] Level 1:colcon.colcon_core.package_identification:_identify(ws_correspond) by extensions ['python_setup_py']
[0.314s] Level 1:colcon.colcon_core.package_identification:_identify(ws_correspond) by extension 'python_setup_py'
[0.314s] Level 1:colcon.colcon_core.package_identification:_identify(ws_correspond/action_ros) by extensions ['ignore', 'ignore_ament_install']
[0.314s] Level 1:colcon.colcon_core.package_identification:_identify(ws_correspond/action_ros) by extension 'ignore'
[0.314s] Level 1:colcon.colcon_core.package_identification:_identify(ws_correspond/action_ros) by extension 'ignore_ament_install'
[0.314s] Level 1:colcon.colcon_core.package_identification:_identify(ws_correspond/action_ros) by extensions ['colcon_pkg']
[0.314s] Level 1:colcon.colcon_core.package_identification:_identify(ws_correspond/action_ros) by extension 'colcon_pkg'
[0.314s] Level 1:colcon.colcon_core.package_identification:_identify(ws_correspond/action_ros) by extensions ['colcon_meta']
[0.314s] Level 1:colcon.colcon_core.package_identification:_identify(ws_correspond/action_ros) by extension 'colcon_meta'
[0.314s] Level 1:colcon.colcon_core.package_identification:_identify(ws_correspond/action_ros) by extensions ['ros']
[0.314s] Level 1:colcon.colcon_core.package_identification:_identify(ws_correspond/action_ros) by extension 'ros'
[0.314s] Level 1:colcon.colcon_core.package_identification:_identify(ws_correspond/action_ros) by extensions ['cmake', 'python']
[0.314s] Level 1:colcon.colcon_core.package_identification:_identify(ws_correspond/action_ros) by extension 'cmake'
[0.315s] Level 1:colcon.colcon_core.package_identification:_identify(ws_correspond/action_ros) by extension 'python'
[0.315s] Level 1:colcon.colcon_core.package_identification:_identify(ws_correspond/action_ros) by extensions ['python_setup_py']
[0.315s] Level 1:colcon.colcon_core.package_identification:_identify(ws_correspond/action_ros) by extension 'python_setup_py'
[0.315s] Level 1:colcon.colcon_core.package_identification:_identify(ws_correspond/action_ros/build) by extensions ['ignore', 'ignore_ament_install']
[0.315s] Level 1:colcon.colcon_core.package_identification:_identify(ws_correspond/action_ros/build) by extension 'ignore'
[0.315s] Level 1:colcon.colcon_core.package_identification:_identify(ws_correspond/action_ros/build) ignored
[0.315s] Level 1:colcon.colcon_core.package_identification:_identify(ws_correspond/action_ros/install) by extensions ['ignore', 'ignore_ament_install']
[0.315s] Level 1:colcon.colcon_core.package_identification:_identify(ws_correspond/action_ros/install) by extension 'ignore'
[0.315s] Level 1:colcon.colcon_core.package_identification:_identify(ws_correspond/action_ros/install) ignored
[0.315s] Level 1:colcon.colcon_core.package_identification:_identify(ws_correspond/action_ros/log) by extensions ['ignore', 'ignore_ament_install']
[0.315s] Level 1:colcon.colcon_core.package_identification:_identify(ws_correspond/action_ros/log) by extension 'ignore'
[0.315s] Level 1:colcon.colcon_core.package_identification:_identify(ws_correspond/action_ros/log) ignored
[0.315s] Level 1:colcon.colcon_core.package_identification:_identify(ws_correspond/action_ros/src) by extensions ['ignore', 'ignore_ament_install']
[0.315s] Level 1:colcon.colcon_core.package_identification:_identify(ws_correspond/action_ros/src) by extension 'ignore'
[0.316s] Level 1:colcon.colcon_core.package_identification:_identify(ws_correspond/action_ros/src) by extension 'ignore_ament_install'
[0.316s] Level 1:colcon.colcon_core.package_identification:_identify(ws_correspond/action_ros/src) by extensions ['colcon_pkg']
[0.316s] Level 1:colcon.colcon_core.package_identification:_identify(ws_correspond/action_ros/src) by extension 'colcon_pkg'
[0.316s] Level 1:colcon.colcon_core.package_identification:_identify(ws_correspond/action_ros/src) by extensions ['colcon_meta']
[0.316s] Level 1:colcon.colcon_core.package_identification:_identify(ws_correspond/action_ros/src) by extension 'colcon_meta'
[0.316s] Level 1:colcon.colcon_core.package_identification:_identify(ws_correspond/action_ros/src) by extensions ['ros']
[0.316s] Level 1:colcon.colcon_core.package_identification:_identify(ws_correspond/action_ros/src) by extension 'ros'
[0.316s] Level 1:colcon.colcon_core.package_identification:_identify(ws_correspond/action_ros/src) by extensions ['cmake', 'python']
[0.316s] Level 1:colcon.colcon_core.package_identification:_identify(ws_correspond/action_ros/src) by extension 'cmake'
[0.316s] Level 1:colcon.colcon_core.package_identification:_identify(ws_correspond/action_ros/src) by extension 'python'
[0.316s] Level 1:colcon.colcon_core.package_identification:_identify(ws_correspond/action_ros/src) by extensions ['python_setup_py']
[0.316s] Level 1:colcon.colcon_core.package_identification:_identify(ws_correspond/action_ros/src) by extension 'python_setup_py'
[0.316s] Level 1:colcon.colcon_core.package_identification:_identify(ws_correspond/action_ros/src/base_interfaces_demo) by extensions ['ignore', 'ignore_ament_install']
[0.316s] Level 1:colcon.colcon_core.package_identification:_identify(ws_correspond/action_ros/src/base_interfaces_demo) by extension 'ignore'
[0.316s] Level 1:colcon.colcon_core.package_identification:_identify(ws_correspond/action_ros/src/base_interfaces_demo) by extension 'ignore_ament_install'
[0.316s] Level 1:colcon.colcon_core.package_identification:_identify(ws_correspond/action_ros/src/base_interfaces_demo) by extensions ['colcon_pkg']
[0.316s] Level 1:colcon.colcon_core.package_identification:_identify(ws_correspond/action_ros/src/base_interfaces_demo) by extension 'colcon_pkg'
[0.316s] Level 1:colcon.colcon_core.package_identification:_identify(ws_correspond/action_ros/src/base_interfaces_demo) by extensions ['colcon_meta']
[0.316s] Level 1:colcon.colcon_core.package_identification:_identify(ws_correspond/action_ros/src/base_interfaces_demo) by extension 'colcon_meta'
[0.316s] Level 1:colcon.colcon_core.package_identification:_identify(ws_correspond/action_ros/src/base_interfaces_demo) by extensions ['ros']
[0.316s] Level 1:colcon.colcon_core.package_identification:_identify(ws_correspond/action_ros/src/base_interfaces_demo) by extension 'ros'
[0.317s] DEBUG:colcon.colcon_core.package_identification:Package 'ws_correspond/action_ros/src/base_interfaces_demo' with type 'ros.ament_cmake' and name 'base_interfaces_demo'
[0.317s] Level 1:colcon.colcon_core.package_identification:_identify(ws_correspond/action_ros/src/cpp03_action) by extensions ['ignore', 'ignore_ament_install']
[0.317s] Level 1:colcon.colcon_core.package_identification:_identify(ws_correspond/action_ros/src/cpp03_action) by extension 'ignore'
[0.317s] Level 1:colcon.colcon_core.package_identification:_identify(ws_correspond/action_ros/src/cpp03_action) by extension 'ignore_ament_install'
[0.317s] Level 1:colcon.colcon_core.package_identification:_identify(ws_correspond/action_ros/src/cpp03_action) by extensions ['colcon_pkg']
[0.317s] Level 1:colcon.colcon_core.package_identification:_identify(ws_correspond/action_ros/src/cpp03_action) by extension 'colcon_pkg'
[0.317s] Level 1:colcon.colcon_core.package_identification:_identify(ws_correspond/action_ros/src/cpp03_action) by extensions ['colcon_meta']
[0.317s] Level 1:colcon.colcon_core.package_identification:_identify(ws_correspond/action_ros/src/cpp03_action) by extension 'colcon_meta'
[0.317s] Level 1:colcon.colcon_core.package_identification:_identify(ws_correspond/action_ros/src/cpp03_action) by extensions ['ros']
[0.317s] Level 1:colcon.colcon_core.package_identification:_identify(ws_correspond/action_ros/src/cpp03_action) by extension 'ros'
[0.318s] DEBUG:colcon.colcon_core.package_identification:Package 'ws_correspond/action_ros/src/cpp03_action' with type 'ros.ament_cmake' and name 'cpp03_action'
[0.318s] Level 1:colcon.colcon_core.package_identification:_identify(ws_correspond/exercise_ros) by extensions ['ignore', 'ignore_ament_install']
[0.318s] Level 1:colcon.colcon_core.package_identification:_identify(ws_correspond/exercise_ros) by extension 'ignore'
[0.318s] Level 1:colcon.colcon_core.package_identification:_identify(ws_correspond/exercise_ros) by extension 'ignore_ament_install'
[0.318s] Level 1:colcon.colcon_core.package_identification:_identify(ws_correspond/exercise_ros) by extensions ['colcon_pkg']
[0.318s] Level 1:colcon.colcon_core.package_identification:_identify(ws_correspond/exercise_ros) by extension 'colcon_pkg'
[0.318s] Level 1:colcon.colcon_core.package_identification:_identify(ws_correspond/exercise_ros) by extensions ['colcon_meta']
[0.318s] Level 1:colcon.colcon_core.package_identification:_identify(ws_correspond/exercise_ros) by extension 'colcon_meta'
[0.318s] Level 1:colcon.colcon_core.package_identification:_identify(ws_correspond/exercise_ros) by extensions ['ros']
[0.318s] Level 1:colcon.colcon_core.package_identification:_identify(ws_correspond/exercise_ros) by extension 'ros'
[0.318s] Level 1:colcon.colcon_core.package_identification:_identify(ws_correspond/exercise_ros) by extensions ['cmake', 'python']
[0.318s] Level 1:colcon.colcon_core.package_identification:_identify(ws_correspond/exercise_ros) by extension 'cmake'
[0.319s] Level 1:colcon.colcon_core.package_identification:_identify(ws_correspond/exercise_ros) by extension 'python'
[0.319s] Level 1:colcon.colcon_core.package_identification:_identify(ws_correspond/exercise_ros) by extensions ['python_setup_py']
[0.319s] Level 1:colcon.colcon_core.package_identification:_identify(ws_correspond/exercise_ros) by extension 'python_setup_py'
[0.319s] Level 1:colcon.colcon_core.package_identification:_identify(ws_correspond/exercise_ros/build) by extensions ['ignore', 'ignore_ament_install']
[0.319s] Level 1:colcon.colcon_core.package_identification:_identify(ws_correspond/exercise_ros/build) by extension 'ignore'
[0.319s] Level 1:colcon.colcon_core.package_identification:_identify(ws_correspond/exercise_ros/build) ignored
[0.319s] Level 1:colcon.colcon_core.package_identification:_identify(ws_correspond/exercise_ros/install) by extensions ['ignore', 'ignore_ament_install']
[0.319s] Level 1:colcon.colcon_core.package_identification:_identify(ws_correspond/exercise_ros/install) by extension 'ignore'
[0.319s] Level 1:colcon.colcon_core.package_identification:_identify(ws_correspond/exercise_ros/install) ignored
[0.319s] Level 1:colcon.colcon_core.package_identification:_identify(ws_correspond/exercise_ros/log) by extensions ['ignore', 'ignore_ament_install']
[0.319s] Level 1:colcon.colcon_core.package_identification:_identify(ws_correspond/exercise_ros/log) by extension 'ignore'
[0.319s] Level 1:colcon.colcon_core.package_identification:_identify(ws_correspond/exercise_ros/log) ignored
[0.319s] Level 1:colcon.colcon_core.package_identification:_identify(ws_correspond/exercise_ros/src) by extensions ['ignore', 'ignore_ament_install']
[0.319s] Level 1:colcon.colcon_core.package_identification:_identify(ws_correspond/exercise_ros/src) by extension 'ignore'
[0.319s] Level 1:colcon.colcon_core.package_identification:_identify(ws_correspond/exercise_ros/src) by extension 'ignore_ament_install'
[0.319s] Level 1:colcon.colcon_core.package_identification:_identify(ws_correspond/exercise_ros/src) by extensions ['colcon_pkg']
[0.320s] Level 1:colcon.colcon_core.package_identification:_identify(ws_correspond/exercise_ros/src) by extension 'colcon_pkg'
[0.320s] Level 1:colcon.colcon_core.package_identification:_identify(ws_correspond/exercise_ros/src) by extensions ['colcon_meta']
[0.320s] Level 1:colcon.colcon_core.package_identification:_identify(ws_correspond/exercise_ros/src) by extension 'colcon_meta'
[0.320s] Level 1:colcon.colcon_core.package_identification:_identify(ws_correspond/exercise_ros/src) by extensions ['ros']
[0.320s] Level 1:colcon.colcon_core.package_identification:_identify(ws_correspond/exercise_ros/src) by extension 'ros'
[0.320s] Level 1:colcon.colcon_core.package_identification:_identify(ws_correspond/exercise_ros/src) by extensions ['cmake', 'python']
[0.320s] Level 1:colcon.colcon_core.package_identification:_identify(ws_correspond/exercise_ros/src) by extension 'cmake'
[0.320s] Level 1:colcon.colcon_core.package_identification:_identify(ws_correspond/exercise_ros/src) by extension 'python'
[0.320s] Level 1:colcon.colcon_core.package_identification:_identify(ws_correspond/exercise_ros/src) by extensions ['python_setup_py']
[0.320s] Level 1:colcon.colcon_core.package_identification:_identify(ws_correspond/exercise_ros/src) by extension 'python_setup_py'
[0.320s] Level 1:colcon.colcon_core.package_identification:_identify(ws_correspond/exercise_ros/src/base_interfaces_demo) by extensions ['ignore', 'ignore_ament_install']
[0.320s] Level 1:colcon.colcon_core.package_identification:_identify(ws_correspond/exercise_ros/src/base_interfaces_demo) by extension 'ignore'
[0.320s] Level 1:colcon.colcon_core.package_identification:_identify(ws_correspond/exercise_ros/src/base_interfaces_demo) by extension 'ignore_ament_install'
[0.320s] Level 1:colcon.colcon_core.package_identification:_identify(ws_correspond/exercise_ros/src/base_interfaces_demo) by extensions ['colcon_pkg']
[0.320s] Level 1:colcon.colcon_core.package_identification:_identify(ws_correspond/exercise_ros/src/base_interfaces_demo) by extension 'colcon_pkg'
[0.320s] Level 1:colcon.colcon_core.package_identification:_identify(ws_correspond/exercise_ros/src/base_interfaces_demo) by extensions ['colcon_meta']
[0.320s] Level 1:colcon.colcon_core.package_identification:_identify(ws_correspond/exercise_ros/src/base_interfaces_demo) by extension 'colcon_meta'
[0.320s] Level 1:colcon.colcon_core.package_identification:_identify(ws_correspond/exercise_ros/src/base_interfaces_demo) by extensions ['ros']
[0.320s] Level 1:colcon.colcon_core.package_identification:_identify(ws_correspond/exercise_ros/src/base_interfaces_demo) by extension 'ros'
[0.321s] DEBUG:colcon.colcon_core.package_identification:Package 'ws_correspond/exercise_ros/src/base_interfaces_demo' with type 'ros.ament_cmake' and name 'base_interfaces_demo'
[0.321s] Level 1:colcon.colcon_core.package_identification:_identify(ws_correspond/exercise_ros/src/cpp07_exercise) by extensions ['ignore', 'ignore_ament_install']
[0.321s] Level 1:colcon.colcon_core.package_identification:_identify(ws_correspond/exercise_ros/src/cpp07_exercise) by extension 'ignore'
[0.321s] Level 1:colcon.colcon_core.package_identification:_identify(ws_correspond/exercise_ros/src/cpp07_exercise) by extension 'ignore_ament_install'
[0.321s] Level 1:colcon.colcon_core.package_identification:_identify(ws_correspond/exercise_ros/src/cpp07_exercise) by extensions ['colcon_pkg']
[0.321s] Level 1:colcon.colcon_core.package_identification:_identify(ws_correspond/exercise_ros/src/cpp07_exercise) by extension 'colcon_pkg'
[0.321s] Level 1:colcon.colcon_core.package_identification:_identify(ws_correspond/exercise_ros/src/cpp07_exercise) by extensions ['colcon_meta']
[0.321s] Level 1:colcon.colcon_core.package_identification:_identify(ws_correspond/exercise_ros/src/cpp07_exercise) by extension 'colcon_meta'
[0.321s] Level 1:colcon.colcon_core.package_identification:_identify(ws_correspond/exercise_ros/src/cpp07_exercise) by extensions ['ros']
[0.321s] Level 1:colcon.colcon_core.package_identification:_identify(ws_correspond/exercise_ros/src/cpp07_exercise) by extension 'ros'
[0.322s] DEBUG:colcon.colcon_core.package_identification:Package 'ws_correspond/exercise_ros/src/cpp07_exercise' with type 'ros.ament_cmake' and name 'cpp07_exercise'
[0.322s] Level 1:colcon.colcon_core.package_identification:_identify(ws_correspond/param_ros) by extensions ['ignore', 'ignore_ament_install']
[0.322s] Level 1:colcon.colcon_core.package_identification:_identify(ws_correspond/param_ros) by extension 'ignore'
[0.322s] Level 1:colcon.colcon_core.package_identification:_identify(ws_correspond/param_ros) by extension 'ignore_ament_install'
[0.322s] Level 1:colcon.colcon_core.package_identification:_identify(ws_correspond/param_ros) by extensions ['colcon_pkg']
[0.322s] Level 1:colcon.colcon_core.package_identification:_identify(ws_correspond/param_ros) by extension 'colcon_pkg'
[0.322s] Level 1:colcon.colcon_core.package_identification:_identify(ws_correspond/param_ros) by extensions ['colcon_meta']
[0.322s] Level 1:colcon.colcon_core.package_identification:_identify(ws_correspond/param_ros) by extension 'colcon_meta'
[0.323s] Level 1:colcon.colcon_core.package_identification:_identify(ws_correspond/param_ros) by extensions ['ros']
[0.323s] Level 1:colcon.colcon_core.package_identification:_identify(ws_correspond/param_ros) by extension 'ros'
[0.323s] Level 1:colcon.colcon_core.package_identification:_identify(ws_correspond/param_ros) by extensions ['cmake', 'python']
[0.323s] Level 1:colcon.colcon_core.package_identification:_identify(ws_correspond/param_ros) by extension 'cmake'
[0.323s] Level 1:colcon.colcon_core.package_identification:_identify(ws_correspond/param_ros) by extension 'python'
[0.323s] Level 1:colcon.colcon_core.package_identification:_identify(ws_correspond/param_ros) by extensions ['python_setup_py']
[0.323s] Level 1:colcon.colcon_core.package_identification:_identify(ws_correspond/param_ros) by extension 'python_setup_py'
[0.323s] Level 1:colcon.colcon_core.package_identification:_identify(ws_correspond/param_ros/build) by extensions ['ignore', 'ignore_ament_install']
[0.323s] Level 1:colcon.colcon_core.package_identification:_identify(ws_correspond/param_ros/build) by extension 'ignore'
[0.323s] Level 1:colcon.colcon_core.package_identification:_identify(ws_correspond/param_ros/build) ignored
[0.323s] Level 1:colcon.colcon_core.package_identification:_identify(ws_correspond/param_ros/install) by extensions ['ignore', 'ignore_ament_install']
[0.323s] Level 1:colcon.colcon_core.package_identification:_identify(ws_correspond/param_ros/install) by extension 'ignore'
[0.323s] Level 1:colcon.colcon_core.package_identification:_identify(ws_correspond/param_ros/install) ignored
[0.323s] Level 1:colcon.colcon_core.package_identification:_identify(ws_correspond/param_ros/log) by extensions ['ignore', 'ignore_ament_install']
[0.323s] Level 1:colcon.colcon_core.package_identification:_identify(ws_correspond/param_ros/log) by extension 'ignore'
[0.323s] Level 1:colcon.colcon_core.package_identification:_identify(ws_correspond/param_ros/log) ignored
[0.323s] Level 1:colcon.colcon_core.package_identification:_identify(ws_correspond/param_ros/src) by extensions ['ignore', 'ignore_ament_install']
[0.323s] Level 1:colcon.colcon_core.package_identification:_identify(ws_correspond/param_ros/src) by extension 'ignore'
[0.324s] Level 1:colcon.colcon_core.package_identification:_identify(ws_correspond/param_ros/src) by extension 'ignore_ament_install'
[0.324s] Level 1:colcon.colcon_core.package_identification:_identify(ws_correspond/param_ros/src) by extensions ['colcon_pkg']
[0.324s] Level 1:colcon.colcon_core.package_identification:_identify(ws_correspond/param_ros/src) by extension 'colcon_pkg'
[0.324s] Level 1:colcon.colcon_core.package_identification:_identify(ws_correspond/param_ros/src) by extensions ['colcon_meta']
[0.324s] Level 1:colcon.colcon_core.package_identification:_identify(ws_correspond/param_ros/src) by extension 'colcon_meta'
[0.324s] Level 1:colcon.colcon_core.package_identification:_identify(ws_correspond/param_ros/src) by extensions ['ros']
[0.324s] Level 1:colcon.colcon_core.package_identification:_identify(ws_correspond/param_ros/src) by extension 'ros'
[0.324s] Level 1:colcon.colcon_core.package_identification:_identify(ws_correspond/param_ros/src) by extensions ['cmake', 'python']
[0.324s] Level 1:colcon.colcon_core.package_identification:_identify(ws_correspond/param_ros/src) by extension 'cmake'
[0.324s] Level 1:colcon.colcon_core.package_identification:_identify(ws_correspond/param_ros/src) by extension 'python'
[0.324s] Level 1:colcon.colcon_core.package_identification:_identify(ws_correspond/param_ros/src) by extensions ['python_setup_py']
[0.324s] Level 1:colcon.colcon_core.package_identification:_identify(ws_correspond/param_ros/src) by extension 'python_setup_py'
[0.324s] Level 1:colcon.colcon_core.package_identification:_identify(ws_correspond/param_ros/src/cpp04_param) by extensions ['ignore', 'ignore_ament_install']
[0.324s] Level 1:colcon.colcon_core.package_identification:_identify(ws_correspond/param_ros/src/cpp04_param) by extension 'ignore'
[0.324s] Level 1:colcon.colcon_core.package_identification:_identify(ws_correspond/param_ros/src/cpp04_param) by extension 'ignore_ament_install'
[0.324s] Level 1:colcon.colcon_core.package_identification:_identify(ws_correspond/param_ros/src/cpp04_param) by extensions ['colcon_pkg']
[0.324s] Level 1:colcon.colcon_core.package_identification:_identify(ws_correspond/param_ros/src/cpp04_param) by extension 'colcon_pkg'
[0.324s] Level 1:colcon.colcon_core.package_identification:_identify(ws_correspond/param_ros/src/cpp04_param) by extensions ['colcon_meta']
[0.324s] Level 1:colcon.colcon_core.package_identification:_identify(ws_correspond/param_ros/src/cpp04_param) by extension 'colcon_meta'
[0.324s] Level 1:colcon.colcon_core.package_identification:_identify(ws_correspond/param_ros/src/cpp04_param) by extensions ['ros']
[0.324s] Level 1:colcon.colcon_core.package_identification:_identify(ws_correspond/param_ros/src/cpp04_param) by extension 'ros'
[0.325s] DEBUG:colcon.colcon_core.package_identification:Package 'ws_correspond/param_ros/src/cpp04_param' with type 'ros.ament_cmake' and name 'cpp04_param'
[0.325s] Level 1:colcon.colcon_core.package_identification:_identify(ws_correspond/server_ros) by extensions ['ignore', 'ignore_ament_install']
[0.325s] Level 1:colcon.colcon_core.package_identification:_identify(ws_correspond/server_ros) by extension 'ignore'
[0.325s] Level 1:colcon.colcon_core.package_identification:_identify(ws_correspond/server_ros) by extension 'ignore_ament_install'
[0.325s] Level 1:colcon.colcon_core.package_identification:_identify(ws_correspond/server_ros) by extensions ['colcon_pkg']
[0.325s] Level 1:colcon.colcon_core.package_identification:_identify(ws_correspond/server_ros) by extension 'colcon_pkg'
[0.325s] Level 1:colcon.colcon_core.package_identification:_identify(ws_correspond/server_ros) by extensions ['colcon_meta']
[0.325s] Level 1:colcon.colcon_core.package_identification:_identify(ws_correspond/server_ros) by extension 'colcon_meta'
[0.325s] Level 1:colcon.colcon_core.package_identification:_identify(ws_correspond/server_ros) by extensions ['ros']
[0.325s] Level 1:colcon.colcon_core.package_identification:_identify(ws_correspond/server_ros) by extension 'ros'
[0.325s] Level 1:colcon.colcon_core.package_identification:_identify(ws_correspond/server_ros) by extensions ['cmake', 'python']
[0.325s] Level 1:colcon.colcon_core.package_identification:_identify(ws_correspond/server_ros) by extension 'cmake'
[0.325s] Level 1:colcon.colcon_core.package_identification:_identify(ws_correspond/server_ros) by extension 'python'
[0.325s] Level 1:colcon.colcon_core.package_identification:_identify(ws_correspond/server_ros) by extensions ['python_setup_py']
[0.325s] Level 1:colcon.colcon_core.package_identification:_identify(ws_correspond/server_ros) by extension 'python_setup_py'
[0.326s] Level 1:colcon.colcon_core.package_identification:_identify(ws_correspond/server_ros/build) by extensions ['ignore', 'ignore_ament_install']
[0.326s] Level 1:colcon.colcon_core.package_identification:_identify(ws_correspond/server_ros/build) by extension 'ignore'
[0.326s] Level 1:colcon.colcon_core.package_identification:_identify(ws_correspond/server_ros/build) ignored
[0.326s] Level 1:colcon.colcon_core.package_identification:_identify(ws_correspond/server_ros/install) by extensions ['ignore', 'ignore_ament_install']
[0.326s] Level 1:colcon.colcon_core.package_identification:_identify(ws_correspond/server_ros/install) by extension 'ignore'
[0.326s] Level 1:colcon.colcon_core.package_identification:_identify(ws_correspond/server_ros/install) ignored
[0.326s] Level 1:colcon.colcon_core.package_identification:_identify(ws_correspond/server_ros/log) by extensions ['ignore', 'ignore_ament_install']
[0.326s] Level 1:colcon.colcon_core.package_identification:_identify(ws_correspond/server_ros/log) by extension 'ignore'
[0.326s] Level 1:colcon.colcon_core.package_identification:_identify(ws_correspond/server_ros/log) ignored
[0.326s] Level 1:colcon.colcon_core.package_identification:_identify(ws_correspond/server_ros/src) by extensions ['ignore', 'ignore_ament_install']
[0.326s] Level 1:colcon.colcon_core.package_identification:_identify(ws_correspond/server_ros/src) by extension 'ignore'
[0.326s] Level 1:colcon.colcon_core.package_identification:_identify(ws_correspond/server_ros/src) by extension 'ignore_ament_install'
[0.326s] Level 1:colcon.colcon_core.package_identification:_identify(ws_correspond/server_ros/src) by extensions ['colcon_pkg']
[0.326s] Level 1:colcon.colcon_core.package_identification:_identify(ws_correspond/server_ros/src) by extension 'colcon_pkg'
[0.326s] Level 1:colcon.colcon_core.package_identification:_identify(ws_correspond/server_ros/src) by extensions ['colcon_meta']
[0.326s] Level 1:colcon.colcon_core.package_identification:_identify(ws_correspond/server_ros/src) by extension 'colcon_meta'
[0.326s] Level 1:colcon.colcon_core.package_identification:_identify(ws_correspond/server_ros/src) by extensions ['ros']
[0.326s] Level 1:colcon.colcon_core.package_identification:_identify(ws_correspond/server_ros/src) by extension 'ros'
[0.326s] Level 1:colcon.colcon_core.package_identification:_identify(ws_correspond/server_ros/src) by extensions ['cmake', 'python']
[0.327s] Level 1:colcon.colcon_core.package_identification:_identify(ws_correspond/server_ros/src) by extension 'cmake'
[0.327s] Level 1:colcon.colcon_core.package_identification:_identify(ws_correspond/server_ros/src) by extension 'python'
[0.327s] Level 1:colcon.colcon_core.package_identification:_identify(ws_correspond/server_ros/src) by extensions ['python_setup_py']
[0.327s] Level 1:colcon.colcon_core.package_identification:_identify(ws_correspond/server_ros/src) by extension 'python_setup_py'
[0.327s] Level 1:colcon.colcon_core.package_identification:_identify(ws_correspond/server_ros/src/base_interfaces_demo) by extensions ['ignore', 'ignore_ament_install']
[0.327s] Level 1:colcon.colcon_core.package_identification:_identify(ws_correspond/server_ros/src/base_interfaces_demo) by extension 'ignore'
[0.327s] Level 1:colcon.colcon_core.package_identification:_identify(ws_correspond/server_ros/src/base_interfaces_demo) by extension 'ignore_ament_install'
[0.327s] Level 1:colcon.colcon_core.package_identification:_identify(ws_correspond/server_ros/src/base_interfaces_demo) by extensions ['colcon_pkg']
[0.327s] Level 1:colcon.colcon_core.package_identification:_identify(ws_correspond/server_ros/src/base_interfaces_demo) by extension 'colcon_pkg'
[0.327s] Level 1:colcon.colcon_core.package_identification:_identify(ws_correspond/server_ros/src/base_interfaces_demo) by extensions ['colcon_meta']
[0.327s] Level 1:colcon.colcon_core.package_identification:_identify(ws_correspond/server_ros/src/base_interfaces_demo) by extension 'colcon_meta'
[0.327s] Level 1:colcon.colcon_core.package_identification:_identify(ws_correspond/server_ros/src/base_interfaces_demo) by extensions ['ros']
[0.327s] Level 1:colcon.colcon_core.package_identification:_identify(ws_correspond/server_ros/src/base_interfaces_demo) by extension 'ros'
[0.327s] DEBUG:colcon.colcon_core.package_identification:Package 'ws_correspond/server_ros/src/base_interfaces_demo' with type 'ros.ament_cmake' and name 'base_interfaces_demo'
[0.328s] Level 1:colcon.colcon_core.package_identification:_identify(ws_correspond/server_ros/src/cpp02_server) by extensions ['ignore', 'ignore_ament_install']
[0.328s] Level 1:colcon.colcon_core.package_identification:_identify(ws_correspond/server_ros/src/cpp02_server) by extension 'ignore'
[0.328s] Level 1:colcon.colcon_core.package_identification:_identify(ws_correspond/server_ros/src/cpp02_server) by extension 'ignore_ament_install'
[0.328s] Level 1:colcon.colcon_core.package_identification:_identify(ws_correspond/server_ros/src/cpp02_server) by extensions ['colcon_pkg']
[0.328s] Level 1:colcon.colcon_core.package_identification:_identify(ws_correspond/server_ros/src/cpp02_server) by extension 'colcon_pkg'
[0.328s] Level 1:colcon.colcon_core.package_identification:_identify(ws_correspond/server_ros/src/cpp02_server) by extensions ['colcon_meta']
[0.328s] Level 1:colcon.colcon_core.package_identification:_identify(ws_correspond/server_ros/src/cpp02_server) by extension 'colcon_meta'
[0.328s] Level 1:colcon.colcon_core.package_identification:_identify(ws_correspond/server_ros/src/cpp02_server) by extensions ['ros']
[0.328s] Level 1:colcon.colcon_core.package_identification:_identify(ws_correspond/server_ros/src/cpp02_server) by extension 'ros'
[0.328s] DEBUG:colcon.colcon_core.package_identification:Package 'ws_correspond/server_ros/src/cpp02_server' with type 'ros.ament_cmake' and name 'cpp02_server'
[0.329s] Level 1:colcon.colcon_core.package_identification:_identify(ws_correspond/server_ros/src/first_hello_test) by extensions ['ignore', 'ignore_ament_install']
[0.329s] Level 1:colcon.colcon_core.package_identification:_identify(ws_correspond/server_ros/src/first_hello_test) by extension 'ignore'
[0.329s] Level 1:colcon.colcon_core.package_identification:_identify(ws_correspond/server_ros/src/first_hello_test) by extension 'ignore_ament_install'
[0.329s] Level 1:colcon.colcon_core.package_identification:_identify(ws_correspond/server_ros/src/first_hello_test) by extensions ['colcon_pkg']
[0.329s] Level 1:colcon.colcon_core.package_identification:_identify(ws_correspond/server_ros/src/first_hello_test) by extension 'colcon_pkg'
[0.329s] Level 1:colcon.colcon_core.package_identification:_identify(ws_correspond/server_ros/src/first_hello_test) by extensions ['colcon_meta']
[0.329s] Level 1:colcon.colcon_core.package_identification:_identify(ws_correspond/server_ros/src/first_hello_test) by extension 'colcon_meta'
[0.329s] Level 1:colcon.colcon_core.package_identification:_identify(ws_correspond/server_ros/src/first_hello_test) by extensions ['ros']
[0.329s] Level 1:colcon.colcon_core.package_identification:_identify(ws_correspond/server_ros/src/first_hello_test) by extension 'ros'
[0.330s] DEBUG:colcon.colcon_core.package_identification:Package 'ws_correspond/server_ros/src/first_hello_test' with type 'ros.ament_cmake' and name 'first_hello_test'
[0.330s] Level 1:colcon.colcon_core.package_identification:_identify(ws_correspond/topic_ros) by extensions ['ignore', 'ignore_ament_install']
[0.330s] Level 1:colcon.colcon_core.package_identification:_identify(ws_correspond/topic_ros) by extension 'ignore'
[0.330s] Level 1:colcon.colcon_core.package_identification:_identify(ws_correspond/topic_ros) by extension 'ignore_ament_install'
[0.330s] Level 1:colcon.colcon_core.package_identification:_identify(ws_correspond/topic_ros) by extensions ['colcon_pkg']
[0.330s] Level 1:colcon.colcon_core.package_identification:_identify(ws_correspond/topic_ros) by extension 'colcon_pkg'
[0.330s] Level 1:colcon.colcon_core.package_identification:_identify(ws_correspond/topic_ros) by extensions ['colcon_meta']
[0.330s] Level 1:colcon.colcon_core.package_identification:_identify(ws_correspond/topic_ros) by extension 'colcon_meta'
[0.330s] Level 1:colcon.colcon_core.package_identification:_identify(ws_correspond/topic_ros) by extensions ['ros']
[0.330s] Level 1:colcon.colcon_core.package_identification:_identify(ws_correspond/topic_ros) by extension 'ros'
[0.330s] Level 1:colcon.colcon_core.package_identification:_identify(ws_correspond/topic_ros) by extensions ['cmake', 'python']
[0.330s] Level 1:colcon.colcon_core.package_identification:_identify(ws_correspond/topic_ros) by extension 'cmake'
[0.330s] Level 1:colcon.colcon_core.package_identification:_identify(ws_correspond/topic_ros) by extension 'python'
[0.330s] Level 1:colcon.colcon_core.package_identification:_identify(ws_correspond/topic_ros) by extensions ['python_setup_py']
[0.330s] Level 1:colcon.colcon_core.package_identification:_identify(ws_correspond/topic_ros) by extension 'python_setup_py'
[0.330s] Level 1:colcon.colcon_core.package_identification:_identify(ws_correspond/topic_ros/build) by extensions ['ignore', 'ignore_ament_install']
[0.331s] Level 1:colcon.colcon_core.package_identification:_identify(ws_correspond/topic_ros/build) by extension 'ignore'
[0.331s] Level 1:colcon.colcon_core.package_identification:_identify(ws_correspond/topic_ros/build) ignored
[0.331s] Level 1:colcon.colcon_core.package_identification:_identify(ws_correspond/topic_ros/install) by extensions ['ignore', 'ignore_ament_install']
[0.331s] Level 1:colcon.colcon_core.package_identification:_identify(ws_correspond/topic_ros/install) by extension 'ignore'
[0.331s] Level 1:colcon.colcon_core.package_identification:_identify(ws_correspond/topic_ros/install) ignored
[0.331s] Level 1:colcon.colcon_core.package_identification:_identify(ws_correspond/topic_ros/log) by extensions ['ignore', 'ignore_ament_install']
[0.331s] Level 1:colcon.colcon_core.package_identification:_identify(ws_correspond/topic_ros/log) by extension 'ignore'
[0.331s] Level 1:colcon.colcon_core.package_identification:_identify(ws_correspond/topic_ros/log) ignored
[0.331s] Level 1:colcon.colcon_core.package_identification:_identify(ws_correspond/topic_ros/src) by extensions ['ignore', 'ignore_ament_install']
[0.331s] Level 1:colcon.colcon_core.package_identification:_identify(ws_correspond/topic_ros/src) by extension 'ignore'
[0.331s] Level 1:colcon.colcon_core.package_identification:_identify(ws_correspond/topic_ros/src) by extension 'ignore_ament_install'
[0.331s] Level 1:colcon.colcon_core.package_identification:_identify(ws_correspond/topic_ros/src) by extensions ['colcon_pkg']
[0.331s] Level 1:colcon.colcon_core.package_identification:_identify(ws_correspond/topic_ros/src) by extension 'colcon_pkg'
[0.331s] Level 1:colcon.colcon_core.package_identification:_identify(ws_correspond/topic_ros/src) by extensions ['colcon_meta']
[0.331s] Level 1:colcon.colcon_core.package_identification:_identify(ws_correspond/topic_ros/src) by extension 'colcon_meta'
[0.331s] Level 1:colcon.colcon_core.package_identification:_identify(ws_correspond/topic_ros/src) by extensions ['ros']
[0.331s] Level 1:colcon.colcon_core.package_identification:_identify(ws_correspond/topic_ros/src) by extension 'ros'
[0.331s] Level 1:colcon.colcon_core.package_identification:_identify(ws_correspond/topic_ros/src) by extensions ['cmake', 'python']
[0.331s] Level 1:colcon.colcon_core.package_identification:_identify(ws_correspond/topic_ros/src) by extension 'cmake'
[0.332s] Level 1:colcon.colcon_core.package_identification:_identify(ws_correspond/topic_ros/src) by extension 'python'
[0.332s] Level 1:colcon.colcon_core.package_identification:_identify(ws_correspond/topic_ros/src) by extensions ['python_setup_py']
[0.332s] Level 1:colcon.colcon_core.package_identification:_identify(ws_correspond/topic_ros/src) by extension 'python_setup_py'
[0.332s] Level 1:colcon.colcon_core.package_identification:_identify(ws_correspond/topic_ros/src/base_interface_demo) by extensions ['ignore', 'ignore_ament_install']
[0.332s] Level 1:colcon.colcon_core.package_identification:_identify(ws_correspond/topic_ros/src/base_interface_demo) by extension 'ignore'
[0.332s] Level 1:colcon.colcon_core.package_identification:_identify(ws_correspond/topic_ros/src/base_interface_demo) by extension 'ignore_ament_install'
[0.332s] Level 1:colcon.colcon_core.package_identification:_identify(ws_correspond/topic_ros/src/base_interface_demo) by extensions ['colcon_pkg']
[0.332s] Level 1:colcon.colcon_core.package_identification:_identify(ws_correspond/topic_ros/src/base_interface_demo) by extension 'colcon_pkg'
[0.332s] Level 1:colcon.colcon_core.package_identification:_identify(ws_correspond/topic_ros/src/base_interface_demo) by extensions ['colcon_meta']
[0.332s] Level 1:colcon.colcon_core.package_identification:_identify(ws_correspond/topic_ros/src/base_interface_demo) by extension 'colcon_meta'
[0.332s] Level 1:colcon.colcon_core.package_identification:_identify(ws_correspond/topic_ros/src/base_interface_demo) by extensions ['ros']
[0.332s] Level 1:colcon.colcon_core.package_identification:_identify(ws_correspond/topic_ros/src/base_interface_demo) by extension 'ros'
[0.333s] DEBUG:colcon.colcon_core.package_identification:Package 'ws_correspond/topic_ros/src/base_interface_demo' with type 'ros.ament_cmake' and name 'base_interface_demo'
[0.333s] Level 1:colcon.colcon_core.package_identification:_identify(ws_correspond/topic_ros/src/cpp01_topic) by extensions ['ignore', 'ignore_ament_install']
[0.333s] Level 1:colcon.colcon_core.package_identification:_identify(ws_correspond/topic_ros/src/cpp01_topic) by extension 'ignore'
[0.333s] Level 1:colcon.colcon_core.package_identification:_identify(ws_correspond/topic_ros/src/cpp01_topic) by extension 'ignore_ament_install'
[0.333s] Level 1:colcon.colcon_core.package_identification:_identify(ws_correspond/topic_ros/src/cpp01_topic) by extensions ['colcon_pkg']
[0.333s] Level 1:colcon.colcon_core.package_identification:_identify(ws_correspond/topic_ros/src/cpp01_topic) by extension 'colcon_pkg'
[0.333s] Level 1:colcon.colcon_core.package_identification:_identify(ws_correspond/topic_ros/src/cpp01_topic) by extensions ['colcon_meta']
[0.333s] Level 1:colcon.colcon_core.package_identification:_identify(ws_correspond/topic_ros/src/cpp01_topic) by extension 'colcon_meta'
[0.333s] Level 1:colcon.colcon_core.package_identification:_identify(ws_correspond/topic_ros/src/cpp01_topic) by extensions ['ros']
[0.333s] Level 1:colcon.colcon_core.package_identification:_identify(ws_correspond/topic_ros/src/cpp01_topic) by extension 'ros'
[0.334s] DEBUG:colcon.colcon_core.package_identification:Package 'ws_correspond/topic_ros/src/cpp01_topic' with type 'ros.ament_cmake' and name 'cpp01_topic'
[0.334s] Level 1:colcon.colcon_core.package_identification:_identify(ws_correspond/topic_ros/src/topic_test_cpp) by extensions ['ignore', 'ignore_ament_install']
[0.334s] Level 1:colcon.colcon_core.package_identification:_identify(ws_correspond/topic_ros/src/topic_test_cpp) by extension 'ignore'
[0.334s] Level 1:colcon.colcon_core.package_identification:_identify(ws_correspond/topic_ros/src/topic_test_cpp) by extension 'ignore_ament_install'
[0.334s] Level 1:colcon.colcon_core.package_identification:_identify(ws_correspond/topic_ros/src/topic_test_cpp) by extensions ['colcon_pkg']
[0.334s] Level 1:colcon.colcon_core.package_identification:_identify(ws_correspond/topic_ros/src/topic_test_cpp) by extension 'colcon_pkg'
[0.334s] Level 1:colcon.colcon_core.package_identification:_identify(ws_correspond/topic_ros/src/topic_test_cpp) by extensions ['colcon_meta']
[0.334s] Level 1:colcon.colcon_core.package_identification:_identify(ws_correspond/topic_ros/src/topic_test_cpp) by extension 'colcon_meta'
[0.334s] Level 1:colcon.colcon_core.package_identification:_identify(ws_correspond/topic_ros/src/topic_test_cpp) by extensions ['ros']
[0.334s] Level 1:colcon.colcon_core.package_identification:_identify(ws_correspond/topic_ros/src/topic_test_cpp) by extension 'ros'
[0.334s] DEBUG:colcon.colcon_core.package_identification:Package 'ws_correspond/topic_ros/src/topic_test_cpp' with type 'ros.ament_cmake' and name 'topic_test_cpp'
[0.335s] Level 1:colcon.colcon_core.package_identification:_identify(ws_tools) by extensions ['ignore', 'ignore_ament_install']
[0.335s] Level 1:colcon.colcon_core.package_identification:_identify(ws_tools) by extension 'ignore'
[0.335s] Level 1:colcon.colcon_core.package_identification:_identify(ws_tools) by extension 'ignore_ament_install'
[0.335s] Level 1:colcon.colcon_core.package_identification:_identify(ws_tools) by extensions ['colcon_pkg']
[0.335s] Level 1:colcon.colcon_core.package_identification:_identify(ws_tools) by extension 'colcon_pkg'
[0.335s] Level 1:colcon.colcon_core.package_identification:_identify(ws_tools) by extensions ['colcon_meta']
[0.335s] Level 1:colcon.colcon_core.package_identification:_identify(ws_tools) by extension 'colcon_meta'
[0.335s] Level 1:colcon.colcon_core.package_identification:_identify(ws_tools) by extensions ['ros']
[0.335s] Level 1:colcon.colcon_core.package_identification:_identify(ws_tools) by extension 'ros'
[0.335s] Level 1:colcon.colcon_core.package_identification:_identify(ws_tools) by extensions ['cmake', 'python']
[0.335s] Level 1:colcon.colcon_core.package_identification:_identify(ws_tools) by extension 'cmake'
[0.335s] Level 1:colcon.colcon_core.package_identification:_identify(ws_tools) by extension 'python'
[0.335s] Level 1:colcon.colcon_core.package_identification:_identify(ws_tools) by extensions ['python_setup_py']
[0.335s] Level 1:colcon.colcon_core.package_identification:_identify(ws_tools) by extension 'python_setup_py'
[0.335s] Level 1:colcon.colcon_core.package_identification:_identify(ws_tools/build) by extensions ['ignore', 'ignore_ament_install']
[0.335s] Level 1:colcon.colcon_core.package_identification:_identify(ws_tools/build) by extension 'ignore'
[0.335s] Level 1:colcon.colcon_core.package_identification:_identify(ws_tools/build) ignored
[0.335s] Level 1:colcon.colcon_core.package_identification:_identify(ws_tools/install) by extensions ['ignore', 'ignore_ament_install']
[0.335s] Level 1:colcon.colcon_core.package_identification:_identify(ws_tools/install) by extension 'ignore'
[0.335s] Level 1:colcon.colcon_core.package_identification:_identify(ws_tools/install) ignored
[0.336s] Level 1:colcon.colcon_core.package_identification:_identify(ws_tools/log) by extensions ['ignore', 'ignore_ament_install']
[0.336s] Level 1:colcon.colcon_core.package_identification:_identify(ws_tools/log) by extension 'ignore'
[0.336s] Level 1:colcon.colcon_core.package_identification:_identify(ws_tools/log) ignored
[0.336s] Level 1:colcon.colcon_core.package_identification:_identify(ws_tools/my_bag) by extensions ['ignore', 'ignore_ament_install']
[0.336s] Level 1:colcon.colcon_core.package_identification:_identify(ws_tools/my_bag) by extension 'ignore'
[0.336s] Level 1:colcon.colcon_core.package_identification:_identify(ws_tools/my_bag) by extension 'ignore_ament_install'
[0.336s] Level 1:colcon.colcon_core.package_identification:_identify(ws_tools/my_bag) by extensions ['colcon_pkg']
[0.336s] Level 1:colcon.colcon_core.package_identification:_identify(ws_tools/my_bag) by extension 'colcon_pkg'
[0.336s] Level 1:colcon.colcon_core.package_identification:_identify(ws_tools/my_bag) by extensions ['colcon_meta']
[0.336s] Level 1:colcon.colcon_core.package_identification:_identify(ws_tools/my_bag) by extension 'colcon_meta'
[0.336s] Level 1:colcon.colcon_core.package_identification:_identify(ws_tools/my_bag) by extensions ['ros']
[0.336s] Level 1:colcon.colcon_core.package_identification:_identify(ws_tools/my_bag) by extension 'ros'
[0.336s] Level 1:colcon.colcon_core.package_identification:_identify(ws_tools/my_bag) by extensions ['cmake', 'python']
[0.336s] Level 1:colcon.colcon_core.package_identification:_identify(ws_tools/my_bag) by extension 'cmake'
[0.336s] Level 1:colcon.colcon_core.package_identification:_identify(ws_tools/my_bag) by extension 'python'
[0.336s] Level 1:colcon.colcon_core.package_identification:_identify(ws_tools/my_bag) by extensions ['python_setup_py']
[0.336s] Level 1:colcon.colcon_core.package_identification:_identify(ws_tools/my_bag) by extension 'python_setup_py'
[0.336s] Level 1:colcon.colcon_core.package_identification:_identify(ws_tools/src) by extensions ['ignore', 'ignore_ament_install']
[0.336s] Level 1:colcon.colcon_core.package_identification:_identify(ws_tools/src) by extension 'ignore'
[0.337s] Level 1:colcon.colcon_core.package_identification:_identify(ws_tools/src) by extension 'ignore_ament_install'
[0.337s] Level 1:colcon.colcon_core.package_identification:_identify(ws_tools/src) by extensions ['colcon_pkg']
[0.337s] Level 1:colcon.colcon_core.package_identification:_identify(ws_tools/src) by extension 'colcon_pkg'
[0.337s] Level 1:colcon.colcon_core.package_identification:_identify(ws_tools/src) by extensions ['colcon_meta']
[0.337s] Level 1:colcon.colcon_core.package_identification:_identify(ws_tools/src) by extension 'colcon_meta'
[0.337s] Level 1:colcon.colcon_core.package_identification:_identify(ws_tools/src) by extensions ['ros']
[0.337s] Level 1:colcon.colcon_core.package_identification:_identify(ws_tools/src) by extension 'ros'
[0.337s] Level 1:colcon.colcon_core.package_identification:_identify(ws_tools/src) by extensions ['cmake', 'python']
[0.337s] Level 1:colcon.colcon_core.package_identification:_identify(ws_tools/src) by extension 'cmake'
[0.337s] Level 1:colcon.colcon_core.package_identification:_identify(ws_tools/src) by extension 'python'
[0.337s] Level 1:colcon.colcon_core.package_identification:_identify(ws_tools/src) by extensions ['python_setup_py']
[0.337s] Level 1:colcon.colcon_core.package_identification:_identify(ws_tools/src) by extension 'python_setup_py'
[0.337s] Level 1:colcon.colcon_core.package_identification:_identify(ws_tools/src/cpp01_launch) by extensions ['ignore', 'ignore_ament_install']
[0.337s] Level 1:colcon.colcon_core.package_identification:_identify(ws_tools/src/cpp01_launch) by extension 'ignore'
[0.337s] Level 1:colcon.colcon_core.package_identification:_identify(ws_tools/src/cpp01_launch) by extension 'ignore_ament_install'
[0.337s] Level 1:colcon.colcon_core.package_identification:_identify(ws_tools/src/cpp01_launch) by extensions ['colcon_pkg']
[0.337s] Level 1:colcon.colcon_core.package_identification:_identify(ws_tools/src/cpp01_launch) by extension 'colcon_pkg'
[0.337s] Level 1:colcon.colcon_core.package_identification:_identify(ws_tools/src/cpp01_launch) by extensions ['colcon_meta']
[0.337s] Level 1:colcon.colcon_core.package_identification:_identify(ws_tools/src/cpp01_launch) by extension 'colcon_meta'
[0.337s] Level 1:colcon.colcon_core.package_identification:_identify(ws_tools/src/cpp01_launch) by extensions ['ros']
[0.337s] Level 1:colcon.colcon_core.package_identification:_identify(ws_tools/src/cpp01_launch) by extension 'ros'
[0.338s] DEBUG:colcon.colcon_core.package_identification:Package 'ws_tools/src/cpp01_launch' with type 'ros.ament_cmake' and name 'cpp01_launch'
[0.338s] Level 1:colcon.colcon_core.package_identification:_identify(ws_tools/src/cpp02_rosbag) by extensions ['ignore', 'ignore_ament_install']
[0.338s] Level 1:colcon.colcon_core.package_identification:_identify(ws_tools/src/cpp02_rosbag) by extension 'ignore'
[0.338s] Level 1:colcon.colcon_core.package_identification:_identify(ws_tools/src/cpp02_rosbag) by extension 'ignore_ament_install'
[0.338s] Level 1:colcon.colcon_core.package_identification:_identify(ws_tools/src/cpp02_rosbag) by extensions ['colcon_pkg']
[0.338s] Level 1:colcon.colcon_core.package_identification:_identify(ws_tools/src/cpp02_rosbag) by extension 'colcon_pkg'
[0.338s] Level 1:colcon.colcon_core.package_identification:_identify(ws_tools/src/cpp02_rosbag) by extensions ['colcon_meta']
[0.338s] Level 1:colcon.colcon_core.package_identification:_identify(ws_tools/src/cpp02_rosbag) by extension 'colcon_meta'
[0.338s] Level 1:colcon.colcon_core.package_identification:_identify(ws_tools/src/cpp02_rosbag) by extensions ['ros']
[0.338s] Level 1:colcon.colcon_core.package_identification:_identify(ws_tools/src/cpp02_rosbag) by extension 'ros'
[0.339s] DEBUG:colcon.colcon_core.package_identification:Package 'ws_tools/src/cpp02_rosbag' with type 'ros.ament_cmake' and name 'cpp02_rosbag'
[0.339s] Level 1:colcon.colcon_core.package_identification:_identify(ws_tools/src/cpp03_tf_broadcaster) by extensions ['ignore', 'ignore_ament_install']
[0.339s] Level 1:colcon.colcon_core.package_identification:_identify(ws_tools/src/cpp03_tf_broadcaster) by extension 'ignore'
[0.339s] Level 1:colcon.colcon_core.package_identification:_identify(ws_tools/src/cpp03_tf_broadcaster) by extension 'ignore_ament_install'
[0.339s] Level 1:colcon.colcon_core.package_identification:_identify(ws_tools/src/cpp03_tf_broadcaster) by extensions ['colcon_pkg']
[0.339s] Level 1:colcon.colcon_core.package_identification:_identify(ws_tools/src/cpp03_tf_broadcaster) by extension 'colcon_pkg'
[0.339s] Level 1:colcon.colcon_core.package_identification:_identify(ws_tools/src/cpp03_tf_broadcaster) by extensions ['colcon_meta']
[0.339s] Level 1:colcon.colcon_core.package_identification:_identify(ws_tools/src/cpp03_tf_broadcaster) by extension 'colcon_meta'
[0.339s] Level 1:colcon.colcon_core.package_identification:_identify(ws_tools/src/cpp03_tf_broadcaster) by extensions ['ros']
[0.339s] Level 1:colcon.colcon_core.package_identification:_identify(ws_tools/src/cpp03_tf_broadcaster) by extension 'ros'
[0.340s] DEBUG:colcon.colcon_core.package_identification:Package 'ws_tools/src/cpp03_tf_broadcaster' with type 'ros.ament_cmake' and name 'cpp03_tf_broadcaster'
[0.340s] Level 1:colcon.colcon_core.package_identification:_identify(ws_tools/src/cpp04_tf_listener) by extensions ['ignore', 'ignore_ament_install']
[0.340s] Level 1:colcon.colcon_core.package_identification:_identify(ws_tools/src/cpp04_tf_listener) by extension 'ignore'
[0.340s] Level 1:colcon.colcon_core.package_identification:_identify(ws_tools/src/cpp04_tf_listener) by extension 'ignore_ament_install'
[0.340s] Level 1:colcon.colcon_core.package_identification:_identify(ws_tools/src/cpp04_tf_listener) by extensions ['colcon_pkg']
[0.340s] Level 1:colcon.colcon_core.package_identification:_identify(ws_tools/src/cpp04_tf_listener) by extension 'colcon_pkg'
[0.340s] Level 1:colcon.colcon_core.package_identification:_identify(ws_tools/src/cpp04_tf_listener) by extensions ['colcon_meta']
[0.340s] Level 1:colcon.colcon_core.package_identification:_identify(ws_tools/src/cpp04_tf_listener) by extension 'colcon_meta'
[0.340s] Level 1:colcon.colcon_core.package_identification:_identify(ws_tools/src/cpp04_tf_listener) by extensions ['ros']
[0.340s] Level 1:colcon.colcon_core.package_identification:_identify(ws_tools/src/cpp04_tf_listener) by extension 'ros'
[0.341s] DEBUG:colcon.colcon_core.package_identification:Package 'ws_tools/src/cpp04_tf_listener' with type 'ros.ament_cmake' and name 'cpp04_tf_listener'
[0.341s] Level 1:colcon.colcon_core.package_identification:_identify(ws_tools/src/cpp05_exercise) by extensions ['ignore', 'ignore_ament_install']
[0.341s] Level 1:colcon.colcon_core.package_identification:_identify(ws_tools/src/cpp05_exercise) by extension 'ignore'
[0.341s] Level 1:colcon.colcon_core.package_identification:_identify(ws_tools/src/cpp05_exercise) by extension 'ignore_ament_install'
[0.341s] Level 1:colcon.colcon_core.package_identification:_identify(ws_tools/src/cpp05_exercise) by extensions ['colcon_pkg']
[0.341s] Level 1:colcon.colcon_core.package_identification:_identify(ws_tools/src/cpp05_exercise) by extension 'colcon_pkg'
[0.341s] Level 1:colcon.colcon_core.package_identification:_identify(ws_tools/src/cpp05_exercise) by extensions ['colcon_meta']
[0.341s] Level 1:colcon.colcon_core.package_identification:_identify(ws_tools/src/cpp05_exercise) by extension 'colcon_meta'
[0.341s] Level 1:colcon.colcon_core.package_identification:_identify(ws_tools/src/cpp05_exercise) by extensions ['ros']
[0.341s] Level 1:colcon.colcon_core.package_identification:_identify(ws_tools/src/cpp05_exercise) by extension 'ros'
[0.342s] DEBUG:colcon.colcon_core.package_identification:Package 'ws_tools/src/cpp05_exercise' with type 'ros.ament_cmake' and name 'cpp05_exercise'
[0.342s] Level 1:colcon.colcon_core.package_discovery:discover_packages(recursive) using defaults
[0.342s] Level 1:colcon.colcon_core.package_discovery:discover_packages(ignore) discover
[0.342s] Level 1:colcon.colcon_core.package_discovery:discover_packages(ignore) using defaults
[0.342s] Level 1:colcon.colcon_core.package_discovery:discover_packages(path) discover
[0.342s] Level 1:colcon.colcon_core.package_discovery:discover_packages(path) using defaults
[0.367s] INFO:colcon.colcon_core.package_selection:Skipping not selected package 'base_interface_demo' in 'ws_correspond/topic_ros/src/base_interface_demo'
[0.367s] INFO:colcon.colcon_core.package_selection:Skipping not selected package 'base_interfaces_demo' in 'ws_correspond/action_ros/src/base_interfaces_demo'
[0.367s] INFO:colcon.colcon_core.package_selection:Skipping not selected package 'base_interfaces_demo' in 'ws_correspond/exercise_ros/src/base_interfaces_demo'
[0.367s] INFO:colcon.colcon_core.package_selection:Skipping not selected package 'base_interfaces_demo' in 'ws_correspond/server_ros/src/base_interfaces_demo'
[0.367s] INFO:colcon.colcon_core.package_selection:Skipping not selected package 'cpp01_launch' in 'ws_tools/src/cpp01_launch'
[0.367s] INFO:colcon.colcon_core.package_selection:Skipping not selected package 'cpp02_rosbag' in 'ws_tools/src/cpp02_rosbag'
[0.367s] INFO:colcon.colcon_core.package_selection:Skipping not selected package 'cpp03_tf_broadcaster' in 'ws_tools/src/cpp03_tf_broadcaster'
[0.367s] INFO:colcon.colcon_core.package_selection:Skipping not selected package 'cpp04_param' in 'ws_correspond/param_ros/src/cpp04_param'
[0.367s] INFO:colcon.colcon_core.package_selection:Skipping not selected package 'cpp04_tf_listener' in 'ws_tools/src/cpp04_tf_listener'
[0.367s] INFO:colcon.colcon_core.package_selection:Skipping not selected package 'first_hello_test' in 'ws_correspond/server_ros/src/first_hello_test'
[0.367s] INFO:colcon.colcon_core.package_selection:Skipping not selected package 'first_helloworld_cpp' in 'first_ros/src/first_helloworld_cpp'
[0.367s] INFO:colcon.colcon_core.package_selection:Skipping not selected package 'topic_test_cpp' in 'ws_correspond/topic_ros/src/topic_test_cpp'
[0.367s] INFO:colcon.colcon_core.package_selection:Skipping not selected package 'cpp01_topic' in 'ws_correspond/topic_ros/src/cpp01_topic'
[0.367s] INFO:colcon.colcon_core.package_selection:Skipping not selected package 'cpp02_server' in 'ws_correspond/server_ros/src/cpp02_server'
[0.367s] INFO:colcon.colcon_core.package_selection:Skipping not selected package 'cpp03_action' in 'ws_correspond/action_ros/src/cpp03_action'
[0.367s] INFO:colcon.colcon_core.package_selection:Skipping not selected package 'cpp07_exercise' in 'ws_correspond/exercise_ros/src/cpp07_exercise'
[0.368s] Level 1:colcon.colcon_core.package_discovery:discover_packages(prefix_path) check parameters
[0.368s] Level 1:colcon.colcon_core.package_discovery:discover_packages(prefix_path) discover
[0.370s] DEBUG:colcon.colcon_installed_package_information.package_discovery:Found 1 installed packages in /home/sophia/workspace/about_ros/code/about_ros2/install
[0.371s] DEBUG:colcon.colcon_installed_package_information.package_discovery:Found 5 installed packages in /home/sophia/workspace/about_ros/code/about_ros2/ws_tools/install
[0.373s] DEBUG:colcon.colcon_installed_package_information.package_discovery:Found 272 installed packages in /opt/ros/humble
[0.374s] Level 1:colcon.colcon_core.package_discovery:discover_packages(prefix_path) using defaults
[0.424s] Level 5:colcon.colcon_core.verb:set package 'cpp05_exercise' build argument 'cmake_args' from command line to 'None'
[0.424s] Level 5:colcon.colcon_core.verb:set package 'cpp05_exercise' build argument 'cmake_target' from command line to 'None'
[0.424s] Level 5:colcon.colcon_core.verb:set package 'cpp05_exercise' build argument 'cmake_target_skip_unavailable' from command line to 'False'
[0.424s] Level 5:colcon.colcon_core.verb:set package 'cpp05_exercise' build argument 'cmake_clean_cache' from command line to 'False'
[0.424s] Level 5:colcon.colcon_core.verb:set package 'cpp05_exercise' build argument 'cmake_clean_first' from command line to 'False'
[0.424s] Level 5:colcon.colcon_core.verb:set package 'cpp05_exercise' build argument 'cmake_force_configure' from command line to 'False'
[0.424s] Level 5:colcon.colcon_core.verb:set package 'cpp05_exercise' build argument 'ament_cmake_args' from command line to 'None'
[0.424s] Level 5:colcon.colcon_core.verb:set package 'cpp05_exercise' build argument 'catkin_cmake_args' from command line to 'None'
[0.424s] Level 5:colcon.colcon_core.verb:set package 'cpp05_exercise' build argument 'catkin_skip_building_tests' from command line to 'False'
[0.424s] DEBUG:colcon.colcon_core.verb:Building package 'cpp05_exercise' with the following arguments: {'ament_cmake_args': None, 'build_base': '/home/sophia/workspace/about_ros/code/about_ros2/build/cpp05_exercise', 'catkin_cmake_args': None, 'catkin_skip_building_tests': False, 'cmake_args': None, 'cmake_clean_cache': False, 'cmake_clean_first': False, 'cmake_force_configure': False, 'cmake_target': None, 'cmake_target_skip_unavailable': False, 'install_base': '/home/sophia/workspace/about_ros/code/about_ros2/install/cpp05_exercise', 'merge_install': False, 'path': '/home/sophia/workspace/about_ros/code/about_ros2/ws_tools/src/cpp05_exercise', 'symlink_install': False, 'test_result_base': None}
[0.425s] INFO:colcon.colcon_core.executor:Executing jobs using 'parallel' executor
[0.428s] DEBUG:colcon.colcon_parallel_executor.executor.parallel:run_until_complete
[0.428s] INFO:colcon.colcon_ros.task.ament_cmake.build:Building ROS package in '/home/sophia/workspace/about_ros/code/about_ros2/ws_tools/src/cpp05_exercise' with build type 'ament_cmake'
[0.428s] INFO:colcon.colcon_cmake.task.cmake.build:Building CMake package in '/home/sophia/workspace/about_ros/code/about_ros2/ws_tools/src/cpp05_exercise'
[0.431s] INFO:colcon.colcon_core.plugin_system:Skipping extension 'colcon_core.shell.bat': Not used on non-Windows systems
[0.431s] INFO:colcon.colcon_core.shell:Skip shell extension 'powershell' for command environment: Not usable outside of PowerShell
[0.431s] DEBUG:colcon.colcon_core.shell:Skip shell extension 'dsv' for command environment
[0.442s] DEBUG:colcon.colcon_core.event_handler.log_command:Invoking command in '/home/sophia/workspace/about_ros/code/about_ros2/build/cpp05_exercise': CMAKE_PREFIX_PATH=${CMAKE_PREFIX_PATH}:/opt/ros/humble /bin/cmake --build /home/sophia/workspace/about_ros/code/about_ros2/build/cpp05_exercise -- -j8 -l8
[0.504s] DEBUG:colcon.colcon_core.event_handler.log_command:Invoked command in '/home/sophia/workspace/about_ros/code/about_ros2/build/cpp05_exercise' returned '0': CMAKE_PREFIX_PATH=${CMAKE_PREFIX_PATH}:/opt/ros/humble /bin/cmake --build /home/sophia/workspace/about_ros/code/about_ros2/build/cpp05_exercise -- -j8 -l8
[0.541s] DEBUG:colcon.colcon_core.event_handler.log_command:Invoking command in '/home/sophia/workspace/about_ros/code/about_ros2/build/cpp05_exercise': CMAKE_PREFIX_PATH=${CMAKE_PREFIX_PATH}:/opt/ros/humble /bin/cmake --install /home/sophia/workspace/about_ros/code/about_ros2/build/cpp05_exercise
[0.551s] Level 1:colcon.colcon_core.environment:create_environment_scripts_only(cpp05_exercise)
[0.552s] DEBUG:colcon.colcon_core.event_handler.log_command:Invoked command in '/home/sophia/workspace/about_ros/code/about_ros2/build/cpp05_exercise' returned '0': CMAKE_PREFIX_PATH=${CMAKE_PREFIX_PATH}:/opt/ros/humble /bin/cmake --install /home/sophia/workspace/about_ros/code/about_ros2/build/cpp05_exercise
[0.557s] Level 1:colcon.colcon_core.environment:checking '/home/sophia/workspace/about_ros/code/about_ros2/install/cpp05_exercise' for CMake module files
[0.558s] Level 1:colcon.colcon_core.environment:checking '/home/sophia/workspace/about_ros/code/about_ros2/install/cpp05_exercise' for CMake config files
[0.558s] Level 1:colcon.colcon_core.shell:create_environment_hook('cpp05_exercise', 'cmake_prefix_path')
[0.560s] INFO:colcon.colcon_core.shell:Creating environment hook '/home/sophia/workspace/about_ros/code/about_ros2/install/cpp05_exercise/share/cpp05_exercise/hook/cmake_prefix_path.ps1'
[0.560s] INFO:colcon.colcon_core.shell:Creating environment descriptor '/home/sophia/workspace/about_ros/code/about_ros2/install/cpp05_exercise/share/cpp05_exercise/hook/cmake_prefix_path.dsv'
[0.561s] INFO:colcon.colcon_core.shell:Creating environment hook '/home/sophia/workspace/about_ros/code/about_ros2/install/cpp05_exercise/share/cpp05_exercise/hook/cmake_prefix_path.sh'
[0.561s] Level 1:colcon.colcon_core.environment:checking '/home/sophia/workspace/about_ros/code/about_ros2/install/cpp05_exercise/lib'
[0.562s] Level 1:colcon.colcon_core.environment:checking '/home/sophia/workspace/about_ros/code/about_ros2/install/cpp05_exercise/bin'
[0.562s] Level 1:colcon.colcon_core.environment:checking '/home/sophia/workspace/about_ros/code/about_ros2/install/cpp05_exercise/lib/pkgconfig/cpp05_exercise.pc'
[0.562s] Level 1:colcon.colcon_core.environment:checking '/home/sophia/workspace/about_ros/code/about_ros2/install/cpp05_exercise/lib/python3.10/site-packages'
[0.562s] Level 1:colcon.colcon_core.environment:checking '/home/sophia/workspace/about_ros/code/about_ros2/install/cpp05_exercise/bin'
[0.563s] INFO:colcon.colcon_core.shell:Creating package script '/home/sophia/workspace/about_ros/code/about_ros2/install/cpp05_exercise/share/cpp05_exercise/package.ps1'
[0.564s] INFO:colcon.colcon_core.shell:Creating package descriptor '/home/sophia/workspace/about_ros/code/about_ros2/install/cpp05_exercise/share/cpp05_exercise/package.dsv'
[0.564s] INFO:colcon.colcon_core.shell:Creating package script '/home/sophia/workspace/about_ros/code/about_ros2/install/cpp05_exercise/share/cpp05_exercise/package.sh'
[0.565s] INFO:colcon.colcon_core.shell:Creating package script '/home/sophia/workspace/about_ros/code/about_ros2/install/cpp05_exercise/share/cpp05_exercise/package.bash'
[0.565s] INFO:colcon.colcon_core.shell:Creating package script '/home/sophia/workspace/about_ros/code/about_ros2/install/cpp05_exercise/share/cpp05_exercise/package.zsh'
[0.566s] Level 1:colcon.colcon_core.environment:create_file_with_runtime_dependencies(/home/sophia/workspace/about_ros/code/about_ros2/install/cpp05_exercise/share/colcon-core/packages/cpp05_exercise)
[0.595s] Level 1:colcon.colcon_core.environment:create_environment_scripts_only(cpp05_exercise)
[0.596s] Level 1:colcon.colcon_core.environment:checking '/home/sophia/workspace/about_ros/code/about_ros2/install/cpp05_exercise' for CMake module files
[0.597s] Level 1:colcon.colcon_core.environment:checking '/home/sophia/workspace/about_ros/code/about_ros2/install/cpp05_exercise' for CMake config files
[0.597s] Level 1:colcon.colcon_core.shell:create_environment_hook('cpp05_exercise', 'cmake_prefix_path')
[0.598s] INFO:colcon.colcon_core.shell:Creating environment hook '/home/sophia/workspace/about_ros/code/about_ros2/install/cpp05_exercise/share/cpp05_exercise/hook/cmake_prefix_path.ps1'
[0.598s] INFO:colcon.colcon_core.shell:Creating environment descriptor '/home/sophia/workspace/about_ros/code/about_ros2/install/cpp05_exercise/share/cpp05_exercise/hook/cmake_prefix_path.dsv'
[0.599s] INFO:colcon.colcon_core.shell:Creating environment hook '/home/sophia/workspace/about_ros/code/about_ros2/install/cpp05_exercise/share/cpp05_exercise/hook/cmake_prefix_path.sh'
[0.599s] Level 1:colcon.colcon_core.environment:checking '/home/sophia/workspace/about_ros/code/about_ros2/install/cpp05_exercise/lib'
[0.599s] Level 1:colcon.colcon_core.environment:checking '/home/sophia/workspace/about_ros/code/about_ros2/install/cpp05_exercise/bin'
[0.599s] Level 1:colcon.colcon_core.environment:checking '/home/sophia/workspace/about_ros/code/about_ros2/install/cpp05_exercise/lib/pkgconfig/cpp05_exercise.pc'
[0.599s] Level 1:colcon.colcon_core.environment:checking '/home/sophia/workspace/about_ros/code/about_ros2/install/cpp05_exercise/lib/python3.10/site-packages'
[0.600s] Level 1:colcon.colcon_core.environment:checking '/home/sophia/workspace/about_ros/code/about_ros2/install/cpp05_exercise/bin'
[0.601s] INFO:colcon.colcon_core.shell:Creating package script '/home/sophia/workspace/about_ros/code/about_ros2/install/cpp05_exercise/share/cpp05_exercise/package.ps1'
[0.601s] INFO:colcon.colcon_core.shell:Creating package descriptor '/home/sophia/workspace/about_ros/code/about_ros2/install/cpp05_exercise/share/cpp05_exercise/package.dsv'
[0.601s] INFO:colcon.colcon_core.shell:Creating package script '/home/sophia/workspace/about_ros/code/about_ros2/install/cpp05_exercise/share/cpp05_exercise/package.sh'
[0.602s] INFO:colcon.colcon_core.shell:Creating package script '/home/sophia/workspace/about_ros/code/about_ros2/install/cpp05_exercise/share/cpp05_exercise/package.bash'
[0.602s] INFO:colcon.colcon_core.shell:Creating package script '/home/sophia/workspace/about_ros/code/about_ros2/install/cpp05_exercise/share/cpp05_exercise/package.zsh'
[0.602s] Level 1:colcon.colcon_core.environment:create_file_with_runtime_dependencies(/home/sophia/workspace/about_ros/code/about_ros2/install/cpp05_exercise/share/colcon-core/packages/cpp05_exercise)
[0.603s] DEBUG:colcon.colcon_parallel_executor.executor.parallel:closing loop
[0.603s] DEBUG:colcon.colcon_parallel_executor.executor.parallel:loop closed
[0.603s] DEBUG:colcon.colcon_parallel_executor.executor.parallel:run_until_complete finished with '0'
[0.603s] DEBUG:colcon.colcon_core.event_reactor:joining thread
[0.609s] INFO:colcon.colcon_core.plugin_system:Skipping extension 'colcon_notification.desktop_notification.terminal_notifier': Not used on non-Darwin systems
[0.609s] INFO:colcon.colcon_core.plugin_system:Skipping extension 'colcon_notification.desktop_notification.win32': Not used on non-Windows systems
[0.609s] INFO:colcon.colcon_notification.desktop_notification:Sending desktop notification using 'notify2'
[0.620s] DEBUG:colcon.colcon_core.event_reactor:joined thread
[0.621s] INFO:colcon.colcon_core.shell:Creating prefix script '/home/sophia/workspace/about_ros/code/about_ros2/install/local_setup.ps1'
[0.623s] INFO:colcon.colcon_core.shell:Creating prefix util module '/home/sophia/workspace/about_ros/code/about_ros2/install/_local_setup_util_ps1.py'
[0.625s] INFO:colcon.colcon_core.shell:Creating prefix chain script '/home/sophia/workspace/about_ros/code/about_ros2/install/setup.ps1'
[0.627s] INFO:colcon.colcon_core.shell:Creating prefix script '/home/sophia/workspace/about_ros/code/about_ros2/install/local_setup.sh'
[0.627s] INFO:colcon.colcon_core.shell:Creating prefix util module '/home/sophia/workspace/about_ros/code/about_ros2/install/_local_setup_util_sh.py'
[0.628s] INFO:colcon.colcon_core.shell:Creating prefix chain script '/home/sophia/workspace/about_ros/code/about_ros2/install/setup.sh'
[0.630s] INFO:colcon.colcon_core.shell:Creating prefix script '/home/sophia/workspace/about_ros/code/about_ros2/install/local_setup.bash'
[0.630s] INFO:colcon.colcon_core.shell:Creating prefix chain script '/home/sophia/workspace/about_ros/code/about_ros2/install/setup.bash'
[0.632s] INFO:colcon.colcon_core.shell:Creating prefix script '/home/sophia/workspace/about_ros/code/about_ros2/install/local_setup.zsh'
[0.632s] INFO:colcon.colcon_core.shell:Creating prefix chain script '/home/sophia/workspace/about_ros/code/about_ros2/install/setup.zsh'
