[3.944s] DEBUG:colcon:Command line arguments: ['/usr/bin/colcon', 'build', '--packages-select', 'cpp02_server']
[3.944s] DEBUG:colcon:Parsed command line arguments: Namespace(log_base=None, log_level=None, verb_name='build', build_base='build', install_base='install', merge_install=False, symlink_install=False, test_result_base=None, continue_on_error=False, executor='parallel', parallel_workers=8, event_handlers=None, ignore_user_meta=False, metas=['./colcon.meta'], base_paths=['.'], packages_ignore=None, packages_ignore_regex=None, paths=None, packages_up_to=None, packages_up_to_regex=None, packages_above=None, packages_above_and_dependencies=None, packages_above_depth=None, packages_select_by_dep=None, packages_skip_by_dep=None, packages_skip_up_to=None, packages_select_build_failed=False, packages_skip_build_finished=False, packages_select_test_failures=False, packages_skip_test_passed=False, packages_select=['cpp02_server'], packages_skip=None, packages_select_regex=None, packages_skip_regex=None, packages_start=None, packages_end=None, allow_overriding=[], cmake_args=None, cmake_target=None, cmake_target_skip_unavailable=False, cmake_clean_cache=False, cmake_clean_first=False, cmake_force_configure=False, ament_cmake_args=None, catkin_cmake_args=None, catkin_skip_building_tests=False, verb_parser=<colcon_defaults.argument_parser.defaults.DefaultArgumentsDecorator object at 0x7f5a87c5e440>, verb_extension=<colcon_core.verb.build.BuildVerb object at 0x7f5a87d4ff70>, main=<bound method BuildVerb.main of <colcon_core.verb.build.BuildVerb object at 0x7f5a87d4ff70>>)
[4.313s] Level 1:colcon.colcon_core.package_discovery:discover_packages(colcon_meta) check parameters
[4.314s] Level 1:colcon.colcon_core.package_discovery:discover_packages(recursive) check parameters
[4.314s] Level 1:colcon.colcon_core.package_discovery:discover_packages(ignore) check parameters
[4.314s] Level 1:colcon.colcon_core.package_discovery:discover_packages(path) check parameters
[4.314s] Level 1:colcon.colcon_core.package_discovery:discover_packages(colcon_meta) discover
[4.314s] Level 1:colcon.colcon_core.package_discovery:discover_packages(recursive) discover
[4.315s] INFO:colcon.colcon_core.package_discovery:Crawling recursively for packages in '/home/sophia/workspace/about_ros/code/about_ros2/server_ros'
[4.315s] Level 1:colcon.colcon_core.package_identification:_identify(.) by extensions ['ignore', 'ignore_ament_install']
[4.315s] Level 1:colcon.colcon_core.package_identification:_identify(.) by extension 'ignore'
[4.316s] Level 1:colcon.colcon_core.package_identification:_identify(.) by extension 'ignore_ament_install'
[4.316s] Level 1:colcon.colcon_core.package_identification:_identify(.) by extensions ['colcon_pkg']
[4.316s] Level 1:colcon.colcon_core.package_identification:_identify(.) by extension 'colcon_pkg'
[4.316s] Level 1:colcon.colcon_core.package_identification:_identify(.) by extensions ['colcon_meta']
[4.316s] Level 1:colcon.colcon_core.package_identification:_identify(.) by extension 'colcon_meta'
[4.317s] Level 1:colcon.colcon_core.package_identification:_identify(.) by extensions ['ros']
[4.317s] Level 1:colcon.colcon_core.package_identification:_identify(.) by extension 'ros'
[4.412s] Level 1:colcon.colcon_core.package_identification:_identify(.) by extensions ['cmake', 'python']
[4.412s] Level 1:colcon.colcon_core.package_identification:_identify(.) by extension 'cmake'
[4.412s] Level 1:colcon.colcon_core.package_identification:_identify(.) by extension 'python'
[4.412s] Level 1:colcon.colcon_core.package_identification:_identify(.) by extensions ['python_setup_py']
[4.412s] Level 1:colcon.colcon_core.package_identification:_identify(.) by extension 'python_setup_py'
[4.412s] Level 1:colcon.colcon_core.package_identification:_identify(build) by extensions ['ignore', 'ignore_ament_install']
[4.413s] Level 1:colcon.colcon_core.package_identification:_identify(build) by extension 'ignore'
[4.413s] Level 1:colcon.colcon_core.package_identification:_identify(build) ignored
[4.413s] Level 1:colcon.colcon_core.package_identification:_identify(install) by extensions ['ignore', 'ignore_ament_install']
[4.413s] Level 1:colcon.colcon_core.package_identification:_identify(install) by extension 'ignore'
[4.413s] Level 1:colcon.colcon_core.package_identification:_identify(install) ignored
[4.413s] Level 1:colcon.colcon_core.package_identification:_identify(log) by extensions ['ignore', 'ignore_ament_install']
[4.414s] Level 1:colcon.colcon_core.package_identification:_identify(log) by extension 'ignore'
[4.414s] Level 1:colcon.colcon_core.package_identification:_identify(log) ignored
[4.414s] Level 1:colcon.colcon_core.package_identification:_identify(src) by extensions ['ignore', 'ignore_ament_install']
[4.414s] Level 1:colcon.colcon_core.package_identification:_identify(src) by extension 'ignore'
[4.414s] Level 1:colcon.colcon_core.package_identification:_identify(src) by extension 'ignore_ament_install'
[4.414s] Level 1:colcon.colcon_core.package_identification:_identify(src) by extensions ['colcon_pkg']
[4.414s] Level 1:colcon.colcon_core.package_identification:_identify(src) by extension 'colcon_pkg'
[4.414s] Level 1:colcon.colcon_core.package_identification:_identify(src) by extensions ['colcon_meta']
[4.415s] Level 1:colcon.colcon_core.package_identification:_identify(src) by extension 'colcon_meta'
[4.415s] Level 1:colcon.colcon_core.package_identification:_identify(src) by extensions ['ros']
[4.415s] Level 1:colcon.colcon_core.package_identification:_identify(src) by extension 'ros'
[4.415s] Level 1:colcon.colcon_core.package_identification:_identify(src) by extensions ['cmake', 'python']
[4.415s] Level 1:colcon.colcon_core.package_identification:_identify(src) by extension 'cmake'
[4.415s] Level 1:colcon.colcon_core.package_identification:_identify(src) by extension 'python'
[4.415s] Level 1:colcon.colcon_core.package_identification:_identify(src) by extensions ['python_setup_py']
[4.415s] Level 1:colcon.colcon_core.package_identification:_identify(src) by extension 'python_setup_py'
[4.415s] Level 1:colcon.colcon_core.package_identification:_identify(src/base_interfaces_demo) by extensions ['ignore', 'ignore_ament_install']
[4.415s] Level 1:colcon.colcon_core.package_identification:_identify(src/base_interfaces_demo) by extension 'ignore'
[4.416s] Level 1:colcon.colcon_core.package_identification:_identify(src/base_interfaces_demo) by extension 'ignore_ament_install'
[4.416s] Level 1:colcon.colcon_core.package_identification:_identify(src/base_interfaces_demo) by extensions ['colcon_pkg']
[4.416s] Level 1:colcon.colcon_core.package_identification:_identify(src/base_interfaces_demo) by extension 'colcon_pkg'
[4.416s] Level 1:colcon.colcon_core.package_identification:_identify(src/base_interfaces_demo) by extensions ['colcon_meta']
[4.416s] Level 1:colcon.colcon_core.package_identification:_identify(src/base_interfaces_demo) by extension 'colcon_meta'
[4.416s] Level 1:colcon.colcon_core.package_identification:_identify(src/base_interfaces_demo) by extensions ['ros']
[4.416s] Level 1:colcon.colcon_core.package_identification:_identify(src/base_interfaces_demo) by extension 'ros'
[4.459s] DEBUG:colcon.colcon_core.package_identification:Package 'src/base_interfaces_demo' with type 'ros.ament_cmake' and name 'base_interfaces_demo'
[4.459s] Level 1:colcon.colcon_core.package_identification:_identify(src/cpp02_server) by extensions ['ignore', 'ignore_ament_install']
[4.459s] Level 1:colcon.colcon_core.package_identification:_identify(src/cpp02_server) by extension 'ignore'
[4.459s] Level 1:colcon.colcon_core.package_identification:_identify(src/cpp02_server) by extension 'ignore_ament_install'
[4.459s] Level 1:colcon.colcon_core.package_identification:_identify(src/cpp02_server) by extensions ['colcon_pkg']
[4.459s] Level 1:colcon.colcon_core.package_identification:_identify(src/cpp02_server) by extension 'colcon_pkg'
[4.459s] Level 1:colcon.colcon_core.package_identification:_identify(src/cpp02_server) by extensions ['colcon_meta']
[4.460s] Level 1:colcon.colcon_core.package_identification:_identify(src/cpp02_server) by extension 'colcon_meta'
[4.460s] Level 1:colcon.colcon_core.package_identification:_identify(src/cpp02_server) by extensions ['ros']
[4.460s] Level 1:colcon.colcon_core.package_identification:_identify(src/cpp02_server) by extension 'ros'
[4.484s] DEBUG:colcon.colcon_core.package_identification:Package 'src/cpp02_server' with type 'ros.ament_cmake' and name 'cpp02_server'
[4.484s] Level 1:colcon.colcon_core.package_identification:_identify(src/first_hello_test) by extensions ['ignore', 'ignore_ament_install']
[4.484s] Level 1:colcon.colcon_core.package_identification:_identify(src/first_hello_test) by extension 'ignore'
[4.485s] Level 1:colcon.colcon_core.package_identification:_identify(src/first_hello_test) by extension 'ignore_ament_install'
[4.485s] Level 1:colcon.colcon_core.package_identification:_identify(src/first_hello_test) by extensions ['colcon_pkg']
[4.485s] Level 1:colcon.colcon_core.package_identification:_identify(src/first_hello_test) by extension 'colcon_pkg'
[4.485s] Level 1:colcon.colcon_core.package_identification:_identify(src/first_hello_test) by extensions ['colcon_meta']
[4.485s] Level 1:colcon.colcon_core.package_identification:_identify(src/first_hello_test) by extension 'colcon_meta'
[4.486s] Level 1:colcon.colcon_core.package_identification:_identify(src/first_hello_test) by extensions ['ros']
[4.486s] Level 1:colcon.colcon_core.package_identification:_identify(src/first_hello_test) by extension 'ros'
[4.502s] DEBUG:colcon.colcon_core.package_identification:Package 'src/first_hello_test' with type 'ros.ament_cmake' and name 'first_hello_test'
[4.502s] Level 1:colcon.colcon_core.package_discovery:discover_packages(recursive) using defaults
[4.502s] Level 1:colcon.colcon_core.package_discovery:discover_packages(ignore) discover
[4.502s] Level 1:colcon.colcon_core.package_discovery:discover_packages(ignore) using defaults
[4.502s] Level 1:colcon.colcon_core.package_discovery:discover_packages(path) discover
[4.503s] Level 1:colcon.colcon_core.package_discovery:discover_packages(path) using defaults
[4.917s] INFO:colcon.colcon_core.package_selection:Skipping not selected package 'base_interfaces_demo' in 'src/base_interfaces_demo'
[4.917s] INFO:colcon.colcon_core.package_selection:Skipping not selected package 'first_hello_test' in 'src/first_hello_test'
[4.931s] Level 1:colcon.colcon_core.package_discovery:discover_packages(prefix_path) check parameters
[4.931s] Level 1:colcon.colcon_core.package_discovery:discover_packages(prefix_path) discover
[4.984s] DEBUG:colcon.colcon_installed_package_information.package_discovery:Found 2 installed packages in /home/sophia/workspace/about_ros/code/about_ros2/server_ros/install
[4.988s] DEBUG:colcon.colcon_installed_package_information.package_discovery:Found 3 installed packages in /home/sophia/workspace/about_ros/code/about_ros2/topic_ros/install
[4.991s] DEBUG:colcon.colcon_installed_package_information.package_discovery:Found 1 installed packages in /home/sophia/workspace/about_ros/code/about_ros2/first_ros/install
[4.997s] DEBUG:colcon.colcon_installed_package_information.package_discovery:Found 270 installed packages in /opt/ros/humble
[5.002s] Level 1:colcon.colcon_core.package_discovery:discover_packages(prefix_path) using defaults
[5.240s] Level 5:colcon.colcon_core.verb:set package 'cpp02_server' build argument 'cmake_args' from command line to 'None'
[5.240s] Level 5:colcon.colcon_core.verb:set package 'cpp02_server' build argument 'cmake_target' from command line to 'None'
[5.240s] Level 5:colcon.colcon_core.verb:set package 'cpp02_server' build argument 'cmake_target_skip_unavailable' from command line to 'False'
[5.240s] Level 5:colcon.colcon_core.verb:set package 'cpp02_server' build argument 'cmake_clean_cache' from command line to 'False'
[5.240s] Level 5:colcon.colcon_core.verb:set package 'cpp02_server' build argument 'cmake_clean_first' from command line to 'False'
[5.240s] Level 5:colcon.colcon_core.verb:set package 'cpp02_server' build argument 'cmake_force_configure' from command line to 'False'
[5.240s] Level 5:colcon.colcon_core.verb:set package 'cpp02_server' build argument 'ament_cmake_args' from command line to 'None'
[5.240s] Level 5:colcon.colcon_core.verb:set package 'cpp02_server' build argument 'catkin_cmake_args' from command line to 'None'
[5.240s] Level 5:colcon.colcon_core.verb:set package 'cpp02_server' build argument 'catkin_skip_building_tests' from command line to 'False'
[5.240s] DEBUG:colcon.colcon_core.verb:Building package 'cpp02_server' with the following arguments: {'ament_cmake_args': None, 'build_base': '/home/sophia/workspace/about_ros/code/about_ros2/server_ros/build/cpp02_server', 'catkin_cmake_args': None, 'catkin_skip_building_tests': False, 'cmake_args': None, 'cmake_clean_cache': False, 'cmake_clean_first': False, 'cmake_force_configure': False, 'cmake_target': None, 'cmake_target_skip_unavailable': False, 'install_base': '/home/sophia/workspace/about_ros/code/about_ros2/server_ros/install/cpp02_server', 'merge_install': False, 'path': '/home/sophia/workspace/about_ros/code/about_ros2/server_ros/src/cpp02_server', 'symlink_install': False, 'test_result_base': None}
[5.241s] INFO:colcon.colcon_core.executor:Executing jobs using 'parallel' executor
[5.244s] DEBUG:colcon.colcon_parallel_executor.executor.parallel:run_until_complete
[5.244s] INFO:colcon.colcon_ros.task.ament_cmake.build:Building ROS package in '/home/sophia/workspace/about_ros/code/about_ros2/server_ros/src/cpp02_server' with build type 'ament_cmake'
[5.244s] INFO:colcon.colcon_cmake.task.cmake.build:Building CMake package in '/home/sophia/workspace/about_ros/code/about_ros2/server_ros/src/cpp02_server'
[5.304s] INFO:colcon.colcon_core.plugin_system:Skipping extension 'colcon_core.shell.bat': Not used on non-Windows systems
[5.305s] INFO:colcon.colcon_core.shell:Skip shell extension 'powershell' for command environment: Not usable outside of PowerShell
[5.305s] DEBUG:colcon.colcon_core.shell:Skip shell extension 'dsv' for command environment
[5.423s] DEBUG:colcon.colcon_core.event_handler.log_command:Invoking command in '/home/sophia/workspace/about_ros/code/about_ros2/server_ros/build/cpp02_server': CMAKE_PREFIX_PATH=/home/sophia/workspace/about_ros/code/about_ros2/server_ros/install/base_interfaces_demo:/home/sophia/workspace/about_ros/code/about_ros2/server_ros/install/first_hello_test:/home/sophia/workspace/about_ros/code/about_ros2/topic_ros/install/topic_test_cpp:/home/sophia/workspace/about_ros/code/about_ros2/topic_ros/install/cpp01_topic:/home/sophia/workspace/about_ros/code/about_ros2/topic_ros/install/base_interface_demo:/home/sophia/workspace/about_ros/code/about_ros2/first_ros/install/first_helloworld_cpp:/opt/ros/humble /usr/bin/cmake /home/sophia/workspace/about_ros/code/about_ros2/server_ros/src/cpp02_server -DCMAKE_INSTALL_PREFIX=/home/sophia/workspace/about_ros/code/about_ros2/server_ros/install/cpp02_server
[11.730s] DEBUG:colcon.colcon_core.event_handler.log_command:Invoked command in '/home/sophia/workspace/about_ros/code/about_ros2/server_ros/build/cpp02_server' returned '0': CMAKE_PREFIX_PATH=/home/sophia/workspace/about_ros/code/about_ros2/server_ros/install/base_interfaces_demo:/home/sophia/workspace/about_ros/code/about_ros2/server_ros/install/first_hello_test:/home/sophia/workspace/about_ros/code/about_ros2/topic_ros/install/topic_test_cpp:/home/sophia/workspace/about_ros/code/about_ros2/topic_ros/install/cpp01_topic:/home/sophia/workspace/about_ros/code/about_ros2/topic_ros/install/base_interface_demo:/home/sophia/workspace/about_ros/code/about_ros2/first_ros/install/first_helloworld_cpp:/opt/ros/humble /usr/bin/cmake /home/sophia/workspace/about_ros/code/about_ros2/server_ros/src/cpp02_server -DCMAKE_INSTALL_PREFIX=/home/sophia/workspace/about_ros/code/about_ros2/server_ros/install/cpp02_server
[11.732s] DEBUG:colcon.colcon_core.event_handler.log_command:Invoking command in '/home/sophia/workspace/about_ros/code/about_ros2/server_ros/build/cpp02_server': CMAKE_PREFIX_PATH=/home/sophia/workspace/about_ros/code/about_ros2/server_ros/install/base_interfaces_demo:/home/sophia/workspace/about_ros/code/about_ros2/server_ros/install/first_hello_test:/home/sophia/workspace/about_ros/code/about_ros2/topic_ros/install/topic_test_cpp:/home/sophia/workspace/about_ros/code/about_ros2/topic_ros/install/cpp01_topic:/home/sophia/workspace/about_ros/code/about_ros2/topic_ros/install/base_interface_demo:/home/sophia/workspace/about_ros/code/about_ros2/first_ros/install/first_helloworld_cpp:/opt/ros/humble /usr/bin/cmake --build /home/sophia/workspace/about_ros/code/about_ros2/server_ros/build/cpp02_server -- -j8 -l8
[19.596s] DEBUG:colcon.colcon_core.event_handler.log_command:Invoked command in '/home/sophia/workspace/about_ros/code/about_ros2/server_ros/build/cpp02_server' returned '0': CMAKE_PREFIX_PATH=/home/sophia/workspace/about_ros/code/about_ros2/server_ros/install/base_interfaces_demo:/home/sophia/workspace/about_ros/code/about_ros2/server_ros/install/first_hello_test:/home/sophia/workspace/about_ros/code/about_ros2/topic_ros/install/topic_test_cpp:/home/sophia/workspace/about_ros/code/about_ros2/topic_ros/install/cpp01_topic:/home/sophia/workspace/about_ros/code/about_ros2/topic_ros/install/base_interface_demo:/home/sophia/workspace/about_ros/code/about_ros2/first_ros/install/first_helloworld_cpp:/opt/ros/humble /usr/bin/cmake --build /home/sophia/workspace/about_ros/code/about_ros2/server_ros/build/cpp02_server -- -j8 -l8
[19.631s] DEBUG:colcon.colcon_core.event_handler.log_command:Invoking command in '/home/sophia/workspace/about_ros/code/about_ros2/server_ros/build/cpp02_server': CMAKE_PREFIX_PATH=/home/sophia/workspace/about_ros/code/about_ros2/server_ros/install/base_interfaces_demo:/home/sophia/workspace/about_ros/code/about_ros2/server_ros/install/first_hello_test:/home/sophia/workspace/about_ros/code/about_ros2/topic_ros/install/topic_test_cpp:/home/sophia/workspace/about_ros/code/about_ros2/topic_ros/install/cpp01_topic:/home/sophia/workspace/about_ros/code/about_ros2/topic_ros/install/base_interface_demo:/home/sophia/workspace/about_ros/code/about_ros2/first_ros/install/first_helloworld_cpp:/opt/ros/humble /usr/bin/cmake --install /home/sophia/workspace/about_ros/code/about_ros2/server_ros/build/cpp02_server
[19.644s] Level 1:colcon.colcon_core.environment:create_environment_scripts_only(cpp02_server)
[19.644s] DEBUG:colcon.colcon_core.event_handler.log_command:Invoked command in '/home/sophia/workspace/about_ros/code/about_ros2/server_ros/build/cpp02_server' returned '0': CMAKE_PREFIX_PATH=/home/sophia/workspace/about_ros/code/about_ros2/server_ros/install/base_interfaces_demo:/home/sophia/workspace/about_ros/code/about_ros2/server_ros/install/first_hello_test:/home/sophia/workspace/about_ros/code/about_ros2/topic_ros/install/topic_test_cpp:/home/sophia/workspace/about_ros/code/about_ros2/topic_ros/install/cpp01_topic:/home/sophia/workspace/about_ros/code/about_ros2/topic_ros/install/base_interface_demo:/home/sophia/workspace/about_ros/code/about_ros2/first_ros/install/first_helloworld_cpp:/opt/ros/humble /usr/bin/cmake --install /home/sophia/workspace/about_ros/code/about_ros2/server_ros/build/cpp02_server
[19.735s] Level 1:colcon.colcon_core.environment:checking '/home/sophia/workspace/about_ros/code/about_ros2/server_ros/install/cpp02_server' for CMake module files
[19.736s] Level 1:colcon.colcon_core.environment:checking '/home/sophia/workspace/about_ros/code/about_ros2/server_ros/install/cpp02_server' for CMake config files
[19.737s] Level 1:colcon.colcon_core.shell:create_environment_hook('cpp02_server', 'cmake_prefix_path')
[19.741s] INFO:colcon.colcon_core.shell:Creating environment hook '/home/sophia/workspace/about_ros/code/about_ros2/server_ros/install/cpp02_server/share/cpp02_server/hook/cmake_prefix_path.ps1'
[19.760s] INFO:colcon.colcon_core.shell:Creating environment descriptor '/home/sophia/workspace/about_ros/code/about_ros2/server_ros/install/cpp02_server/share/cpp02_server/hook/cmake_prefix_path.dsv'
[19.782s] INFO:colcon.colcon_core.shell:Creating environment hook '/home/sophia/workspace/about_ros/code/about_ros2/server_ros/install/cpp02_server/share/cpp02_server/hook/cmake_prefix_path.sh'
[19.785s] Level 1:colcon.colcon_core.environment:checking '/home/sophia/workspace/about_ros/code/about_ros2/server_ros/install/cpp02_server/lib'
[19.786s] Level 1:colcon.colcon_core.environment:checking '/home/sophia/workspace/about_ros/code/about_ros2/server_ros/install/cpp02_server/bin'
[19.786s] Level 1:colcon.colcon_core.environment:checking '/home/sophia/workspace/about_ros/code/about_ros2/server_ros/install/cpp02_server/lib/pkgconfig/cpp02_server.pc'
[19.787s] Level 1:colcon.colcon_core.environment:checking '/home/sophia/workspace/about_ros/code/about_ros2/server_ros/install/cpp02_server/lib/python3.10/site-packages'
[19.788s] Level 1:colcon.colcon_core.environment:checking '/home/sophia/workspace/about_ros/code/about_ros2/server_ros/install/cpp02_server/bin'
[19.792s] INFO:colcon.colcon_core.shell:Creating package script '/home/sophia/workspace/about_ros/code/about_ros2/server_ros/install/cpp02_server/share/cpp02_server/package.ps1'
[19.795s] INFO:colcon.colcon_core.shell:Creating package descriptor '/home/sophia/workspace/about_ros/code/about_ros2/server_ros/install/cpp02_server/share/cpp02_server/package.dsv'
[19.797s] INFO:colcon.colcon_core.shell:Creating package script '/home/sophia/workspace/about_ros/code/about_ros2/server_ros/install/cpp02_server/share/cpp02_server/package.sh'
[19.800s] INFO:colcon.colcon_core.shell:Creating package script '/home/sophia/workspace/about_ros/code/about_ros2/server_ros/install/cpp02_server/share/cpp02_server/package.bash'
[19.820s] INFO:colcon.colcon_core.shell:Creating package script '/home/sophia/workspace/about_ros/code/about_ros2/server_ros/install/cpp02_server/share/cpp02_server/package.zsh'
[19.827s] Level 1:colcon.colcon_core.environment:create_file_with_runtime_dependencies(/home/sophia/workspace/about_ros/code/about_ros2/server_ros/install/cpp02_server/share/colcon-core/packages/cpp02_server)
[19.940s] Level 1:colcon.colcon_core.environment:create_environment_scripts_only(cpp02_server)
[19.947s] Level 1:colcon.colcon_core.environment:checking '/home/sophia/workspace/about_ros/code/about_ros2/server_ros/install/cpp02_server' for CMake module files
[19.949s] Level 1:colcon.colcon_core.environment:checking '/home/sophia/workspace/about_ros/code/about_ros2/server_ros/install/cpp02_server' for CMake config files
[19.950s] Level 1:colcon.colcon_core.shell:create_environment_hook('cpp02_server', 'cmake_prefix_path')
[19.954s] INFO:colcon.colcon_core.shell:Creating environment hook '/home/sophia/workspace/about_ros/code/about_ros2/server_ros/install/cpp02_server/share/cpp02_server/hook/cmake_prefix_path.ps1'
[19.955s] INFO:colcon.colcon_core.shell:Creating environment descriptor '/home/sophia/workspace/about_ros/code/about_ros2/server_ros/install/cpp02_server/share/cpp02_server/hook/cmake_prefix_path.dsv'
[19.956s] INFO:colcon.colcon_core.shell:Creating environment hook '/home/sophia/workspace/about_ros/code/about_ros2/server_ros/install/cpp02_server/share/cpp02_server/hook/cmake_prefix_path.sh'
[19.957s] Level 1:colcon.colcon_core.environment:checking '/home/sophia/workspace/about_ros/code/about_ros2/server_ros/install/cpp02_server/lib'
[19.957s] Level 1:colcon.colcon_core.environment:checking '/home/sophia/workspace/about_ros/code/about_ros2/server_ros/install/cpp02_server/bin'
[19.957s] Level 1:colcon.colcon_core.environment:checking '/home/sophia/workspace/about_ros/code/about_ros2/server_ros/install/cpp02_server/lib/pkgconfig/cpp02_server.pc'
[19.958s] Level 1:colcon.colcon_core.environment:checking '/home/sophia/workspace/about_ros/code/about_ros2/server_ros/install/cpp02_server/lib/python3.10/site-packages'
[19.959s] Level 1:colcon.colcon_core.environment:checking '/home/sophia/workspace/about_ros/code/about_ros2/server_ros/install/cpp02_server/bin'
[19.961s] INFO:colcon.colcon_core.shell:Creating package script '/home/sophia/workspace/about_ros/code/about_ros2/server_ros/install/cpp02_server/share/cpp02_server/package.ps1'
[19.962s] INFO:colcon.colcon_core.shell:Creating package descriptor '/home/sophia/workspace/about_ros/code/about_ros2/server_ros/install/cpp02_server/share/cpp02_server/package.dsv'
[19.963s] INFO:colcon.colcon_core.shell:Creating package script '/home/sophia/workspace/about_ros/code/about_ros2/server_ros/install/cpp02_server/share/cpp02_server/package.sh'
[19.964s] INFO:colcon.colcon_core.shell:Creating package script '/home/sophia/workspace/about_ros/code/about_ros2/server_ros/install/cpp02_server/share/cpp02_server/package.bash'
[19.964s] INFO:colcon.colcon_core.shell:Creating package script '/home/sophia/workspace/about_ros/code/about_ros2/server_ros/install/cpp02_server/share/cpp02_server/package.zsh'
[19.965s] Level 1:colcon.colcon_core.environment:create_file_with_runtime_dependencies(/home/sophia/workspace/about_ros/code/about_ros2/server_ros/install/cpp02_server/share/colcon-core/packages/cpp02_server)
[19.965s] DEBUG:colcon.colcon_parallel_executor.executor.parallel:closing loop
[19.966s] DEBUG:colcon.colcon_parallel_executor.executor.parallel:loop closed
[19.966s] DEBUG:colcon.colcon_parallel_executor.executor.parallel:run_until_complete finished with '0'
[19.966s] DEBUG:colcon.colcon_core.event_reactor:joining thread
[20.098s] INFO:colcon.colcon_core.plugin_system:Skipping extension 'colcon_notification.desktop_notification.terminal_notifier': Not used on non-Darwin systems
[20.099s] INFO:colcon.colcon_core.plugin_system:Skipping extension 'colcon_notification.desktop_notification.win32': Not used on non-Windows systems
[20.099s] INFO:colcon.colcon_notification.desktop_notification:Sending desktop notification using 'notify2'
[20.156s] DEBUG:colcon.colcon_core.event_reactor:joined thread
[20.158s] INFO:colcon.colcon_core.shell:Creating prefix script '/home/sophia/workspace/about_ros/code/about_ros2/server_ros/install/local_setup.ps1'
[20.160s] INFO:colcon.colcon_core.shell:Creating prefix util module '/home/sophia/workspace/about_ros/code/about_ros2/server_ros/install/_local_setup_util_ps1.py'
[20.162s] INFO:colcon.colcon_core.shell:Creating prefix chain script '/home/sophia/workspace/about_ros/code/about_ros2/server_ros/install/setup.ps1'
[20.164s] INFO:colcon.colcon_core.shell:Creating prefix script '/home/sophia/workspace/about_ros/code/about_ros2/server_ros/install/local_setup.sh'
[20.165s] INFO:colcon.colcon_core.shell:Creating prefix util module '/home/sophia/workspace/about_ros/code/about_ros2/server_ros/install/_local_setup_util_sh.py'
[20.166s] INFO:colcon.colcon_core.shell:Creating prefix chain script '/home/sophia/workspace/about_ros/code/about_ros2/server_ros/install/setup.sh'
[20.168s] INFO:colcon.colcon_core.shell:Creating prefix script '/home/sophia/workspace/about_ros/code/about_ros2/server_ros/install/local_setup.bash'
[20.168s] INFO:colcon.colcon_core.shell:Creating prefix chain script '/home/sophia/workspace/about_ros/code/about_ros2/server_ros/install/setup.bash'
[20.170s] INFO:colcon.colcon_core.shell:Creating prefix script '/home/sophia/workspace/about_ros/code/about_ros2/server_ros/install/local_setup.zsh'
[20.171s] INFO:colcon.colcon_core.shell:Creating prefix chain script '/home/sophia/workspace/about_ros/code/about_ros2/server_ros/install/setup.zsh'
