[0.017s] Invoking command in '/home/sophia/workspace/about_ros/code/about_ros2/topic_ros/build/cpp01_topic': AMENT_PREFIX_PATH=/home/sophia/workspace/about_ros/code/about_ros2/topic_ros/install/base_interface_demo:${AMENT_PREFIX_PATH} CMAKE_PREFIX_PATH=/home/sophia/workspace/about_ros/code/about_ros2/topic_ros/install/base_interface_demo:/home/sophia/workspace/about_ros/code/about_ros2/topic_ros/install/topic_test_cpp:/home/sophia/workspace/about_ros/code/about_ros2/first_ros/install/first_helloworld_cpp:/opt/ros/humble /usr/bin/cmake --build /home/sophia/workspace/about_ros/code/about_ros2/topic_ros/build/cpp01_topic -- -j8 -l8
[0.051s] [35m[1mConsolidate compiler generated dependencies of target demo01_talker_str[0m
[0.070s] [ 50%] [32mBuilding CXX object CMakeFiles/demo01_talker_str.dir/src/demo01_talker_str.cpp.o[0m
[2.527s] [100%] [32m[1mLinking CXX executable demo01_talker_str[0m
[2.750s] [100%] Built target demo01_talker_str
[2.759s] Invoked command in '/home/sophia/workspace/about_ros/code/about_ros2/topic_ros/build/cpp01_topic' returned '0': AMENT_PREFIX_PATH=/home/sophia/workspace/about_ros/code/about_ros2/topic_ros/install/base_interface_demo:${AMENT_PREFIX_PATH} CMAKE_PREFIX_PATH=/home/sophia/workspace/about_ros/code/about_ros2/topic_ros/install/base_interface_demo:/home/sophia/workspace/about_ros/code/about_ros2/topic_ros/install/topic_test_cpp:/home/sophia/workspace/about_ros/code/about_ros2/first_ros/install/first_helloworld_cpp:/opt/ros/humble /usr/bin/cmake --build /home/sophia/workspace/about_ros/code/about_ros2/topic_ros/build/cpp01_topic -- -j8 -l8
[2.781s] Invoking command in '/home/sophia/workspace/about_ros/code/about_ros2/topic_ros/build/cpp01_topic': AMENT_PREFIX_PATH=/home/sophia/workspace/about_ros/code/about_ros2/topic_ros/install/base_interface_demo:${AMENT_PREFIX_PATH} CMAKE_PREFIX_PATH=/home/sophia/workspace/about_ros/code/about_ros2/topic_ros/install/base_interface_demo:/home/sophia/workspace/about_ros/code/about_ros2/topic_ros/install/topic_test_cpp:/home/sophia/workspace/about_ros/code/about_ros2/first_ros/install/first_helloworld_cpp:/opt/ros/humble /usr/bin/cmake --install /home/sophia/workspace/about_ros/code/about_ros2/topic_ros/build/cpp01_topic
[2.787s] -- Install configuration: ""
[2.787s] -- Installing: /home/sophia/workspace/about_ros/code/about_ros2/topic_ros/install/cpp01_topic/lib/cpp01_topic/demo01_talker_str
[2.788s] -- Set runtime path of "/home/sophia/workspace/about_ros/code/about_ros2/topic_ros/install/cpp01_topic/lib/cpp01_topic/demo01_talker_str" to ""
[2.788s] -- Installing: /home/sophia/workspace/about_ros/code/about_ros2/topic_ros/install/cpp01_topic/share/ament_index/resource_index/package_run_dependencies/cpp01_topic
[2.788s] -- Installing: /home/sophia/workspace/about_ros/code/about_ros2/topic_ros/install/cpp01_topic/share/ament_index/resource_index/parent_prefix_path/cpp01_topic
[2.788s] -- Installing: /home/sophia/workspace/about_ros/code/about_ros2/topic_ros/install/cpp01_topic/share/cpp01_topic/environment/ament_prefix_path.sh
[2.788s] -- Installing: /home/sophia/workspace/about_ros/code/about_ros2/topic_ros/install/cpp01_topic/share/cpp01_topic/environment/ament_prefix_path.dsv
[2.788s] -- Installing: /home/sophia/workspace/about_ros/code/about_ros2/topic_ros/install/cpp01_topic/share/cpp01_topic/environment/path.sh
[2.788s] -- Installing: /home/sophia/workspace/about_ros/code/about_ros2/topic_ros/install/cpp01_topic/share/cpp01_topic/environment/path.dsv
[2.788s] -- Installing: /home/sophia/workspace/about_ros/code/about_ros2/topic_ros/install/cpp01_topic/share/cpp01_topic/local_setup.bash
[2.788s] -- Installing: /home/sophia/workspace/about_ros/code/about_ros2/topic_ros/install/cpp01_topic/share/cpp01_topic/local_setup.sh
[2.789s] -- Installing: /home/sophia/workspace/about_ros/code/about_ros2/topic_ros/install/cpp01_topic/share/cpp01_topic/local_setup.zsh
[2.789s] -- Installing: /home/sophia/workspace/about_ros/code/about_ros2/topic_ros/install/cpp01_topic/share/cpp01_topic/local_setup.dsv
[2.789s] -- Installing: /home/sophia/workspace/about_ros/code/about_ros2/topic_ros/install/cpp01_topic/share/cpp01_topic/package.dsv
[2.789s] -- Installing: /home/sophia/workspace/about_ros/code/about_ros2/topic_ros/install/cpp01_topic/share/ament_index/resource_index/packages/cpp01_topic
[2.789s] -- Installing: /home/sophia/workspace/about_ros/code/about_ros2/topic_ros/install/cpp01_topic/share/cpp01_topic/cmake/cpp01_topicConfig.cmake
[2.789s] -- Installing: /home/sophia/workspace/about_ros/code/about_ros2/topic_ros/install/cpp01_topic/share/cpp01_topic/cmake/cpp01_topicConfig-version.cmake
[2.789s] -- Installing: /home/sophia/workspace/about_ros/code/about_ros2/topic_ros/install/cpp01_topic/share/cpp01_topic/package.xml
[2.793s] Invoked command in '/home/sophia/workspace/about_ros/code/about_ros2/topic_ros/build/cpp01_topic' returned '0': AMENT_PREFIX_PATH=/home/sophia/workspace/about_ros/code/about_ros2/topic_ros/install/base_interface_demo:${AMENT_PREFIX_PATH} CMAKE_PREFIX_PATH=/home/sophia/workspace/about_ros/code/about_ros2/topic_ros/install/base_interface_demo:/home/sophia/workspace/about_ros/code/about_ros2/topic_ros/install/topic_test_cpp:/home/sophia/workspace/about_ros/code/about_ros2/first_ros/install/first_helloworld_cpp:/opt/ros/humble /usr/bin/cmake --install /home/sophia/workspace/about_ros/code/about_ros2/topic_ros/build/cpp01_topic
