[0.011s] Invoking command in '/home/sophia/workspace/about_ros/code/about_ros2/action_ros/build/base_interfaces_demo': CMAKE_PREFIX_PATH=${CMAKE_PREFIX_PATH}:/opt/ros/humble /usr/bin/cmake /home/sophia/workspace/about_ros/code/about_ros2/action_ros/src/base_interfaces_demo -DCMAKE_INSTALL_PREFIX=/home/sophia/workspace/about_ros/code/about_ros2/action_ros/install/base_interfaces_demo
[0.065s] -- The C compiler identification is GNU 11.4.0
[0.114s] -- The CXX compiler identification is GNU 11.4.0
[0.121s] -- Detecting C compiler ABI info
[0.181s] -- Detecting C compiler ABI info - done
[0.188s] -- Check for working C compiler: /usr/bin/cc - skipped
[0.188s] -- Detecting C compile features
[0.188s] -- Detecting C compile features - done
[0.191s] -- Detecting CXX compiler ABI info
[0.262s] -- Detecting CXX compiler ABI info - done
[0.269s] -- Check for working CXX compiler: /usr/bin/c++ - skipped
[0.269s] -- Detecting CXX compile features
[0.270s] -- Detecting CXX compile features - done
[0.272s] -- Found ament_cmake: 1.3.5 (/opt/ros/humble/share/ament_cmake/cmake)
[0.581s] -- Found Python3: /usr/bin/python3.10 (found version "3.10.12") found components: Interpreter 
[0.685s] -- Found rosidl_default_generators: 1.2.0 (/opt/ros/humble/share/rosidl_default_generators/cmake)
[0.695s] -- Using all available rosidl_typesupport_c: rosidl_typesupport_fastrtps_c;rosidl_typesupport_introspection_c
[0.702s] -- Found rosidl_adapter: 3.1.5 (/opt/ros/humble/share/rosidl_adapter/cmake)
[0.745s] -- Using all available rosidl_typesupport_cpp: rosidl_typesupport_fastrtps_cpp;rosidl_typesupport_introspection_cpp
[1.400s] -- Found ament_cmake_ros: 0.10.0 (/opt/ros/humble/share/ament_cmake_ros/cmake)
[1.672s] -- Using all available rosidl_typesupport_c: rosidl_typesupport_fastrtps_c;rosidl_typesupport_introspection_c
[1.994s] -- Using all available rosidl_typesupport_cpp: rosidl_typesupport_fastrtps_cpp;rosidl_typesupport_introspection_cpp
[2.063s] -- Found PythonInterp: /usr/bin/python3 (found suitable version "3.10.12", minimum required is "3.6") 
[2.103s] -- Found python_cmake_module: 0.10.0 (/opt/ros/humble/share/python_cmake_module/cmake)
[2.267s] -- Found PythonLibs: /usr/lib/x86_64-linux-gnu/libpython3.10.so (found suitable version "3.10.12", minimum required is "3.5") 
[2.267s] -- Using PYTHON_EXECUTABLE: /usr/bin/python3
[2.268s] -- Using PYTHON_INCLUDE_DIRS: /usr/include/python3.10
[2.268s] -- Using PYTHON_LIBRARIES: /usr/lib/x86_64-linux-gnu/libpython3.10.so
[2.323s] -- Found PythonExtra: .so  
[2.412s] -- Found ament_lint_auto: 0.12.7 (/opt/ros/humble/share/ament_lint_auto/cmake)
[2.556s] -- Added test 'lint_cmake' to check CMake code style
[2.561s] -- Added test 'xmllint' to check XML markup files
[2.573s] -- Configuring done
[2.652s] -- Generating done
[2.654s] -- Build files have been written to: /home/sophia/workspace/about_ros/code/about_ros2/action_ros/build/base_interfaces_demo
[2.660s] Invoked command in '/home/sophia/workspace/about_ros/code/about_ros2/action_ros/build/base_interfaces_demo' returned '0': CMAKE_PREFIX_PATH=${CMAKE_PREFIX_PATH}:/opt/ros/humble /usr/bin/cmake /home/sophia/workspace/about_ros/code/about_ros2/action_ros/src/base_interfaces_demo -DCMAKE_INSTALL_PREFIX=/home/sophia/workspace/about_ros/code/about_ros2/action_ros/install/base_interfaces_demo
[2.662s] Invoking command in '/home/sophia/workspace/about_ros/code/about_ros2/action_ros/build/base_interfaces_demo': CMAKE_PREFIX_PATH=${CMAKE_PREFIX_PATH}:/opt/ros/humble /usr/bin/cmake --build /home/sophia/workspace/about_ros/code/about_ros2/action_ros/build/base_interfaces_demo -- -j8 -l8
[2.697s] [  3%] [34m[1mGenerating C code for ROS interfaces[0m
[2.707s] [  6%] [34m[1mGenerating C++ code for ROS interfaces[0m
[2.715s] [  6%] Built target ament_cmake_python_copy_base_interfaces_demo
[3.010s] running egg_info
[3.011s] creating base_interfaces_demo.egg-info
[3.024s] writing base_interfaces_demo.egg-info/PKG-INFO
[3.024s] writing dependency_links to base_interfaces_demo.egg-info/dependency_links.txt
[3.025s] writing top-level names to base_interfaces_demo.egg-info/top_level.txt
[3.025s] writing manifest file 'base_interfaces_demo.egg-info/SOURCES.txt'
[3.065s] reading manifest file 'base_interfaces_demo.egg-info/SOURCES.txt'
[3.066s] writing manifest file 'base_interfaces_demo.egg-info/SOURCES.txt'
[3.088s] [  6%] Built target ament_cmake_python_build_base_interfaces_demo_egg
[3.158s] [  6%] Built target base_interfaces_demo__cpp
[3.168s] [ 16%] [34m[1mGenerating C++ type support dispatch for ROS interfaces[0m
[3.168s] [ 16%] [34m[1mGenerating C++ introspection for ROS interfaces[0m
[3.168s] [ 16%] [34m[1mGenerating C++ type support for eProsima Fast-RTPS[0m
[3.196s] [ 19%] [32mBuilding C object CMakeFiles/base_interfaces_demo__rosidl_generator_c.dir/rosidl_generator_c/base_interfaces_demo/action/detail/progress__functions.c.o[0m
[3.491s] [ 22%] [32mBuilding CXX object CMakeFiles/base_interfaces_demo__rosidl_typesupport_cpp.dir/rosidl_typesupport_cpp/base_interfaces_demo/action/progress__type_support.cpp.o[0m
[3.528s] [ 25%] [32mBuilding CXX object CMakeFiles/base_interfaces_demo__rosidl_typesupport_introspection_cpp.dir/rosidl_typesupport_introspection_cpp/base_interfaces_demo/action/detail/progress__type_support.cpp.o[0m
[3.558s] [ 29%] [32m[1mLinking C shared library libbase_interfaces_demo__rosidl_generator_c.so[0m
[3.579s] [ 32%] [32mBuilding CXX object CMakeFiles/base_interfaces_demo__rosidl_typesupport_fastrtps_cpp.dir/rosidl_typesupport_fastrtps_cpp/base_interfaces_demo/action/detail/dds_fastrtps/progress__type_support.cpp.o[0m
[3.611s] [ 32%] Built target base_interfaces_demo__rosidl_generator_c
[3.622s] [ 35%] [34m[1mGenerating C type support dispatch for ROS interfaces[0m
[3.624s] [ 38%] [34m[1mGenerating C introspection for ROS interfaces[0m
[3.624s] [ 41%] [34m[1mGenerating C type support for eProsima Fast-RTPS[0m
[4.045s] [ 45%] [32mBuilding CXX object CMakeFiles/base_interfaces_demo__rosidl_typesupport_fastrtps_c.dir/rosidl_typesupport_fastrtps_c/base_interfaces_demo/action/detail/progress__type_support_c.cpp.o[0m
[4.130s] [ 48%] [32mBuilding CXX object CMakeFiles/base_interfaces_demo__rosidl_typesupport_c.dir/rosidl_typesupport_c/base_interfaces_demo/action/progress__type_support.cpp.o[0m
[4.167s] [ 51%] [32mBuilding C object CMakeFiles/base_interfaces_demo__rosidl_typesupport_introspection_c.dir/rosidl_typesupport_introspection_c/base_interfaces_demo/action/detail/progress__type_support.c.o[0m
[4.212s] [ 54%] [32m[1mLinking CXX shared library libbase_interfaces_demo__rosidl_typesupport_c.so[0m
[4.219s] [ 58%] [32m[1mLinking CXX shared library libbase_interfaces_demo__rosidl_typesupport_cpp.so[0m
[4.270s] [ 58%] Built target base_interfaces_demo__rosidl_typesupport_cpp
[4.271s] [ 61%] [32m[1mLinking C shared library libbase_interfaces_demo__rosidl_typesupport_introspection_c.so[0m
[4.273s] [ 61%] Built target base_interfaces_demo__rosidl_typesupport_c
[4.300s] [ 64%] [32m[1mLinking CXX shared library libbase_interfaces_demo__rosidl_typesupport_introspection_cpp.so[0m
[4.303s] [ 64%] Built target base_interfaces_demo__rosidl_typesupport_introspection_c
[4.380s] [ 64%] Built target base_interfaces_demo__rosidl_typesupport_introspection_cpp
[4.403s] [ 67%] [32m[1mLinking CXX shared library libbase_interfaces_demo__rosidl_typesupport_fastrtps_cpp.so[0m
[4.432s] [ 70%] [32m[1mLinking CXX shared library libbase_interfaces_demo__rosidl_typesupport_fastrtps_c.so[0m
[4.484s] [ 70%] Built target base_interfaces_demo__rosidl_typesupport_fastrtps_cpp
[4.509s] [ 70%] Built target base_interfaces_demo__rosidl_typesupport_fastrtps_c
[4.527s] [ 70%] Built target base_interfaces_demo
[4.547s] [ 74%] [34m[1mGenerating Python code for ROS interfaces[0m
[5.306s] [ 74%] Built target base_interfaces_demo__py
[5.324s] [ 77%] [32mBuilding C object CMakeFiles/base_interfaces_demo__rosidl_generator_py.dir/rosidl_generator_py/base_interfaces_demo/action/_progress_s.c.o[0m
[5.924s] [ 80%] [32m[1mLinking C shared library rosidl_generator_py/base_interfaces_demo/libbase_interfaces_demo__rosidl_generator_py.so[0m
[6.013s] [ 80%] Built target base_interfaces_demo__rosidl_generator_py
[6.043s] [ 87%] [32mBuilding C object CMakeFiles/base_interfaces_demo__rosidl_typesupport_fastrtps_c__pyext.dir/rosidl_generator_py/base_interfaces_demo/_base_interfaces_demo_s.ep.rosidl_typesupport_fastrtps_c.c.o[0m
[6.043s] [ 87%] [32mBuilding C object CMakeFiles/base_interfaces_demo__rosidl_typesupport_introspection_c__pyext.dir/rosidl_generator_py/base_interfaces_demo/_base_interfaces_demo_s.ep.rosidl_typesupport_introspection_c.c.o[0m
[6.043s] [ 90%] [32mBuilding C object CMakeFiles/base_interfaces_demo__rosidl_typesupport_c__pyext.dir/rosidl_generator_py/base_interfaces_demo/_base_interfaces_demo_s.ep.rosidl_typesupport_c.c.o[0m
[6.157s] [100%] [32m[1mLinking C shared library rosidl_generator_py/base_interfaces_demo/base_interfaces_demo_s__rosidl_typesupport_fastrtps_c.cpython-310-x86_64-linux-gnu.so[0m
[6.157s] [100%] [32m[1mLinking C shared library rosidl_generator_py/base_interfaces_demo/base_interfaces_demo_s__rosidl_typesupport_introspection_c.cpython-310-x86_64-linux-gnu.so[0m
[6.157s] [100%] [32m[1mLinking C shared library rosidl_generator_py/base_interfaces_demo/base_interfaces_demo_s__rosidl_typesupport_c.cpython-310-x86_64-linux-gnu.so[0m
[6.196s] [100%] Built target base_interfaces_demo__rosidl_typesupport_c__pyext
[6.196s] [100%] Built target base_interfaces_demo__rosidl_typesupport_introspection_c__pyext
[6.196s] [100%] Built target base_interfaces_demo__rosidl_typesupport_fastrtps_c__pyext
[6.207s] Invoked command in '/home/sophia/workspace/about_ros/code/about_ros2/action_ros/build/base_interfaces_demo' returned '0': CMAKE_PREFIX_PATH=${CMAKE_PREFIX_PATH}:/opt/ros/humble /usr/bin/cmake --build /home/sophia/workspace/about_ros/code/about_ros2/action_ros/build/base_interfaces_demo -- -j8 -l8
[6.271s] Invoking command in '/home/sophia/workspace/about_ros/code/about_ros2/action_ros/build/base_interfaces_demo': CMAKE_PREFIX_PATH=${CMAKE_PREFIX_PATH}:/opt/ros/humble /usr/bin/cmake --install /home/sophia/workspace/about_ros/code/about_ros2/action_ros/build/base_interfaces_demo
[6.278s] -- Install configuration: ""
[6.279s] -- Installing: /home/sophia/workspace/about_ros/code/about_ros2/action_ros/install/base_interfaces_demo/share/ament_index/resource_index/rosidl_interfaces/base_interfaces_demo
[6.279s] -- Installing: /home/sophia/workspace/about_ros/code/about_ros2/action_ros/install/base_interfaces_demo/include/base_interfaces_demo/base_interfaces_demo
[6.279s] -- Installing: /home/sophia/workspace/about_ros/code/about_ros2/action_ros/install/base_interfaces_demo/include/base_interfaces_demo/base_interfaces_demo/msg
[6.279s] -- Installing: /home/sophia/workspace/about_ros/code/about_ros2/action_ros/install/base_interfaces_demo/include/base_interfaces_demo/base_interfaces_demo/msg/rosidl_generator_c__visibility_control.h
[6.279s] -- Installing: /home/sophia/workspace/about_ros/code/about_ros2/action_ros/install/base_interfaces_demo/include/base_interfaces_demo/base_interfaces_demo/action
[6.280s] -- Installing: /home/sophia/workspace/about_ros/code/about_ros2/action_ros/install/base_interfaces_demo/include/base_interfaces_demo/base_interfaces_demo/action/detail
[6.280s] -- Installing: /home/sophia/workspace/about_ros/code/about_ros2/action_ros/install/base_interfaces_demo/include/base_interfaces_demo/base_interfaces_demo/action/detail/progress__struct.h
[6.280s] -- Installing: /home/sophia/workspace/about_ros/code/about_ros2/action_ros/install/base_interfaces_demo/include/base_interfaces_demo/base_interfaces_demo/action/detail/progress__functions.h
[6.280s] -- Installing: /home/sophia/workspace/about_ros/code/about_ros2/action_ros/install/base_interfaces_demo/include/base_interfaces_demo/base_interfaces_demo/action/detail/progress__type_support.h
[6.280s] -- Installing: /home/sophia/workspace/about_ros/code/about_ros2/action_ros/install/base_interfaces_demo/include/base_interfaces_demo/base_interfaces_demo/action/detail/progress__functions.c
[6.280s] -- Installing: /home/sophia/workspace/about_ros/code/about_ros2/action_ros/install/base_interfaces_demo/include/base_interfaces_demo/base_interfaces_demo/action/progress.h
[6.280s] -- Installing: /home/sophia/workspace/about_ros/code/about_ros2/action_ros/install/base_interfaces_demo/share/base_interfaces_demo/environment/library_path.sh
[6.281s] -- Installing: /home/sophia/workspace/about_ros/code/about_ros2/action_ros/install/base_interfaces_demo/share/base_interfaces_demo/environment/library_path.dsv
[6.281s] -- Installing: /home/sophia/workspace/about_ros/code/about_ros2/action_ros/install/base_interfaces_demo/lib/libbase_interfaces_demo__rosidl_generator_c.so
[6.282s] -- Set runtime path of "/home/sophia/workspace/about_ros/code/about_ros2/action_ros/install/base_interfaces_demo/lib/libbase_interfaces_demo__rosidl_generator_c.so" to ""
[6.282s] -- Up-to-date: /home/sophia/workspace/about_ros/code/about_ros2/action_ros/install/base_interfaces_demo/include/base_interfaces_demo/base_interfaces_demo
[6.282s] -- Up-to-date: /home/sophia/workspace/about_ros/code/about_ros2/action_ros/install/base_interfaces_demo/include/base_interfaces_demo/base_interfaces_demo/msg
[6.282s] -- Installing: /home/sophia/workspace/about_ros/code/about_ros2/action_ros/install/base_interfaces_demo/include/base_interfaces_demo/base_interfaces_demo/msg/rosidl_typesupport_fastrtps_c__visibility_control.h
[6.282s] -- Up-to-date: /home/sophia/workspace/about_ros/code/about_ros2/action_ros/install/base_interfaces_demo/include/base_interfaces_demo/base_interfaces_demo/action
[6.282s] -- Up-to-date: /home/sophia/workspace/about_ros/code/about_ros2/action_ros/install/base_interfaces_demo/include/base_interfaces_demo/base_interfaces_demo/action/detail
[6.283s] -- Installing: /home/sophia/workspace/about_ros/code/about_ros2/action_ros/install/base_interfaces_demo/include/base_interfaces_demo/base_interfaces_demo/action/detail/progress__rosidl_typesupport_fastrtps_c.h
[6.283s] -- Installing: /home/sophia/workspace/about_ros/code/about_ros2/action_ros/install/base_interfaces_demo/lib/libbase_interfaces_demo__rosidl_typesupport_fastrtps_c.so
[6.283s] -- Set runtime path of "/home/sophia/workspace/about_ros/code/about_ros2/action_ros/install/base_interfaces_demo/lib/libbase_interfaces_demo__rosidl_typesupport_fastrtps_c.so" to ""
[6.283s] -- Up-to-date: /home/sophia/workspace/about_ros/code/about_ros2/action_ros/install/base_interfaces_demo/include/base_interfaces_demo/base_interfaces_demo
[6.283s] -- Up-to-date: /home/sophia/workspace/about_ros/code/about_ros2/action_ros/install/base_interfaces_demo/include/base_interfaces_demo/base_interfaces_demo/msg
[6.283s] -- Installing: /home/sophia/workspace/about_ros/code/about_ros2/action_ros/install/base_interfaces_demo/include/base_interfaces_demo/base_interfaces_demo/msg/rosidl_typesupport_introspection_c__visibility_control.h
[6.283s] -- Up-to-date: /home/sophia/workspace/about_ros/code/about_ros2/action_ros/install/base_interfaces_demo/include/base_interfaces_demo/base_interfaces_demo/action
[6.284s] -- Up-to-date: /home/sophia/workspace/about_ros/code/about_ros2/action_ros/install/base_interfaces_demo/include/base_interfaces_demo/base_interfaces_demo/action/detail
[6.284s] -- Installing: /home/sophia/workspace/about_ros/code/about_ros2/action_ros/install/base_interfaces_demo/include/base_interfaces_demo/base_interfaces_demo/action/detail/progress__rosidl_typesupport_introspection_c.h
[6.284s] -- Installing: /home/sophia/workspace/about_ros/code/about_ros2/action_ros/install/base_interfaces_demo/include/base_interfaces_demo/base_interfaces_demo/action/detail/progress__type_support.c
[6.284s] -- Installing: /home/sophia/workspace/about_ros/code/about_ros2/action_ros/install/base_interfaces_demo/lib/libbase_interfaces_demo__rosidl_typesupport_introspection_c.so
[6.284s] -- Set runtime path of "/home/sophia/workspace/about_ros/code/about_ros2/action_ros/install/base_interfaces_demo/lib/libbase_interfaces_demo__rosidl_typesupport_introspection_c.so" to ""
[6.284s] -- Installing: /home/sophia/workspace/about_ros/code/about_ros2/action_ros/install/base_interfaces_demo/lib/libbase_interfaces_demo__rosidl_typesupport_c.so
[6.285s] -- Set runtime path of "/home/sophia/workspace/about_ros/code/about_ros2/action_ros/install/base_interfaces_demo/lib/libbase_interfaces_demo__rosidl_typesupport_c.so" to ""
[6.285s] -- Up-to-date: /home/sophia/workspace/about_ros/code/about_ros2/action_ros/install/base_interfaces_demo/include/base_interfaces_demo/base_interfaces_demo
[6.285s] -- Up-to-date: /home/sophia/workspace/about_ros/code/about_ros2/action_ros/install/base_interfaces_demo/include/base_interfaces_demo/base_interfaces_demo/action
[6.285s] -- Up-to-date: /home/sophia/workspace/about_ros/code/about_ros2/action_ros/install/base_interfaces_demo/include/base_interfaces_demo/base_interfaces_demo/action/detail
[6.285s] -- Installing: /home/sophia/workspace/about_ros/code/about_ros2/action_ros/install/base_interfaces_demo/include/base_interfaces_demo/base_interfaces_demo/action/detail/progress__struct.hpp
[6.285s] -- Installing: /home/sophia/workspace/about_ros/code/about_ros2/action_ros/install/base_interfaces_demo/include/base_interfaces_demo/base_interfaces_demo/action/detail/progress__builder.hpp
[6.286s] -- Installing: /home/sophia/workspace/about_ros/code/about_ros2/action_ros/install/base_interfaces_demo/include/base_interfaces_demo/base_interfaces_demo/action/detail/progress__traits.hpp
[6.286s] -- Installing: /home/sophia/workspace/about_ros/code/about_ros2/action_ros/install/base_interfaces_demo/include/base_interfaces_demo/base_interfaces_demo/action/progress.hpp
[6.286s] -- Up-to-date: /home/sophia/workspace/about_ros/code/about_ros2/action_ros/install/base_interfaces_demo/include/base_interfaces_demo/base_interfaces_demo
[6.286s] -- Up-to-date: /home/sophia/workspace/about_ros/code/about_ros2/action_ros/install/base_interfaces_demo/include/base_interfaces_demo/base_interfaces_demo/msg
[6.286s] -- Installing: /home/sophia/workspace/about_ros/code/about_ros2/action_ros/install/base_interfaces_demo/include/base_interfaces_demo/base_interfaces_demo/msg/rosidl_typesupport_fastrtps_cpp__visibility_control.h
[6.286s] -- Up-to-date: /home/sophia/workspace/about_ros/code/about_ros2/action_ros/install/base_interfaces_demo/include/base_interfaces_demo/base_interfaces_demo/action
[6.286s] -- Up-to-date: /home/sophia/workspace/about_ros/code/about_ros2/action_ros/install/base_interfaces_demo/include/base_interfaces_demo/base_interfaces_demo/action/detail
[6.287s] -- Installing: /home/sophia/workspace/about_ros/code/about_ros2/action_ros/install/base_interfaces_demo/include/base_interfaces_demo/base_interfaces_demo/action/detail/progress__rosidl_typesupport_fastrtps_cpp.hpp
[6.287s] -- Installing: /home/sophia/workspace/about_ros/code/about_ros2/action_ros/install/base_interfaces_demo/include/base_interfaces_demo/base_interfaces_demo/action/detail/dds_fastrtps
[6.287s] -- Installing: /home/sophia/workspace/about_ros/code/about_ros2/action_ros/install/base_interfaces_demo/lib/libbase_interfaces_demo__rosidl_typesupport_fastrtps_cpp.so
[6.287s] -- Set runtime path of "/home/sophia/workspace/about_ros/code/about_ros2/action_ros/install/base_interfaces_demo/lib/libbase_interfaces_demo__rosidl_typesupport_fastrtps_cpp.so" to ""
[6.287s] -- Up-to-date: /home/sophia/workspace/about_ros/code/about_ros2/action_ros/install/base_interfaces_demo/include/base_interfaces_demo/base_interfaces_demo
[6.287s] -- Up-to-date: /home/sophia/workspace/about_ros/code/about_ros2/action_ros/install/base_interfaces_demo/include/base_interfaces_demo/base_interfaces_demo/action
[6.287s] -- Up-to-date: /home/sophia/workspace/about_ros/code/about_ros2/action_ros/install/base_interfaces_demo/include/base_interfaces_demo/base_interfaces_demo/action/detail
[6.288s] -- Installing: /home/sophia/workspace/about_ros/code/about_ros2/action_ros/install/base_interfaces_demo/include/base_interfaces_demo/base_interfaces_demo/action/detail/progress__rosidl_typesupport_introspection_cpp.hpp
[6.288s] -- Installing: /home/sophia/workspace/about_ros/code/about_ros2/action_ros/install/base_interfaces_demo/include/base_interfaces_demo/base_interfaces_demo/action/detail/progress__type_support.cpp
[6.288s] -- Installing: /home/sophia/workspace/about_ros/code/about_ros2/action_ros/install/base_interfaces_demo/lib/libbase_interfaces_demo__rosidl_typesupport_introspection_cpp.so
[6.288s] -- Set runtime path of "/home/sophia/workspace/about_ros/code/about_ros2/action_ros/install/base_interfaces_demo/lib/libbase_interfaces_demo__rosidl_typesupport_introspection_cpp.so" to ""
[6.288s] -- Installing: /home/sophia/workspace/about_ros/code/about_ros2/action_ros/install/base_interfaces_demo/lib/libbase_interfaces_demo__rosidl_typesupport_cpp.so
[6.289s] -- Set runtime path of "/home/sophia/workspace/about_ros/code/about_ros2/action_ros/install/base_interfaces_demo/lib/libbase_interfaces_demo__rosidl_typesupport_cpp.so" to ""
[6.289s] -- Installing: /home/sophia/workspace/about_ros/code/about_ros2/action_ros/install/base_interfaces_demo/share/base_interfaces_demo/environment/pythonpath.sh
[6.289s] -- Installing: /home/sophia/workspace/about_ros/code/about_ros2/action_ros/install/base_interfaces_demo/share/base_interfaces_demo/environment/pythonpath.dsv
[6.289s] -- Installing: /home/sophia/workspace/about_ros/code/about_ros2/action_ros/install/base_interfaces_demo/local/lib/python3.10/dist-packages/base_interfaces_demo-0.0.0-py3.10.egg-info
[6.289s] -- Installing: /home/sophia/workspace/about_ros/code/about_ros2/action_ros/install/base_interfaces_demo/local/lib/python3.10/dist-packages/base_interfaces_demo-0.0.0-py3.10.egg-info/top_level.txt
[6.290s] -- Installing: /home/sophia/workspace/about_ros/code/about_ros2/action_ros/install/base_interfaces_demo/local/lib/python3.10/dist-packages/base_interfaces_demo-0.0.0-py3.10.egg-info/SOURCES.txt
[6.290s] -- Installing: /home/sophia/workspace/about_ros/code/about_ros2/action_ros/install/base_interfaces_demo/local/lib/python3.10/dist-packages/base_interfaces_demo-0.0.0-py3.10.egg-info/PKG-INFO
[6.290s] -- Installing: /home/sophia/workspace/about_ros/code/about_ros2/action_ros/install/base_interfaces_demo/local/lib/python3.10/dist-packages/base_interfaces_demo-0.0.0-py3.10.egg-info/dependency_links.txt
[6.290s] -- Installing: /home/sophia/workspace/about_ros/code/about_ros2/action_ros/install/base_interfaces_demo/local/lib/python3.10/dist-packages/base_interfaces_demo
[6.290s] -- Installing: /home/sophia/workspace/about_ros/code/about_ros2/action_ros/install/base_interfaces_demo/local/lib/python3.10/dist-packages/base_interfaces_demo/_base_interfaces_demo_s.ep.rosidl_typesupport_c.c
[6.290s] -- Installing: /home/sophia/workspace/about_ros/code/about_ros2/action_ros/install/base_interfaces_demo/local/lib/python3.10/dist-packages/base_interfaces_demo/_base_interfaces_demo_s.ep.rosidl_typesupport_introspection_c.c
[6.291s] -- Installing: /home/sophia/workspace/about_ros/code/about_ros2/action_ros/install/base_interfaces_demo/local/lib/python3.10/dist-packages/base_interfaces_demo/_base_interfaces_demo_s.ep.rosidl_typesupport_fastrtps_c.c
[6.291s] -- Installing: /home/sophia/workspace/about_ros/code/about_ros2/action_ros/install/base_interfaces_demo/local/lib/python3.10/dist-packages/base_interfaces_demo/libbase_interfaces_demo__rosidl_generator_py.so
[6.291s] -- Installing: /home/sophia/workspace/about_ros/code/about_ros2/action_ros/install/base_interfaces_demo/local/lib/python3.10/dist-packages/base_interfaces_demo/action
[6.291s] -- Installing: /home/sophia/workspace/about_ros/code/about_ros2/action_ros/install/base_interfaces_demo/local/lib/python3.10/dist-packages/base_interfaces_demo/action/_progress.py
[6.291s] -- Installing: /home/sophia/workspace/about_ros/code/about_ros2/action_ros/install/base_interfaces_demo/local/lib/python3.10/dist-packages/base_interfaces_demo/action/__init__.py
[6.291s] -- Installing: /home/sophia/workspace/about_ros/code/about_ros2/action_ros/install/base_interfaces_demo/local/lib/python3.10/dist-packages/base_interfaces_demo/action/_progress_s.c
[6.292s] -- Installing: /home/sophia/workspace/about_ros/code/about_ros2/action_ros/install/base_interfaces_demo/local/lib/python3.10/dist-packages/base_interfaces_demo/__init__.py
[6.292s] -- Installing: /home/sophia/workspace/about_ros/code/about_ros2/action_ros/install/base_interfaces_demo/local/lib/python3.10/dist-packages/base_interfaces_demo/base_interfaces_demo_s__rosidl_typesupport_introspection_c.cpython-310-x86_64-linux-gnu.so
[6.292s] -- Installing: /home/sophia/workspace/about_ros/code/about_ros2/action_ros/install/base_interfaces_demo/local/lib/python3.10/dist-packages/base_interfaces_demo/base_interfaces_demo_s__rosidl_typesupport_c.cpython-310-x86_64-linux-gnu.so
[6.292s] -- Installing: /home/sophia/workspace/about_ros/code/about_ros2/action_ros/install/base_interfaces_demo/local/lib/python3.10/dist-packages/base_interfaces_demo/base_interfaces_demo_s__rosidl_typesupport_fastrtps_c.cpython-310-x86_64-linux-gnu.so
[6.359s] Listing '/home/sophia/workspace/about_ros/code/about_ros2/action_ros/install/base_interfaces_demo/local/lib/python3.10/dist-packages/base_interfaces_demo'...
[6.359s] Compiling '/home/sophia/workspace/about_ros/code/about_ros2/action_ros/install/base_interfaces_demo/local/lib/python3.10/dist-packages/base_interfaces_demo/__init__.py'...
[6.359s] Listing '/home/sophia/workspace/about_ros/code/about_ros2/action_ros/install/base_interfaces_demo/local/lib/python3.10/dist-packages/base_interfaces_demo/action'...
[6.359s] Compiling '/home/sophia/workspace/about_ros/code/about_ros2/action_ros/install/base_interfaces_demo/local/lib/python3.10/dist-packages/base_interfaces_demo/action/__init__.py'...
[6.359s] Compiling '/home/sophia/workspace/about_ros/code/about_ros2/action_ros/install/base_interfaces_demo/local/lib/python3.10/dist-packages/base_interfaces_demo/action/_progress.py'...
[6.364s] -- Installing: /home/sophia/workspace/about_ros/code/about_ros2/action_ros/install/base_interfaces_demo/local/lib/python3.10/dist-packages/base_interfaces_demo/base_interfaces_demo_s__rosidl_typesupport_fastrtps_c.cpython-310-x86_64-linux-gnu.so
[6.365s] -- Set runtime path of "/home/sophia/workspace/about_ros/code/about_ros2/action_ros/install/base_interfaces_demo/local/lib/python3.10/dist-packages/base_interfaces_demo/base_interfaces_demo_s__rosidl_typesupport_fastrtps_c.cpython-310-x86_64-linux-gnu.so" to ""
[6.365s] -- Installing: /home/sophia/workspace/about_ros/code/about_ros2/action_ros/install/base_interfaces_demo/local/lib/python3.10/dist-packages/base_interfaces_demo/base_interfaces_demo_s__rosidl_typesupport_introspection_c.cpython-310-x86_64-linux-gnu.so
[6.365s] -- Set runtime path of "/home/sophia/workspace/about_ros/code/about_ros2/action_ros/install/base_interfaces_demo/local/lib/python3.10/dist-packages/base_interfaces_demo/base_interfaces_demo_s__rosidl_typesupport_introspection_c.cpython-310-x86_64-linux-gnu.so" to ""
[6.366s] -- Installing: /home/sophia/workspace/about_ros/code/about_ros2/action_ros/install/base_interfaces_demo/local/lib/python3.10/dist-packages/base_interfaces_demo/base_interfaces_demo_s__rosidl_typesupport_c.cpython-310-x86_64-linux-gnu.so
[6.366s] -- Set runtime path of "/home/sophia/workspace/about_ros/code/about_ros2/action_ros/install/base_interfaces_demo/local/lib/python3.10/dist-packages/base_interfaces_demo/base_interfaces_demo_s__rosidl_typesupport_c.cpython-310-x86_64-linux-gnu.so" to ""
[6.366s] -- Installing: /home/sophia/workspace/about_ros/code/about_ros2/action_ros/install/base_interfaces_demo/lib/libbase_interfaces_demo__rosidl_generator_py.so
[6.367s] -- Set runtime path of "/home/sophia/workspace/about_ros/code/about_ros2/action_ros/install/base_interfaces_demo/lib/libbase_interfaces_demo__rosidl_generator_py.so" to ""
[6.367s] -- Installing: /home/sophia/workspace/about_ros/code/about_ros2/action_ros/install/base_interfaces_demo/share/base_interfaces_demo/action/Progress.idl
[6.367s] -- Installing: /home/sophia/workspace/about_ros/code/about_ros2/action_ros/install/base_interfaces_demo/share/base_interfaces_demo/action/Progress.action
[6.367s] -- Installing: /home/sophia/workspace/about_ros/code/about_ros2/action_ros/install/base_interfaces_demo/share/ament_index/resource_index/package_run_dependencies/base_interfaces_demo
[6.368s] -- Installing: /home/sophia/workspace/about_ros/code/about_ros2/action_ros/install/base_interfaces_demo/share/ament_index/resource_index/parent_prefix_path/base_interfaces_demo
[6.368s] -- Installing: /home/sophia/workspace/about_ros/code/about_ros2/action_ros/install/base_interfaces_demo/share/base_interfaces_demo/environment/ament_prefix_path.sh
[6.368s] -- Installing: /home/sophia/workspace/about_ros/code/about_ros2/action_ros/install/base_interfaces_demo/share/base_interfaces_demo/environment/ament_prefix_path.dsv
[6.368s] -- Installing: /home/sophia/workspace/about_ros/code/about_ros2/action_ros/install/base_interfaces_demo/share/base_interfaces_demo/environment/path.sh
[6.368s] -- Installing: /home/sophia/workspace/about_ros/code/about_ros2/action_ros/install/base_interfaces_demo/share/base_interfaces_demo/environment/path.dsv
[6.369s] -- Installing: /home/sophia/workspace/about_ros/code/about_ros2/action_ros/install/base_interfaces_demo/share/base_interfaces_demo/local_setup.bash
[6.369s] -- Installing: /home/sophia/workspace/about_ros/code/about_ros2/action_ros/install/base_interfaces_demo/share/base_interfaces_demo/local_setup.sh
[6.369s] -- Installing: /home/sophia/workspace/about_ros/code/about_ros2/action_ros/install/base_interfaces_demo/share/base_interfaces_demo/local_setup.zsh
[6.369s] -- Installing: /home/sophia/workspace/about_ros/code/about_ros2/action_ros/install/base_interfaces_demo/share/base_interfaces_demo/local_setup.dsv
[6.369s] -- Installing: /home/sophia/workspace/about_ros/code/about_ros2/action_ros/install/base_interfaces_demo/share/base_interfaces_demo/package.dsv
[6.370s] -- Installing: /home/sophia/workspace/about_ros/code/about_ros2/action_ros/install/base_interfaces_demo/share/ament_index/resource_index/packages/base_interfaces_demo
[6.370s] -- Installing: /home/sophia/workspace/about_ros/code/about_ros2/action_ros/install/base_interfaces_demo/share/base_interfaces_demo/cmake/export_base_interfaces_demo__rosidl_generator_cExport.cmake
[6.370s] -- Installing: /home/sophia/workspace/about_ros/code/about_ros2/action_ros/install/base_interfaces_demo/share/base_interfaces_demo/cmake/export_base_interfaces_demo__rosidl_generator_cExport-noconfig.cmake
[6.370s] -- Installing: /home/sophia/workspace/about_ros/code/about_ros2/action_ros/install/base_interfaces_demo/share/base_interfaces_demo/cmake/export_base_interfaces_demo__rosidl_typesupport_fastrtps_cExport.cmake
[6.371s] -- Installing: /home/sophia/workspace/about_ros/code/about_ros2/action_ros/install/base_interfaces_demo/share/base_interfaces_demo/cmake/export_base_interfaces_demo__rosidl_typesupport_fastrtps_cExport-noconfig.cmake
[6.371s] -- Installing: /home/sophia/workspace/about_ros/code/about_ros2/action_ros/install/base_interfaces_demo/share/base_interfaces_demo/cmake/base_interfaces_demo__rosidl_typesupport_introspection_cExport.cmake
[6.371s] -- Installing: /home/sophia/workspace/about_ros/code/about_ros2/action_ros/install/base_interfaces_demo/share/base_interfaces_demo/cmake/base_interfaces_demo__rosidl_typesupport_introspection_cExport-noconfig.cmake
[6.371s] -- Installing: /home/sophia/workspace/about_ros/code/about_ros2/action_ros/install/base_interfaces_demo/share/base_interfaces_demo/cmake/base_interfaces_demo__rosidl_typesupport_cExport.cmake
[6.371s] -- Installing: /home/sophia/workspace/about_ros/code/about_ros2/action_ros/install/base_interfaces_demo/share/base_interfaces_demo/cmake/base_interfaces_demo__rosidl_typesupport_cExport-noconfig.cmake
[6.372s] -- Installing: /home/sophia/workspace/about_ros/code/about_ros2/action_ros/install/base_interfaces_demo/share/base_interfaces_demo/cmake/export_base_interfaces_demo__rosidl_generator_cppExport.cmake
[6.372s] -- Installing: /home/sophia/workspace/about_ros/code/about_ros2/action_ros/install/base_interfaces_demo/share/base_interfaces_demo/cmake/export_base_interfaces_demo__rosidl_typesupport_fastrtps_cppExport.cmake
[6.372s] -- Installing: /home/sophia/workspace/about_ros/code/about_ros2/action_ros/install/base_interfaces_demo/share/base_interfaces_demo/cmake/export_base_interfaces_demo__rosidl_typesupport_fastrtps_cppExport-noconfig.cmake
[6.372s] -- Installing: /home/sophia/workspace/about_ros/code/about_ros2/action_ros/install/base_interfaces_demo/share/base_interfaces_demo/cmake/base_interfaces_demo__rosidl_typesupport_introspection_cppExport.cmake
[6.372s] -- Installing: /home/sophia/workspace/about_ros/code/about_ros2/action_ros/install/base_interfaces_demo/share/base_interfaces_demo/cmake/base_interfaces_demo__rosidl_typesupport_introspection_cppExport-noconfig.cmake
[6.373s] -- Installing: /home/sophia/workspace/about_ros/code/about_ros2/action_ros/install/base_interfaces_demo/share/base_interfaces_demo/cmake/base_interfaces_demo__rosidl_typesupport_cppExport.cmake
[6.373s] -- Installing: /home/sophia/workspace/about_ros/code/about_ros2/action_ros/install/base_interfaces_demo/share/base_interfaces_demo/cmake/base_interfaces_demo__rosidl_typesupport_cppExport-noconfig.cmake
[6.373s] -- Installing: /home/sophia/workspace/about_ros/code/about_ros2/action_ros/install/base_interfaces_demo/share/base_interfaces_demo/cmake/export_base_interfaces_demo__rosidl_generator_pyExport.cmake
[6.373s] -- Installing: /home/sophia/workspace/about_ros/code/about_ros2/action_ros/install/base_interfaces_demo/share/base_interfaces_demo/cmake/export_base_interfaces_demo__rosidl_generator_pyExport-noconfig.cmake
[6.374s] -- Installing: /home/sophia/workspace/about_ros/code/about_ros2/action_ros/install/base_interfaces_demo/share/base_interfaces_demo/cmake/rosidl_cmake-extras.cmake
[6.374s] -- Installing: /home/sophia/workspace/about_ros/code/about_ros2/action_ros/install/base_interfaces_demo/share/base_interfaces_demo/cmake/ament_cmake_export_dependencies-extras.cmake
[6.374s] -- Installing: /home/sophia/workspace/about_ros/code/about_ros2/action_ros/install/base_interfaces_demo/share/base_interfaces_demo/cmake/ament_cmake_export_include_directories-extras.cmake
[6.374s] -- Installing: /home/sophia/workspace/about_ros/code/about_ros2/action_ros/install/base_interfaces_demo/share/base_interfaces_demo/cmake/ament_cmake_export_libraries-extras.cmake
[6.374s] -- Installing: /home/sophia/workspace/about_ros/code/about_ros2/action_ros/install/base_interfaces_demo/share/base_interfaces_demo/cmake/ament_cmake_export_targets-extras.cmake
[6.375s] -- Installing: /home/sophia/workspace/about_ros/code/about_ros2/action_ros/install/base_interfaces_demo/share/base_interfaces_demo/cmake/rosidl_cmake_export_typesupport_targets-extras.cmake
[6.375s] -- Installing: /home/sophia/workspace/about_ros/code/about_ros2/action_ros/install/base_interfaces_demo/share/base_interfaces_demo/cmake/rosidl_cmake_export_typesupport_libraries-extras.cmake
[6.375s] -- Installing: /home/sophia/workspace/about_ros/code/about_ros2/action_ros/install/base_interfaces_demo/share/base_interfaces_demo/cmake/base_interfaces_demoConfig.cmake
[6.375s] -- Installing: /home/sophia/workspace/about_ros/code/about_ros2/action_ros/install/base_interfaces_demo/share/base_interfaces_demo/cmake/base_interfaces_demoConfig-version.cmake
[6.375s] -- Installing: /home/sophia/workspace/about_ros/code/about_ros2/action_ros/install/base_interfaces_demo/share/base_interfaces_demo/package.xml
[6.379s] Invoked command in '/home/sophia/workspace/about_ros/code/about_ros2/action_ros/build/base_interfaces_demo' returned '0': CMAKE_PREFIX_PATH=${CMAKE_PREFIX_PATH}:/opt/ros/humble /usr/bin/cmake --install /home/sophia/workspace/about_ros/code/about_ros2/action_ros/build/base_interfaces_demo
