-- Install configuration: ""
-- Up-to-date: /home/sophia/workspace/about_ros/code/about_ros2/ws_tools/install/cpp01_launch/share/cpp01_launch/launch
-- Up-to-date: /home/sophia/workspace/about_ros/code/about_ros2/ws_tools/install/cpp01_launch/share/cpp01_launch/launch/py01_helloworld_launch.py
-- Installing: /home/sophia/workspace/about_ros/code/about_ros2/ws_tools/install/cpp01_launch/share/cpp01_launch/launch/py02_node_launch.py
-- Up-to-date: /home/sophia/workspace/about_ros/code/about_ros2/ws_tools/install/cpp01_launch/share/cpp01_launch/config
-- Installing: /home/sophia/workspace/about_ros/code/about_ros2/ws_tools/install/cpp01_launch/share/cpp01_launch/config/haha.yaml
-- Up-to-date: /home/sophia/workspace/about_ros/code/about_ros2/ws_tools/install/cpp01_launch/share/ament_index/resource_index/package_run_dependencies/cpp01_launch
-- Up-to-date: /home/sophia/workspace/about_ros/code/about_ros2/ws_tools/install/cpp01_launch/share/ament_index/resource_index/parent_prefix_path/cpp01_launch
-- Up-to-date: /home/sophia/workspace/about_ros/code/about_ros2/ws_tools/install/cpp01_launch/share/cpp01_launch/environment/ament_prefix_path.sh
-- Up-to-date: /home/sophia/workspace/about_ros/code/about_ros2/ws_tools/install/cpp01_launch/share/cpp01_launch/environment/ament_prefix_path.dsv
-- Up-to-date: /home/sophia/workspace/about_ros/code/about_ros2/ws_tools/install/cpp01_launch/share/cpp01_launch/environment/path.sh
-- Up-to-date: /home/sophia/workspace/about_ros/code/about_ros2/ws_tools/install/cpp01_launch/share/cpp01_launch/environment/path.dsv
-- Up-to-date: /home/sophia/workspace/about_ros/code/about_ros2/ws_tools/install/cpp01_launch/share/cpp01_launch/local_setup.bash
-- Up-to-date: /home/sophia/workspace/about_ros/code/about_ros2/ws_tools/install/cpp01_launch/share/cpp01_launch/local_setup.sh
-- Up-to-date: /home/sophia/workspace/about_ros/code/about_ros2/ws_tools/install/cpp01_launch/share/cpp01_launch/local_setup.zsh
-- Up-to-date: /home/sophia/workspace/about_ros/code/about_ros2/ws_tools/install/cpp01_launch/share/cpp01_launch/local_setup.dsv
-- Up-to-date: /home/sophia/workspace/about_ros/code/about_ros2/ws_tools/install/cpp01_launch/share/cpp01_launch/package.dsv
-- Up-to-date: /home/sophia/workspace/about_ros/code/about_ros2/ws_tools/install/cpp01_launch/share/ament_index/resource_index/packages/cpp01_launch
-- Up-to-date: /home/sophia/workspace/about_ros/code/about_ros2/ws_tools/install/cpp01_launch/share/cpp01_launch/cmake/cpp01_launchConfig.cmake
-- Up-to-date: /home/sophia/workspace/about_ros/code/about_ros2/ws_tools/install/cpp01_launch/share/cpp01_launch/cmake/cpp01_launchConfig-version.cmake
-- Up-to-date: /home/sophia/workspace/about_ros/code/about_ros2/ws_tools/install/cpp01_launch/share/cpp01_launch/package.xml
