[0.009s] Invoking command in '/home/sophia/workspace/about_ros/code/about_ros2/ws_tools/build/cpp04_tf_listener': /bin/cmake /home/sophia/workspace/about_ros/code/about_ros2/ws_tools/src/cpp04_tf_listener -DCMAKE_INSTALL_PREFIX=/home/sophia/workspace/about_ros/code/about_ros2/ws_tools/install/cpp04_tf_listener
[0.031s] [31mCMake Error at CMakeLists.txt:9 (find_package):
[0.031s]   By not providing "Findament_cmake.cmake" in CMAKE_MODULE_PATH this project
[0.031s]   has asked CMake to find a package configuration file provided by
[0.031s]   "ament_cmake", but CMake did not find one.
[0.031s] 
[0.031s]   Could not find a package configuration file provided by "ament_cmake" with
[0.031s]   any of the following names:
[0.031s] 
[0.031s]     ament_cmakeConfig.cmake
[0.031s]     ament_cmake-config.cmake
[0.031s] 
[0.031s]   Add the installation prefix of "ament_cmake" to CMAKE_PREFIX_PATH or set
[0.031s]   "ament_cmake_DIR" to a directory containing one of the above files.  If
[0.031s]   "ament_cmake" provides a separate development package or SDK, be sure it
[0.031s]   has been installed.
[0.031s] 
[0.032s] [0m
[0.032s] -- Configuring incomplete, errors occurred!
[0.032s] See also "/home/sophia/workspace/about_ros/code/about_ros2/ws_tools/build/cpp04_tf_listener/CMakeFiles/CMakeOutput.log".
[0.033s] Invoked command in '/home/sophia/workspace/about_ros/code/about_ros2/ws_tools/build/cpp04_tf_listener' returned '1': /bin/cmake /home/sophia/workspace/about_ros/code/about_ros2/ws_tools/src/cpp04_tf_listener -DCMAKE_INSTALL_PREFIX=/home/sophia/workspace/about_ros/code/about_ros2/ws_tools/install/cpp04_tf_listener
