[0.049s] Invoking command in '/home/sophia/workspace/about_ros/code/about_ros2/exercise_ros/build/cpp07_exercise': CMAKE_PREFIX_PATH=/home/sophia/workspace/about_ros/code/about_ros2/exercise_ros/install/base_interfaces_demo:/home/sophia/workspace/about_ros/code/about_ros2/exercise_ros/install/cpp07_exercise:/home/sophia/workspace/about_ros/code/about_ros2/param_ros/install/cpp04_param:/home/sophia/workspace/about_ros/code/about_ros2/action_ros/install/cpp03_action:/home/sophia/workspace/about_ros/code/about_ros2/action_ros/install/base_interfaces_demo:/home/sophia/workspace/about_ros/code/about_ros2/server_ros/install/first_hello_test:/home/sophia/workspace/about_ros/code/about_ros2/server_ros/install/cpp02_server:/home/sophia/workspace/about_ros/code/about_ros2/server_ros/install/base_interfaces_demo:/home/sophia/workspace/about_ros/code/about_ros2/topic_ros/install/topic_test_cpp:/home/sophia/workspace/about_ros/code/about_ros2/topic_ros/install/cpp01_topic:/home/sophia/workspace/about_ros/code/about_ros2/topic_ros/install/base_interface_demo:/home/sophia/workspace/about_ros/code/about_ros2/first_ros/install/first_helloworld_cpp:/opt/ros/humble /usr/bin/cmake --build /home/sophia/workspace/about_ros/code/about_ros2/exercise_ros/build/cpp07_exercise -- -j8 -l8
[0.176s] -- Found ament_cmake: 1.3.5 (/opt/ros/humble/share/ament_cmake/cmake)
[0.314s] -- Found rclcpp: 16.0.5 (/opt/ros/humble/share/rclcpp/cmake)
[0.427s] -- Found rosidl_generator_c: 3.1.5 (/opt/ros/humble/share/rosidl_generator_c/cmake)
[0.431s] -- Found rosidl_adapter: 3.1.5 (/opt/ros/humble/share/rosidl_adapter/cmake)
[0.440s] -- Found rosidl_generator_cpp: 3.1.5 (/opt/ros/humble/share/rosidl_generator_cpp/cmake)
[0.452s] -- Using all available rosidl_typesupport_c: rosidl_typesupport_fastrtps_c;rosidl_typesupport_introspection_c
[0.469s] -- Using all available rosidl_typesupport_cpp: rosidl_typesupport_fastrtps_cpp;rosidl_typesupport_introspection_cpp
[0.527s] -- Found rmw_implementation_cmake: 6.1.1 (/opt/ros/humble/share/rmw_implementation_cmake/cmake)
[0.529s] -- Found rmw_fastrtps_cpp: 6.2.3 (/opt/ros/humble/share/rmw_fastrtps_cpp/cmake)
[0.684s] -- Using RMW implementation 'rmw_fastrtps_cpp' as default
[0.843s] -- Found turtlesim: 1.4.2 (/opt/ros/humble/share/turtlesim/cmake)
[1.092s] -- Found base_interfaces_demo: 0.0.0 (/home/sophia/workspace/about_ros/code/about_ros2/exercise_ros/install/base_interfaces_demo/share/base_interfaces_demo/cmake)
[1.092s] -- Found geometry_msgs: 4.2.3 (/opt/ros/humble/share/geometry_msgs/cmake)
[1.139s] -- Found rclcpp_action: 16.0.5 (/opt/ros/humble/share/rclcpp_action/cmake)
[1.207s] -- Found ament_lint_auto: 0.12.7 (/opt/ros/humble/share/ament_lint_auto/cmake)
[1.272s] -- Added test 'cppcheck' to perform static code analysis on C / C++ code
[1.272s] -- Configured cppcheck include dirs: $<BUILD_INTERFACE:/home/sophia/workspace/about_ros/code/about_ros2/exercise_ros/src/cpp07_exercise/include>
[1.272s] -- Configured cppcheck exclude dirs and/or files: 
[1.273s] -- Added test 'flake8' to check Python code syntax and style conventions
[1.273s] -- Added test 'lint_cmake' to check CMake code style
[1.274s] -- Added test 'pep257' to check Python code against some of the docstring style conventions in PEP 257
[1.275s] -- Added test 'uncrustify' to check C / C++ code style
[1.275s] -- Configured uncrustify additional arguments: 
[1.275s] -- Added test 'xmllint' to check XML markup files
[1.276s] -- Configuring done
[1.334s] -- Generating done
[1.340s] -- Build files have been written to: /home/sophia/workspace/about_ros/code/about_ros2/exercise_ros/build/cpp07_exercise
[1.467s] [35m[1mConsolidate compiler generated dependencies of target exer01_pub_sub[0m
[1.504s] [ 50%] [32mBuilding CXX object CMakeFiles/exer01_pub_sub.dir/src/exer01_pub_sub.cpp.o[0m
[9.606s] [100%] [32m[1mLinking CXX executable exer01_pub_sub[0m
[10.561s] [100%] Built target exer01_pub_sub
[10.572s] Invoked command in '/home/sophia/workspace/about_ros/code/about_ros2/exercise_ros/build/cpp07_exercise' returned '0': CMAKE_PREFIX_PATH=/home/sophia/workspace/about_ros/code/about_ros2/exercise_ros/install/base_interfaces_demo:/home/sophia/workspace/about_ros/code/about_ros2/exercise_ros/install/cpp07_exercise:/home/sophia/workspace/about_ros/code/about_ros2/param_ros/install/cpp04_param:/home/sophia/workspace/about_ros/code/about_ros2/action_ros/install/cpp03_action:/home/sophia/workspace/about_ros/code/about_ros2/action_ros/install/base_interfaces_demo:/home/sophia/workspace/about_ros/code/about_ros2/server_ros/install/first_hello_test:/home/sophia/workspace/about_ros/code/about_ros2/server_ros/install/cpp02_server:/home/sophia/workspace/about_ros/code/about_ros2/server_ros/install/base_interfaces_demo:/home/sophia/workspace/about_ros/code/about_ros2/topic_ros/install/topic_test_cpp:/home/sophia/workspace/about_ros/code/about_ros2/topic_ros/install/cpp01_topic:/home/sophia/workspace/about_ros/code/about_ros2/topic_ros/install/base_interface_demo:/home/sophia/workspace/about_ros/code/about_ros2/first_ros/install/first_helloworld_cpp:/opt/ros/humble /usr/bin/cmake --build /home/sophia/workspace/about_ros/code/about_ros2/exercise_ros/build/cpp07_exercise -- -j8 -l8
[10.608s] Invoking command in '/home/sophia/workspace/about_ros/code/about_ros2/exercise_ros/build/cpp07_exercise': CMAKE_PREFIX_PATH=/home/sophia/workspace/about_ros/code/about_ros2/exercise_ros/install/base_interfaces_demo:/home/sophia/workspace/about_ros/code/about_ros2/exercise_ros/install/cpp07_exercise:/home/sophia/workspace/about_ros/code/about_ros2/param_ros/install/cpp04_param:/home/sophia/workspace/about_ros/code/about_ros2/action_ros/install/cpp03_action:/home/sophia/workspace/about_ros/code/about_ros2/action_ros/install/base_interfaces_demo:/home/sophia/workspace/about_ros/code/about_ros2/server_ros/install/first_hello_test:/home/sophia/workspace/about_ros/code/about_ros2/server_ros/install/cpp02_server:/home/sophia/workspace/about_ros/code/about_ros2/server_ros/install/base_interfaces_demo:/home/sophia/workspace/about_ros/code/about_ros2/topic_ros/install/topic_test_cpp:/home/sophia/workspace/about_ros/code/about_ros2/topic_ros/install/cpp01_topic:/home/sophia/workspace/about_ros/code/about_ros2/topic_ros/install/base_interface_demo:/home/sophia/workspace/about_ros/code/about_ros2/first_ros/install/first_helloworld_cpp:/opt/ros/humble /usr/bin/cmake --install /home/sophia/workspace/about_ros/code/about_ros2/exercise_ros/build/cpp07_exercise
[10.617s] -- Install configuration: ""
[10.617s] -- Installing: /home/sophia/workspace/about_ros/code/about_ros2/exercise_ros/install/cpp07_exercise/lib/cpp07_exercise/exer01_pub_sub
[10.622s] -- Set runtime path of "/home/sophia/workspace/about_ros/code/about_ros2/exercise_ros/install/cpp07_exercise/lib/cpp07_exercise/exer01_pub_sub" to ""
[10.622s] -- Installing: /home/sophia/workspace/about_ros/code/about_ros2/exercise_ros/install/cpp07_exercise/share/cpp07_exercise/launch
[10.622s] -- Installing: /home/sophia/workspace/about_ros/code/about_ros2/exercise_ros/install/cpp07_exercise/share/cpp07_exercise/launch/exer01_pub_sub_launch.py
[10.630s] -- Up-to-date: /home/sophia/workspace/about_ros/code/about_ros2/exercise_ros/install/cpp07_exercise/share/ament_index/resource_index/package_run_dependencies/cpp07_exercise
[10.630s] -- Up-to-date: /home/sophia/workspace/about_ros/code/about_ros2/exercise_ros/install/cpp07_exercise/share/ament_index/resource_index/parent_prefix_path/cpp07_exercise
[10.631s] -- Up-to-date: /home/sophia/workspace/about_ros/code/about_ros2/exercise_ros/install/cpp07_exercise/share/cpp07_exercise/environment/ament_prefix_path.sh
[10.631s] -- Installing: /home/sophia/workspace/about_ros/code/about_ros2/exercise_ros/install/cpp07_exercise/share/cpp07_exercise/environment/ament_prefix_path.dsv
[10.631s] -- Up-to-date: /home/sophia/workspace/about_ros/code/about_ros2/exercise_ros/install/cpp07_exercise/share/cpp07_exercise/environment/path.sh
[10.631s] -- Installing: /home/sophia/workspace/about_ros/code/about_ros2/exercise_ros/install/cpp07_exercise/share/cpp07_exercise/environment/path.dsv
[10.631s] -- Up-to-date: /home/sophia/workspace/about_ros/code/about_ros2/exercise_ros/install/cpp07_exercise/share/cpp07_exercise/local_setup.bash
[10.631s] -- Up-to-date: /home/sophia/workspace/about_ros/code/about_ros2/exercise_ros/install/cpp07_exercise/share/cpp07_exercise/local_setup.sh
[10.632s] -- Up-to-date: /home/sophia/workspace/about_ros/code/about_ros2/exercise_ros/install/cpp07_exercise/share/cpp07_exercise/local_setup.zsh
[10.632s] -- Installing: /home/sophia/workspace/about_ros/code/about_ros2/exercise_ros/install/cpp07_exercise/share/cpp07_exercise/local_setup.dsv
[10.632s] -- Installing: /home/sophia/workspace/about_ros/code/about_ros2/exercise_ros/install/cpp07_exercise/share/cpp07_exercise/package.dsv
[10.632s] -- Up-to-date: /home/sophia/workspace/about_ros/code/about_ros2/exercise_ros/install/cpp07_exercise/share/ament_index/resource_index/packages/cpp07_exercise
[10.632s] -- Up-to-date: /home/sophia/workspace/about_ros/code/about_ros2/exercise_ros/install/cpp07_exercise/share/cpp07_exercise/cmake/cpp07_exerciseConfig.cmake
[10.632s] -- Up-to-date: /home/sophia/workspace/about_ros/code/about_ros2/exercise_ros/install/cpp07_exercise/share/cpp07_exercise/cmake/cpp07_exerciseConfig-version.cmake
[10.632s] -- Up-to-date: /home/sophia/workspace/about_ros/code/about_ros2/exercise_ros/install/cpp07_exercise/share/cpp07_exercise/package.xml
[10.635s] Invoked command in '/home/sophia/workspace/about_ros/code/about_ros2/exercise_ros/build/cpp07_exercise' returned '0': CMAKE_PREFIX_PATH=/home/sophia/workspace/about_ros/code/about_ros2/exercise_ros/install/base_interfaces_demo:/home/sophia/workspace/about_ros/code/about_ros2/exercise_ros/install/cpp07_exercise:/home/sophia/workspace/about_ros/code/about_ros2/param_ros/install/cpp04_param:/home/sophia/workspace/about_ros/code/about_ros2/action_ros/install/cpp03_action:/home/sophia/workspace/about_ros/code/about_ros2/action_ros/install/base_interfaces_demo:/home/sophia/workspace/about_ros/code/about_ros2/server_ros/install/first_hello_test:/home/sophia/workspace/about_ros/code/about_ros2/server_ros/install/cpp02_server:/home/sophia/workspace/about_ros/code/about_ros2/server_ros/install/base_interfaces_demo:/home/sophia/workspace/about_ros/code/about_ros2/topic_ros/install/topic_test_cpp:/home/sophia/workspace/about_ros/code/about_ros2/topic_ros/install/cpp01_topic:/home/sophia/workspace/about_ros/code/about_ros2/topic_ros/install/base_interface_demo:/home/sophia/workspace/about_ros/code/about_ros2/first_ros/install/first_helloworld_cpp:/opt/ros/humble /usr/bin/cmake --install /home/sophia/workspace/about_ros/code/about_ros2/exercise_ros/build/cpp07_exercise
