[0.032s] Invoking command in '/home/sophia/workspace/about_ros/code/about_ros2/build/cpp05_exercise': CMAKE_PREFIX_PATH=${CMAKE_PREFIX_PATH}:/opt/ros/humble /bin/cmake --build /home/sophia/workspace/about_ros/code/about_ros2/build/cpp05_exercise -- -j8 -l8
[0.138s] [35m[1mConsolidate compiler generated dependencies of target exer03_tf_listener[0m
[0.152s] [35m[1mConsolidate compiler generated dependencies of target exer01_tf_spawn[0m
[0.153s] [35m[1mConsolidate compiler generated dependencies of target exer02_tf_broadcaster[0m
[0.249s] [ 33%] Built target exer01_tf_spawn
[0.252s] [ 66%] Built target exer02_tf_broadcaster
[0.254s] [100%] Built target exer03_tf_listener
[0.266s] Invoked command in '/home/sophia/workspace/about_ros/code/about_ros2/build/cpp05_exercise' returned '0': CMAKE_PREFIX_PATH=${CMAKE_PREFIX_PATH}:/opt/ros/humble /bin/cmake --build /home/sophia/workspace/about_ros/code/about_ros2/build/cpp05_exercise -- -j8 -l8
[0.304s] Invoking command in '/home/sophia/workspace/about_ros/code/about_ros2/build/cpp05_exercise': CMAKE_PREFIX_PATH=${CMAKE_PREFIX_PATH}:/opt/ros/humble /bin/cmake --install /home/sophia/workspace/about_ros/code/about_ros2/build/cpp05_exercise
[0.312s] -- Install configuration: ""
[0.312s] -- Up-to-date: /home/sophia/workspace/about_ros/code/about_ros2/install/cpp05_exercise/lib/cpp05_exercise/exer01_tf_spawn
[0.312s] -- Up-to-date: /home/sophia/workspace/about_ros/code/about_ros2/install/cpp05_exercise/lib/cpp05_exercise/exer02_tf_broadcaster
[0.313s] -- Up-to-date: /home/sophia/workspace/about_ros/code/about_ros2/install/cpp05_exercise/lib/cpp05_exercise/exer03_tf_listener
[0.313s] -- Up-to-date: /home/sophia/workspace/about_ros/code/about_ros2/install/cpp05_exercise/share/cpp05_exercise/launch
[0.313s] -- Up-to-date: /home/sophia/workspace/about_ros/code/about_ros2/install/cpp05_exercise/share/cpp05_exercise/launch/follow_launch.py
[0.313s] -- Installing: /home/sophia/workspace/about_ros/code/about_ros2/install/cpp05_exercise/share/cpp05_exercise/launch/escort_launch.py
[0.313s] -- Up-to-date: /home/sophia/workspace/about_ros/code/about_ros2/install/cpp05_exercise/share/ament_index/resource_index/package_run_dependencies/cpp05_exercise
[0.313s] -- Up-to-date: /home/sophia/workspace/about_ros/code/about_ros2/install/cpp05_exercise/share/ament_index/resource_index/parent_prefix_path/cpp05_exercise
[0.313s] -- Up-to-date: /home/sophia/workspace/about_ros/code/about_ros2/install/cpp05_exercise/share/cpp05_exercise/environment/ament_prefix_path.sh
[0.313s] -- Up-to-date: /home/sophia/workspace/about_ros/code/about_ros2/install/cpp05_exercise/share/cpp05_exercise/environment/ament_prefix_path.dsv
[0.313s] -- Up-to-date: /home/sophia/workspace/about_ros/code/about_ros2/install/cpp05_exercise/share/cpp05_exercise/environment/path.sh
[0.314s] -- Up-to-date: /home/sophia/workspace/about_ros/code/about_ros2/install/cpp05_exercise/share/cpp05_exercise/environment/path.dsv
[0.314s] -- Up-to-date: /home/sophia/workspace/about_ros/code/about_ros2/install/cpp05_exercise/share/cpp05_exercise/local_setup.bash
[0.314s] -- Up-to-date: /home/sophia/workspace/about_ros/code/about_ros2/install/cpp05_exercise/share/cpp05_exercise/local_setup.sh
[0.314s] -- Up-to-date: /home/sophia/workspace/about_ros/code/about_ros2/install/cpp05_exercise/share/cpp05_exercise/local_setup.zsh
[0.314s] -- Up-to-date: /home/sophia/workspace/about_ros/code/about_ros2/install/cpp05_exercise/share/cpp05_exercise/local_setup.dsv
[0.314s] -- Installing: /home/sophia/workspace/about_ros/code/about_ros2/install/cpp05_exercise/share/cpp05_exercise/package.dsv
[0.314s] -- Up-to-date: /home/sophia/workspace/about_ros/code/about_ros2/install/cpp05_exercise/share/ament_index/resource_index/packages/cpp05_exercise
[0.314s] -- Up-to-date: /home/sophia/workspace/about_ros/code/about_ros2/install/cpp05_exercise/share/cpp05_exercise/cmake/cpp05_exerciseConfig.cmake
[0.314s] -- Up-to-date: /home/sophia/workspace/about_ros/code/about_ros2/install/cpp05_exercise/share/cpp05_exercise/cmake/cpp05_exerciseConfig-version.cmake
[0.314s] -- Up-to-date: /home/sophia/workspace/about_ros/code/about_ros2/install/cpp05_exercise/share/cpp05_exercise/package.xml
[0.316s] Invoked command in '/home/sophia/workspace/about_ros/code/about_ros2/build/cpp05_exercise' returned '0': CMAKE_PREFIX_PATH=${CMAKE_PREFIX_PATH}:/opt/ros/humble /bin/cmake --install /home/sophia/workspace/about_ros/code/about_ros2/build/cpp05_exercise
