[0.245s] DEBUG:colcon:Command line arguments: ['/bin/colcon', 'build', '--packages-select', 'cpp04_tf_listener']
[0.245s] DEBUG:colcon:Parsed command line arguments: Namespace(log_base=None, log_level=None, verb_name='build', build_base='build', install_base='install', merge_install=False, symlink_install=False, test_result_base=None, continue_on_error=False, executor='parallel', parallel_workers=8, event_handlers=None, ignore_user_meta=False, metas=['./colcon.meta'], base_paths=['.'], packages_ignore=None, packages_ignore_regex=None, paths=None, packages_up_to=None, packages_up_to_regex=None, packages_above=None, packages_above_and_dependencies=None, packages_above_depth=None, packages_select_by_dep=None, packages_skip_by_dep=None, packages_skip_up_to=None, packages_select_build_failed=False, packages_skip_build_finished=False, packages_select_test_failures=False, packages_skip_test_passed=False, packages_select=['cpp04_tf_listener'], packages_skip=None, packages_select_regex=None, packages_skip_regex=None, packages_start=None, packages_end=None, allow_overriding=[], cmake_args=None, cmake_target=None, cmake_target_skip_unavailable=False, cmake_clean_cache=False, cmake_clean_first=False, cmake_force_configure=False, ament_cmake_args=None, catkin_cmake_args=None, catkin_skip_building_tests=False, verb_parser=<colcon_defaults.argument_parser.defaults.DefaultArgumentsDecorator object at 0x7f9641426aa0>, verb_extension=<colcon_core.verb.build.BuildVerb object at 0x7f9641598520>, main=<bound method BuildVerb.main of <colcon_core.verb.build.BuildVerb object at 0x7f9641598520>>)
[0.297s] Level 1:colcon.colcon_core.package_discovery:discover_packages(colcon_meta) check parameters
[0.297s] Level 1:colcon.colcon_core.package_discovery:discover_packages(recursive) check parameters
[0.297s] Level 1:colcon.colcon_core.package_discovery:discover_packages(ignore) check parameters
[0.298s] Level 1:colcon.colcon_core.package_discovery:discover_packages(path) check parameters
[0.298s] Level 1:colcon.colcon_core.package_discovery:discover_packages(colcon_meta) discover
[0.298s] Level 1:colcon.colcon_core.package_discovery:discover_packages(recursive) discover
[0.298s] INFO:colcon.colcon_core.package_discovery:Crawling recursively for packages in '/home/sophia/workspace/about_ros/code/about_ros2'
[0.298s] Level 1:colcon.colcon_core.package_identification:_identify(.) by extensions ['ignore', 'ignore_ament_install']
[0.298s] Level 1:colcon.colcon_core.package_identification:_identify(.) by extension 'ignore'
[0.298s] Level 1:colcon.colcon_core.package_identification:_identify(.) by extension 'ignore_ament_install'
[0.298s] Level 1:colcon.colcon_core.package_identification:_identify(.) by extensions ['colcon_pkg']
[0.298s] Level 1:colcon.colcon_core.package_identification:_identify(.) by extension 'colcon_pkg'
[0.298s] Level 1:colcon.colcon_core.package_identification:_identify(.) by extensions ['colcon_meta']
[0.298s] Level 1:colcon.colcon_core.package_identification:_identify(.) by extension 'colcon_meta'
[0.298s] Level 1:colcon.colcon_core.package_identification:_identify(.) by extensions ['ros']
[0.298s] Level 1:colcon.colcon_core.package_identification:_identify(.) by extension 'ros'
[0.311s] Level 1:colcon.colcon_core.package_identification:_identify(.) by extensions ['cmake', 'python']
[0.311s] Level 1:colcon.colcon_core.package_identification:_identify(.) by extension 'cmake'
[0.311s] Level 1:colcon.colcon_core.package_identification:_identify(.) by extension 'python'
[0.311s] Level 1:colcon.colcon_core.package_identification:_identify(.) by extensions ['python_setup_py']
[0.312s] Level 1:colcon.colcon_core.package_identification:_identify(.) by extension 'python_setup_py'
[0.312s] Level 1:colcon.colcon_core.package_identification:_identify(build) by extensions ['ignore', 'ignore_ament_install']
[0.312s] Level 1:colcon.colcon_core.package_identification:_identify(build) by extension 'ignore'
[0.312s] Level 1:colcon.colcon_core.package_identification:_identify(build) ignored
[0.312s] Level 1:colcon.colcon_core.package_identification:_identify(code_snippet) by extensions ['ignore', 'ignore_ament_install']
[0.312s] Level 1:colcon.colcon_core.package_identification:_identify(code_snippet) by extension 'ignore'
[0.312s] Level 1:colcon.colcon_core.package_identification:_identify(code_snippet) by extension 'ignore_ament_install'
[0.312s] Level 1:colcon.colcon_core.package_identification:_identify(code_snippet) by extensions ['colcon_pkg']
[0.312s] Level 1:colcon.colcon_core.package_identification:_identify(code_snippet) by extension 'colcon_pkg'
[0.312s] Level 1:colcon.colcon_core.package_identification:_identify(code_snippet) by extensions ['colcon_meta']
[0.312s] Level 1:colcon.colcon_core.package_identification:_identify(code_snippet) by extension 'colcon_meta'
[0.312s] Level 1:colcon.colcon_core.package_identification:_identify(code_snippet) by extensions ['ros']
[0.312s] Level 1:colcon.colcon_core.package_identification:_identify(code_snippet) by extension 'ros'
[0.312s] Level 1:colcon.colcon_core.package_identification:_identify(code_snippet) by extensions ['cmake', 'python']
[0.312s] Level 1:colcon.colcon_core.package_identification:_identify(code_snippet) by extension 'cmake'
[0.312s] Level 1:colcon.colcon_core.package_identification:_identify(code_snippet) by extension 'python'
[0.312s] Level 1:colcon.colcon_core.package_identification:_identify(code_snippet) by extensions ['python_setup_py']
[0.312s] Level 1:colcon.colcon_core.package_identification:_identify(code_snippet) by extension 'python_setup_py'
[0.312s] Level 1:colcon.colcon_core.package_identification:_identify(exercise_ros) by extensions ['ignore', 'ignore_ament_install']
[0.313s] Level 1:colcon.colcon_core.package_identification:_identify(exercise_ros) by extension 'ignore'
[0.313s] Level 1:colcon.colcon_core.package_identification:_identify(exercise_ros) by extension 'ignore_ament_install'
[0.313s] Level 1:colcon.colcon_core.package_identification:_identify(exercise_ros) by extensions ['colcon_pkg']
[0.313s] Level 1:colcon.colcon_core.package_identification:_identify(exercise_ros) by extension 'colcon_pkg'
[0.313s] Level 1:colcon.colcon_core.package_identification:_identify(exercise_ros) by extensions ['colcon_meta']
[0.313s] Level 1:colcon.colcon_core.package_identification:_identify(exercise_ros) by extension 'colcon_meta'
[0.313s] Level 1:colcon.colcon_core.package_identification:_identify(exercise_ros) by extensions ['ros']
[0.313s] Level 1:colcon.colcon_core.package_identification:_identify(exercise_ros) by extension 'ros'
[0.313s] Level 1:colcon.colcon_core.package_identification:_identify(exercise_ros) by extensions ['cmake', 'python']
[0.313s] Level 1:colcon.colcon_core.package_identification:_identify(exercise_ros) by extension 'cmake'
[0.313s] Level 1:colcon.colcon_core.package_identification:_identify(exercise_ros) by extension 'python'
[0.313s] Level 1:colcon.colcon_core.package_identification:_identify(exercise_ros) by extensions ['python_setup_py']
[0.313s] Level 1:colcon.colcon_core.package_identification:_identify(exercise_ros) by extension 'python_setup_py'
[0.332s] Level 1:colcon.colcon_core.package_identification:_identify(exercise_ros/build) by extensions ['ignore', 'ignore_ament_install']
[0.332s] Level 1:colcon.colcon_core.package_identification:_identify(exercise_ros/build) by extension 'ignore'
[0.332s] Level 1:colcon.colcon_core.package_identification:_identify(exercise_ros/build) by extension 'ignore_ament_install'
[0.333s] Level 1:colcon.colcon_core.package_identification:_identify(exercise_ros/build) by extensions ['colcon_pkg']
[0.333s] Level 1:colcon.colcon_core.package_identification:_identify(exercise_ros/build) by extension 'colcon_pkg'
[0.333s] Level 1:colcon.colcon_core.package_identification:_identify(exercise_ros/build) by extensions ['colcon_meta']
[0.333s] Level 1:colcon.colcon_core.package_identification:_identify(exercise_ros/build) by extension 'colcon_meta'
[0.333s] Level 1:colcon.colcon_core.package_identification:_identify(exercise_ros/build) by extensions ['ros']
[0.333s] Level 1:colcon.colcon_core.package_identification:_identify(exercise_ros/build) by extension 'ros'
[0.333s] Level 1:colcon.colcon_core.package_identification:_identify(exercise_ros/build) by extensions ['cmake', 'python']
[0.333s] Level 1:colcon.colcon_core.package_identification:_identify(exercise_ros/build) by extension 'cmake'
[0.333s] Level 1:colcon.colcon_core.package_identification:_identify(exercise_ros/build) by extension 'python'
[0.334s] Level 1:colcon.colcon_core.package_identification:_identify(exercise_ros/build) by extensions ['python_setup_py']
[0.334s] Level 1:colcon.colcon_core.package_identification:_identify(exercise_ros/build) by extension 'python_setup_py'
[0.334s] Level 1:colcon.colcon_core.package_identification:_identify(first_ros) by extensions ['ignore', 'ignore_ament_install']
[0.334s] Level 1:colcon.colcon_core.package_identification:_identify(first_ros) by extension 'ignore'
[0.334s] Level 1:colcon.colcon_core.package_identification:_identify(first_ros) by extension 'ignore_ament_install'
[0.334s] Level 1:colcon.colcon_core.package_identification:_identify(first_ros) by extensions ['colcon_pkg']
[0.334s] Level 1:colcon.colcon_core.package_identification:_identify(first_ros) by extension 'colcon_pkg'
[0.334s] Level 1:colcon.colcon_core.package_identification:_identify(first_ros) by extensions ['colcon_meta']
[0.335s] Level 1:colcon.colcon_core.package_identification:_identify(first_ros) by extension 'colcon_meta'
[0.335s] Level 1:colcon.colcon_core.package_identification:_identify(first_ros) by extensions ['ros']
[0.335s] Level 1:colcon.colcon_core.package_identification:_identify(first_ros) by extension 'ros'
[0.335s] Level 1:colcon.colcon_core.package_identification:_identify(first_ros) by extensions ['cmake', 'python']
[0.335s] Level 1:colcon.colcon_core.package_identification:_identify(first_ros) by extension 'cmake'
[0.335s] Level 1:colcon.colcon_core.package_identification:_identify(first_ros) by extension 'python'
[0.335s] Level 1:colcon.colcon_core.package_identification:_identify(first_ros) by extensions ['python_setup_py']
[0.335s] Level 1:colcon.colcon_core.package_identification:_identify(first_ros) by extension 'python_setup_py'
[0.353s] Level 1:colcon.colcon_core.package_identification:_identify(first_ros/build) by extensions ['ignore', 'ignore_ament_install']
[0.353s] Level 1:colcon.colcon_core.package_identification:_identify(first_ros/build) by extension 'ignore'
[0.353s] Level 1:colcon.colcon_core.package_identification:_identify(first_ros/build) ignored
[0.353s] Level 1:colcon.colcon_core.package_identification:_identify(first_ros/install) by extensions ['ignore', 'ignore_ament_install']
[0.353s] Level 1:colcon.colcon_core.package_identification:_identify(first_ros/install) by extension 'ignore'
[0.354s] Level 1:colcon.colcon_core.package_identification:_identify(first_ros/install) ignored
[0.354s] Level 1:colcon.colcon_core.package_identification:_identify(first_ros/log) by extensions ['ignore', 'ignore_ament_install']
[0.354s] Level 1:colcon.colcon_core.package_identification:_identify(first_ros/log) by extension 'ignore'
[0.354s] Level 1:colcon.colcon_core.package_identification:_identify(first_ros/log) ignored
[0.354s] Level 1:colcon.colcon_core.package_identification:_identify(first_ros/src) by extensions ['ignore', 'ignore_ament_install']
[0.354s] Level 1:colcon.colcon_core.package_identification:_identify(first_ros/src) by extension 'ignore'
[0.355s] Level 1:colcon.colcon_core.package_identification:_identify(first_ros/src) by extension 'ignore_ament_install'
[0.355s] Level 1:colcon.colcon_core.package_identification:_identify(first_ros/src) by extensions ['colcon_pkg']
[0.355s] Level 1:colcon.colcon_core.package_identification:_identify(first_ros/src) by extension 'colcon_pkg'
[0.355s] Level 1:colcon.colcon_core.package_identification:_identify(first_ros/src) by extensions ['colcon_meta']
[0.355s] Level 1:colcon.colcon_core.package_identification:_identify(first_ros/src) by extension 'colcon_meta'
[0.355s] Level 1:colcon.colcon_core.package_identification:_identify(first_ros/src) by extensions ['ros']
[0.355s] Level 1:colcon.colcon_core.package_identification:_identify(first_ros/src) by extension 'ros'
[0.355s] Level 1:colcon.colcon_core.package_identification:_identify(first_ros/src) by extensions ['cmake', 'python']
[0.355s] Level 1:colcon.colcon_core.package_identification:_identify(first_ros/src) by extension 'cmake'
[0.355s] Level 1:colcon.colcon_core.package_identification:_identify(first_ros/src) by extension 'python'
[0.356s] Level 1:colcon.colcon_core.package_identification:_identify(first_ros/src) by extensions ['python_setup_py']
[0.356s] Level 1:colcon.colcon_core.package_identification:_identify(first_ros/src) by extension 'python_setup_py'
[0.356s] Level 1:colcon.colcon_core.package_identification:_identify(first_ros/src/first_helloworld_cpp) by extensions ['ignore', 'ignore_ament_install']
[0.356s] Level 1:colcon.colcon_core.package_identification:_identify(first_ros/src/first_helloworld_cpp) by extension 'ignore'
[0.356s] Level 1:colcon.colcon_core.package_identification:_identify(first_ros/src/first_helloworld_cpp) by extension 'ignore_ament_install'
[0.356s] Level 1:colcon.colcon_core.package_identification:_identify(first_ros/src/first_helloworld_cpp) by extensions ['colcon_pkg']
[0.356s] Level 1:colcon.colcon_core.package_identification:_identify(first_ros/src/first_helloworld_cpp) by extension 'colcon_pkg'
[0.356s] Level 1:colcon.colcon_core.package_identification:_identify(first_ros/src/first_helloworld_cpp) by extensions ['colcon_meta']
[0.357s] Level 1:colcon.colcon_core.package_identification:_identify(first_ros/src/first_helloworld_cpp) by extension 'colcon_meta'
[0.357s] Level 1:colcon.colcon_core.package_identification:_identify(first_ros/src/first_helloworld_cpp) by extensions ['ros']
[0.357s] Level 1:colcon.colcon_core.package_identification:_identify(first_ros/src/first_helloworld_cpp) by extension 'ros'
[0.380s] DEBUG:colcon.colcon_core.package_identification:Package 'first_ros/src/first_helloworld_cpp' with type 'ros.ament_cmake' and name 'first_helloworld_cpp'
[0.380s] Level 1:colcon.colcon_core.package_identification:_identify(install) by extensions ['ignore', 'ignore_ament_install']
[0.380s] Level 1:colcon.colcon_core.package_identification:_identify(install) by extension 'ignore'
[0.380s] Level 1:colcon.colcon_core.package_identification:_identify(install) ignored
[0.381s] Level 1:colcon.colcon_core.package_identification:_identify(log) by extensions ['ignore', 'ignore_ament_install']
[0.381s] Level 1:colcon.colcon_core.package_identification:_identify(log) by extension 'ignore'
[0.381s] Level 1:colcon.colcon_core.package_identification:_identify(log) ignored
[0.381s] Level 1:colcon.colcon_core.package_identification:_identify(ws_correspond) by extensions ['ignore', 'ignore_ament_install']
[0.381s] Level 1:colcon.colcon_core.package_identification:_identify(ws_correspond) by extension 'ignore'
[0.382s] Level 1:colcon.colcon_core.package_identification:_identify(ws_correspond) by extension 'ignore_ament_install'
[0.382s] Level 1:colcon.colcon_core.package_identification:_identify(ws_correspond) by extensions ['colcon_pkg']
[0.382s] Level 1:colcon.colcon_core.package_identification:_identify(ws_correspond) by extension 'colcon_pkg'
[0.382s] Level 1:colcon.colcon_core.package_identification:_identify(ws_correspond) by extensions ['colcon_meta']
[0.382s] Level 1:colcon.colcon_core.package_identification:_identify(ws_correspond) by extension 'colcon_meta'
[0.382s] Level 1:colcon.colcon_core.package_identification:_identify(ws_correspond) by extensions ['ros']
[0.382s] Level 1:colcon.colcon_core.package_identification:_identify(ws_correspond) by extension 'ros'
[0.383s] Level 1:colcon.colcon_core.package_identification:_identify(ws_correspond) by extensions ['cmake', 'python']
[0.383s] Level 1:colcon.colcon_core.package_identification:_identify(ws_correspond) by extension 'cmake'
[0.383s] Level 1:colcon.colcon_core.package_identification:_identify(ws_correspond) by extension 'python'
[0.383s] Level 1:colcon.colcon_core.package_identification:_identify(ws_correspond) by extensions ['python_setup_py']
[0.383s] Level 1:colcon.colcon_core.package_identification:_identify(ws_correspond) by extension 'python_setup_py'
[0.383s] Level 1:colcon.colcon_core.package_identification:_identify(ws_correspond/action_ros) by extensions ['ignore', 'ignore_ament_install']
[0.384s] Level 1:colcon.colcon_core.package_identification:_identify(ws_correspond/action_ros) by extension 'ignore'
[0.384s] Level 1:colcon.colcon_core.package_identification:_identify(ws_correspond/action_ros) by extension 'ignore_ament_install'
[0.384s] Level 1:colcon.colcon_core.package_identification:_identify(ws_correspond/action_ros) by extensions ['colcon_pkg']
[0.384s] Level 1:colcon.colcon_core.package_identification:_identify(ws_correspond/action_ros) by extension 'colcon_pkg'
[0.384s] Level 1:colcon.colcon_core.package_identification:_identify(ws_correspond/action_ros) by extensions ['colcon_meta']
[0.384s] Level 1:colcon.colcon_core.package_identification:_identify(ws_correspond/action_ros) by extension 'colcon_meta'
[0.384s] Level 1:colcon.colcon_core.package_identification:_identify(ws_correspond/action_ros) by extensions ['ros']
[0.384s] Level 1:colcon.colcon_core.package_identification:_identify(ws_correspond/action_ros) by extension 'ros'
[0.385s] Level 1:colcon.colcon_core.package_identification:_identify(ws_correspond/action_ros) by extensions ['cmake', 'python']
[0.385s] Level 1:colcon.colcon_core.package_identification:_identify(ws_correspond/action_ros) by extension 'cmake'
[0.385s] Level 1:colcon.colcon_core.package_identification:_identify(ws_correspond/action_ros) by extension 'python'
[0.385s] Level 1:colcon.colcon_core.package_identification:_identify(ws_correspond/action_ros) by extensions ['python_setup_py']
[0.385s] Level 1:colcon.colcon_core.package_identification:_identify(ws_correspond/action_ros) by extension 'python_setup_py'
[0.404s] Level 1:colcon.colcon_core.package_identification:_identify(ws_correspond/action_ros/build) by extensions ['ignore', 'ignore_ament_install']
[0.405s] Level 1:colcon.colcon_core.package_identification:_identify(ws_correspond/action_ros/build) by extension 'ignore'
[0.405s] Level 1:colcon.colcon_core.package_identification:_identify(ws_correspond/action_ros/build) ignored
[0.405s] Level 1:colcon.colcon_core.package_identification:_identify(ws_correspond/action_ros/install) by extensions ['ignore', 'ignore_ament_install']
[0.406s] Level 1:colcon.colcon_core.package_identification:_identify(ws_correspond/action_ros/install) by extension 'ignore'
[0.406s] Level 1:colcon.colcon_core.package_identification:_identify(ws_correspond/action_ros/install) ignored
[0.406s] Level 1:colcon.colcon_core.package_identification:_identify(ws_correspond/action_ros/log) by extensions ['ignore', 'ignore_ament_install']
[0.406s] Level 1:colcon.colcon_core.package_identification:_identify(ws_correspond/action_ros/log) by extension 'ignore'
[0.406s] Level 1:colcon.colcon_core.package_identification:_identify(ws_correspond/action_ros/log) ignored
[0.407s] Level 1:colcon.colcon_core.package_identification:_identify(ws_correspond/action_ros/src) by extensions ['ignore', 'ignore_ament_install']
[0.407s] Level 1:colcon.colcon_core.package_identification:_identify(ws_correspond/action_ros/src) by extension 'ignore'
[0.407s] Level 1:colcon.colcon_core.package_identification:_identify(ws_correspond/action_ros/src) by extension 'ignore_ament_install'
[0.407s] Level 1:colcon.colcon_core.package_identification:_identify(ws_correspond/action_ros/src) by extensions ['colcon_pkg']
[0.407s] Level 1:colcon.colcon_core.package_identification:_identify(ws_correspond/action_ros/src) by extension 'colcon_pkg'
[0.407s] Level 1:colcon.colcon_core.package_identification:_identify(ws_correspond/action_ros/src) by extensions ['colcon_meta']
[0.407s] Level 1:colcon.colcon_core.package_identification:_identify(ws_correspond/action_ros/src) by extension 'colcon_meta'
[0.408s] Level 1:colcon.colcon_core.package_identification:_identify(ws_correspond/action_ros/src) by extensions ['ros']
[0.408s] Level 1:colcon.colcon_core.package_identification:_identify(ws_correspond/action_ros/src) by extension 'ros'
[0.408s] Level 1:colcon.colcon_core.package_identification:_identify(ws_correspond/action_ros/src) by extensions ['cmake', 'python']
[0.408s] Level 1:colcon.colcon_core.package_identification:_identify(ws_correspond/action_ros/src) by extension 'cmake'
[0.408s] Level 1:colcon.colcon_core.package_identification:_identify(ws_correspond/action_ros/src) by extension 'python'
[0.408s] Level 1:colcon.colcon_core.package_identification:_identify(ws_correspond/action_ros/src) by extensions ['python_setup_py']
[0.408s] Level 1:colcon.colcon_core.package_identification:_identify(ws_correspond/action_ros/src) by extension 'python_setup_py'
[0.409s] Level 1:colcon.colcon_core.package_identification:_identify(ws_correspond/action_ros/src/base_interfaces_demo) by extensions ['ignore', 'ignore_ament_install']
[0.409s] Level 1:colcon.colcon_core.package_identification:_identify(ws_correspond/action_ros/src/base_interfaces_demo) by extension 'ignore'
[0.409s] Level 1:colcon.colcon_core.package_identification:_identify(ws_correspond/action_ros/src/base_interfaces_demo) by extension 'ignore_ament_install'
[0.409s] Level 1:colcon.colcon_core.package_identification:_identify(ws_correspond/action_ros/src/base_interfaces_demo) by extensions ['colcon_pkg']
[0.409s] Level 1:colcon.colcon_core.package_identification:_identify(ws_correspond/action_ros/src/base_interfaces_demo) by extension 'colcon_pkg'
[0.409s] Level 1:colcon.colcon_core.package_identification:_identify(ws_correspond/action_ros/src/base_interfaces_demo) by extensions ['colcon_meta']
[0.410s] Level 1:colcon.colcon_core.package_identification:_identify(ws_correspond/action_ros/src/base_interfaces_demo) by extension 'colcon_meta'
[0.410s] Level 1:colcon.colcon_core.package_identification:_identify(ws_correspond/action_ros/src/base_interfaces_demo) by extensions ['ros']
[0.410s] Level 1:colcon.colcon_core.package_identification:_identify(ws_correspond/action_ros/src/base_interfaces_demo) by extension 'ros'
[0.434s] DEBUG:colcon.colcon_core.package_identification:Package 'ws_correspond/action_ros/src/base_interfaces_demo' with type 'ros.ament_cmake' and name 'base_interfaces_demo'
[0.435s] Level 1:colcon.colcon_core.package_identification:_identify(ws_correspond/action_ros/src/cpp03_action) by extensions ['ignore', 'ignore_ament_install']
[0.435s] Level 1:colcon.colcon_core.package_identification:_identify(ws_correspond/action_ros/src/cpp03_action) by extension 'ignore'
[0.436s] Level 1:colcon.colcon_core.package_identification:_identify(ws_correspond/action_ros/src/cpp03_action) by extension 'ignore_ament_install'
[0.436s] Level 1:colcon.colcon_core.package_identification:_identify(ws_correspond/action_ros/src/cpp03_action) by extensions ['colcon_pkg']
[0.436s] Level 1:colcon.colcon_core.package_identification:_identify(ws_correspond/action_ros/src/cpp03_action) by extension 'colcon_pkg'
[0.436s] Level 1:colcon.colcon_core.package_identification:_identify(ws_correspond/action_ros/src/cpp03_action) by extensions ['colcon_meta']
[0.437s] Level 1:colcon.colcon_core.package_identification:_identify(ws_correspond/action_ros/src/cpp03_action) by extension 'colcon_meta'
[0.437s] Level 1:colcon.colcon_core.package_identification:_identify(ws_correspond/action_ros/src/cpp03_action) by extensions ['ros']
[0.437s] Level 1:colcon.colcon_core.package_identification:_identify(ws_correspond/action_ros/src/cpp03_action) by extension 'ros'
[0.462s] DEBUG:colcon.colcon_core.package_identification:Package 'ws_correspond/action_ros/src/cpp03_action' with type 'ros.ament_cmake' and name 'cpp03_action'
[0.463s] Level 1:colcon.colcon_core.package_identification:_identify(ws_correspond/exercise_ros) by extensions ['ignore', 'ignore_ament_install']
[0.463s] Level 1:colcon.colcon_core.package_identification:_identify(ws_correspond/exercise_ros) by extension 'ignore'
[0.463s] Level 1:colcon.colcon_core.package_identification:_identify(ws_correspond/exercise_ros) by extension 'ignore_ament_install'
[0.464s] Level 1:colcon.colcon_core.package_identification:_identify(ws_correspond/exercise_ros) by extensions ['colcon_pkg']
[0.464s] Level 1:colcon.colcon_core.package_identification:_identify(ws_correspond/exercise_ros) by extension 'colcon_pkg'
[0.464s] Level 1:colcon.colcon_core.package_identification:_identify(ws_correspond/exercise_ros) by extensions ['colcon_meta']
[0.464s] Level 1:colcon.colcon_core.package_identification:_identify(ws_correspond/exercise_ros) by extension 'colcon_meta'
[0.464s] Level 1:colcon.colcon_core.package_identification:_identify(ws_correspond/exercise_ros) by extensions ['ros']
[0.464s] Level 1:colcon.colcon_core.package_identification:_identify(ws_correspond/exercise_ros) by extension 'ros'
[0.465s] Level 1:colcon.colcon_core.package_identification:_identify(ws_correspond/exercise_ros) by extensions ['cmake', 'python']
[0.465s] Level 1:colcon.colcon_core.package_identification:_identify(ws_correspond/exercise_ros) by extension 'cmake'
[0.465s] Level 1:colcon.colcon_core.package_identification:_identify(ws_correspond/exercise_ros) by extension 'python'
[0.465s] Level 1:colcon.colcon_core.package_identification:_identify(ws_correspond/exercise_ros) by extensions ['python_setup_py']
[0.465s] Level 1:colcon.colcon_core.package_identification:_identify(ws_correspond/exercise_ros) by extension 'python_setup_py'
[0.485s] Level 1:colcon.colcon_core.package_identification:_identify(ws_correspond/exercise_ros/build) by extensions ['ignore', 'ignore_ament_install']
[0.486s] Level 1:colcon.colcon_core.package_identification:_identify(ws_correspond/exercise_ros/build) by extension 'ignore'
[0.486s] Level 1:colcon.colcon_core.package_identification:_identify(ws_correspond/exercise_ros/build) ignored
[0.487s] Level 1:colcon.colcon_core.package_identification:_identify(ws_correspond/exercise_ros/install) by extensions ['ignore', 'ignore_ament_install']
[0.487s] Level 1:colcon.colcon_core.package_identification:_identify(ws_correspond/exercise_ros/install) by extension 'ignore'
[0.487s] Level 1:colcon.colcon_core.package_identification:_identify(ws_correspond/exercise_ros/install) ignored
[0.488s] Level 1:colcon.colcon_core.package_identification:_identify(ws_correspond/exercise_ros/log) by extensions ['ignore', 'ignore_ament_install']
[0.488s] Level 1:colcon.colcon_core.package_identification:_identify(ws_correspond/exercise_ros/log) by extension 'ignore'
[0.488s] Level 1:colcon.colcon_core.package_identification:_identify(ws_correspond/exercise_ros/log) ignored
[0.488s] Level 1:colcon.colcon_core.package_identification:_identify(ws_correspond/exercise_ros/src) by extensions ['ignore', 'ignore_ament_install']
[0.489s] Level 1:colcon.colcon_core.package_identification:_identify(ws_correspond/exercise_ros/src) by extension 'ignore'
[0.489s] Level 1:colcon.colcon_core.package_identification:_identify(ws_correspond/exercise_ros/src) by extension 'ignore_ament_install'
[0.489s] Level 1:colcon.colcon_core.package_identification:_identify(ws_correspond/exercise_ros/src) by extensions ['colcon_pkg']
[0.489s] Level 1:colcon.colcon_core.package_identification:_identify(ws_correspond/exercise_ros/src) by extension 'colcon_pkg'
[0.490s] Level 1:colcon.colcon_core.package_identification:_identify(ws_correspond/exercise_ros/src) by extensions ['colcon_meta']
[0.490s] Level 1:colcon.colcon_core.package_identification:_identify(ws_correspond/exercise_ros/src) by extension 'colcon_meta'
[0.490s] Level 1:colcon.colcon_core.package_identification:_identify(ws_correspond/exercise_ros/src) by extensions ['ros']
[0.490s] Level 1:colcon.colcon_core.package_identification:_identify(ws_correspond/exercise_ros/src) by extension 'ros'
[0.490s] Level 1:colcon.colcon_core.package_identification:_identify(ws_correspond/exercise_ros/src) by extensions ['cmake', 'python']
[0.490s] Level 1:colcon.colcon_core.package_identification:_identify(ws_correspond/exercise_ros/src) by extension 'cmake'
[0.491s] Level 1:colcon.colcon_core.package_identification:_identify(ws_correspond/exercise_ros/src) by extension 'python'
[0.491s] Level 1:colcon.colcon_core.package_identification:_identify(ws_correspond/exercise_ros/src) by extensions ['python_setup_py']
[0.491s] Level 1:colcon.colcon_core.package_identification:_identify(ws_correspond/exercise_ros/src) by extension 'python_setup_py'
[0.491s] Level 1:colcon.colcon_core.package_identification:_identify(ws_correspond/exercise_ros/src/base_interfaces_demo) by extensions ['ignore', 'ignore_ament_install']
[0.492s] Level 1:colcon.colcon_core.package_identification:_identify(ws_correspond/exercise_ros/src/base_interfaces_demo) by extension 'ignore'
[0.492s] Level 1:colcon.colcon_core.package_identification:_identify(ws_correspond/exercise_ros/src/base_interfaces_demo) by extension 'ignore_ament_install'
[0.492s] Level 1:colcon.colcon_core.package_identification:_identify(ws_correspond/exercise_ros/src/base_interfaces_demo) by extensions ['colcon_pkg']
[0.492s] Level 1:colcon.colcon_core.package_identification:_identify(ws_correspond/exercise_ros/src/base_interfaces_demo) by extension 'colcon_pkg'
[0.493s] Level 1:colcon.colcon_core.package_identification:_identify(ws_correspond/exercise_ros/src/base_interfaces_demo) by extensions ['colcon_meta']
[0.493s] Level 1:colcon.colcon_core.package_identification:_identify(ws_correspond/exercise_ros/src/base_interfaces_demo) by extension 'colcon_meta'
[0.493s] Level 1:colcon.colcon_core.package_identification:_identify(ws_correspond/exercise_ros/src/base_interfaces_demo) by extensions ['ros']
[0.493s] Level 1:colcon.colcon_core.package_identification:_identify(ws_correspond/exercise_ros/src/base_interfaces_demo) by extension 'ros'
[0.501s] DEBUG:colcon.colcon_core.package_identification:Package 'ws_correspond/exercise_ros/src/base_interfaces_demo' with type 'ros.ament_cmake' and name 'base_interfaces_demo'
[0.502s] Level 1:colcon.colcon_core.package_identification:_identify(ws_correspond/exercise_ros/src/cpp07_exercise) by extensions ['ignore', 'ignore_ament_install']
[0.502s] Level 1:colcon.colcon_core.package_identification:_identify(ws_correspond/exercise_ros/src/cpp07_exercise) by extension 'ignore'
[0.502s] Level 1:colcon.colcon_core.package_identification:_identify(ws_correspond/exercise_ros/src/cpp07_exercise) by extension 'ignore_ament_install'
[0.502s] Level 1:colcon.colcon_core.package_identification:_identify(ws_correspond/exercise_ros/src/cpp07_exercise) by extensions ['colcon_pkg']
[0.503s] Level 1:colcon.colcon_core.package_identification:_identify(ws_correspond/exercise_ros/src/cpp07_exercise) by extension 'colcon_pkg'
[0.503s] Level 1:colcon.colcon_core.package_identification:_identify(ws_correspond/exercise_ros/src/cpp07_exercise) by extensions ['colcon_meta']
[0.503s] Level 1:colcon.colcon_core.package_identification:_identify(ws_correspond/exercise_ros/src/cpp07_exercise) by extension 'colcon_meta'
[0.503s] Level 1:colcon.colcon_core.package_identification:_identify(ws_correspond/exercise_ros/src/cpp07_exercise) by extensions ['ros']
[0.503s] Level 1:colcon.colcon_core.package_identification:_identify(ws_correspond/exercise_ros/src/cpp07_exercise) by extension 'ros'
[0.529s] DEBUG:colcon.colcon_core.package_identification:Package 'ws_correspond/exercise_ros/src/cpp07_exercise' with type 'ros.ament_cmake' and name 'cpp07_exercise'
[0.529s] Level 1:colcon.colcon_core.package_identification:_identify(ws_correspond/param_ros) by extensions ['ignore', 'ignore_ament_install']
[0.530s] Level 1:colcon.colcon_core.package_identification:_identify(ws_correspond/param_ros) by extension 'ignore'
[0.530s] Level 1:colcon.colcon_core.package_identification:_identify(ws_correspond/param_ros) by extension 'ignore_ament_install'
[0.530s] Level 1:colcon.colcon_core.package_identification:_identify(ws_correspond/param_ros) by extensions ['colcon_pkg']
[0.530s] Level 1:colcon.colcon_core.package_identification:_identify(ws_correspond/param_ros) by extension 'colcon_pkg'
[0.530s] Level 1:colcon.colcon_core.package_identification:_identify(ws_correspond/param_ros) by extensions ['colcon_meta']
[0.530s] Level 1:colcon.colcon_core.package_identification:_identify(ws_correspond/param_ros) by extension 'colcon_meta'
[0.531s] Level 1:colcon.colcon_core.package_identification:_identify(ws_correspond/param_ros) by extensions ['ros']
[0.531s] Level 1:colcon.colcon_core.package_identification:_identify(ws_correspond/param_ros) by extension 'ros'
[0.531s] Level 1:colcon.colcon_core.package_identification:_identify(ws_correspond/param_ros) by extensions ['cmake', 'python']
[0.531s] Level 1:colcon.colcon_core.package_identification:_identify(ws_correspond/param_ros) by extension 'cmake'
[0.532s] Level 1:colcon.colcon_core.package_identification:_identify(ws_correspond/param_ros) by extension 'python'
[0.532s] Level 1:colcon.colcon_core.package_identification:_identify(ws_correspond/param_ros) by extensions ['python_setup_py']
[0.532s] Level 1:colcon.colcon_core.package_identification:_identify(ws_correspond/param_ros) by extension 'python_setup_py'
[0.545s] Level 1:colcon.colcon_core.package_identification:_identify(ws_correspond/param_ros/build) by extensions ['ignore', 'ignore_ament_install']
[0.546s] Level 1:colcon.colcon_core.package_identification:_identify(ws_correspond/param_ros/build) by extension 'ignore'
[0.546s] Level 1:colcon.colcon_core.package_identification:_identify(ws_correspond/param_ros/build) ignored
[0.547s] Level 1:colcon.colcon_core.package_identification:_identify(ws_correspond/param_ros/install) by extensions ['ignore', 'ignore_ament_install']
[0.547s] Level 1:colcon.colcon_core.package_identification:_identify(ws_correspond/param_ros/install) by extension 'ignore'
[0.547s] Level 1:colcon.colcon_core.package_identification:_identify(ws_correspond/param_ros/install) ignored
[0.548s] Level 1:colcon.colcon_core.package_identification:_identify(ws_correspond/param_ros/log) by extensions ['ignore', 'ignore_ament_install']
[0.548s] Level 1:colcon.colcon_core.package_identification:_identify(ws_correspond/param_ros/log) by extension 'ignore'
[0.548s] Level 1:colcon.colcon_core.package_identification:_identify(ws_correspond/param_ros/log) ignored
[0.548s] Level 1:colcon.colcon_core.package_identification:_identify(ws_correspond/param_ros/src) by extensions ['ignore', 'ignore_ament_install']
[0.549s] Level 1:colcon.colcon_core.package_identification:_identify(ws_correspond/param_ros/src) by extension 'ignore'
[0.549s] Level 1:colcon.colcon_core.package_identification:_identify(ws_correspond/param_ros/src) by extension 'ignore_ament_install'
[0.549s] Level 1:colcon.colcon_core.package_identification:_identify(ws_correspond/param_ros/src) by extensions ['colcon_pkg']
[0.550s] Level 1:colcon.colcon_core.package_identification:_identify(ws_correspond/param_ros/src) by extension 'colcon_pkg'
[0.550s] Level 1:colcon.colcon_core.package_identification:_identify(ws_correspond/param_ros/src) by extensions ['colcon_meta']
[0.550s] Level 1:colcon.colcon_core.package_identification:_identify(ws_correspond/param_ros/src) by extension 'colcon_meta'
[0.550s] Level 1:colcon.colcon_core.package_identification:_identify(ws_correspond/param_ros/src) by extensions ['ros']
[0.550s] Level 1:colcon.colcon_core.package_identification:_identify(ws_correspond/param_ros/src) by extension 'ros'
[0.551s] Level 1:colcon.colcon_core.package_identification:_identify(ws_correspond/param_ros/src) by extensions ['cmake', 'python']
[0.551s] Level 1:colcon.colcon_core.package_identification:_identify(ws_correspond/param_ros/src) by extension 'cmake'
[0.551s] Level 1:colcon.colcon_core.package_identification:_identify(ws_correspond/param_ros/src) by extension 'python'
[0.551s] Level 1:colcon.colcon_core.package_identification:_identify(ws_correspond/param_ros/src) by extensions ['python_setup_py']
[0.551s] Level 1:colcon.colcon_core.package_identification:_identify(ws_correspond/param_ros/src) by extension 'python_setup_py'
[0.552s] Level 1:colcon.colcon_core.package_identification:_identify(ws_correspond/param_ros/src/cpp04_param) by extensions ['ignore', 'ignore_ament_install']
[0.552s] Level 1:colcon.colcon_core.package_identification:_identify(ws_correspond/param_ros/src/cpp04_param) by extension 'ignore'
[0.552s] Level 1:colcon.colcon_core.package_identification:_identify(ws_correspond/param_ros/src/cpp04_param) by extension 'ignore_ament_install'
[0.552s] Level 1:colcon.colcon_core.package_identification:_identify(ws_correspond/param_ros/src/cpp04_param) by extensions ['colcon_pkg']
[0.553s] Level 1:colcon.colcon_core.package_identification:_identify(ws_correspond/param_ros/src/cpp04_param) by extension 'colcon_pkg'
[0.553s] Level 1:colcon.colcon_core.package_identification:_identify(ws_correspond/param_ros/src/cpp04_param) by extensions ['colcon_meta']
[0.553s] Level 1:colcon.colcon_core.package_identification:_identify(ws_correspond/param_ros/src/cpp04_param) by extension 'colcon_meta'
[0.553s] Level 1:colcon.colcon_core.package_identification:_identify(ws_correspond/param_ros/src/cpp04_param) by extensions ['ros']
[0.553s] Level 1:colcon.colcon_core.package_identification:_identify(ws_correspond/param_ros/src/cpp04_param) by extension 'ros'
[0.569s] DEBUG:colcon.colcon_core.package_identification:Package 'ws_correspond/param_ros/src/cpp04_param' with type 'ros.ament_cmake' and name 'cpp04_param'
[0.570s] Level 1:colcon.colcon_core.package_identification:_identify(ws_correspond/server_ros) by extensions ['ignore', 'ignore_ament_install']
[0.570s] Level 1:colcon.colcon_core.package_identification:_identify(ws_correspond/server_ros) by extension 'ignore'
[0.571s] Level 1:colcon.colcon_core.package_identification:_identify(ws_correspond/server_ros) by extension 'ignore_ament_install'
[0.571s] Level 1:colcon.colcon_core.package_identification:_identify(ws_correspond/server_ros) by extensions ['colcon_pkg']
[0.571s] Level 1:colcon.colcon_core.package_identification:_identify(ws_correspond/server_ros) by extension 'colcon_pkg'
[0.571s] Level 1:colcon.colcon_core.package_identification:_identify(ws_correspond/server_ros) by extensions ['colcon_meta']
[0.571s] Level 1:colcon.colcon_core.package_identification:_identify(ws_correspond/server_ros) by extension 'colcon_meta'
[0.572s] Level 1:colcon.colcon_core.package_identification:_identify(ws_correspond/server_ros) by extensions ['ros']
[0.572s] Level 1:colcon.colcon_core.package_identification:_identify(ws_correspond/server_ros) by extension 'ros'
[0.572s] Level 1:colcon.colcon_core.package_identification:_identify(ws_correspond/server_ros) by extensions ['cmake', 'python']
[0.572s] Level 1:colcon.colcon_core.package_identification:_identify(ws_correspond/server_ros) by extension 'cmake'
[0.573s] Level 1:colcon.colcon_core.package_identification:_identify(ws_correspond/server_ros) by extension 'python'
[0.573s] Level 1:colcon.colcon_core.package_identification:_identify(ws_correspond/server_ros) by extensions ['python_setup_py']
[0.573s] Level 1:colcon.colcon_core.package_identification:_identify(ws_correspond/server_ros) by extension 'python_setup_py'
[0.592s] Level 1:colcon.colcon_core.package_identification:_identify(ws_correspond/server_ros/build) by extensions ['ignore', 'ignore_ament_install']
[0.593s] Level 1:colcon.colcon_core.package_identification:_identify(ws_correspond/server_ros/build) by extension 'ignore'
[0.593s] Level 1:colcon.colcon_core.package_identification:_identify(ws_correspond/server_ros/build) ignored
[0.594s] Level 1:colcon.colcon_core.package_identification:_identify(ws_correspond/server_ros/install) by extensions ['ignore', 'ignore_ament_install']
[0.594s] Level 1:colcon.colcon_core.package_identification:_identify(ws_correspond/server_ros/install) by extension 'ignore'
[0.594s] Level 1:colcon.colcon_core.package_identification:_identify(ws_correspond/server_ros/install) ignored
[0.595s] Level 1:colcon.colcon_core.package_identification:_identify(ws_correspond/server_ros/log) by extensions ['ignore', 'ignore_ament_install']
[0.595s] Level 1:colcon.colcon_core.package_identification:_identify(ws_correspond/server_ros/log) by extension 'ignore'
[0.595s] Level 1:colcon.colcon_core.package_identification:_identify(ws_correspond/server_ros/log) ignored
[0.595s] Level 1:colcon.colcon_core.package_identification:_identify(ws_correspond/server_ros/src) by extensions ['ignore', 'ignore_ament_install']
[0.596s] Level 1:colcon.colcon_core.package_identification:_identify(ws_correspond/server_ros/src) by extension 'ignore'
[0.596s] Level 1:colcon.colcon_core.package_identification:_identify(ws_correspond/server_ros/src) by extension 'ignore_ament_install'
[0.596s] Level 1:colcon.colcon_core.package_identification:_identify(ws_correspond/server_ros/src) by extensions ['colcon_pkg']
[0.596s] Level 1:colcon.colcon_core.package_identification:_identify(ws_correspond/server_ros/src) by extension 'colcon_pkg'
[0.597s] Level 1:colcon.colcon_core.package_identification:_identify(ws_correspond/server_ros/src) by extensions ['colcon_meta']
[0.597s] Level 1:colcon.colcon_core.package_identification:_identify(ws_correspond/server_ros/src) by extension 'colcon_meta'
[0.597s] Level 1:colcon.colcon_core.package_identification:_identify(ws_correspond/server_ros/src) by extensions ['ros']
[0.597s] Level 1:colcon.colcon_core.package_identification:_identify(ws_correspond/server_ros/src) by extension 'ros'
[0.597s] Level 1:colcon.colcon_core.package_identification:_identify(ws_correspond/server_ros/src) by extensions ['cmake', 'python']
[0.597s] Level 1:colcon.colcon_core.package_identification:_identify(ws_correspond/server_ros/src) by extension 'cmake'
[0.598s] Level 1:colcon.colcon_core.package_identification:_identify(ws_correspond/server_ros/src) by extension 'python'
[0.598s] Level 1:colcon.colcon_core.package_identification:_identify(ws_correspond/server_ros/src) by extensions ['python_setup_py']
[0.598s] Level 1:colcon.colcon_core.package_identification:_identify(ws_correspond/server_ros/src) by extension 'python_setup_py'
[0.598s] Level 1:colcon.colcon_core.package_identification:_identify(ws_correspond/server_ros/src/base_interfaces_demo) by extensions ['ignore', 'ignore_ament_install']
[0.599s] Level 1:colcon.colcon_core.package_identification:_identify(ws_correspond/server_ros/src/base_interfaces_demo) by extension 'ignore'
[0.599s] Level 1:colcon.colcon_core.package_identification:_identify(ws_correspond/server_ros/src/base_interfaces_demo) by extension 'ignore_ament_install'
[0.599s] Level 1:colcon.colcon_core.package_identification:_identify(ws_correspond/server_ros/src/base_interfaces_demo) by extensions ['colcon_pkg']
[0.600s] Level 1:colcon.colcon_core.package_identification:_identify(ws_correspond/server_ros/src/base_interfaces_demo) by extension 'colcon_pkg'
[0.600s] Level 1:colcon.colcon_core.package_identification:_identify(ws_correspond/server_ros/src/base_interfaces_demo) by extensions ['colcon_meta']
[0.600s] Level 1:colcon.colcon_core.package_identification:_identify(ws_correspond/server_ros/src/base_interfaces_demo) by extension 'colcon_meta'
[0.600s] Level 1:colcon.colcon_core.package_identification:_identify(ws_correspond/server_ros/src/base_interfaces_demo) by extensions ['ros']
[0.600s] Level 1:colcon.colcon_core.package_identification:_identify(ws_correspond/server_ros/src/base_interfaces_demo) by extension 'ros'
[0.614s] DEBUG:colcon.colcon_core.package_identification:Package 'ws_correspond/server_ros/src/base_interfaces_demo' with type 'ros.ament_cmake' and name 'base_interfaces_demo'
[0.615s] Level 1:colcon.colcon_core.package_identification:_identify(ws_correspond/server_ros/src/cpp02_server) by extensions ['ignore', 'ignore_ament_install']
[0.616s] Level 1:colcon.colcon_core.package_identification:_identify(ws_correspond/server_ros/src/cpp02_server) by extension 'ignore'
[0.616s] Level 1:colcon.colcon_core.package_identification:_identify(ws_correspond/server_ros/src/cpp02_server) by extension 'ignore_ament_install'
[0.616s] Level 1:colcon.colcon_core.package_identification:_identify(ws_correspond/server_ros/src/cpp02_server) by extensions ['colcon_pkg']
[0.616s] Level 1:colcon.colcon_core.package_identification:_identify(ws_correspond/server_ros/src/cpp02_server) by extension 'colcon_pkg'
[0.617s] Level 1:colcon.colcon_core.package_identification:_identify(ws_correspond/server_ros/src/cpp02_server) by extensions ['colcon_meta']
[0.617s] Level 1:colcon.colcon_core.package_identification:_identify(ws_correspond/server_ros/src/cpp02_server) by extension 'colcon_meta'
[0.617s] Level 1:colcon.colcon_core.package_identification:_identify(ws_correspond/server_ros/src/cpp02_server) by extensions ['ros']
[0.617s] Level 1:colcon.colcon_core.package_identification:_identify(ws_correspond/server_ros/src/cpp02_server) by extension 'ros'
[0.636s] DEBUG:colcon.colcon_core.package_identification:Package 'ws_correspond/server_ros/src/cpp02_server' with type 'ros.ament_cmake' and name 'cpp02_server'
[0.637s] Level 1:colcon.colcon_core.package_identification:_identify(ws_correspond/server_ros/src/first_hello_test) by extensions ['ignore', 'ignore_ament_install']
[0.637s] Level 1:colcon.colcon_core.package_identification:_identify(ws_correspond/server_ros/src/first_hello_test) by extension 'ignore'
[0.638s] Level 1:colcon.colcon_core.package_identification:_identify(ws_correspond/server_ros/src/first_hello_test) by extension 'ignore_ament_install'
[0.638s] Level 1:colcon.colcon_core.package_identification:_identify(ws_correspond/server_ros/src/first_hello_test) by extensions ['colcon_pkg']
[0.638s] Level 1:colcon.colcon_core.package_identification:_identify(ws_correspond/server_ros/src/first_hello_test) by extension 'colcon_pkg'
[0.638s] Level 1:colcon.colcon_core.package_identification:_identify(ws_correspond/server_ros/src/first_hello_test) by extensions ['colcon_meta']
[0.638s] Level 1:colcon.colcon_core.package_identification:_identify(ws_correspond/server_ros/src/first_hello_test) by extension 'colcon_meta'
[0.639s] Level 1:colcon.colcon_core.package_identification:_identify(ws_correspond/server_ros/src/first_hello_test) by extensions ['ros']
[0.639s] Level 1:colcon.colcon_core.package_identification:_identify(ws_correspond/server_ros/src/first_hello_test) by extension 'ros'
[0.654s] DEBUG:colcon.colcon_core.package_identification:Package 'ws_correspond/server_ros/src/first_hello_test' with type 'ros.ament_cmake' and name 'first_hello_test'
[0.655s] Level 1:colcon.colcon_core.package_identification:_identify(ws_correspond/topic_ros) by extensions ['ignore', 'ignore_ament_install']
[0.655s] Level 1:colcon.colcon_core.package_identification:_identify(ws_correspond/topic_ros) by extension 'ignore'
[0.656s] Level 1:colcon.colcon_core.package_identification:_identify(ws_correspond/topic_ros) by extension 'ignore_ament_install'
[0.656s] Level 1:colcon.colcon_core.package_identification:_identify(ws_correspond/topic_ros) by extensions ['colcon_pkg']
[0.656s] Level 1:colcon.colcon_core.package_identification:_identify(ws_correspond/topic_ros) by extension 'colcon_pkg'
[0.656s] Level 1:colcon.colcon_core.package_identification:_identify(ws_correspond/topic_ros) by extensions ['colcon_meta']
[0.656s] Level 1:colcon.colcon_core.package_identification:_identify(ws_correspond/topic_ros) by extension 'colcon_meta'
[0.657s] Level 1:colcon.colcon_core.package_identification:_identify(ws_correspond/topic_ros) by extensions ['ros']
[0.657s] Level 1:colcon.colcon_core.package_identification:_identify(ws_correspond/topic_ros) by extension 'ros'
[0.657s] Level 1:colcon.colcon_core.package_identification:_identify(ws_correspond/topic_ros) by extensions ['cmake', 'python']
[0.657s] Level 1:colcon.colcon_core.package_identification:_identify(ws_correspond/topic_ros) by extension 'cmake'
[0.657s] Level 1:colcon.colcon_core.package_identification:_identify(ws_correspond/topic_ros) by extension 'python'
[0.658s] Level 1:colcon.colcon_core.package_identification:_identify(ws_correspond/topic_ros) by extensions ['python_setup_py']
[0.658s] Level 1:colcon.colcon_core.package_identification:_identify(ws_correspond/topic_ros) by extension 'python_setup_py'
[0.680s] Level 1:colcon.colcon_core.package_identification:_identify(ws_correspond/topic_ros/build) by extensions ['ignore', 'ignore_ament_install']
[0.680s] Level 1:colcon.colcon_core.package_identification:_identify(ws_correspond/topic_ros/build) by extension 'ignore'
[0.681s] Level 1:colcon.colcon_core.package_identification:_identify(ws_correspond/topic_ros/build) ignored
[0.681s] Level 1:colcon.colcon_core.package_identification:_identify(ws_correspond/topic_ros/install) by extensions ['ignore', 'ignore_ament_install']
[0.681s] Level 1:colcon.colcon_core.package_identification:_identify(ws_correspond/topic_ros/install) by extension 'ignore'
[0.682s] Level 1:colcon.colcon_core.package_identification:_identify(ws_correspond/topic_ros/install) ignored
[0.682s] Level 1:colcon.colcon_core.package_identification:_identify(ws_correspond/topic_ros/log) by extensions ['ignore', 'ignore_ament_install']
[0.683s] Level 1:colcon.colcon_core.package_identification:_identify(ws_correspond/topic_ros/log) by extension 'ignore'
[0.683s] Level 1:colcon.colcon_core.package_identification:_identify(ws_correspond/topic_ros/log) ignored
[0.683s] Level 1:colcon.colcon_core.package_identification:_identify(ws_correspond/topic_ros/src) by extensions ['ignore', 'ignore_ament_install']
[0.684s] Level 1:colcon.colcon_core.package_identification:_identify(ws_correspond/topic_ros/src) by extension 'ignore'
[0.684s] Level 1:colcon.colcon_core.package_identification:_identify(ws_correspond/topic_ros/src) by extension 'ignore_ament_install'
[0.684s] Level 1:colcon.colcon_core.package_identification:_identify(ws_correspond/topic_ros/src) by extensions ['colcon_pkg']
[0.684s] Level 1:colcon.colcon_core.package_identification:_identify(ws_correspond/topic_ros/src) by extension 'colcon_pkg'
[0.684s] Level 1:colcon.colcon_core.package_identification:_identify(ws_correspond/topic_ros/src) by extensions ['colcon_meta']
[0.684s] Level 1:colcon.colcon_core.package_identification:_identify(ws_correspond/topic_ros/src) by extension 'colcon_meta'
[0.685s] Level 1:colcon.colcon_core.package_identification:_identify(ws_correspond/topic_ros/src) by extensions ['ros']
[0.685s] Level 1:colcon.colcon_core.package_identification:_identify(ws_correspond/topic_ros/src) by extension 'ros'
[0.685s] Level 1:colcon.colcon_core.package_identification:_identify(ws_correspond/topic_ros/src) by extensions ['cmake', 'python']
[0.685s] Level 1:colcon.colcon_core.package_identification:_identify(ws_correspond/topic_ros/src) by extension 'cmake'
[0.685s] Level 1:colcon.colcon_core.package_identification:_identify(ws_correspond/topic_ros/src) by extension 'python'
[0.686s] Level 1:colcon.colcon_core.package_identification:_identify(ws_correspond/topic_ros/src) by extensions ['python_setup_py']
[0.686s] Level 1:colcon.colcon_core.package_identification:_identify(ws_correspond/topic_ros/src) by extension 'python_setup_py'
[0.686s] Level 1:colcon.colcon_core.package_identification:_identify(ws_correspond/topic_ros/src/base_interface_demo) by extensions ['ignore', 'ignore_ament_install']
[0.686s] Level 1:colcon.colcon_core.package_identification:_identify(ws_correspond/topic_ros/src/base_interface_demo) by extension 'ignore'
[0.687s] Level 1:colcon.colcon_core.package_identification:_identify(ws_correspond/topic_ros/src/base_interface_demo) by extension 'ignore_ament_install'
[0.687s] Level 1:colcon.colcon_core.package_identification:_identify(ws_correspond/topic_ros/src/base_interface_demo) by extensions ['colcon_pkg']
[0.687s] Level 1:colcon.colcon_core.package_identification:_identify(ws_correspond/topic_ros/src/base_interface_demo) by extension 'colcon_pkg'
[0.687s] Level 1:colcon.colcon_core.package_identification:_identify(ws_correspond/topic_ros/src/base_interface_demo) by extensions ['colcon_meta']
[0.687s] Level 1:colcon.colcon_core.package_identification:_identify(ws_correspond/topic_ros/src/base_interface_demo) by extension 'colcon_meta'
[0.688s] Level 1:colcon.colcon_core.package_identification:_identify(ws_correspond/topic_ros/src/base_interface_demo) by extensions ['ros']
[0.688s] Level 1:colcon.colcon_core.package_identification:_identify(ws_correspond/topic_ros/src/base_interface_demo) by extension 'ros'
[0.708s] DEBUG:colcon.colcon_core.package_identification:Package 'ws_correspond/topic_ros/src/base_interface_demo' with type 'ros.ament_cmake' and name 'base_interface_demo'
[0.709s] Level 1:colcon.colcon_core.package_identification:_identify(ws_correspond/topic_ros/src/cpp01_topic) by extensions ['ignore', 'ignore_ament_install']
[0.709s] Level 1:colcon.colcon_core.package_identification:_identify(ws_correspond/topic_ros/src/cpp01_topic) by extension 'ignore'
[0.709s] Level 1:colcon.colcon_core.package_identification:_identify(ws_correspond/topic_ros/src/cpp01_topic) by extension 'ignore_ament_install'
[0.710s] Level 1:colcon.colcon_core.package_identification:_identify(ws_correspond/topic_ros/src/cpp01_topic) by extensions ['colcon_pkg']
[0.710s] Level 1:colcon.colcon_core.package_identification:_identify(ws_correspond/topic_ros/src/cpp01_topic) by extension 'colcon_pkg'
[0.710s] Level 1:colcon.colcon_core.package_identification:_identify(ws_correspond/topic_ros/src/cpp01_topic) by extensions ['colcon_meta']
[0.710s] Level 1:colcon.colcon_core.package_identification:_identify(ws_correspond/topic_ros/src/cpp01_topic) by extension 'colcon_meta'
[0.710s] Level 1:colcon.colcon_core.package_identification:_identify(ws_correspond/topic_ros/src/cpp01_topic) by extensions ['ros']
[0.710s] Level 1:colcon.colcon_core.package_identification:_identify(ws_correspond/topic_ros/src/cpp01_topic) by extension 'ros'
[0.731s] DEBUG:colcon.colcon_core.package_identification:Package 'ws_correspond/topic_ros/src/cpp01_topic' with type 'ros.ament_cmake' and name 'cpp01_topic'
[0.731s] Level 1:colcon.colcon_core.package_identification:_identify(ws_correspond/topic_ros/src/topic_test_cpp) by extensions ['ignore', 'ignore_ament_install']
[0.732s] Level 1:colcon.colcon_core.package_identification:_identify(ws_correspond/topic_ros/src/topic_test_cpp) by extension 'ignore'
[0.732s] Level 1:colcon.colcon_core.package_identification:_identify(ws_correspond/topic_ros/src/topic_test_cpp) by extension 'ignore_ament_install'
[0.732s] Level 1:colcon.colcon_core.package_identification:_identify(ws_correspond/topic_ros/src/topic_test_cpp) by extensions ['colcon_pkg']
[0.733s] Level 1:colcon.colcon_core.package_identification:_identify(ws_correspond/topic_ros/src/topic_test_cpp) by extension 'colcon_pkg'
[0.733s] Level 1:colcon.colcon_core.package_identification:_identify(ws_correspond/topic_ros/src/topic_test_cpp) by extensions ['colcon_meta']
[0.733s] Level 1:colcon.colcon_core.package_identification:_identify(ws_correspond/topic_ros/src/topic_test_cpp) by extension 'colcon_meta'
[0.733s] Level 1:colcon.colcon_core.package_identification:_identify(ws_correspond/topic_ros/src/topic_test_cpp) by extensions ['ros']
[0.733s] Level 1:colcon.colcon_core.package_identification:_identify(ws_correspond/topic_ros/src/topic_test_cpp) by extension 'ros'
[0.757s] DEBUG:colcon.colcon_core.package_identification:Package 'ws_correspond/topic_ros/src/topic_test_cpp' with type 'ros.ament_cmake' and name 'topic_test_cpp'
[0.757s] Level 1:colcon.colcon_core.package_identification:_identify(ws_tools) by extensions ['ignore', 'ignore_ament_install']
[0.758s] Level 1:colcon.colcon_core.package_identification:_identify(ws_tools) by extension 'ignore'
[0.758s] Level 1:colcon.colcon_core.package_identification:_identify(ws_tools) by extension 'ignore_ament_install'
[0.758s] Level 1:colcon.colcon_core.package_identification:_identify(ws_tools) by extensions ['colcon_pkg']
[0.758s] Level 1:colcon.colcon_core.package_identification:_identify(ws_tools) by extension 'colcon_pkg'
[0.758s] Level 1:colcon.colcon_core.package_identification:_identify(ws_tools) by extensions ['colcon_meta']
[0.759s] Level 1:colcon.colcon_core.package_identification:_identify(ws_tools) by extension 'colcon_meta'
[0.759s] Level 1:colcon.colcon_core.package_identification:_identify(ws_tools) by extensions ['ros']
[0.759s] Level 1:colcon.colcon_core.package_identification:_identify(ws_tools) by extension 'ros'
[0.759s] Level 1:colcon.colcon_core.package_identification:_identify(ws_tools) by extensions ['cmake', 'python']
[0.759s] Level 1:colcon.colcon_core.package_identification:_identify(ws_tools) by extension 'cmake'
[0.759s] Level 1:colcon.colcon_core.package_identification:_identify(ws_tools) by extension 'python'
[0.760s] Level 1:colcon.colcon_core.package_identification:_identify(ws_tools) by extensions ['python_setup_py']
[0.760s] Level 1:colcon.colcon_core.package_identification:_identify(ws_tools) by extension 'python_setup_py'
[0.760s] Level 1:colcon.colcon_core.package_identification:_identify(ws_tools/build) by extensions ['ignore', 'ignore_ament_install']
[0.760s] Level 1:colcon.colcon_core.package_identification:_identify(ws_tools/build) by extension 'ignore'
[0.761s] Level 1:colcon.colcon_core.package_identification:_identify(ws_tools/build) ignored
[0.761s] Level 1:colcon.colcon_core.package_identification:_identify(ws_tools/install) by extensions ['ignore', 'ignore_ament_install']
[0.761s] Level 1:colcon.colcon_core.package_identification:_identify(ws_tools/install) by extension 'ignore'
[0.762s] Level 1:colcon.colcon_core.package_identification:_identify(ws_tools/install) ignored
[0.762s] Level 1:colcon.colcon_core.package_identification:_identify(ws_tools/log) by extensions ['ignore', 'ignore_ament_install']
[0.762s] Level 1:colcon.colcon_core.package_identification:_identify(ws_tools/log) by extension 'ignore'
[0.763s] Level 1:colcon.colcon_core.package_identification:_identify(ws_tools/log) ignored
[0.763s] Level 1:colcon.colcon_core.package_identification:_identify(ws_tools/my_bag) by extensions ['ignore', 'ignore_ament_install']
[0.763s] Level 1:colcon.colcon_core.package_identification:_identify(ws_tools/my_bag) by extension 'ignore'
[0.763s] Level 1:colcon.colcon_core.package_identification:_identify(ws_tools/my_bag) by extension 'ignore_ament_install'
[0.764s] Level 1:colcon.colcon_core.package_identification:_identify(ws_tools/my_bag) by extensions ['colcon_pkg']
[0.764s] Level 1:colcon.colcon_core.package_identification:_identify(ws_tools/my_bag) by extension 'colcon_pkg'
[0.764s] Level 1:colcon.colcon_core.package_identification:_identify(ws_tools/my_bag) by extensions ['colcon_meta']
[0.764s] Level 1:colcon.colcon_core.package_identification:_identify(ws_tools/my_bag) by extension 'colcon_meta'
[0.764s] Level 1:colcon.colcon_core.package_identification:_identify(ws_tools/my_bag) by extensions ['ros']
[0.764s] Level 1:colcon.colcon_core.package_identification:_identify(ws_tools/my_bag) by extension 'ros'
[0.765s] Level 1:colcon.colcon_core.package_identification:_identify(ws_tools/my_bag) by extensions ['cmake', 'python']
[0.765s] Level 1:colcon.colcon_core.package_identification:_identify(ws_tools/my_bag) by extension 'cmake'
[0.765s] Level 1:colcon.colcon_core.package_identification:_identify(ws_tools/my_bag) by extension 'python'
[0.765s] Level 1:colcon.colcon_core.package_identification:_identify(ws_tools/my_bag) by extensions ['python_setup_py']
[0.766s] Level 1:colcon.colcon_core.package_identification:_identify(ws_tools/my_bag) by extension 'python_setup_py'
[0.766s] Level 1:colcon.colcon_core.package_identification:_identify(ws_tools/src) by extensions ['ignore', 'ignore_ament_install']
[0.766s] Level 1:colcon.colcon_core.package_identification:_identify(ws_tools/src) by extension 'ignore'
[0.767s] Level 1:colcon.colcon_core.package_identification:_identify(ws_tools/src) by extension 'ignore_ament_install'
[0.767s] Level 1:colcon.colcon_core.package_identification:_identify(ws_tools/src) by extensions ['colcon_pkg']
[0.767s] Level 1:colcon.colcon_core.package_identification:_identify(ws_tools/src) by extension 'colcon_pkg'
[0.767s] Level 1:colcon.colcon_core.package_identification:_identify(ws_tools/src) by extensions ['colcon_meta']
[0.767s] Level 1:colcon.colcon_core.package_identification:_identify(ws_tools/src) by extension 'colcon_meta'
[0.767s] Level 1:colcon.colcon_core.package_identification:_identify(ws_tools/src) by extensions ['ros']
[0.768s] Level 1:colcon.colcon_core.package_identification:_identify(ws_tools/src) by extension 'ros'
[0.768s] Level 1:colcon.colcon_core.package_identification:_identify(ws_tools/src) by extensions ['cmake', 'python']
[0.768s] Level 1:colcon.colcon_core.package_identification:_identify(ws_tools/src) by extension 'cmake'
[0.768s] Level 1:colcon.colcon_core.package_identification:_identify(ws_tools/src) by extension 'python'
[0.768s] Level 1:colcon.colcon_core.package_identification:_identify(ws_tools/src) by extensions ['python_setup_py']
[0.768s] Level 1:colcon.colcon_core.package_identification:_identify(ws_tools/src) by extension 'python_setup_py'
[0.769s] Level 1:colcon.colcon_core.package_identification:_identify(ws_tools/src/cpp01_launch) by extensions ['ignore', 'ignore_ament_install']
[0.769s] Level 1:colcon.colcon_core.package_identification:_identify(ws_tools/src/cpp01_launch) by extension 'ignore'
[0.769s] Level 1:colcon.colcon_core.package_identification:_identify(ws_tools/src/cpp01_launch) by extension 'ignore_ament_install'
[0.770s] Level 1:colcon.colcon_core.package_identification:_identify(ws_tools/src/cpp01_launch) by extensions ['colcon_pkg']
[0.770s] Level 1:colcon.colcon_core.package_identification:_identify(ws_tools/src/cpp01_launch) by extension 'colcon_pkg'
[0.770s] Level 1:colcon.colcon_core.package_identification:_identify(ws_tools/src/cpp01_launch) by extensions ['colcon_meta']
[0.770s] Level 1:colcon.colcon_core.package_identification:_identify(ws_tools/src/cpp01_launch) by extension 'colcon_meta'
[0.770s] Level 1:colcon.colcon_core.package_identification:_identify(ws_tools/src/cpp01_launch) by extensions ['ros']
[0.770s] Level 1:colcon.colcon_core.package_identification:_identify(ws_tools/src/cpp01_launch) by extension 'ros'
[0.772s] DEBUG:colcon.colcon_core.package_identification:Package 'ws_tools/src/cpp01_launch' with type 'ros.ament_cmake' and name 'cpp01_launch'
[0.773s] Level 1:colcon.colcon_core.package_identification:_identify(ws_tools/src/cpp02_rosbag) by extensions ['ignore', 'ignore_ament_install']
[0.773s] Level 1:colcon.colcon_core.package_identification:_identify(ws_tools/src/cpp02_rosbag) by extension 'ignore'
[0.774s] Level 1:colcon.colcon_core.package_identification:_identify(ws_tools/src/cpp02_rosbag) by extension 'ignore_ament_install'
[0.774s] Level 1:colcon.colcon_core.package_identification:_identify(ws_tools/src/cpp02_rosbag) by extensions ['colcon_pkg']
[0.774s] Level 1:colcon.colcon_core.package_identification:_identify(ws_tools/src/cpp02_rosbag) by extension 'colcon_pkg'
[0.774s] Level 1:colcon.colcon_core.package_identification:_identify(ws_tools/src/cpp02_rosbag) by extensions ['colcon_meta']
[0.774s] Level 1:colcon.colcon_core.package_identification:_identify(ws_tools/src/cpp02_rosbag) by extension 'colcon_meta'
[0.775s] Level 1:colcon.colcon_core.package_identification:_identify(ws_tools/src/cpp02_rosbag) by extensions ['ros']
[0.775s] Level 1:colcon.colcon_core.package_identification:_identify(ws_tools/src/cpp02_rosbag) by extension 'ros'
[0.777s] DEBUG:colcon.colcon_core.package_identification:Package 'ws_tools/src/cpp02_rosbag' with type 'ros.ament_cmake' and name 'cpp02_rosbag'
[0.778s] Level 1:colcon.colcon_core.package_identification:_identify(ws_tools/src/cpp03_tf_broadcaster) by extensions ['ignore', 'ignore_ament_install']
[0.778s] Level 1:colcon.colcon_core.package_identification:_identify(ws_tools/src/cpp03_tf_broadcaster) by extension 'ignore'
[0.778s] Level 1:colcon.colcon_core.package_identification:_identify(ws_tools/src/cpp03_tf_broadcaster) by extension 'ignore_ament_install'
[0.778s] Level 1:colcon.colcon_core.package_identification:_identify(ws_tools/src/cpp03_tf_broadcaster) by extensions ['colcon_pkg']
[0.778s] Level 1:colcon.colcon_core.package_identification:_identify(ws_tools/src/cpp03_tf_broadcaster) by extension 'colcon_pkg'
[0.779s] Level 1:colcon.colcon_core.package_identification:_identify(ws_tools/src/cpp03_tf_broadcaster) by extensions ['colcon_meta']
[0.779s] Level 1:colcon.colcon_core.package_identification:_identify(ws_tools/src/cpp03_tf_broadcaster) by extension 'colcon_meta'
[0.779s] Level 1:colcon.colcon_core.package_identification:_identify(ws_tools/src/cpp03_tf_broadcaster) by extensions ['ros']
[0.779s] Level 1:colcon.colcon_core.package_identification:_identify(ws_tools/src/cpp03_tf_broadcaster) by extension 'ros'
[0.782s] DEBUG:colcon.colcon_core.package_identification:Package 'ws_tools/src/cpp03_tf_broadcaster' with type 'ros.ament_cmake' and name 'cpp03_tf_broadcaster'
[0.782s] Level 1:colcon.colcon_core.package_identification:_identify(ws_tools/src/cpp04_tf_listener) by extensions ['ignore', 'ignore_ament_install']
[0.782s] Level 1:colcon.colcon_core.package_identification:_identify(ws_tools/src/cpp04_tf_listener) by extension 'ignore'
[0.783s] Level 1:colcon.colcon_core.package_identification:_identify(ws_tools/src/cpp04_tf_listener) by extension 'ignore_ament_install'
[0.783s] Level 1:colcon.colcon_core.package_identification:_identify(ws_tools/src/cpp04_tf_listener) by extensions ['colcon_pkg']
[0.783s] Level 1:colcon.colcon_core.package_identification:_identify(ws_tools/src/cpp04_tf_listener) by extension 'colcon_pkg'
[0.783s] Level 1:colcon.colcon_core.package_identification:_identify(ws_tools/src/cpp04_tf_listener) by extensions ['colcon_meta']
[0.783s] Level 1:colcon.colcon_core.package_identification:_identify(ws_tools/src/cpp04_tf_listener) by extension 'colcon_meta'
[0.783s] Level 1:colcon.colcon_core.package_identification:_identify(ws_tools/src/cpp04_tf_listener) by extensions ['ros']
[0.783s] Level 1:colcon.colcon_core.package_identification:_identify(ws_tools/src/cpp04_tf_listener) by extension 'ros'
[0.785s] DEBUG:colcon.colcon_core.package_identification:Package 'ws_tools/src/cpp04_tf_listener' with type 'ros.ament_cmake' and name 'cpp04_tf_listener'
[0.785s] Level 1:colcon.colcon_core.package_discovery:discover_packages(recursive) using defaults
[0.785s] Level 1:colcon.colcon_core.package_discovery:discover_packages(ignore) discover
[0.785s] Level 1:colcon.colcon_core.package_discovery:discover_packages(ignore) using defaults
[0.785s] Level 1:colcon.colcon_core.package_discovery:discover_packages(path) discover
[0.785s] Level 1:colcon.colcon_core.package_discovery:discover_packages(path) using defaults
[0.818s] INFO:colcon.colcon_core.package_selection:Skipping not selected package 'base_interface_demo' in 'ws_correspond/topic_ros/src/base_interface_demo'
[0.818s] INFO:colcon.colcon_core.package_selection:Skipping not selected package 'base_interfaces_demo' in 'ws_correspond/exercise_ros/src/base_interfaces_demo'
[0.818s] INFO:colcon.colcon_core.package_selection:Skipping not selected package 'base_interfaces_demo' in 'ws_correspond/action_ros/src/base_interfaces_demo'
[0.818s] INFO:colcon.colcon_core.package_selection:Skipping not selected package 'base_interfaces_demo' in 'ws_correspond/server_ros/src/base_interfaces_demo'
[0.818s] INFO:colcon.colcon_core.package_selection:Skipping not selected package 'cpp01_launch' in 'ws_tools/src/cpp01_launch'
[0.818s] INFO:colcon.colcon_core.package_selection:Skipping not selected package 'cpp02_rosbag' in 'ws_tools/src/cpp02_rosbag'
[0.818s] INFO:colcon.colcon_core.package_selection:Skipping not selected package 'cpp03_tf_broadcaster' in 'ws_tools/src/cpp03_tf_broadcaster'
[0.818s] INFO:colcon.colcon_core.package_selection:Skipping not selected package 'cpp04_param' in 'ws_correspond/param_ros/src/cpp04_param'
[0.818s] INFO:colcon.colcon_core.package_selection:Skipping not selected package 'first_hello_test' in 'ws_correspond/server_ros/src/first_hello_test'
[0.818s] INFO:colcon.colcon_core.package_selection:Skipping not selected package 'first_helloworld_cpp' in 'first_ros/src/first_helloworld_cpp'
[0.818s] INFO:colcon.colcon_core.package_selection:Skipping not selected package 'topic_test_cpp' in 'ws_correspond/topic_ros/src/topic_test_cpp'
[0.818s] INFO:colcon.colcon_core.package_selection:Skipping not selected package 'cpp01_topic' in 'ws_correspond/topic_ros/src/cpp01_topic'
[0.818s] INFO:colcon.colcon_core.package_selection:Skipping not selected package 'cpp02_server' in 'ws_correspond/server_ros/src/cpp02_server'
[0.818s] INFO:colcon.colcon_core.package_selection:Skipping not selected package 'cpp03_action' in 'ws_correspond/action_ros/src/cpp03_action'
[0.818s] INFO:colcon.colcon_core.package_selection:Skipping not selected package 'cpp07_exercise' in 'ws_correspond/exercise_ros/src/cpp07_exercise'
[0.819s] Level 1:colcon.colcon_core.package_discovery:discover_packages(prefix_path) check parameters
[0.819s] Level 1:colcon.colcon_core.package_discovery:discover_packages(prefix_path) discover
[0.822s] DEBUG:colcon.colcon_installed_package_information.package_discovery:Found 272 installed packages in /opt/ros/humble
[0.823s] Level 1:colcon.colcon_core.package_discovery:discover_packages(prefix_path) using defaults
[0.876s] Level 5:colcon.colcon_core.verb:set package 'cpp04_tf_listener' build argument 'cmake_args' from command line to 'None'
[0.876s] Level 5:colcon.colcon_core.verb:set package 'cpp04_tf_listener' build argument 'cmake_target' from command line to 'None'
[0.876s] Level 5:colcon.colcon_core.verb:set package 'cpp04_tf_listener' build argument 'cmake_target_skip_unavailable' from command line to 'False'
[0.876s] Level 5:colcon.colcon_core.verb:set package 'cpp04_tf_listener' build argument 'cmake_clean_cache' from command line to 'False'
[0.876s] Level 5:colcon.colcon_core.verb:set package 'cpp04_tf_listener' build argument 'cmake_clean_first' from command line to 'False'
[0.876s] Level 5:colcon.colcon_core.verb:set package 'cpp04_tf_listener' build argument 'cmake_force_configure' from command line to 'False'
[0.876s] Level 5:colcon.colcon_core.verb:set package 'cpp04_tf_listener' build argument 'ament_cmake_args' from command line to 'None'
[0.876s] Level 5:colcon.colcon_core.verb:set package 'cpp04_tf_listener' build argument 'catkin_cmake_args' from command line to 'None'
[0.876s] Level 5:colcon.colcon_core.verb:set package 'cpp04_tf_listener' build argument 'catkin_skip_building_tests' from command line to 'False'
[0.876s] DEBUG:colcon.colcon_core.verb:Building package 'cpp04_tf_listener' with the following arguments: {'ament_cmake_args': None, 'build_base': '/home/sophia/workspace/about_ros/code/about_ros2/build/cpp04_tf_listener', 'catkin_cmake_args': None, 'catkin_skip_building_tests': False, 'cmake_args': None, 'cmake_clean_cache': False, 'cmake_clean_first': False, 'cmake_force_configure': False, 'cmake_target': None, 'cmake_target_skip_unavailable': False, 'install_base': '/home/sophia/workspace/about_ros/code/about_ros2/install/cpp04_tf_listener', 'merge_install': False, 'path': '/home/sophia/workspace/about_ros/code/about_ros2/ws_tools/src/cpp04_tf_listener', 'symlink_install': False, 'test_result_base': None}
[0.877s] INFO:colcon.colcon_core.executor:Executing jobs using 'parallel' executor
[0.880s] DEBUG:colcon.colcon_parallel_executor.executor.parallel:run_until_complete
[0.880s] INFO:colcon.colcon_ros.task.ament_cmake.build:Building ROS package in '/home/sophia/workspace/about_ros/code/about_ros2/ws_tools/src/cpp04_tf_listener' with build type 'ament_cmake'
[0.880s] INFO:colcon.colcon_cmake.task.cmake.build:Building CMake package in '/home/sophia/workspace/about_ros/code/about_ros2/ws_tools/src/cpp04_tf_listener'
[0.883s] INFO:colcon.colcon_core.plugin_system:Skipping extension 'colcon_core.shell.bat': Not used on non-Windows systems
[0.884s] INFO:colcon.colcon_core.shell:Skip shell extension 'powershell' for command environment: Not usable outside of PowerShell
[0.884s] DEBUG:colcon.colcon_core.shell:Skip shell extension 'dsv' for command environment
[0.891s] DEBUG:colcon.colcon_core.event_handler.log_command:Invoking command in '/home/sophia/workspace/about_ros/code/about_ros2/build/cpp04_tf_listener': CMAKE_PREFIX_PATH=/opt/ros/humble /bin/cmake /home/sophia/workspace/about_ros/code/about_ros2/ws_tools/src/cpp04_tf_listener -DCMAKE_INSTALL_PREFIX=/home/sophia/workspace/about_ros/code/about_ros2/install/cpp04_tf_listener
[2.788s] DEBUG:colcon.colcon_core.event_handler.log_command:Invoked command in '/home/sophia/workspace/about_ros/code/about_ros2/build/cpp04_tf_listener' returned '0': CMAKE_PREFIX_PATH=/opt/ros/humble /bin/cmake /home/sophia/workspace/about_ros/code/about_ros2/ws_tools/src/cpp04_tf_listener -DCMAKE_INSTALL_PREFIX=/home/sophia/workspace/about_ros/code/about_ros2/install/cpp04_tf_listener
[2.790s] DEBUG:colcon.colcon_core.event_handler.log_command:Invoking command in '/home/sophia/workspace/about_ros/code/about_ros2/build/cpp04_tf_listener': CMAKE_PREFIX_PATH=/opt/ros/humble /bin/cmake --build /home/sophia/workspace/about_ros/code/about_ros2/build/cpp04_tf_listener -- -j8 -l8
[11.527s] DEBUG:colcon.colcon_core.event_handler.log_command:Invoked command in '/home/sophia/workspace/about_ros/code/about_ros2/build/cpp04_tf_listener' returned '0': CMAKE_PREFIX_PATH=/opt/ros/humble /bin/cmake --build /home/sophia/workspace/about_ros/code/about_ros2/build/cpp04_tf_listener -- -j8 -l8
[11.558s] DEBUG:colcon.colcon_core.event_handler.log_command:Invoking command in '/home/sophia/workspace/about_ros/code/about_ros2/build/cpp04_tf_listener': CMAKE_PREFIX_PATH=/opt/ros/humble /bin/cmake --install /home/sophia/workspace/about_ros/code/about_ros2/build/cpp04_tf_listener
[11.572s] Level 1:colcon.colcon_core.environment:create_environment_scripts_only(cpp04_tf_listener)
[11.574s] DEBUG:colcon.colcon_core.event_handler.log_command:Invoked command in '/home/sophia/workspace/about_ros/code/about_ros2/build/cpp04_tf_listener' returned '0': CMAKE_PREFIX_PATH=/opt/ros/humble /bin/cmake --install /home/sophia/workspace/about_ros/code/about_ros2/build/cpp04_tf_listener
[11.578s] Level 1:colcon.colcon_core.environment:checking '/home/sophia/workspace/about_ros/code/about_ros2/install/cpp04_tf_listener' for CMake module files
[11.579s] Level 1:colcon.colcon_core.environment:checking '/home/sophia/workspace/about_ros/code/about_ros2/install/cpp04_tf_listener' for CMake config files
[11.579s] Level 1:colcon.colcon_core.shell:create_environment_hook('cpp04_tf_listener', 'cmake_prefix_path')
[11.580s] INFO:colcon.colcon_core.shell:Creating environment hook '/home/sophia/workspace/about_ros/code/about_ros2/install/cpp04_tf_listener/share/cpp04_tf_listener/hook/cmake_prefix_path.ps1'
[11.581s] INFO:colcon.colcon_core.shell:Creating environment descriptor '/home/sophia/workspace/about_ros/code/about_ros2/install/cpp04_tf_listener/share/cpp04_tf_listener/hook/cmake_prefix_path.dsv'
[11.581s] INFO:colcon.colcon_core.shell:Creating environment hook '/home/sophia/workspace/about_ros/code/about_ros2/install/cpp04_tf_listener/share/cpp04_tf_listener/hook/cmake_prefix_path.sh'
[11.582s] Level 1:colcon.colcon_core.environment:checking '/home/sophia/workspace/about_ros/code/about_ros2/install/cpp04_tf_listener/lib'
[11.582s] Level 1:colcon.colcon_core.environment:checking '/home/sophia/workspace/about_ros/code/about_ros2/install/cpp04_tf_listener/bin'
[11.582s] Level 1:colcon.colcon_core.environment:checking '/home/sophia/workspace/about_ros/code/about_ros2/install/cpp04_tf_listener/lib/pkgconfig/cpp04_tf_listener.pc'
[11.582s] Level 1:colcon.colcon_core.environment:checking '/home/sophia/workspace/about_ros/code/about_ros2/install/cpp04_tf_listener/lib/python3.10/site-packages'
[11.582s] Level 1:colcon.colcon_core.environment:checking '/home/sophia/workspace/about_ros/code/about_ros2/install/cpp04_tf_listener/bin'
[11.583s] INFO:colcon.colcon_core.shell:Creating package script '/home/sophia/workspace/about_ros/code/about_ros2/install/cpp04_tf_listener/share/cpp04_tf_listener/package.ps1'
[11.584s] INFO:colcon.colcon_core.shell:Creating package descriptor '/home/sophia/workspace/about_ros/code/about_ros2/install/cpp04_tf_listener/share/cpp04_tf_listener/package.dsv'
[11.584s] INFO:colcon.colcon_core.shell:Creating package script '/home/sophia/workspace/about_ros/code/about_ros2/install/cpp04_tf_listener/share/cpp04_tf_listener/package.sh'
[11.585s] INFO:colcon.colcon_core.shell:Creating package script '/home/sophia/workspace/about_ros/code/about_ros2/install/cpp04_tf_listener/share/cpp04_tf_listener/package.bash'
[11.585s] INFO:colcon.colcon_core.shell:Creating package script '/home/sophia/workspace/about_ros/code/about_ros2/install/cpp04_tf_listener/share/cpp04_tf_listener/package.zsh'
[11.586s] Level 1:colcon.colcon_core.environment:create_file_with_runtime_dependencies(/home/sophia/workspace/about_ros/code/about_ros2/install/cpp04_tf_listener/share/colcon-core/packages/cpp04_tf_listener)
[11.609s] Level 1:colcon.colcon_core.environment:create_environment_scripts_only(cpp04_tf_listener)
[11.611s] Level 1:colcon.colcon_core.environment:checking '/home/sophia/workspace/about_ros/code/about_ros2/install/cpp04_tf_listener' for CMake module files
[11.611s] Level 1:colcon.colcon_core.environment:checking '/home/sophia/workspace/about_ros/code/about_ros2/install/cpp04_tf_listener' for CMake config files
[11.611s] Level 1:colcon.colcon_core.shell:create_environment_hook('cpp04_tf_listener', 'cmake_prefix_path')
[11.612s] INFO:colcon.colcon_core.shell:Creating environment hook '/home/sophia/workspace/about_ros/code/about_ros2/install/cpp04_tf_listener/share/cpp04_tf_listener/hook/cmake_prefix_path.ps1'
[11.613s] INFO:colcon.colcon_core.shell:Creating environment descriptor '/home/sophia/workspace/about_ros/code/about_ros2/install/cpp04_tf_listener/share/cpp04_tf_listener/hook/cmake_prefix_path.dsv'
[11.613s] INFO:colcon.colcon_core.shell:Creating environment hook '/home/sophia/workspace/about_ros/code/about_ros2/install/cpp04_tf_listener/share/cpp04_tf_listener/hook/cmake_prefix_path.sh'
[11.614s] Level 1:colcon.colcon_core.environment:checking '/home/sophia/workspace/about_ros/code/about_ros2/install/cpp04_tf_listener/lib'
[11.614s] Level 1:colcon.colcon_core.environment:checking '/home/sophia/workspace/about_ros/code/about_ros2/install/cpp04_tf_listener/bin'
[11.614s] Level 1:colcon.colcon_core.environment:checking '/home/sophia/workspace/about_ros/code/about_ros2/install/cpp04_tf_listener/lib/pkgconfig/cpp04_tf_listener.pc'
[11.614s] Level 1:colcon.colcon_core.environment:checking '/home/sophia/workspace/about_ros/code/about_ros2/install/cpp04_tf_listener/lib/python3.10/site-packages'
[11.614s] Level 1:colcon.colcon_core.environment:checking '/home/sophia/workspace/about_ros/code/about_ros2/install/cpp04_tf_listener/bin'
[11.615s] INFO:colcon.colcon_core.shell:Creating package script '/home/sophia/workspace/about_ros/code/about_ros2/install/cpp04_tf_listener/share/cpp04_tf_listener/package.ps1'
[11.616s] INFO:colcon.colcon_core.shell:Creating package descriptor '/home/sophia/workspace/about_ros/code/about_ros2/install/cpp04_tf_listener/share/cpp04_tf_listener/package.dsv'
[11.616s] INFO:colcon.colcon_core.shell:Creating package script '/home/sophia/workspace/about_ros/code/about_ros2/install/cpp04_tf_listener/share/cpp04_tf_listener/package.sh'
[11.616s] INFO:colcon.colcon_core.shell:Creating package script '/home/sophia/workspace/about_ros/code/about_ros2/install/cpp04_tf_listener/share/cpp04_tf_listener/package.bash'
[11.617s] INFO:colcon.colcon_core.shell:Creating package script '/home/sophia/workspace/about_ros/code/about_ros2/install/cpp04_tf_listener/share/cpp04_tf_listener/package.zsh'
[11.617s] Level 1:colcon.colcon_core.environment:create_file_with_runtime_dependencies(/home/sophia/workspace/about_ros/code/about_ros2/install/cpp04_tf_listener/share/colcon-core/packages/cpp04_tf_listener)
[11.617s] DEBUG:colcon.colcon_parallel_executor.executor.parallel:closing loop
[11.617s] DEBUG:colcon.colcon_parallel_executor.executor.parallel:loop closed
[11.617s] DEBUG:colcon.colcon_parallel_executor.executor.parallel:run_until_complete finished with '0'
[11.617s] DEBUG:colcon.colcon_core.event_reactor:joining thread
[11.638s] INFO:colcon.colcon_core.plugin_system:Skipping extension 'colcon_notification.desktop_notification.terminal_notifier': Not used on non-Darwin systems
[11.638s] INFO:colcon.colcon_core.plugin_system:Skipping extension 'colcon_notification.desktop_notification.win32': Not used on non-Windows systems
[11.638s] INFO:colcon.colcon_notification.desktop_notification:Sending desktop notification using 'notify2'
[11.649s] DEBUG:colcon.colcon_core.event_reactor:joined thread
[11.651s] INFO:colcon.colcon_core.shell:Creating prefix script '/home/sophia/workspace/about_ros/code/about_ros2/install/local_setup.ps1'
[11.652s] INFO:colcon.colcon_core.shell:Creating prefix util module '/home/sophia/workspace/about_ros/code/about_ros2/install/_local_setup_util_ps1.py'
[11.654s] INFO:colcon.colcon_core.shell:Creating prefix chain script '/home/sophia/workspace/about_ros/code/about_ros2/install/setup.ps1'
[11.656s] INFO:colcon.colcon_core.shell:Creating prefix script '/home/sophia/workspace/about_ros/code/about_ros2/install/local_setup.sh'
[11.656s] INFO:colcon.colcon_core.shell:Creating prefix util module '/home/sophia/workspace/about_ros/code/about_ros2/install/_local_setup_util_sh.py'
[11.657s] INFO:colcon.colcon_core.shell:Creating prefix chain script '/home/sophia/workspace/about_ros/code/about_ros2/install/setup.sh'
[11.658s] INFO:colcon.colcon_core.shell:Creating prefix script '/home/sophia/workspace/about_ros/code/about_ros2/install/local_setup.bash'
[11.658s] INFO:colcon.colcon_core.shell:Creating prefix chain script '/home/sophia/workspace/about_ros/code/about_ros2/install/setup.bash'
[11.660s] INFO:colcon.colcon_core.shell:Creating prefix script '/home/sophia/workspace/about_ros/code/about_ros2/install/local_setup.zsh'
[11.660s] INFO:colcon.colcon_core.shell:Creating prefix chain script '/home/sophia/workspace/about_ros/code/about_ros2/install/setup.zsh'
