[0.016s] Invoking command in '/home/sophia/workspace/about_ros/code/about_ros2/exercise_ros/build/base_interfaces_demo': CMAKE_PREFIX_PATH=${CMAKE_PREFIX_PATH}:/opt/ros/humble /usr/bin/cmake /home/sophia/workspace/about_ros/code/about_ros2/exercise_ros/src/base_interfaces_demo -DCMAKE_EXPORT_COMPILE_COMMANDS=ON -DCMAKE_INSTALL_PREFIX=/home/sophia/workspace/about_ros/code/about_ros2/exercise_ros/install/base_interfaces_demo
[0.028s] -- Found ament_cmake: 1.3.5 (/opt/ros/humble/share/ament_cmake/cmake)
[0.165s] -- Found ament_lint_auto: 0.12.7 (/opt/ros/humble/share/ament_lint_auto/cmake)
[0.228s] -- Added test 'lint_cmake' to check CMake code style
[0.229s] -- Added test 'xmllint' to check XML markup files
[0.230s] -- Configuring done
[0.232s] -- Generating done
[0.233s] [33mCMake Warning:
[0.233s]   Manually-specified variables were not used by the project:
[0.233s] 
[0.233s]     CMAKE_EXPORT_COMPILE_COMMANDS
[0.233s] 
[0.234s] [0m
[0.234s] -- Build files have been written to: /home/sophia/workspace/about_ros/code/about_ros2/exercise_ros/build/base_interfaces_demo
[0.238s] Invoked command in '/home/sophia/workspace/about_ros/code/about_ros2/exercise_ros/build/base_interfaces_demo' returned '0': CMAKE_PREFIX_PATH=${CMAKE_PREFIX_PATH}:/opt/ros/humble /usr/bin/cmake /home/sophia/workspace/about_ros/code/about_ros2/exercise_ros/src/base_interfaces_demo -DCMAKE_EXPORT_COMPILE_COMMANDS=ON -DCMAKE_INSTALL_PREFIX=/home/sophia/workspace/about_ros/code/about_ros2/exercise_ros/install/base_interfaces_demo
[0.239s] Invoking command in '/home/sophia/workspace/about_ros/code/about_ros2/exercise_ros/build/base_interfaces_demo': CMAKE_PREFIX_PATH=${CMAKE_PREFIX_PATH}:/opt/ros/humble /usr/bin/cmake --build /home/sophia/workspace/about_ros/code/about_ros2/exercise_ros/build/base_interfaces_demo -- -j8 -l8
[0.274s] Invoked command in '/home/sophia/workspace/about_ros/code/about_ros2/exercise_ros/build/base_interfaces_demo' returned '0': CMAKE_PREFIX_PATH=${CMAKE_PREFIX_PATH}:/opt/ros/humble /usr/bin/cmake --build /home/sophia/workspace/about_ros/code/about_ros2/exercise_ros/build/base_interfaces_demo -- -j8 -l8
[0.305s] Invoking command in '/home/sophia/workspace/about_ros/code/about_ros2/exercise_ros/build/base_interfaces_demo': CMAKE_PREFIX_PATH=${CMAKE_PREFIX_PATH}:/opt/ros/humble /usr/bin/cmake --install /home/sophia/workspace/about_ros/code/about_ros2/exercise_ros/build/base_interfaces_demo
[0.312s] -- Install configuration: ""
[0.312s] -- Up-to-date: /home/sophia/workspace/about_ros/code/about_ros2/exercise_ros/install/base_interfaces_demo/share/ament_index/resource_index/package_run_dependencies/base_interfaces_demo
[0.312s] -- Installing: /home/sophia/workspace/about_ros/code/about_ros2/exercise_ros/install/base_interfaces_demo/share/ament_index/resource_index/parent_prefix_path/base_interfaces_demo
[0.313s] -- Up-to-date: /home/sophia/workspace/about_ros/code/about_ros2/exercise_ros/install/base_interfaces_demo/share/base_interfaces_demo/environment/ament_prefix_path.sh
[0.313s] -- Installing: /home/sophia/workspace/about_ros/code/about_ros2/exercise_ros/install/base_interfaces_demo/share/base_interfaces_demo/environment/ament_prefix_path.dsv
[0.313s] -- Up-to-date: /home/sophia/workspace/about_ros/code/about_ros2/exercise_ros/install/base_interfaces_demo/share/base_interfaces_demo/environment/path.sh
[0.313s] -- Installing: /home/sophia/workspace/about_ros/code/about_ros2/exercise_ros/install/base_interfaces_demo/share/base_interfaces_demo/environment/path.dsv
[0.313s] -- Up-to-date: /home/sophia/workspace/about_ros/code/about_ros2/exercise_ros/install/base_interfaces_demo/share/base_interfaces_demo/local_setup.bash
[0.313s] -- Up-to-date: /home/sophia/workspace/about_ros/code/about_ros2/exercise_ros/install/base_interfaces_demo/share/base_interfaces_demo/local_setup.sh
[0.313s] -- Up-to-date: /home/sophia/workspace/about_ros/code/about_ros2/exercise_ros/install/base_interfaces_demo/share/base_interfaces_demo/local_setup.zsh
[0.313s] -- Installing: /home/sophia/workspace/about_ros/code/about_ros2/exercise_ros/install/base_interfaces_demo/share/base_interfaces_demo/local_setup.dsv
[0.313s] -- Installing: /home/sophia/workspace/about_ros/code/about_ros2/exercise_ros/install/base_interfaces_demo/share/base_interfaces_demo/package.dsv
[0.313s] -- Up-to-date: /home/sophia/workspace/about_ros/code/about_ros2/exercise_ros/install/base_interfaces_demo/share/ament_index/resource_index/packages/base_interfaces_demo
[0.313s] -- Up-to-date: /home/sophia/workspace/about_ros/code/about_ros2/exercise_ros/install/base_interfaces_demo/share/base_interfaces_demo/cmake/base_interfaces_demoConfig.cmake
[0.313s] -- Up-to-date: /home/sophia/workspace/about_ros/code/about_ros2/exercise_ros/install/base_interfaces_demo/share/base_interfaces_demo/cmake/base_interfaces_demoConfig-version.cmake
[0.313s] -- Up-to-date: /home/sophia/workspace/about_ros/code/about_ros2/exercise_ros/install/base_interfaces_demo/share/base_interfaces_demo/package.xml
[0.316s] Invoked command in '/home/sophia/workspace/about_ros/code/about_ros2/exercise_ros/build/base_interfaces_demo' returned '0': CMAKE_PREFIX_PATH=${CMAKE_PREFIX_PATH}:/opt/ros/humble /usr/bin/cmake --install /home/sophia/workspace/about_ros/code/about_ros2/exercise_ros/build/base_interfaces_demo
