[0.049s] Invoking command in '/home/sophia/workspace/about_ros/code/about_ros2/ws_tools/build/cpp05_exercise': CMAKE_PREFIX_PATH=${CMAKE_PREFIX_PATH}:/opt/ros/humble /bin/cmake /home/sophia/workspace/about_ros/code/about_ros2/ws_tools/src/cpp05_exercise -DCMAKE_EXPORT_COMPILE_COMMANDS=ON -DCMAKE_INSTALL_PREFIX=/home/sophia/workspace/about_ros/code/about_ros2/ws_tools/install/cpp05_exercise
[0.059s] -- Found ament_cmake: 1.3.5 (/opt/ros/humble/share/ament_cmake/cmake)
[0.203s] -- Found rclcpp: 16.0.5 (/opt/ros/humble/share/rclcpp/cmake)
[0.264s] -- Found rosidl_generator_c: 3.1.5 (/opt/ros/humble/share/rosidl_generator_c/cmake)
[0.266s] -- Found rosidl_adapter: 3.1.5 (/opt/ros/humble/share/rosidl_adapter/cmake)
[0.274s] -- Found rosidl_generator_cpp: 3.1.5 (/opt/ros/humble/share/rosidl_generator_cpp/cmake)
[0.286s] -- Using all available rosidl_typesupport_c: rosidl_typesupport_fastrtps_c;rosidl_typesupport_introspection_c
[0.312s] -- Using all available rosidl_typesupport_cpp: rosidl_typesupport_fastrtps_cpp;rosidl_typesupport_introspection_cpp
[0.416s] -- Found rmw_implementation_cmake: 6.1.1 (/opt/ros/humble/share/rmw_implementation_cmake/cmake)
[0.418s] -- Found rmw_fastrtps_cpp: 6.2.3 (/opt/ros/humble/share/rmw_fastrtps_cpp/cmake)
[0.593s] -- Using RMW implementation 'rmw_fastrtps_cpp' as default
[0.762s] -- Found tf2: 0.25.3 (/opt/ros/humble/share/tf2/cmake)
[0.820s] -- Found tf2_ros: 0.25.3 (/opt/ros/humble/share/tf2_ros/cmake)
[1.219s] -- Found turtlesim: 1.4.2 (/opt/ros/humble/share/turtlesim/cmake)
[1.286s] -- Found ament_lint_auto: 0.12.7 (/opt/ros/humble/share/ament_lint_auto/cmake)
[1.354s] -- Added test 'cppcheck' to perform static code analysis on C / C++ code
[1.354s] -- Configured cppcheck include dirs: $<BUILD_INTERFACE:/home/sophia/workspace/about_ros/code/about_ros2/ws_tools/src/cpp05_exercise/include>
[1.354s] -- Configured cppcheck exclude dirs and/or files: 
[1.354s] -- Added test 'lint_cmake' to check CMake code style
[1.355s] -- Added test 'uncrustify' to check C / C++ code style
[1.355s] -- Configured uncrustify additional arguments: 
[1.356s] -- Added test 'xmllint' to check XML markup files
[1.357s] -- Configuring done
[1.379s] -- Generating done
[1.381s] -- Build files have been written to: /home/sophia/workspace/about_ros/code/about_ros2/ws_tools/build/cpp05_exercise
