[0.010s] Invoking command in '/home/sophia/workspace/about_ros/code/about_ros2/topic_ros/build/base_interface_demo': /usr/bin/cmake /home/sophia/workspace/about_ros/code/about_ros2/topic_ros/src/base_interface_demo -DCMAKE_INSTALL_PREFIX=/home/sophia/workspace/about_ros/code/about_ros2/topic_ros/install/base_interface_demo
[0.088s] -- Found ament_cmake: 1.3.5 (/opt/ros/humble/share/ament_cmake/cmake)
[0.320s] Traceback (most recent call last):
[0.320s]   File "/opt/ros/humble/share/ament_cmake_core/cmake/package_templates/templates_2_cmake.py", line 21, in <module>
[0.320s]     from ament_package.templates import get_environment_hook_template_path
[0.320s] ModuleNotFoundError: No module named 'ament_package'
[0.331s] [31mCMake Error at /opt/ros/humble/share/ament_cmake_core/cmake/ament_cmake_package_templates-extras.cmake:41 (message):
[0.331s]   execute_process(/usr/bin/python3.10
[0.331s]   /opt/ros/humble/share/ament_cmake_core/cmake/package_templates/templates_2_cmake.py
[0.331s]   /home/sophia/workspace/about_ros/code/about_ros2/topic_ros/build/base_interface_demo/ament_cmake_package_templates/templates.cmake)
[0.332s]   returned error code 1
[0.332s] Call Stack (most recent call first):
[0.332s]   /opt/ros/humble/share/ament_cmake_core/cmake/ament_cmake_coreConfig.cmake:41 (include)
[0.332s]   /opt/ros/humble/share/ament_cmake/cmake/ament_cmake_export_dependencies-extras.cmake:15 (find_package)
[0.332s]   /opt/ros/humble/share/ament_cmake/cmake/ament_cmakeConfig.cmake:41 (include)
[0.332s]   CMakeLists.txt:9 (find_package)
[0.332s] 
[0.332s] [0m
[0.332s] -- Configuring incomplete, errors occurred!
[0.332s] See also "/home/sophia/workspace/about_ros/code/about_ros2/topic_ros/build/base_interface_demo/CMakeFiles/CMakeOutput.log".
[0.338s] Invoked command in '/home/sophia/workspace/about_ros/code/about_ros2/topic_ros/build/base_interface_demo' returned '1': /usr/bin/cmake /home/sophia/workspace/about_ros/code/about_ros2/topic_ros/src/base_interface_demo -DCMAKE_INSTALL_PREFIX=/home/sophia/workspace/about_ros/code/about_ros2/topic_ros/install/base_interface_demo
