[0.019s] Invoking command in '/home/sophia/workspace/about_ros/code/about_ros2/topic_ros/build/base_interface_demo': CMAKE_PREFIX_PATH=${CMAKE_PREFIX_PATH}:/opt/ros/humble /usr/bin/cmake --build /home/sophia/workspace/about_ros/code/about_ros2/topic_ros/build/base_interface_demo -- -j8 -l8
[0.194s] Invoked command in '/home/sophia/workspace/about_ros/code/about_ros2/topic_ros/build/base_interface_demo' returned '0': CMAKE_PREFIX_PATH=${CMAKE_PREFIX_PATH}:/opt/ros/humble /usr/bin/cmake --build /home/sophia/workspace/about_ros/code/about_ros2/topic_ros/build/base_interface_demo -- -j8 -l8
[0.220s] Invoking command in '/home/sophia/workspace/about_ros/code/about_ros2/topic_ros/build/base_interface_demo': CMAKE_PREFIX_PATH=${CMAKE_PREFIX_PATH}:/opt/ros/humble /usr/bin/cmake --install /home/sophia/workspace/about_ros/code/about_ros2/topic_ros/build/base_interface_demo
[0.227s] -- Install configuration: ""
[0.249s] -- Up-to-date: /home/sophia/workspace/about_ros/code/about_ros2/topic_ros/install/base_interface_demo/share/ament_index/resource_index/package_run_dependencies/base_interface_demo
[0.249s] -- Up-to-date: /home/sophia/workspace/about_ros/code/about_ros2/topic_ros/install/base_interface_demo/share/ament_index/resource_index/parent_prefix_path/base_interface_demo
[0.249s] -- Up-to-date: /home/sophia/workspace/about_ros/code/about_ros2/topic_ros/install/base_interface_demo/share/base_interface_demo/environment/ament_prefix_path.sh
[0.250s] -- Up-to-date: /home/sophia/workspace/about_ros/code/about_ros2/topic_ros/install/base_interface_demo/share/base_interface_demo/environment/ament_prefix_path.dsv
[0.250s] -- Up-to-date: /home/sophia/workspace/about_ros/code/about_ros2/topic_ros/install/base_interface_demo/share/base_interface_demo/environment/path.sh
[0.250s] -- Up-to-date: /home/sophia/workspace/about_ros/code/about_ros2/topic_ros/install/base_interface_demo/share/base_interface_demo/environment/path.dsv
[0.250s] -- Up-to-date: /home/sophia/workspace/about_ros/code/about_ros2/topic_ros/install/base_interface_demo/share/base_interface_demo/local_setup.bash
[0.250s] -- Up-to-date: /home/sophia/workspace/about_ros/code/about_ros2/topic_ros/install/base_interface_demo/share/base_interface_demo/local_setup.sh
[0.250s] -- Up-to-date: /home/sophia/workspace/about_ros/code/about_ros2/topic_ros/install/base_interface_demo/share/base_interface_demo/local_setup.zsh
[0.250s] -- Up-to-date: /home/sophia/workspace/about_ros/code/about_ros2/topic_ros/install/base_interface_demo/share/base_interface_demo/local_setup.dsv
[0.250s] -- Installing: /home/sophia/workspace/about_ros/code/about_ros2/topic_ros/install/base_interface_demo/share/base_interface_demo/package.dsv
[0.251s] -- Up-to-date: /home/sophia/workspace/about_ros/code/about_ros2/topic_ros/install/base_interface_demo/share/ament_index/resource_index/packages/base_interface_demo
[0.251s] -- Up-to-date: /home/sophia/workspace/about_ros/code/about_ros2/topic_ros/install/base_interface_demo/share/base_interface_demo/cmake/base_interface_demoConfig.cmake
[0.251s] -- Up-to-date: /home/sophia/workspace/about_ros/code/about_ros2/topic_ros/install/base_interface_demo/share/base_interface_demo/cmake/base_interface_demoConfig-version.cmake
[0.251s] -- Up-to-date: /home/sophia/workspace/about_ros/code/about_ros2/topic_ros/install/base_interface_demo/share/base_interface_demo/package.xml
[0.255s] Invoked command in '/home/sophia/workspace/about_ros/code/about_ros2/topic_ros/build/base_interface_demo' returned '0': CMAKE_PREFIX_PATH=${CMAKE_PREFIX_PATH}:/opt/ros/humble /usr/bin/cmake --install /home/sophia/workspace/about_ros/code/about_ros2/topic_ros/build/base_interface_demo
