[0.013s] Invoking command in '/home/sophia/workspace/about_ros/code/about_ros2/server_ros/build/base_interfaces_demo': CMAKE_PREFIX_PATH=${CMAKE_PREFIX_PATH}:/opt/ros/humble /usr/bin/cmake /home/sophia/workspace/about_ros/code/about_ros2/server_ros/src/base_interfaces_demo -DCMAKE_INSTALL_PREFIX=/home/sophia/workspace/about_ros/code/about_ros2/server_ros/install/base_interfaces_demo
[0.023s] -- Found ament_cmake: 1.3.5 (/opt/ros/humble/share/ament_cmake/cmake)
[0.152s] -- Found rosidl_default_generators: 1.2.0 (/opt/ros/humble/share/rosidl_default_generators/cmake)
[0.154s] -- Using all available rosidl_typesupport_c: rosidl_typesupport_fastrtps_c;rosidl_typesupport_introspection_c
[0.157s] -- Found rosidl_adapter: 3.1.5 (/opt/ros/humble/share/rosidl_adapter/cmake)
[0.186s] -- Using all available rosidl_typesupport_cpp: rosidl_typesupport_fastrtps_cpp;rosidl_typesupport_introspection_cpp
[0.489s] -- Found ament_cmake_ros: 0.10.0 (/opt/ros/humble/share/ament_cmake_ros/cmake)
[0.752s] -- Using all available rosidl_typesupport_c: rosidl_typesupport_fastrtps_c;rosidl_typesupport_introspection_c
[1.092s] -- Using all available rosidl_typesupport_cpp: rosidl_typesupport_fastrtps_cpp;rosidl_typesupport_introspection_cpp
[1.152s] -- Found PythonInterp: /usr/bin/python3 (found suitable version "3.10.12", minimum required is "3.6") 
[1.191s] -- Found python_cmake_module: 0.10.0 (/opt/ros/humble/share/python_cmake_module/cmake)
[1.322s] -- Found PythonLibs: /usr/lib/x86_64-linux-gnu/libpython3.10.so (found suitable version "3.10.12", minimum required is "3.5") 
[1.322s] -- Using PYTHON_EXECUTABLE: /usr/bin/python3
[1.323s] -- Using PYTHON_INCLUDE_DIRS: /usr/include/python3.10
[1.323s] -- Using PYTHON_LIBRARIES: /usr/lib/x86_64-linux-gnu/libpython3.10.so
[1.374s] -- Found PythonExtra: .so  
[1.474s] -- Found ament_lint_auto: 0.12.7 (/opt/ros/humble/share/ament_lint_auto/cmake)
[1.588s] -- Added test 'lint_cmake' to check CMake code style
[1.594s] -- Added test 'xmllint' to check XML markup files
[1.605s] -- Configuring done
[1.645s] -- Generating done
[1.647s] -- Build files have been written to: /home/sophia/workspace/about_ros/code/about_ros2/server_ros/build/base_interfaces_demo
[1.653s] Invoked command in '/home/sophia/workspace/about_ros/code/about_ros2/server_ros/build/base_interfaces_demo' returned '0': CMAKE_PREFIX_PATH=${CMAKE_PREFIX_PATH}:/opt/ros/humble /usr/bin/cmake /home/sophia/workspace/about_ros/code/about_ros2/server_ros/src/base_interfaces_demo -DCMAKE_INSTALL_PREFIX=/home/sophia/workspace/about_ros/code/about_ros2/server_ros/install/base_interfaces_demo
[1.653s] Invoking command in '/home/sophia/workspace/about_ros/code/about_ros2/server_ros/build/base_interfaces_demo': CMAKE_PREFIX_PATH=${CMAKE_PREFIX_PATH}:/opt/ros/humble /usr/bin/cmake --build /home/sophia/workspace/about_ros/code/about_ros2/server_ros/build/base_interfaces_demo -- -j8 -l8
[1.685s] [  3%] [34m[1mGenerating C code for ROS interfaces[0m
[1.693s] [  6%] [34m[1mGenerating C++ code for ROS interfaces[0m
[1.701s] [  6%] Built target ament_cmake_python_copy_base_interfaces_demo
[1.889s] running egg_info
[1.890s] creating base_interfaces_demo.egg-info
[1.905s] writing base_interfaces_demo.egg-info/PKG-INFO
[1.905s] writing dependency_links to base_interfaces_demo.egg-info/dependency_links.txt
[1.905s] writing top-level names to base_interfaces_demo.egg-info/top_level.txt
[1.905s] writing manifest file 'base_interfaces_demo.egg-info/SOURCES.txt'
[1.945s] reading manifest file 'base_interfaces_demo.egg-info/SOURCES.txt'
[1.946s] writing manifest file 'base_interfaces_demo.egg-info/SOURCES.txt'
[1.969s] [  6%] Built target ament_cmake_python_build_base_interfaces_demo_egg
[1.993s] [  6%] Built target base_interfaces_demo__cpp
[2.005s] [  9%] [34m[1mGenerating C++ type support dispatch for ROS interfaces[0m
[2.005s] [ 12%] [34m[1mGenerating C++ type support for eProsima Fast-RTPS[0m
[2.005s] [ 16%] [34m[1mGenerating C++ introspection for ROS interfaces[0m
[2.021s] [ 19%] [32mBuilding C object CMakeFiles/base_interfaces_demo__rosidl_generator_c.dir/rosidl_generator_c/base_interfaces_demo/srv/detail/add_ints__functions.c.o[0m
[2.119s] [ 22%] [32m[1mLinking C shared library libbase_interfaces_demo__rosidl_generator_c.so[0m
[2.151s] [ 22%] Built target base_interfaces_demo__rosidl_generator_c
[2.160s] [ 25%] [34m[1mGenerating C type support dispatch for ROS interfaces[0m
[2.161s] [ 29%] [34m[1mGenerating C type support for eProsima Fast-RTPS[0m
[2.161s] [ 32%] [34m[1mGenerating C introspection for ROS interfaces[0m
[2.285s] [ 35%] [32mBuilding CXX object CMakeFiles/base_interfaces_demo__rosidl_typesupport_cpp.dir/rosidl_typesupport_cpp/base_interfaces_demo/srv/add_ints__type_support.cpp.o[0m
[2.343s] [ 38%] [32mBuilding CXX object CMakeFiles/base_interfaces_demo__rosidl_typesupport_introspection_cpp.dir/rosidl_typesupport_introspection_cpp/base_interfaces_demo/srv/detail/add_ints__type_support.cpp.o[0m
[2.388s] [ 41%] [32mBuilding CXX object CMakeFiles/base_interfaces_demo__rosidl_typesupport_fastrtps_cpp.dir/rosidl_typesupport_fastrtps_cpp/base_interfaces_demo/srv/detail/dds_fastrtps/add_ints__type_support.cpp.o[0m
[2.439s] [ 45%] [32mBuilding CXX object CMakeFiles/base_interfaces_demo__rosidl_typesupport_c.dir/rosidl_typesupport_c/base_interfaces_demo/srv/add_ints__type_support.cpp.o[0m
[2.470s] [ 48%] [32m[1mLinking CXX shared library libbase_interfaces_demo__rosidl_typesupport_c.so[0m
[2.500s] [ 51%] [32mBuilding C object CMakeFiles/base_interfaces_demo__rosidl_typesupport_introspection_c.dir/rosidl_typesupport_introspection_c/base_interfaces_demo/srv/detail/add_ints__type_support.c.o[0m
[2.509s] [ 51%] Built target base_interfaces_demo__rosidl_typesupport_c
[2.535s] [ 54%] [32m[1mLinking C shared library libbase_interfaces_demo__rosidl_typesupport_introspection_c.so[0m
[2.564s] [ 54%] Built target base_interfaces_demo__rosidl_typesupport_introspection_c
[2.570s] [ 58%] [32mBuilding CXX object CMakeFiles/base_interfaces_demo__rosidl_typesupport_fastrtps_c.dir/rosidl_typesupport_fastrtps_c/base_interfaces_demo/srv/detail/add_ints__type_support_c.cpp.o[0m
[2.597s] [ 61%] [32m[1mLinking CXX shared library libbase_interfaces_demo__rosidl_typesupport_cpp.so[0m
[2.636s] [ 61%] Built target base_interfaces_demo__rosidl_typesupport_cpp
[2.766s] [ 64%] [32m[1mLinking CXX shared library libbase_interfaces_demo__rosidl_typesupport_introspection_cpp.so[0m
[2.804s] [ 64%] Built target base_interfaces_demo__rosidl_typesupport_introspection_cpp
[2.836s] [ 67%] [32m[1mLinking CXX shared library libbase_interfaces_demo__rosidl_typesupport_fastrtps_cpp.so[0m
[2.902s] [ 70%] [32m[1mLinking CXX shared library libbase_interfaces_demo__rosidl_typesupport_fastrtps_c.so[0m
[2.909s] [ 70%] Built target base_interfaces_demo__rosidl_typesupport_fastrtps_cpp
[2.969s] [ 70%] Built target base_interfaces_demo__rosidl_typesupport_fastrtps_c
[2.985s] [ 70%] Built target base_interfaces_demo
[3.001s] [ 74%] [34m[1mGenerating Python code for ROS interfaces[0m
[3.383s] [ 74%] Built target base_interfaces_demo__py
[3.399s] [ 77%] [32mBuilding C object CMakeFiles/base_interfaces_demo__rosidl_generator_py.dir/rosidl_generator_py/base_interfaces_demo/srv/_add_ints_s.c.o[0m
[3.573s] [ 80%] [32m[1mLinking C shared library rosidl_generator_py/base_interfaces_demo/libbase_interfaces_demo__rosidl_generator_py.so[0m
[3.606s] [ 80%] Built target base_interfaces_demo__rosidl_generator_py
[3.624s] [ 90%] [32mBuilding C object CMakeFiles/base_interfaces_demo__rosidl_typesupport_c__pyext.dir/rosidl_generator_py/base_interfaces_demo/_base_interfaces_demo_s.ep.rosidl_typesupport_c.c.o[0m
[3.624s] [ 90%] [32mBuilding C object CMakeFiles/base_interfaces_demo__rosidl_typesupport_introspection_c__pyext.dir/rosidl_generator_py/base_interfaces_demo/_base_interfaces_demo_s.ep.rosidl_typesupport_introspection_c.c.o[0m
[3.624s] [ 90%] [32mBuilding C object CMakeFiles/base_interfaces_demo__rosidl_typesupport_fastrtps_c__pyext.dir/rosidl_generator_py/base_interfaces_demo/_base_interfaces_demo_s.ep.rosidl_typesupport_fastrtps_c.c.o[0m
[3.709s] [ 93%] [32m[1mLinking C shared library rosidl_generator_py/base_interfaces_demo/base_interfaces_demo_s__rosidl_typesupport_c.cpython-310-x86_64-linux-gnu.so[0m
[3.710s] [ 96%] [32m[1mLinking C shared library rosidl_generator_py/base_interfaces_demo/base_interfaces_demo_s__rosidl_typesupport_introspection_c.cpython-310-x86_64-linux-gnu.so[0m
[3.717s] [100%] [32m[1mLinking C shared library rosidl_generator_py/base_interfaces_demo/base_interfaces_demo_s__rosidl_typesupport_fastrtps_c.cpython-310-x86_64-linux-gnu.so[0m
[3.739s] [100%] Built target base_interfaces_demo__rosidl_typesupport_c__pyext
[3.739s] [100%] Built target base_interfaces_demo__rosidl_typesupport_introspection_c__pyext
[3.748s] [100%] Built target base_interfaces_demo__rosidl_typesupport_fastrtps_c__pyext
[3.758s] Invoked command in '/home/sophia/workspace/about_ros/code/about_ros2/server_ros/build/base_interfaces_demo' returned '0': CMAKE_PREFIX_PATH=${CMAKE_PREFIX_PATH}:/opt/ros/humble /usr/bin/cmake --build /home/sophia/workspace/about_ros/code/about_ros2/server_ros/build/base_interfaces_demo -- -j8 -l8
[3.818s] Invoking command in '/home/sophia/workspace/about_ros/code/about_ros2/server_ros/build/base_interfaces_demo': CMAKE_PREFIX_PATH=${CMAKE_PREFIX_PATH}:/opt/ros/humble /usr/bin/cmake --install /home/sophia/workspace/about_ros/code/about_ros2/server_ros/build/base_interfaces_demo
[3.824s] -- Install configuration: ""
[3.824s] -- Installing: /home/sophia/workspace/about_ros/code/about_ros2/server_ros/install/base_interfaces_demo/share/ament_index/resource_index/rosidl_interfaces/base_interfaces_demo
[3.824s] -- Installing: /home/sophia/workspace/about_ros/code/about_ros2/server_ros/install/base_interfaces_demo/include/base_interfaces_demo/base_interfaces_demo
[3.824s] -- Installing: /home/sophia/workspace/about_ros/code/about_ros2/server_ros/install/base_interfaces_demo/include/base_interfaces_demo/base_interfaces_demo/msg
[3.825s] -- Installing: /home/sophia/workspace/about_ros/code/about_ros2/server_ros/install/base_interfaces_demo/include/base_interfaces_demo/base_interfaces_demo/msg/rosidl_generator_c__visibility_control.h
[3.825s] -- Installing: /home/sophia/workspace/about_ros/code/about_ros2/server_ros/install/base_interfaces_demo/include/base_interfaces_demo/base_interfaces_demo/srv
[3.825s] -- Installing: /home/sophia/workspace/about_ros/code/about_ros2/server_ros/install/base_interfaces_demo/include/base_interfaces_demo/base_interfaces_demo/srv/detail
[3.825s] -- Installing: /home/sophia/workspace/about_ros/code/about_ros2/server_ros/install/base_interfaces_demo/include/base_interfaces_demo/base_interfaces_demo/srv/detail/add_ints__struct.h
[3.825s] -- Installing: /home/sophia/workspace/about_ros/code/about_ros2/server_ros/install/base_interfaces_demo/include/base_interfaces_demo/base_interfaces_demo/srv/detail/add_ints__functions.c
[3.825s] -- Installing: /home/sophia/workspace/about_ros/code/about_ros2/server_ros/install/base_interfaces_demo/include/base_interfaces_demo/base_interfaces_demo/srv/detail/add_ints__functions.h
[3.825s] -- Installing: /home/sophia/workspace/about_ros/code/about_ros2/server_ros/install/base_interfaces_demo/include/base_interfaces_demo/base_interfaces_demo/srv/detail/add_ints__type_support.h
[3.825s] -- Installing: /home/sophia/workspace/about_ros/code/about_ros2/server_ros/install/base_interfaces_demo/include/base_interfaces_demo/base_interfaces_demo/srv/add_ints.h
[3.825s] -- Installing: /home/sophia/workspace/about_ros/code/about_ros2/server_ros/install/base_interfaces_demo/share/base_interfaces_demo/environment/library_path.sh
[3.825s] -- Installing: /home/sophia/workspace/about_ros/code/about_ros2/server_ros/install/base_interfaces_demo/share/base_interfaces_demo/environment/library_path.dsv
[3.826s] -- Installing: /home/sophia/workspace/about_ros/code/about_ros2/server_ros/install/base_interfaces_demo/lib/libbase_interfaces_demo__rosidl_generator_c.so
[3.826s] -- Set runtime path of "/home/sophia/workspace/about_ros/code/about_ros2/server_ros/install/base_interfaces_demo/lib/libbase_interfaces_demo__rosidl_generator_c.so" to ""
[3.826s] -- Up-to-date: /home/sophia/workspace/about_ros/code/about_ros2/server_ros/install/base_interfaces_demo/include/base_interfaces_demo/base_interfaces_demo
[3.826s] -- Up-to-date: /home/sophia/workspace/about_ros/code/about_ros2/server_ros/install/base_interfaces_demo/include/base_interfaces_demo/base_interfaces_demo/msg
[3.827s] -- Installing: /home/sophia/workspace/about_ros/code/about_ros2/server_ros/install/base_interfaces_demo/include/base_interfaces_demo/base_interfaces_demo/msg/rosidl_typesupport_fastrtps_c__visibility_control.h
[3.827s] -- Up-to-date: /home/sophia/workspace/about_ros/code/about_ros2/server_ros/install/base_interfaces_demo/include/base_interfaces_demo/base_interfaces_demo/srv
[3.827s] -- Up-to-date: /home/sophia/workspace/about_ros/code/about_ros2/server_ros/install/base_interfaces_demo/include/base_interfaces_demo/base_interfaces_demo/srv/detail
[3.827s] -- Installing: /home/sophia/workspace/about_ros/code/about_ros2/server_ros/install/base_interfaces_demo/include/base_interfaces_demo/base_interfaces_demo/srv/detail/add_ints__rosidl_typesupport_fastrtps_c.h
[3.827s] -- Installing: /home/sophia/workspace/about_ros/code/about_ros2/server_ros/install/base_interfaces_demo/lib/libbase_interfaces_demo__rosidl_typesupport_fastrtps_c.so
[3.827s] -- Set runtime path of "/home/sophia/workspace/about_ros/code/about_ros2/server_ros/install/base_interfaces_demo/lib/libbase_interfaces_demo__rosidl_typesupport_fastrtps_c.so" to ""
[3.827s] -- Up-to-date: /home/sophia/workspace/about_ros/code/about_ros2/server_ros/install/base_interfaces_demo/include/base_interfaces_demo/base_interfaces_demo
[3.827s] -- Up-to-date: /home/sophia/workspace/about_ros/code/about_ros2/server_ros/install/base_interfaces_demo/include/base_interfaces_demo/base_interfaces_demo/msg
[3.827s] -- Installing: /home/sophia/workspace/about_ros/code/about_ros2/server_ros/install/base_interfaces_demo/include/base_interfaces_demo/base_interfaces_demo/msg/rosidl_typesupport_introspection_c__visibility_control.h
[3.827s] -- Up-to-date: /home/sophia/workspace/about_ros/code/about_ros2/server_ros/install/base_interfaces_demo/include/base_interfaces_demo/base_interfaces_demo/srv
[3.827s] -- Up-to-date: /home/sophia/workspace/about_ros/code/about_ros2/server_ros/install/base_interfaces_demo/include/base_interfaces_demo/base_interfaces_demo/srv/detail
[3.827s] -- Installing: /home/sophia/workspace/about_ros/code/about_ros2/server_ros/install/base_interfaces_demo/include/base_interfaces_demo/base_interfaces_demo/srv/detail/add_ints__rosidl_typesupport_introspection_c.h
[3.828s] -- Installing: /home/sophia/workspace/about_ros/code/about_ros2/server_ros/install/base_interfaces_demo/include/base_interfaces_demo/base_interfaces_demo/srv/detail/add_ints__type_support.c
[3.828s] -- Installing: /home/sophia/workspace/about_ros/code/about_ros2/server_ros/install/base_interfaces_demo/lib/libbase_interfaces_demo__rosidl_typesupport_introspection_c.so
[3.828s] -- Set runtime path of "/home/sophia/workspace/about_ros/code/about_ros2/server_ros/install/base_interfaces_demo/lib/libbase_interfaces_demo__rosidl_typesupport_introspection_c.so" to ""
[3.828s] -- Installing: /home/sophia/workspace/about_ros/code/about_ros2/server_ros/install/base_interfaces_demo/lib/libbase_interfaces_demo__rosidl_typesupport_c.so
[3.829s] -- Set runtime path of "/home/sophia/workspace/about_ros/code/about_ros2/server_ros/install/base_interfaces_demo/lib/libbase_interfaces_demo__rosidl_typesupport_c.so" to ""
[3.829s] -- Up-to-date: /home/sophia/workspace/about_ros/code/about_ros2/server_ros/install/base_interfaces_demo/include/base_interfaces_demo/base_interfaces_demo
[3.829s] -- Up-to-date: /home/sophia/workspace/about_ros/code/about_ros2/server_ros/install/base_interfaces_demo/include/base_interfaces_demo/base_interfaces_demo/srv
[3.829s] -- Up-to-date: /home/sophia/workspace/about_ros/code/about_ros2/server_ros/install/base_interfaces_demo/include/base_interfaces_demo/base_interfaces_demo/srv/detail
[3.829s] -- Installing: /home/sophia/workspace/about_ros/code/about_ros2/server_ros/install/base_interfaces_demo/include/base_interfaces_demo/base_interfaces_demo/srv/detail/add_ints__struct.hpp
[3.829s] -- Installing: /home/sophia/workspace/about_ros/code/about_ros2/server_ros/install/base_interfaces_demo/include/base_interfaces_demo/base_interfaces_demo/srv/detail/add_ints__traits.hpp
[3.829s] -- Installing: /home/sophia/workspace/about_ros/code/about_ros2/server_ros/install/base_interfaces_demo/include/base_interfaces_demo/base_interfaces_demo/srv/detail/add_ints__builder.hpp
[3.829s] -- Installing: /home/sophia/workspace/about_ros/code/about_ros2/server_ros/install/base_interfaces_demo/include/base_interfaces_demo/base_interfaces_demo/srv/add_ints.hpp
[3.829s] -- Up-to-date: /home/sophia/workspace/about_ros/code/about_ros2/server_ros/install/base_interfaces_demo/include/base_interfaces_demo/base_interfaces_demo
[3.829s] -- Up-to-date: /home/sophia/workspace/about_ros/code/about_ros2/server_ros/install/base_interfaces_demo/include/base_interfaces_demo/base_interfaces_demo/msg
[3.829s] -- Installing: /home/sophia/workspace/about_ros/code/about_ros2/server_ros/install/base_interfaces_demo/include/base_interfaces_demo/base_interfaces_demo/msg/rosidl_typesupport_fastrtps_cpp__visibility_control.h
[3.829s] -- Up-to-date: /home/sophia/workspace/about_ros/code/about_ros2/server_ros/install/base_interfaces_demo/include/base_interfaces_demo/base_interfaces_demo/srv
[3.829s] -- Up-to-date: /home/sophia/workspace/about_ros/code/about_ros2/server_ros/install/base_interfaces_demo/include/base_interfaces_demo/base_interfaces_demo/srv/detail
[3.829s] -- Installing: /home/sophia/workspace/about_ros/code/about_ros2/server_ros/install/base_interfaces_demo/include/base_interfaces_demo/base_interfaces_demo/srv/detail/dds_fastrtps
[3.830s] -- Installing: /home/sophia/workspace/about_ros/code/about_ros2/server_ros/install/base_interfaces_demo/include/base_interfaces_demo/base_interfaces_demo/srv/detail/add_ints__rosidl_typesupport_fastrtps_cpp.hpp
[3.830s] -- Installing: /home/sophia/workspace/about_ros/code/about_ros2/server_ros/install/base_interfaces_demo/lib/libbase_interfaces_demo__rosidl_typesupport_fastrtps_cpp.so
[3.830s] -- Set runtime path of "/home/sophia/workspace/about_ros/code/about_ros2/server_ros/install/base_interfaces_demo/lib/libbase_interfaces_demo__rosidl_typesupport_fastrtps_cpp.so" to ""
[3.830s] -- Up-to-date: /home/sophia/workspace/about_ros/code/about_ros2/server_ros/install/base_interfaces_demo/include/base_interfaces_demo/base_interfaces_demo
[3.830s] -- Up-to-date: /home/sophia/workspace/about_ros/code/about_ros2/server_ros/install/base_interfaces_demo/include/base_interfaces_demo/base_interfaces_demo/srv
[3.830s] -- Up-to-date: /home/sophia/workspace/about_ros/code/about_ros2/server_ros/install/base_interfaces_demo/include/base_interfaces_demo/base_interfaces_demo/srv/detail
[3.830s] -- Installing: /home/sophia/workspace/about_ros/code/about_ros2/server_ros/install/base_interfaces_demo/include/base_interfaces_demo/base_interfaces_demo/srv/detail/add_ints__type_support.cpp
[3.830s] -- Installing: /home/sophia/workspace/about_ros/code/about_ros2/server_ros/install/base_interfaces_demo/include/base_interfaces_demo/base_interfaces_demo/srv/detail/add_ints__rosidl_typesupport_introspection_cpp.hpp
[3.831s] -- Installing: /home/sophia/workspace/about_ros/code/about_ros2/server_ros/install/base_interfaces_demo/lib/libbase_interfaces_demo__rosidl_typesupport_introspection_cpp.so
[3.831s] -- Set runtime path of "/home/sophia/workspace/about_ros/code/about_ros2/server_ros/install/base_interfaces_demo/lib/libbase_interfaces_demo__rosidl_typesupport_introspection_cpp.so" to ""
[3.831s] -- Installing: /home/sophia/workspace/about_ros/code/about_ros2/server_ros/install/base_interfaces_demo/lib/libbase_interfaces_demo__rosidl_typesupport_cpp.so
[3.831s] -- Set runtime path of "/home/sophia/workspace/about_ros/code/about_ros2/server_ros/install/base_interfaces_demo/lib/libbase_interfaces_demo__rosidl_typesupport_cpp.so" to ""
[3.831s] -- Installing: /home/sophia/workspace/about_ros/code/about_ros2/server_ros/install/base_interfaces_demo/share/base_interfaces_demo/environment/pythonpath.sh
[3.832s] -- Installing: /home/sophia/workspace/about_ros/code/about_ros2/server_ros/install/base_interfaces_demo/share/base_interfaces_demo/environment/pythonpath.dsv
[3.832s] -- Installing: /home/sophia/workspace/about_ros/code/about_ros2/server_ros/install/base_interfaces_demo/local/lib/python3.10/dist-packages/base_interfaces_demo-0.0.0-py3.10.egg-info
[3.832s] -- Installing: /home/sophia/workspace/about_ros/code/about_ros2/server_ros/install/base_interfaces_demo/local/lib/python3.10/dist-packages/base_interfaces_demo-0.0.0-py3.10.egg-info/top_level.txt
[3.832s] -- Installing: /home/sophia/workspace/about_ros/code/about_ros2/server_ros/install/base_interfaces_demo/local/lib/python3.10/dist-packages/base_interfaces_demo-0.0.0-py3.10.egg-info/SOURCES.txt
[3.832s] -- Installing: /home/sophia/workspace/about_ros/code/about_ros2/server_ros/install/base_interfaces_demo/local/lib/python3.10/dist-packages/base_interfaces_demo-0.0.0-py3.10.egg-info/PKG-INFO
[3.832s] -- Installing: /home/sophia/workspace/about_ros/code/about_ros2/server_ros/install/base_interfaces_demo/local/lib/python3.10/dist-packages/base_interfaces_demo-0.0.0-py3.10.egg-info/dependency_links.txt
[3.832s] -- Installing: /home/sophia/workspace/about_ros/code/about_ros2/server_ros/install/base_interfaces_demo/local/lib/python3.10/dist-packages/base_interfaces_demo
[3.832s] -- Installing: /home/sophia/workspace/about_ros/code/about_ros2/server_ros/install/base_interfaces_demo/local/lib/python3.10/dist-packages/base_interfaces_demo/_base_interfaces_demo_s.ep.rosidl_typesupport_c.c
[3.833s] -- Installing: /home/sophia/workspace/about_ros/code/about_ros2/server_ros/install/base_interfaces_demo/local/lib/python3.10/dist-packages/base_interfaces_demo/_base_interfaces_demo_s.ep.rosidl_typesupport_introspection_c.c
[3.833s] -- Installing: /home/sophia/workspace/about_ros/code/about_ros2/server_ros/install/base_interfaces_demo/local/lib/python3.10/dist-packages/base_interfaces_demo/_base_interfaces_demo_s.ep.rosidl_typesupport_fastrtps_c.c
[3.833s] -- Installing: /home/sophia/workspace/about_ros/code/about_ros2/server_ros/install/base_interfaces_demo/local/lib/python3.10/dist-packages/base_interfaces_demo/libbase_interfaces_demo__rosidl_generator_py.so
[3.833s] -- Installing: /home/sophia/workspace/about_ros/code/about_ros2/server_ros/install/base_interfaces_demo/local/lib/python3.10/dist-packages/base_interfaces_demo/__init__.py
[3.833s] -- Installing: /home/sophia/workspace/about_ros/code/about_ros2/server_ros/install/base_interfaces_demo/local/lib/python3.10/dist-packages/base_interfaces_demo/base_interfaces_demo_s__rosidl_typesupport_introspection_c.cpython-310-x86_64-linux-gnu.so
[3.833s] -- Installing: /home/sophia/workspace/about_ros/code/about_ros2/server_ros/install/base_interfaces_demo/local/lib/python3.10/dist-packages/base_interfaces_demo/srv
[3.833s] -- Installing: /home/sophia/workspace/about_ros/code/about_ros2/server_ros/install/base_interfaces_demo/local/lib/python3.10/dist-packages/base_interfaces_demo/srv/__init__.py
[3.833s] -- Installing: /home/sophia/workspace/about_ros/code/about_ros2/server_ros/install/base_interfaces_demo/local/lib/python3.10/dist-packages/base_interfaces_demo/srv/_add_ints_s.c
[3.834s] -- Installing: /home/sophia/workspace/about_ros/code/about_ros2/server_ros/install/base_interfaces_demo/local/lib/python3.10/dist-packages/base_interfaces_demo/srv/_add_ints.py
[3.834s] -- Installing: /home/sophia/workspace/about_ros/code/about_ros2/server_ros/install/base_interfaces_demo/local/lib/python3.10/dist-packages/base_interfaces_demo/base_interfaces_demo_s__rosidl_typesupport_c.cpython-310-x86_64-linux-gnu.so
[3.834s] -- Installing: /home/sophia/workspace/about_ros/code/about_ros2/server_ros/install/base_interfaces_demo/local/lib/python3.10/dist-packages/base_interfaces_demo/base_interfaces_demo_s__rosidl_typesupport_fastrtps_c.cpython-310-x86_64-linux-gnu.so
[3.865s] Listing '/home/sophia/workspace/about_ros/code/about_ros2/server_ros/install/base_interfaces_demo/local/lib/python3.10/dist-packages/base_interfaces_demo'...
[3.865s] Compiling '/home/sophia/workspace/about_ros/code/about_ros2/server_ros/install/base_interfaces_demo/local/lib/python3.10/dist-packages/base_interfaces_demo/__init__.py'...
[3.865s] Listing '/home/sophia/workspace/about_ros/code/about_ros2/server_ros/install/base_interfaces_demo/local/lib/python3.10/dist-packages/base_interfaces_demo/srv'...
[3.866s] Compiling '/home/sophia/workspace/about_ros/code/about_ros2/server_ros/install/base_interfaces_demo/local/lib/python3.10/dist-packages/base_interfaces_demo/srv/__init__.py'...
[3.866s] Compiling '/home/sophia/workspace/about_ros/code/about_ros2/server_ros/install/base_interfaces_demo/local/lib/python3.10/dist-packages/base_interfaces_demo/srv/_add_ints.py'...
[3.871s] -- Installing: /home/sophia/workspace/about_ros/code/about_ros2/server_ros/install/base_interfaces_demo/local/lib/python3.10/dist-packages/base_interfaces_demo/base_interfaces_demo_s__rosidl_typesupport_fastrtps_c.cpython-310-x86_64-linux-gnu.so
[3.871s] -- Set runtime path of "/home/sophia/workspace/about_ros/code/about_ros2/server_ros/install/base_interfaces_demo/local/lib/python3.10/dist-packages/base_interfaces_demo/base_interfaces_demo_s__rosidl_typesupport_fastrtps_c.cpython-310-x86_64-linux-gnu.so" to ""
[3.871s] -- Installing: /home/sophia/workspace/about_ros/code/about_ros2/server_ros/install/base_interfaces_demo/local/lib/python3.10/dist-packages/base_interfaces_demo/base_interfaces_demo_s__rosidl_typesupport_introspection_c.cpython-310-x86_64-linux-gnu.so
[3.871s] -- Set runtime path of "/home/sophia/workspace/about_ros/code/about_ros2/server_ros/install/base_interfaces_demo/local/lib/python3.10/dist-packages/base_interfaces_demo/base_interfaces_demo_s__rosidl_typesupport_introspection_c.cpython-310-x86_64-linux-gnu.so" to ""
[3.872s] -- Installing: /home/sophia/workspace/about_ros/code/about_ros2/server_ros/install/base_interfaces_demo/local/lib/python3.10/dist-packages/base_interfaces_demo/base_interfaces_demo_s__rosidl_typesupport_c.cpython-310-x86_64-linux-gnu.so
[3.872s] -- Set runtime path of "/home/sophia/workspace/about_ros/code/about_ros2/server_ros/install/base_interfaces_demo/local/lib/python3.10/dist-packages/base_interfaces_demo/base_interfaces_demo_s__rosidl_typesupport_c.cpython-310-x86_64-linux-gnu.so" to ""
[3.872s] -- Installing: /home/sophia/workspace/about_ros/code/about_ros2/server_ros/install/base_interfaces_demo/lib/libbase_interfaces_demo__rosidl_generator_py.so
[3.872s] -- Set runtime path of "/home/sophia/workspace/about_ros/code/about_ros2/server_ros/install/base_interfaces_demo/lib/libbase_interfaces_demo__rosidl_generator_py.so" to ""
[3.873s] -- Installing: /home/sophia/workspace/about_ros/code/about_ros2/server_ros/install/base_interfaces_demo/share/base_interfaces_demo/srv/AddInts.idl
[3.873s] -- Installing: /home/sophia/workspace/about_ros/code/about_ros2/server_ros/install/base_interfaces_demo/share/base_interfaces_demo/srv/AddInts.srv
[3.873s] -- Installing: /home/sophia/workspace/about_ros/code/about_ros2/server_ros/install/base_interfaces_demo/share/base_interfaces_demo/srv/AddInts_Request.msg
[3.873s] -- Installing: /home/sophia/workspace/about_ros/code/about_ros2/server_ros/install/base_interfaces_demo/share/base_interfaces_demo/srv/AddInts_Response.msg
[3.873s] -- Installing: /home/sophia/workspace/about_ros/code/about_ros2/server_ros/install/base_interfaces_demo/share/ament_index/resource_index/package_run_dependencies/base_interfaces_demo
[3.873s] -- Installing: /home/sophia/workspace/about_ros/code/about_ros2/server_ros/install/base_interfaces_demo/share/ament_index/resource_index/parent_prefix_path/base_interfaces_demo
[3.873s] -- Installing: /home/sophia/workspace/about_ros/code/about_ros2/server_ros/install/base_interfaces_demo/share/base_interfaces_demo/environment/ament_prefix_path.sh
[3.874s] -- Installing: /home/sophia/workspace/about_ros/code/about_ros2/server_ros/install/base_interfaces_demo/share/base_interfaces_demo/environment/ament_prefix_path.dsv
[3.874s] -- Installing: /home/sophia/workspace/about_ros/code/about_ros2/server_ros/install/base_interfaces_demo/share/base_interfaces_demo/environment/path.sh
[3.874s] -- Installing: /home/sophia/workspace/about_ros/code/about_ros2/server_ros/install/base_interfaces_demo/share/base_interfaces_demo/environment/path.dsv
[3.874s] -- Installing: /home/sophia/workspace/about_ros/code/about_ros2/server_ros/install/base_interfaces_demo/share/base_interfaces_demo/local_setup.bash
[3.874s] -- Installing: /home/sophia/workspace/about_ros/code/about_ros2/server_ros/install/base_interfaces_demo/share/base_interfaces_demo/local_setup.sh
[3.874s] -- Installing: /home/sophia/workspace/about_ros/code/about_ros2/server_ros/install/base_interfaces_demo/share/base_interfaces_demo/local_setup.zsh
[3.875s] -- Installing: /home/sophia/workspace/about_ros/code/about_ros2/server_ros/install/base_interfaces_demo/share/base_interfaces_demo/local_setup.dsv
[3.875s] -- Installing: /home/sophia/workspace/about_ros/code/about_ros2/server_ros/install/base_interfaces_demo/share/base_interfaces_demo/package.dsv
[3.875s] -- Installing: /home/sophia/workspace/about_ros/code/about_ros2/server_ros/install/base_interfaces_demo/share/ament_index/resource_index/packages/base_interfaces_demo
[3.875s] -- Installing: /home/sophia/workspace/about_ros/code/about_ros2/server_ros/install/base_interfaces_demo/share/base_interfaces_demo/cmake/export_base_interfaces_demo__rosidl_generator_cExport.cmake
[3.875s] -- Installing: /home/sophia/workspace/about_ros/code/about_ros2/server_ros/install/base_interfaces_demo/share/base_interfaces_demo/cmake/export_base_interfaces_demo__rosidl_generator_cExport-noconfig.cmake
[3.875s] -- Installing: /home/sophia/workspace/about_ros/code/about_ros2/server_ros/install/base_interfaces_demo/share/base_interfaces_demo/cmake/export_base_interfaces_demo__rosidl_typesupport_fastrtps_cExport.cmake
[3.876s] -- Installing: /home/sophia/workspace/about_ros/code/about_ros2/server_ros/install/base_interfaces_demo/share/base_interfaces_demo/cmake/export_base_interfaces_demo__rosidl_typesupport_fastrtps_cExport-noconfig.cmake
[3.876s] -- Installing: /home/sophia/workspace/about_ros/code/about_ros2/server_ros/install/base_interfaces_demo/share/base_interfaces_demo/cmake/base_interfaces_demo__rosidl_typesupport_introspection_cExport.cmake
[3.876s] -- Installing: /home/sophia/workspace/about_ros/code/about_ros2/server_ros/install/base_interfaces_demo/share/base_interfaces_demo/cmake/base_interfaces_demo__rosidl_typesupport_introspection_cExport-noconfig.cmake
[3.876s] -- Installing: /home/sophia/workspace/about_ros/code/about_ros2/server_ros/install/base_interfaces_demo/share/base_interfaces_demo/cmake/base_interfaces_demo__rosidl_typesupport_cExport.cmake
[3.876s] -- Installing: /home/sophia/workspace/about_ros/code/about_ros2/server_ros/install/base_interfaces_demo/share/base_interfaces_demo/cmake/base_interfaces_demo__rosidl_typesupport_cExport-noconfig.cmake
[3.876s] -- Installing: /home/sophia/workspace/about_ros/code/about_ros2/server_ros/install/base_interfaces_demo/share/base_interfaces_demo/cmake/export_base_interfaces_demo__rosidl_generator_cppExport.cmake
[3.876s] -- Installing: /home/sophia/workspace/about_ros/code/about_ros2/server_ros/install/base_interfaces_demo/share/base_interfaces_demo/cmake/export_base_interfaces_demo__rosidl_typesupport_fastrtps_cppExport.cmake
[3.877s] -- Installing: /home/sophia/workspace/about_ros/code/about_ros2/server_ros/install/base_interfaces_demo/share/base_interfaces_demo/cmake/export_base_interfaces_demo__rosidl_typesupport_fastrtps_cppExport-noconfig.cmake
[3.877s] -- Installing: /home/sophia/workspace/about_ros/code/about_ros2/server_ros/install/base_interfaces_demo/share/base_interfaces_demo/cmake/base_interfaces_demo__rosidl_typesupport_introspection_cppExport.cmake
[3.877s] -- Installing: /home/sophia/workspace/about_ros/code/about_ros2/server_ros/install/base_interfaces_demo/share/base_interfaces_demo/cmake/base_interfaces_demo__rosidl_typesupport_introspection_cppExport-noconfig.cmake
[3.877s] -- Installing: /home/sophia/workspace/about_ros/code/about_ros2/server_ros/install/base_interfaces_demo/share/base_interfaces_demo/cmake/base_interfaces_demo__rosidl_typesupport_cppExport.cmake
[3.877s] -- Installing: /home/sophia/workspace/about_ros/code/about_ros2/server_ros/install/base_interfaces_demo/share/base_interfaces_demo/cmake/base_interfaces_demo__rosidl_typesupport_cppExport-noconfig.cmake
[3.877s] -- Installing: /home/sophia/workspace/about_ros/code/about_ros2/server_ros/install/base_interfaces_demo/share/base_interfaces_demo/cmake/export_base_interfaces_demo__rosidl_generator_pyExport.cmake
[3.877s] -- Installing: /home/sophia/workspace/about_ros/code/about_ros2/server_ros/install/base_interfaces_demo/share/base_interfaces_demo/cmake/export_base_interfaces_demo__rosidl_generator_pyExport-noconfig.cmake
[3.878s] -- Installing: /home/sophia/workspace/about_ros/code/about_ros2/server_ros/install/base_interfaces_demo/share/base_interfaces_demo/cmake/rosidl_cmake-extras.cmake
[3.878s] -- Installing: /home/sophia/workspace/about_ros/code/about_ros2/server_ros/install/base_interfaces_demo/share/base_interfaces_demo/cmake/ament_cmake_export_include_directories-extras.cmake
[3.878s] -- Installing: /home/sophia/workspace/about_ros/code/about_ros2/server_ros/install/base_interfaces_demo/share/base_interfaces_demo/cmake/ament_cmake_export_libraries-extras.cmake
[3.878s] -- Installing: /home/sophia/workspace/about_ros/code/about_ros2/server_ros/install/base_interfaces_demo/share/base_interfaces_demo/cmake/ament_cmake_export_targets-extras.cmake
[3.878s] -- Installing: /home/sophia/workspace/about_ros/code/about_ros2/server_ros/install/base_interfaces_demo/share/base_interfaces_demo/cmake/rosidl_cmake_export_typesupport_targets-extras.cmake
[3.878s] -- Installing: /home/sophia/workspace/about_ros/code/about_ros2/server_ros/install/base_interfaces_demo/share/base_interfaces_demo/cmake/ament_cmake_export_dependencies-extras.cmake
[3.878s] -- Installing: /home/sophia/workspace/about_ros/code/about_ros2/server_ros/install/base_interfaces_demo/share/base_interfaces_demo/cmake/rosidl_cmake_export_typesupport_libraries-extras.cmake
[3.879s] -- Installing: /home/sophia/workspace/about_ros/code/about_ros2/server_ros/install/base_interfaces_demo/share/base_interfaces_demo/cmake/base_interfaces_demoConfig.cmake
[3.879s] -- Installing: /home/sophia/workspace/about_ros/code/about_ros2/server_ros/install/base_interfaces_demo/share/base_interfaces_demo/cmake/base_interfaces_demoConfig-version.cmake
[3.879s] -- Installing: /home/sophia/workspace/about_ros/code/about_ros2/server_ros/install/base_interfaces_demo/share/base_interfaces_demo/package.xml
[3.881s] Invoked command in '/home/sophia/workspace/about_ros/code/about_ros2/server_ros/build/base_interfaces_demo' returned '0': CMAKE_PREFIX_PATH=${CMAKE_PREFIX_PATH}:/opt/ros/humble /usr/bin/cmake --install /home/sophia/workspace/about_ros/code/about_ros2/server_ros/build/base_interfaces_demo
