[2.781s] DEBUG:colcon:Command line arguments: ['/bin/colcon', 'build', '--packages-select', 'cpp05_exercise']
[2.781s] DEBUG:colcon:Parsed command line arguments: Namespace(log_base=None, log_level=None, verb_name='build', build_base='build', install_base='install', merge_install=False, symlink_install=False, test_result_base=None, continue_on_error=False, executor='parallel', parallel_workers=8, event_handlers=None, ignore_user_meta=False, metas=['./colcon.meta'], base_paths=['.'], packages_ignore=None, packages_ignore_regex=None, paths=None, packages_up_to=None, packages_up_to_regex=None, packages_above=None, packages_above_and_dependencies=None, packages_above_depth=None, packages_select_by_dep=None, packages_skip_by_dep=None, packages_skip_up_to=None, packages_select_build_failed=False, packages_skip_build_finished=False, packages_select_test_failures=False, packages_skip_test_passed=False, packages_select=['cpp05_exercise'], packages_skip=None, packages_select_regex=None, packages_skip_regex=None, packages_start=None, packages_end=None, allow_overriding=[], cmake_args=None, cmake_target=None, cmake_target_skip_unavailable=False, cmake_clean_cache=False, cmake_clean_first=False, cmake_force_configure=False, ament_cmake_args=None, catkin_cmake_args=None, catkin_skip_building_tests=False, verb_parser=<colcon_defaults.argument_parser.defaults.DefaultArgumentsDecorator object at 0x7f183804eaa0>, verb_extension=<colcon_core.verb.build.BuildVerb object at 0x7f1838198520>, main=<bound method BuildVerb.main of <colcon_core.verb.build.BuildVerb object at 0x7f1838198520>>)
[3.019s] Level 1:colcon.colcon_core.package_discovery:discover_packages(colcon_meta) check parameters
[3.019s] Level 1:colcon.colcon_core.package_discovery:discover_packages(recursive) check parameters
[3.019s] Level 1:colcon.colcon_core.package_discovery:discover_packages(ignore) check parameters
[3.019s] Level 1:colcon.colcon_core.package_discovery:discover_packages(path) check parameters
[3.020s] Level 1:colcon.colcon_core.package_discovery:discover_packages(colcon_meta) discover
[3.020s] Level 1:colcon.colcon_core.package_discovery:discover_packages(recursive) discover
[3.020s] INFO:colcon.colcon_core.package_discovery:Crawling recursively for packages in '/home/sophia/workspace/about_ros/code/about_ros2'
[3.029s] Level 1:colcon.colcon_core.package_identification:_identify(.) by extensions ['ignore', 'ignore_ament_install']
[3.029s] Level 1:colcon.colcon_core.package_identification:_identify(.) by extension 'ignore'
[3.029s] Level 1:colcon.colcon_core.package_identification:_identify(.) by extension 'ignore_ament_install'
[3.029s] Level 1:colcon.colcon_core.package_identification:_identify(.) by extensions ['colcon_pkg']
[3.029s] Level 1:colcon.colcon_core.package_identification:_identify(.) by extension 'colcon_pkg'
[3.030s] Level 1:colcon.colcon_core.package_identification:_identify(.) by extensions ['colcon_meta']
[3.030s] Level 1:colcon.colcon_core.package_identification:_identify(.) by extension 'colcon_meta'
[3.030s] Level 1:colcon.colcon_core.package_identification:_identify(.) by extensions ['ros']
[3.030s] Level 1:colcon.colcon_core.package_identification:_identify(.) by extension 'ros'
[3.110s] Level 1:colcon.colcon_core.package_identification:_identify(.) by extensions ['cmake', 'python']
[3.111s] Level 1:colcon.colcon_core.package_identification:_identify(.) by extension 'cmake'
[3.111s] Level 1:colcon.colcon_core.package_identification:_identify(.) by extension 'python'
[3.111s] Level 1:colcon.colcon_core.package_identification:_identify(.) by extensions ['python_setup_py']
[3.111s] Level 1:colcon.colcon_core.package_identification:_identify(.) by extension 'python_setup_py'
[3.135s] Level 1:colcon.colcon_core.package_identification:_identify(build) by extensions ['ignore', 'ignore_ament_install']
[3.135s] Level 1:colcon.colcon_core.package_identification:_identify(build) by extension 'ignore'
[3.135s] Level 1:colcon.colcon_core.package_identification:_identify(build) ignored
[3.162s] Level 1:colcon.colcon_core.package_identification:_identify(code_snippet) by extensions ['ignore', 'ignore_ament_install']
[3.162s] Level 1:colcon.colcon_core.package_identification:_identify(code_snippet) by extension 'ignore'
[3.163s] Level 1:colcon.colcon_core.package_identification:_identify(code_snippet) by extension 'ignore_ament_install'
[3.163s] Level 1:colcon.colcon_core.package_identification:_identify(code_snippet) by extensions ['colcon_pkg']
[3.163s] Level 1:colcon.colcon_core.package_identification:_identify(code_snippet) by extension 'colcon_pkg'
[3.164s] Level 1:colcon.colcon_core.package_identification:_identify(code_snippet) by extensions ['colcon_meta']
[3.164s] Level 1:colcon.colcon_core.package_identification:_identify(code_snippet) by extension 'colcon_meta'
[3.164s] Level 1:colcon.colcon_core.package_identification:_identify(code_snippet) by extensions ['ros']
[3.164s] Level 1:colcon.colcon_core.package_identification:_identify(code_snippet) by extension 'ros'
[3.164s] Level 1:colcon.colcon_core.package_identification:_identify(code_snippet) by extensions ['cmake', 'python']
[3.164s] Level 1:colcon.colcon_core.package_identification:_identify(code_snippet) by extension 'cmake'
[3.165s] Level 1:colcon.colcon_core.package_identification:_identify(code_snippet) by extension 'python'
[3.165s] Level 1:colcon.colcon_core.package_identification:_identify(code_snippet) by extensions ['python_setup_py']
[3.165s] Level 1:colcon.colcon_core.package_identification:_identify(code_snippet) by extension 'python_setup_py'
[3.165s] Level 1:colcon.colcon_core.package_identification:_identify(exercise_ros) by extensions ['ignore', 'ignore_ament_install']
[3.166s] Level 1:colcon.colcon_core.package_identification:_identify(exercise_ros) by extension 'ignore'
[3.166s] Level 1:colcon.colcon_core.package_identification:_identify(exercise_ros) by extension 'ignore_ament_install'
[3.166s] Level 1:colcon.colcon_core.package_identification:_identify(exercise_ros) by extensions ['colcon_pkg']
[3.166s] Level 1:colcon.colcon_core.package_identification:_identify(exercise_ros) by extension 'colcon_pkg'
[3.167s] Level 1:colcon.colcon_core.package_identification:_identify(exercise_ros) by extensions ['colcon_meta']
[3.167s] Level 1:colcon.colcon_core.package_identification:_identify(exercise_ros) by extension 'colcon_meta'
[3.167s] Level 1:colcon.colcon_core.package_identification:_identify(exercise_ros) by extensions ['ros']
[3.167s] Level 1:colcon.colcon_core.package_identification:_identify(exercise_ros) by extension 'ros'
[3.167s] Level 1:colcon.colcon_core.package_identification:_identify(exercise_ros) by extensions ['cmake', 'python']
[3.168s] Level 1:colcon.colcon_core.package_identification:_identify(exercise_ros) by extension 'cmake'
[3.168s] Level 1:colcon.colcon_core.package_identification:_identify(exercise_ros) by extension 'python'
[3.168s] Level 1:colcon.colcon_core.package_identification:_identify(exercise_ros) by extensions ['python_setup_py']
[3.168s] Level 1:colcon.colcon_core.package_identification:_identify(exercise_ros) by extension 'python_setup_py'
[3.169s] Level 1:colcon.colcon_core.package_identification:_identify(exercise_ros/build) by extensions ['ignore', 'ignore_ament_install']
[3.169s] Level 1:colcon.colcon_core.package_identification:_identify(exercise_ros/build) by extension 'ignore'
[3.169s] Level 1:colcon.colcon_core.package_identification:_identify(exercise_ros/build) by extension 'ignore_ament_install'
[3.169s] Level 1:colcon.colcon_core.package_identification:_identify(exercise_ros/build) by extensions ['colcon_pkg']
[3.170s] Level 1:colcon.colcon_core.package_identification:_identify(exercise_ros/build) by extension 'colcon_pkg'
[3.170s] Level 1:colcon.colcon_core.package_identification:_identify(exercise_ros/build) by extensions ['colcon_meta']
[3.170s] Level 1:colcon.colcon_core.package_identification:_identify(exercise_ros/build) by extension 'colcon_meta'
[3.170s] Level 1:colcon.colcon_core.package_identification:_identify(exercise_ros/build) by extensions ['ros']
[3.170s] Level 1:colcon.colcon_core.package_identification:_identify(exercise_ros/build) by extension 'ros'
[3.171s] Level 1:colcon.colcon_core.package_identification:_identify(exercise_ros/build) by extensions ['cmake', 'python']
[3.171s] Level 1:colcon.colcon_core.package_identification:_identify(exercise_ros/build) by extension 'cmake'
[3.171s] Level 1:colcon.colcon_core.package_identification:_identify(exercise_ros/build) by extension 'python'
[3.171s] Level 1:colcon.colcon_core.package_identification:_identify(exercise_ros/build) by extensions ['python_setup_py']
[3.171s] Level 1:colcon.colcon_core.package_identification:_identify(exercise_ros/build) by extension 'python_setup_py'
[3.187s] Level 1:colcon.colcon_core.package_identification:_identify(first_ros) by extensions ['ignore', 'ignore_ament_install']
[3.187s] Level 1:colcon.colcon_core.package_identification:_identify(first_ros) by extension 'ignore'
[3.187s] Level 1:colcon.colcon_core.package_identification:_identify(first_ros) by extension 'ignore_ament_install'
[3.187s] Level 1:colcon.colcon_core.package_identification:_identify(first_ros) by extensions ['colcon_pkg']
[3.188s] Level 1:colcon.colcon_core.package_identification:_identify(first_ros) by extension 'colcon_pkg'
[3.188s] Level 1:colcon.colcon_core.package_identification:_identify(first_ros) by extensions ['colcon_meta']
[3.188s] Level 1:colcon.colcon_core.package_identification:_identify(first_ros) by extension 'colcon_meta'
[3.188s] Level 1:colcon.colcon_core.package_identification:_identify(first_ros) by extensions ['ros']
[3.188s] Level 1:colcon.colcon_core.package_identification:_identify(first_ros) by extension 'ros'
[3.189s] Level 1:colcon.colcon_core.package_identification:_identify(first_ros) by extensions ['cmake', 'python']
[3.189s] Level 1:colcon.colcon_core.package_identification:_identify(first_ros) by extension 'cmake'
[3.189s] Level 1:colcon.colcon_core.package_identification:_identify(first_ros) by extension 'python'
[3.189s] Level 1:colcon.colcon_core.package_identification:_identify(first_ros) by extensions ['python_setup_py']
[3.189s] Level 1:colcon.colcon_core.package_identification:_identify(first_ros) by extension 'python_setup_py'
[3.197s] Level 1:colcon.colcon_core.package_identification:_identify(first_ros/build) by extensions ['ignore', 'ignore_ament_install']
[3.197s] Level 1:colcon.colcon_core.package_identification:_identify(first_ros/build) by extension 'ignore'
[3.198s] Level 1:colcon.colcon_core.package_identification:_identify(first_ros/build) ignored
[3.199s] Level 1:colcon.colcon_core.package_identification:_identify(first_ros/install) by extensions ['ignore', 'ignore_ament_install']
[3.199s] Level 1:colcon.colcon_core.package_identification:_identify(first_ros/install) by extension 'ignore'
[3.199s] Level 1:colcon.colcon_core.package_identification:_identify(first_ros/install) ignored
[3.200s] Level 1:colcon.colcon_core.package_identification:_identify(first_ros/log) by extensions ['ignore', 'ignore_ament_install']
[3.200s] Level 1:colcon.colcon_core.package_identification:_identify(first_ros/log) by extension 'ignore'
[3.200s] Level 1:colcon.colcon_core.package_identification:_identify(first_ros/log) ignored
[3.209s] Level 1:colcon.colcon_core.package_identification:_identify(first_ros/src) by extensions ['ignore', 'ignore_ament_install']
[3.209s] Level 1:colcon.colcon_core.package_identification:_identify(first_ros/src) by extension 'ignore'
[3.209s] Level 1:colcon.colcon_core.package_identification:_identify(first_ros/src) by extension 'ignore_ament_install'
[3.210s] Level 1:colcon.colcon_core.package_identification:_identify(first_ros/src) by extensions ['colcon_pkg']
[3.210s] Level 1:colcon.colcon_core.package_identification:_identify(first_ros/src) by extension 'colcon_pkg'
[3.210s] Level 1:colcon.colcon_core.package_identification:_identify(first_ros/src) by extensions ['colcon_meta']
[3.210s] Level 1:colcon.colcon_core.package_identification:_identify(first_ros/src) by extension 'colcon_meta'
[3.210s] Level 1:colcon.colcon_core.package_identification:_identify(first_ros/src) by extensions ['ros']
[3.211s] Level 1:colcon.colcon_core.package_identification:_identify(first_ros/src) by extension 'ros'
[3.211s] Level 1:colcon.colcon_core.package_identification:_identify(first_ros/src) by extensions ['cmake', 'python']
[3.211s] Level 1:colcon.colcon_core.package_identification:_identify(first_ros/src) by extension 'cmake'
[3.211s] Level 1:colcon.colcon_core.package_identification:_identify(first_ros/src) by extension 'python'
[3.211s] Level 1:colcon.colcon_core.package_identification:_identify(first_ros/src) by extensions ['python_setup_py']
[3.211s] Level 1:colcon.colcon_core.package_identification:_identify(first_ros/src) by extension 'python_setup_py'
[3.213s] Level 1:colcon.colcon_core.package_identification:_identify(first_ros/src/first_helloworld_cpp) by extensions ['ignore', 'ignore_ament_install']
[3.214s] Level 1:colcon.colcon_core.package_identification:_identify(first_ros/src/first_helloworld_cpp) by extension 'ignore'
[3.214s] Level 1:colcon.colcon_core.package_identification:_identify(first_ros/src/first_helloworld_cpp) by extension 'ignore_ament_install'
[3.214s] Level 1:colcon.colcon_core.package_identification:_identify(first_ros/src/first_helloworld_cpp) by extensions ['colcon_pkg']
[3.214s] Level 1:colcon.colcon_core.package_identification:_identify(first_ros/src/first_helloworld_cpp) by extension 'colcon_pkg'
[3.214s] Level 1:colcon.colcon_core.package_identification:_identify(first_ros/src/first_helloworld_cpp) by extensions ['colcon_meta']
[3.215s] Level 1:colcon.colcon_core.package_identification:_identify(first_ros/src/first_helloworld_cpp) by extension 'colcon_meta'
[3.215s] Level 1:colcon.colcon_core.package_identification:_identify(first_ros/src/first_helloworld_cpp) by extensions ['ros']
[3.215s] Level 1:colcon.colcon_core.package_identification:_identify(first_ros/src/first_helloworld_cpp) by extension 'ros'
[3.224s] DEBUG:colcon.colcon_core.package_identification:Package 'first_ros/src/first_helloworld_cpp' with type 'ros.ament_cmake' and name 'first_helloworld_cpp'
[3.225s] Level 1:colcon.colcon_core.package_identification:_identify(install) by extensions ['ignore', 'ignore_ament_install']
[3.225s] Level 1:colcon.colcon_core.package_identification:_identify(install) by extension 'ignore'
[3.225s] Level 1:colcon.colcon_core.package_identification:_identify(install) ignored
[3.226s] Level 1:colcon.colcon_core.package_identification:_identify(log) by extensions ['ignore', 'ignore_ament_install']
[3.226s] Level 1:colcon.colcon_core.package_identification:_identify(log) by extension 'ignore'
[3.226s] Level 1:colcon.colcon_core.package_identification:_identify(log) ignored
[3.239s] Level 1:colcon.colcon_core.package_identification:_identify(ws_correspond) by extensions ['ignore', 'ignore_ament_install']
[3.240s] Level 1:colcon.colcon_core.package_identification:_identify(ws_correspond) by extension 'ignore'
[3.240s] Level 1:colcon.colcon_core.package_identification:_identify(ws_correspond) by extension 'ignore_ament_install'
[3.240s] Level 1:colcon.colcon_core.package_identification:_identify(ws_correspond) by extensions ['colcon_pkg']
[3.241s] Level 1:colcon.colcon_core.package_identification:_identify(ws_correspond) by extension 'colcon_pkg'
[3.241s] Level 1:colcon.colcon_core.package_identification:_identify(ws_correspond) by extensions ['colcon_meta']
[3.241s] Level 1:colcon.colcon_core.package_identification:_identify(ws_correspond) by extension 'colcon_meta'
[3.241s] Level 1:colcon.colcon_core.package_identification:_identify(ws_correspond) by extensions ['ros']
[3.241s] Level 1:colcon.colcon_core.package_identification:_identify(ws_correspond) by extension 'ros'
[3.241s] Level 1:colcon.colcon_core.package_identification:_identify(ws_correspond) by extensions ['cmake', 'python']
[3.242s] Level 1:colcon.colcon_core.package_identification:_identify(ws_correspond) by extension 'cmake'
[3.242s] Level 1:colcon.colcon_core.package_identification:_identify(ws_correspond) by extension 'python'
[3.242s] Level 1:colcon.colcon_core.package_identification:_identify(ws_correspond) by extensions ['python_setup_py']
[3.242s] Level 1:colcon.colcon_core.package_identification:_identify(ws_correspond) by extension 'python_setup_py'
[3.249s] Level 1:colcon.colcon_core.package_identification:_identify(ws_correspond/action_ros) by extensions ['ignore', 'ignore_ament_install']
[3.249s] Level 1:colcon.colcon_core.package_identification:_identify(ws_correspond/action_ros) by extension 'ignore'
[3.249s] Level 1:colcon.colcon_core.package_identification:_identify(ws_correspond/action_ros) by extension 'ignore_ament_install'
[3.250s] Level 1:colcon.colcon_core.package_identification:_identify(ws_correspond/action_ros) by extensions ['colcon_pkg']
[3.250s] Level 1:colcon.colcon_core.package_identification:_identify(ws_correspond/action_ros) by extension 'colcon_pkg'
[3.250s] Level 1:colcon.colcon_core.package_identification:_identify(ws_correspond/action_ros) by extensions ['colcon_meta']
[3.250s] Level 1:colcon.colcon_core.package_identification:_identify(ws_correspond/action_ros) by extension 'colcon_meta'
[3.250s] Level 1:colcon.colcon_core.package_identification:_identify(ws_correspond/action_ros) by extensions ['ros']
[3.250s] Level 1:colcon.colcon_core.package_identification:_identify(ws_correspond/action_ros) by extension 'ros'
[3.251s] Level 1:colcon.colcon_core.package_identification:_identify(ws_correspond/action_ros) by extensions ['cmake', 'python']
[3.251s] Level 1:colcon.colcon_core.package_identification:_identify(ws_correspond/action_ros) by extension 'cmake'
[3.251s] Level 1:colcon.colcon_core.package_identification:_identify(ws_correspond/action_ros) by extension 'python'
[3.251s] Level 1:colcon.colcon_core.package_identification:_identify(ws_correspond/action_ros) by extensions ['python_setup_py']
[3.251s] Level 1:colcon.colcon_core.package_identification:_identify(ws_correspond/action_ros) by extension 'python_setup_py'
[3.252s] Level 1:colcon.colcon_core.package_identification:_identify(ws_correspond/action_ros/build) by extensions ['ignore', 'ignore_ament_install']
[3.252s] Level 1:colcon.colcon_core.package_identification:_identify(ws_correspond/action_ros/build) by extension 'ignore'
[3.253s] Level 1:colcon.colcon_core.package_identification:_identify(ws_correspond/action_ros/build) ignored
[3.253s] Level 1:colcon.colcon_core.package_identification:_identify(ws_correspond/action_ros/install) by extensions ['ignore', 'ignore_ament_install']
[3.254s] Level 1:colcon.colcon_core.package_identification:_identify(ws_correspond/action_ros/install) by extension 'ignore'
[3.254s] Level 1:colcon.colcon_core.package_identification:_identify(ws_correspond/action_ros/install) ignored
[3.255s] Level 1:colcon.colcon_core.package_identification:_identify(ws_correspond/action_ros/log) by extensions ['ignore', 'ignore_ament_install']
[3.255s] Level 1:colcon.colcon_core.package_identification:_identify(ws_correspond/action_ros/log) by extension 'ignore'
[3.255s] Level 1:colcon.colcon_core.package_identification:_identify(ws_correspond/action_ros/log) ignored
[3.256s] Level 1:colcon.colcon_core.package_identification:_identify(ws_correspond/action_ros/src) by extensions ['ignore', 'ignore_ament_install']
[3.256s] Level 1:colcon.colcon_core.package_identification:_identify(ws_correspond/action_ros/src) by extension 'ignore'
[3.257s] Level 1:colcon.colcon_core.package_identification:_identify(ws_correspond/action_ros/src) by extension 'ignore_ament_install'
[3.257s] Level 1:colcon.colcon_core.package_identification:_identify(ws_correspond/action_ros/src) by extensions ['colcon_pkg']
[3.257s] Level 1:colcon.colcon_core.package_identification:_identify(ws_correspond/action_ros/src) by extension 'colcon_pkg'
[3.257s] Level 1:colcon.colcon_core.package_identification:_identify(ws_correspond/action_ros/src) by extensions ['colcon_meta']
[3.257s] Level 1:colcon.colcon_core.package_identification:_identify(ws_correspond/action_ros/src) by extension 'colcon_meta'
[3.258s] Level 1:colcon.colcon_core.package_identification:_identify(ws_correspond/action_ros/src) by extensions ['ros']
[3.258s] Level 1:colcon.colcon_core.package_identification:_identify(ws_correspond/action_ros/src) by extension 'ros'
[3.258s] Level 1:colcon.colcon_core.package_identification:_identify(ws_correspond/action_ros/src) by extensions ['cmake', 'python']
[3.258s] Level 1:colcon.colcon_core.package_identification:_identify(ws_correspond/action_ros/src) by extension 'cmake'
[3.258s] Level 1:colcon.colcon_core.package_identification:_identify(ws_correspond/action_ros/src) by extension 'python'
[3.259s] Level 1:colcon.colcon_core.package_identification:_identify(ws_correspond/action_ros/src) by extensions ['python_setup_py']
[3.259s] Level 1:colcon.colcon_core.package_identification:_identify(ws_correspond/action_ros/src) by extension 'python_setup_py'
[3.259s] Level 1:colcon.colcon_core.package_identification:_identify(ws_correspond/action_ros/src/base_interfaces_demo) by extensions ['ignore', 'ignore_ament_install']
[3.260s] Level 1:colcon.colcon_core.package_identification:_identify(ws_correspond/action_ros/src/base_interfaces_demo) by extension 'ignore'
[3.260s] Level 1:colcon.colcon_core.package_identification:_identify(ws_correspond/action_ros/src/base_interfaces_demo) by extension 'ignore_ament_install'
[3.260s] Level 1:colcon.colcon_core.package_identification:_identify(ws_correspond/action_ros/src/base_interfaces_demo) by extensions ['colcon_pkg']
[3.260s] Level 1:colcon.colcon_core.package_identification:_identify(ws_correspond/action_ros/src/base_interfaces_demo) by extension 'colcon_pkg'
[3.261s] Level 1:colcon.colcon_core.package_identification:_identify(ws_correspond/action_ros/src/base_interfaces_demo) by extensions ['colcon_meta']
[3.261s] Level 1:colcon.colcon_core.package_identification:_identify(ws_correspond/action_ros/src/base_interfaces_demo) by extension 'colcon_meta'
[3.261s] Level 1:colcon.colcon_core.package_identification:_identify(ws_correspond/action_ros/src/base_interfaces_demo) by extensions ['ros']
[3.261s] Level 1:colcon.colcon_core.package_identification:_identify(ws_correspond/action_ros/src/base_interfaces_demo) by extension 'ros'
[3.263s] DEBUG:colcon.colcon_core.package_identification:Package 'ws_correspond/action_ros/src/base_interfaces_demo' with type 'ros.ament_cmake' and name 'base_interfaces_demo'
[3.273s] Level 1:colcon.colcon_core.package_identification:_identify(ws_correspond/action_ros/src/cpp03_action) by extensions ['ignore', 'ignore_ament_install']
[3.273s] Level 1:colcon.colcon_core.package_identification:_identify(ws_correspond/action_ros/src/cpp03_action) by extension 'ignore'
[3.274s] Level 1:colcon.colcon_core.package_identification:_identify(ws_correspond/action_ros/src/cpp03_action) by extension 'ignore_ament_install'
[3.274s] Level 1:colcon.colcon_core.package_identification:_identify(ws_correspond/action_ros/src/cpp03_action) by extensions ['colcon_pkg']
[3.274s] Level 1:colcon.colcon_core.package_identification:_identify(ws_correspond/action_ros/src/cpp03_action) by extension 'colcon_pkg'
[3.274s] Level 1:colcon.colcon_core.package_identification:_identify(ws_correspond/action_ros/src/cpp03_action) by extensions ['colcon_meta']
[3.274s] Level 1:colcon.colcon_core.package_identification:_identify(ws_correspond/action_ros/src/cpp03_action) by extension 'colcon_meta'
[3.275s] Level 1:colcon.colcon_core.package_identification:_identify(ws_correspond/action_ros/src/cpp03_action) by extensions ['ros']
[3.275s] Level 1:colcon.colcon_core.package_identification:_identify(ws_correspond/action_ros/src/cpp03_action) by extension 'ros'
[3.277s] DEBUG:colcon.colcon_core.package_identification:Package 'ws_correspond/action_ros/src/cpp03_action' with type 'ros.ament_cmake' and name 'cpp03_action'
[3.285s] Level 1:colcon.colcon_core.package_identification:_identify(ws_correspond/exercise_ros) by extensions ['ignore', 'ignore_ament_install']
[3.286s] Level 1:colcon.colcon_core.package_identification:_identify(ws_correspond/exercise_ros) by extension 'ignore'
[3.286s] Level 1:colcon.colcon_core.package_identification:_identify(ws_correspond/exercise_ros) by extension 'ignore_ament_install'
[3.286s] Level 1:colcon.colcon_core.package_identification:_identify(ws_correspond/exercise_ros) by extensions ['colcon_pkg']
[3.286s] Level 1:colcon.colcon_core.package_identification:_identify(ws_correspond/exercise_ros) by extension 'colcon_pkg'
[3.287s] Level 1:colcon.colcon_core.package_identification:_identify(ws_correspond/exercise_ros) by extensions ['colcon_meta']
[3.287s] Level 1:colcon.colcon_core.package_identification:_identify(ws_correspond/exercise_ros) by extension 'colcon_meta'
[3.287s] Level 1:colcon.colcon_core.package_identification:_identify(ws_correspond/exercise_ros) by extensions ['ros']
[3.287s] Level 1:colcon.colcon_core.package_identification:_identify(ws_correspond/exercise_ros) by extension 'ros'
[3.287s] Level 1:colcon.colcon_core.package_identification:_identify(ws_correspond/exercise_ros) by extensions ['cmake', 'python']
[3.287s] Level 1:colcon.colcon_core.package_identification:_identify(ws_correspond/exercise_ros) by extension 'cmake'
[3.288s] Level 1:colcon.colcon_core.package_identification:_identify(ws_correspond/exercise_ros) by extension 'python'
[3.288s] Level 1:colcon.colcon_core.package_identification:_identify(ws_correspond/exercise_ros) by extensions ['python_setup_py']
[3.288s] Level 1:colcon.colcon_core.package_identification:_identify(ws_correspond/exercise_ros) by extension 'python_setup_py'
[3.289s] Level 1:colcon.colcon_core.package_identification:_identify(ws_correspond/exercise_ros/build) by extensions ['ignore', 'ignore_ament_install']
[3.289s] Level 1:colcon.colcon_core.package_identification:_identify(ws_correspond/exercise_ros/build) by extension 'ignore'
[3.289s] Level 1:colcon.colcon_core.package_identification:_identify(ws_correspond/exercise_ros/build) ignored
[3.290s] Level 1:colcon.colcon_core.package_identification:_identify(ws_correspond/exercise_ros/install) by extensions ['ignore', 'ignore_ament_install']
[3.290s] Level 1:colcon.colcon_core.package_identification:_identify(ws_correspond/exercise_ros/install) by extension 'ignore'
[3.290s] Level 1:colcon.colcon_core.package_identification:_identify(ws_correspond/exercise_ros/install) ignored
[3.291s] Level 1:colcon.colcon_core.package_identification:_identify(ws_correspond/exercise_ros/log) by extensions ['ignore', 'ignore_ament_install']
[3.292s] Level 1:colcon.colcon_core.package_identification:_identify(ws_correspond/exercise_ros/log) by extension 'ignore'
[3.292s] Level 1:colcon.colcon_core.package_identification:_identify(ws_correspond/exercise_ros/log) ignored
[3.292s] Level 1:colcon.colcon_core.package_identification:_identify(ws_correspond/exercise_ros/src) by extensions ['ignore', 'ignore_ament_install']
[3.293s] Level 1:colcon.colcon_core.package_identification:_identify(ws_correspond/exercise_ros/src) by extension 'ignore'
[3.293s] Level 1:colcon.colcon_core.package_identification:_identify(ws_correspond/exercise_ros/src) by extension 'ignore_ament_install'
[3.293s] Level 1:colcon.colcon_core.package_identification:_identify(ws_correspond/exercise_ros/src) by extensions ['colcon_pkg']
[3.293s] Level 1:colcon.colcon_core.package_identification:_identify(ws_correspond/exercise_ros/src) by extension 'colcon_pkg'
[3.293s] Level 1:colcon.colcon_core.package_identification:_identify(ws_correspond/exercise_ros/src) by extensions ['colcon_meta']
[3.294s] Level 1:colcon.colcon_core.package_identification:_identify(ws_correspond/exercise_ros/src) by extension 'colcon_meta'
[3.294s] Level 1:colcon.colcon_core.package_identification:_identify(ws_correspond/exercise_ros/src) by extensions ['ros']
[3.294s] Level 1:colcon.colcon_core.package_identification:_identify(ws_correspond/exercise_ros/src) by extension 'ros'
[3.294s] Level 1:colcon.colcon_core.package_identification:_identify(ws_correspond/exercise_ros/src) by extensions ['cmake', 'python']
[3.294s] Level 1:colcon.colcon_core.package_identification:_identify(ws_correspond/exercise_ros/src) by extension 'cmake'
[3.295s] Level 1:colcon.colcon_core.package_identification:_identify(ws_correspond/exercise_ros/src) by extension 'python'
[3.295s] Level 1:colcon.colcon_core.package_identification:_identify(ws_correspond/exercise_ros/src) by extensions ['python_setup_py']
[3.295s] Level 1:colcon.colcon_core.package_identification:_identify(ws_correspond/exercise_ros/src) by extension 'python_setup_py'
[3.297s] Level 1:colcon.colcon_core.package_identification:_identify(ws_correspond/exercise_ros/src/base_interfaces_demo) by extensions ['ignore', 'ignore_ament_install']
[3.298s] Level 1:colcon.colcon_core.package_identification:_identify(ws_correspond/exercise_ros/src/base_interfaces_demo) by extension 'ignore'
[3.298s] Level 1:colcon.colcon_core.package_identification:_identify(ws_correspond/exercise_ros/src/base_interfaces_demo) by extension 'ignore_ament_install'
[3.298s] Level 1:colcon.colcon_core.package_identification:_identify(ws_correspond/exercise_ros/src/base_interfaces_demo) by extensions ['colcon_pkg']
[3.298s] Level 1:colcon.colcon_core.package_identification:_identify(ws_correspond/exercise_ros/src/base_interfaces_demo) by extension 'colcon_pkg'
[3.298s] Level 1:colcon.colcon_core.package_identification:_identify(ws_correspond/exercise_ros/src/base_interfaces_demo) by extensions ['colcon_meta']
[3.299s] Level 1:colcon.colcon_core.package_identification:_identify(ws_correspond/exercise_ros/src/base_interfaces_demo) by extension 'colcon_meta'
[3.299s] Level 1:colcon.colcon_core.package_identification:_identify(ws_correspond/exercise_ros/src/base_interfaces_demo) by extensions ['ros']
[3.299s] Level 1:colcon.colcon_core.package_identification:_identify(ws_correspond/exercise_ros/src/base_interfaces_demo) by extension 'ros'
[3.301s] DEBUG:colcon.colcon_core.package_identification:Package 'ws_correspond/exercise_ros/src/base_interfaces_demo' with type 'ros.ament_cmake' and name 'base_interfaces_demo'
[3.302s] Level 1:colcon.colcon_core.package_identification:_identify(ws_correspond/exercise_ros/src/cpp07_exercise) by extensions ['ignore', 'ignore_ament_install']
[3.302s] Level 1:colcon.colcon_core.package_identification:_identify(ws_correspond/exercise_ros/src/cpp07_exercise) by extension 'ignore'
[3.302s] Level 1:colcon.colcon_core.package_identification:_identify(ws_correspond/exercise_ros/src/cpp07_exercise) by extension 'ignore_ament_install'
[3.303s] Level 1:colcon.colcon_core.package_identification:_identify(ws_correspond/exercise_ros/src/cpp07_exercise) by extensions ['colcon_pkg']
[3.303s] Level 1:colcon.colcon_core.package_identification:_identify(ws_correspond/exercise_ros/src/cpp07_exercise) by extension 'colcon_pkg'
[3.303s] Level 1:colcon.colcon_core.package_identification:_identify(ws_correspond/exercise_ros/src/cpp07_exercise) by extensions ['colcon_meta']
[3.303s] Level 1:colcon.colcon_core.package_identification:_identify(ws_correspond/exercise_ros/src/cpp07_exercise) by extension 'colcon_meta'
[3.303s] Level 1:colcon.colcon_core.package_identification:_identify(ws_correspond/exercise_ros/src/cpp07_exercise) by extensions ['ros']
[3.303s] Level 1:colcon.colcon_core.package_identification:_identify(ws_correspond/exercise_ros/src/cpp07_exercise) by extension 'ros'
[3.307s] DEBUG:colcon.colcon_core.package_identification:Package 'ws_correspond/exercise_ros/src/cpp07_exercise' with type 'ros.ament_cmake' and name 'cpp07_exercise'
[3.312s] Level 1:colcon.colcon_core.package_identification:_identify(ws_correspond/param_ros) by extensions ['ignore', 'ignore_ament_install']
[3.312s] Level 1:colcon.colcon_core.package_identification:_identify(ws_correspond/param_ros) by extension 'ignore'
[3.312s] Level 1:colcon.colcon_core.package_identification:_identify(ws_correspond/param_ros) by extension 'ignore_ament_install'
[3.313s] Level 1:colcon.colcon_core.package_identification:_identify(ws_correspond/param_ros) by extensions ['colcon_pkg']
[3.313s] Level 1:colcon.colcon_core.package_identification:_identify(ws_correspond/param_ros) by extension 'colcon_pkg'
[3.313s] Level 1:colcon.colcon_core.package_identification:_identify(ws_correspond/param_ros) by extensions ['colcon_meta']
[3.313s] Level 1:colcon.colcon_core.package_identification:_identify(ws_correspond/param_ros) by extension 'colcon_meta'
[3.313s] Level 1:colcon.colcon_core.package_identification:_identify(ws_correspond/param_ros) by extensions ['ros']
[3.313s] Level 1:colcon.colcon_core.package_identification:_identify(ws_correspond/param_ros) by extension 'ros'
[3.314s] Level 1:colcon.colcon_core.package_identification:_identify(ws_correspond/param_ros) by extensions ['cmake', 'python']
[3.314s] Level 1:colcon.colcon_core.package_identification:_identify(ws_correspond/param_ros) by extension 'cmake'
[3.314s] Level 1:colcon.colcon_core.package_identification:_identify(ws_correspond/param_ros) by extension 'python'
[3.314s] Level 1:colcon.colcon_core.package_identification:_identify(ws_correspond/param_ros) by extensions ['python_setup_py']
[3.314s] Level 1:colcon.colcon_core.package_identification:_identify(ws_correspond/param_ros) by extension 'python_setup_py'
[3.315s] Level 1:colcon.colcon_core.package_identification:_identify(ws_correspond/param_ros/build) by extensions ['ignore', 'ignore_ament_install']
[3.316s] Level 1:colcon.colcon_core.package_identification:_identify(ws_correspond/param_ros/build) by extension 'ignore'
[3.316s] Level 1:colcon.colcon_core.package_identification:_identify(ws_correspond/param_ros/build) ignored
[3.317s] Level 1:colcon.colcon_core.package_identification:_identify(ws_correspond/param_ros/install) by extensions ['ignore', 'ignore_ament_install']
[3.317s] Level 1:colcon.colcon_core.package_identification:_identify(ws_correspond/param_ros/install) by extension 'ignore'
[3.317s] Level 1:colcon.colcon_core.package_identification:_identify(ws_correspond/param_ros/install) ignored
[3.318s] Level 1:colcon.colcon_core.package_identification:_identify(ws_correspond/param_ros/log) by extensions ['ignore', 'ignore_ament_install']
[3.318s] Level 1:colcon.colcon_core.package_identification:_identify(ws_correspond/param_ros/log) by extension 'ignore'
[3.318s] Level 1:colcon.colcon_core.package_identification:_identify(ws_correspond/param_ros/log) ignored
[3.319s] Level 1:colcon.colcon_core.package_identification:_identify(ws_correspond/param_ros/src) by extensions ['ignore', 'ignore_ament_install']
[3.319s] Level 1:colcon.colcon_core.package_identification:_identify(ws_correspond/param_ros/src) by extension 'ignore'
[3.319s] Level 1:colcon.colcon_core.package_identification:_identify(ws_correspond/param_ros/src) by extension 'ignore_ament_install'
[3.320s] Level 1:colcon.colcon_core.package_identification:_identify(ws_correspond/param_ros/src) by extensions ['colcon_pkg']
[3.320s] Level 1:colcon.colcon_core.package_identification:_identify(ws_correspond/param_ros/src) by extension 'colcon_pkg'
[3.320s] Level 1:colcon.colcon_core.package_identification:_identify(ws_correspond/param_ros/src) by extensions ['colcon_meta']
[3.320s] Level 1:colcon.colcon_core.package_identification:_identify(ws_correspond/param_ros/src) by extension 'colcon_meta'
[3.320s] Level 1:colcon.colcon_core.package_identification:_identify(ws_correspond/param_ros/src) by extensions ['ros']
[3.321s] Level 1:colcon.colcon_core.package_identification:_identify(ws_correspond/param_ros/src) by extension 'ros'
[3.321s] Level 1:colcon.colcon_core.package_identification:_identify(ws_correspond/param_ros/src) by extensions ['cmake', 'python']
[3.321s] Level 1:colcon.colcon_core.package_identification:_identify(ws_correspond/param_ros/src) by extension 'cmake'
[3.321s] Level 1:colcon.colcon_core.package_identification:_identify(ws_correspond/param_ros/src) by extension 'python'
[3.321s] Level 1:colcon.colcon_core.package_identification:_identify(ws_correspond/param_ros/src) by extensions ['python_setup_py']
[3.321s] Level 1:colcon.colcon_core.package_identification:_identify(ws_correspond/param_ros/src) by extension 'python_setup_py'
[3.322s] Level 1:colcon.colcon_core.package_identification:_identify(ws_correspond/param_ros/src/cpp04_param) by extensions ['ignore', 'ignore_ament_install']
[3.322s] Level 1:colcon.colcon_core.package_identification:_identify(ws_correspond/param_ros/src/cpp04_param) by extension 'ignore'
[3.323s] Level 1:colcon.colcon_core.package_identification:_identify(ws_correspond/param_ros/src/cpp04_param) by extension 'ignore_ament_install'
[3.323s] Level 1:colcon.colcon_core.package_identification:_identify(ws_correspond/param_ros/src/cpp04_param) by extensions ['colcon_pkg']
[3.323s] Level 1:colcon.colcon_core.package_identification:_identify(ws_correspond/param_ros/src/cpp04_param) by extension 'colcon_pkg'
[3.323s] Level 1:colcon.colcon_core.package_identification:_identify(ws_correspond/param_ros/src/cpp04_param) by extensions ['colcon_meta']
[3.323s] Level 1:colcon.colcon_core.package_identification:_identify(ws_correspond/param_ros/src/cpp04_param) by extension 'colcon_meta'
[3.324s] Level 1:colcon.colcon_core.package_identification:_identify(ws_correspond/param_ros/src/cpp04_param) by extensions ['ros']
[3.324s] Level 1:colcon.colcon_core.package_identification:_identify(ws_correspond/param_ros/src/cpp04_param) by extension 'ros'
[3.326s] DEBUG:colcon.colcon_core.package_identification:Package 'ws_correspond/param_ros/src/cpp04_param' with type 'ros.ament_cmake' and name 'cpp04_param'
[3.337s] Level 1:colcon.colcon_core.package_identification:_identify(ws_correspond/server_ros) by extensions ['ignore', 'ignore_ament_install']
[3.337s] Level 1:colcon.colcon_core.package_identification:_identify(ws_correspond/server_ros) by extension 'ignore'
[3.338s] Level 1:colcon.colcon_core.package_identification:_identify(ws_correspond/server_ros) by extension 'ignore_ament_install'
[3.338s] Level 1:colcon.colcon_core.package_identification:_identify(ws_correspond/server_ros) by extensions ['colcon_pkg']
[3.338s] Level 1:colcon.colcon_core.package_identification:_identify(ws_correspond/server_ros) by extension 'colcon_pkg'
[3.338s] Level 1:colcon.colcon_core.package_identification:_identify(ws_correspond/server_ros) by extensions ['colcon_meta']
[3.338s] Level 1:colcon.colcon_core.package_identification:_identify(ws_correspond/server_ros) by extension 'colcon_meta'
[3.339s] Level 1:colcon.colcon_core.package_identification:_identify(ws_correspond/server_ros) by extensions ['ros']
[3.339s] Level 1:colcon.colcon_core.package_identification:_identify(ws_correspond/server_ros) by extension 'ros'
[3.339s] Level 1:colcon.colcon_core.package_identification:_identify(ws_correspond/server_ros) by extensions ['cmake', 'python']
[3.339s] Level 1:colcon.colcon_core.package_identification:_identify(ws_correspond/server_ros) by extension 'cmake'
[3.339s] Level 1:colcon.colcon_core.package_identification:_identify(ws_correspond/server_ros) by extension 'python'
[3.340s] Level 1:colcon.colcon_core.package_identification:_identify(ws_correspond/server_ros) by extensions ['python_setup_py']
[3.340s] Level 1:colcon.colcon_core.package_identification:_identify(ws_correspond/server_ros) by extension 'python_setup_py'
[3.340s] Level 1:colcon.colcon_core.package_identification:_identify(ws_correspond/server_ros/build) by extensions ['ignore', 'ignore_ament_install']
[3.341s] Level 1:colcon.colcon_core.package_identification:_identify(ws_correspond/server_ros/build) by extension 'ignore'
[3.341s] Level 1:colcon.colcon_core.package_identification:_identify(ws_correspond/server_ros/build) ignored
[3.342s] Level 1:colcon.colcon_core.package_identification:_identify(ws_correspond/server_ros/install) by extensions ['ignore', 'ignore_ament_install']
[3.342s] Level 1:colcon.colcon_core.package_identification:_identify(ws_correspond/server_ros/install) by extension 'ignore'
[3.342s] Level 1:colcon.colcon_core.package_identification:_identify(ws_correspond/server_ros/install) ignored
[3.343s] Level 1:colcon.colcon_core.package_identification:_identify(ws_correspond/server_ros/log) by extensions ['ignore', 'ignore_ament_install']
[3.343s] Level 1:colcon.colcon_core.package_identification:_identify(ws_correspond/server_ros/log) by extension 'ignore'
[3.343s] Level 1:colcon.colcon_core.package_identification:_identify(ws_correspond/server_ros/log) ignored
[3.344s] Level 1:colcon.colcon_core.package_identification:_identify(ws_correspond/server_ros/src) by extensions ['ignore', 'ignore_ament_install']
[3.344s] Level 1:colcon.colcon_core.package_identification:_identify(ws_correspond/server_ros/src) by extension 'ignore'
[3.345s] Level 1:colcon.colcon_core.package_identification:_identify(ws_correspond/server_ros/src) by extension 'ignore_ament_install'
[3.345s] Level 1:colcon.colcon_core.package_identification:_identify(ws_correspond/server_ros/src) by extensions ['colcon_pkg']
[3.345s] Level 1:colcon.colcon_core.package_identification:_identify(ws_correspond/server_ros/src) by extension 'colcon_pkg'
[3.345s] Level 1:colcon.colcon_core.package_identification:_identify(ws_correspond/server_ros/src) by extensions ['colcon_meta']
[3.345s] Level 1:colcon.colcon_core.package_identification:_identify(ws_correspond/server_ros/src) by extension 'colcon_meta'
[3.345s] Level 1:colcon.colcon_core.package_identification:_identify(ws_correspond/server_ros/src) by extensions ['ros']
[3.346s] Level 1:colcon.colcon_core.package_identification:_identify(ws_correspond/server_ros/src) by extension 'ros'
[3.346s] Level 1:colcon.colcon_core.package_identification:_identify(ws_correspond/server_ros/src) by extensions ['cmake', 'python']
[3.346s] Level 1:colcon.colcon_core.package_identification:_identify(ws_correspond/server_ros/src) by extension 'cmake'
[3.346s] Level 1:colcon.colcon_core.package_identification:_identify(ws_correspond/server_ros/src) by extension 'python'
[3.346s] Level 1:colcon.colcon_core.package_identification:_identify(ws_correspond/server_ros/src) by extensions ['python_setup_py']
[3.346s] Level 1:colcon.colcon_core.package_identification:_identify(ws_correspond/server_ros/src) by extension 'python_setup_py'
[3.347s] Level 1:colcon.colcon_core.package_identification:_identify(ws_correspond/server_ros/src/base_interfaces_demo) by extensions ['ignore', 'ignore_ament_install']
[3.347s] Level 1:colcon.colcon_core.package_identification:_identify(ws_correspond/server_ros/src/base_interfaces_demo) by extension 'ignore'
[3.348s] Level 1:colcon.colcon_core.package_identification:_identify(ws_correspond/server_ros/src/base_interfaces_demo) by extension 'ignore_ament_install'
[3.348s] Level 1:colcon.colcon_core.package_identification:_identify(ws_correspond/server_ros/src/base_interfaces_demo) by extensions ['colcon_pkg']
[3.348s] Level 1:colcon.colcon_core.package_identification:_identify(ws_correspond/server_ros/src/base_interfaces_demo) by extension 'colcon_pkg'
[3.348s] Level 1:colcon.colcon_core.package_identification:_identify(ws_correspond/server_ros/src/base_interfaces_demo) by extensions ['colcon_meta']
[3.348s] Level 1:colcon.colcon_core.package_identification:_identify(ws_correspond/server_ros/src/base_interfaces_demo) by extension 'colcon_meta'
[3.348s] Level 1:colcon.colcon_core.package_identification:_identify(ws_correspond/server_ros/src/base_interfaces_demo) by extensions ['ros']
[3.349s] Level 1:colcon.colcon_core.package_identification:_identify(ws_correspond/server_ros/src/base_interfaces_demo) by extension 'ros'
[3.350s] DEBUG:colcon.colcon_core.package_identification:Package 'ws_correspond/server_ros/src/base_interfaces_demo' with type 'ros.ament_cmake' and name 'base_interfaces_demo'
[3.351s] Level 1:colcon.colcon_core.package_identification:_identify(ws_correspond/server_ros/src/cpp02_server) by extensions ['ignore', 'ignore_ament_install']
[3.352s] Level 1:colcon.colcon_core.package_identification:_identify(ws_correspond/server_ros/src/cpp02_server) by extension 'ignore'
[3.352s] Level 1:colcon.colcon_core.package_identification:_identify(ws_correspond/server_ros/src/cpp02_server) by extension 'ignore_ament_install'
[3.352s] Level 1:colcon.colcon_core.package_identification:_identify(ws_correspond/server_ros/src/cpp02_server) by extensions ['colcon_pkg']
[3.352s] Level 1:colcon.colcon_core.package_identification:_identify(ws_correspond/server_ros/src/cpp02_server) by extension 'colcon_pkg'
[3.353s] Level 1:colcon.colcon_core.package_identification:_identify(ws_correspond/server_ros/src/cpp02_server) by extensions ['colcon_meta']
[3.353s] Level 1:colcon.colcon_core.package_identification:_identify(ws_correspond/server_ros/src/cpp02_server) by extension 'colcon_meta'
[3.353s] Level 1:colcon.colcon_core.package_identification:_identify(ws_correspond/server_ros/src/cpp02_server) by extensions ['ros']
[3.353s] Level 1:colcon.colcon_core.package_identification:_identify(ws_correspond/server_ros/src/cpp02_server) by extension 'ros'
[3.354s] DEBUG:colcon.colcon_core.package_identification:Package 'ws_correspond/server_ros/src/cpp02_server' with type 'ros.ament_cmake' and name 'cpp02_server'
[3.360s] Level 1:colcon.colcon_core.package_identification:_identify(ws_correspond/server_ros/src/first_hello_test) by extensions ['ignore', 'ignore_ament_install']
[3.360s] Level 1:colcon.colcon_core.package_identification:_identify(ws_correspond/server_ros/src/first_hello_test) by extension 'ignore'
[3.360s] Level 1:colcon.colcon_core.package_identification:_identify(ws_correspond/server_ros/src/first_hello_test) by extension 'ignore_ament_install'
[3.360s] Level 1:colcon.colcon_core.package_identification:_identify(ws_correspond/server_ros/src/first_hello_test) by extensions ['colcon_pkg']
[3.360s] Level 1:colcon.colcon_core.package_identification:_identify(ws_correspond/server_ros/src/first_hello_test) by extension 'colcon_pkg'
[3.360s] Level 1:colcon.colcon_core.package_identification:_identify(ws_correspond/server_ros/src/first_hello_test) by extensions ['colcon_meta']
[3.361s] Level 1:colcon.colcon_core.package_identification:_identify(ws_correspond/server_ros/src/first_hello_test) by extension 'colcon_meta'
[3.361s] Level 1:colcon.colcon_core.package_identification:_identify(ws_correspond/server_ros/src/first_hello_test) by extensions ['ros']
[3.361s] Level 1:colcon.colcon_core.package_identification:_identify(ws_correspond/server_ros/src/first_hello_test) by extension 'ros'
[3.362s] DEBUG:colcon.colcon_core.package_identification:Package 'ws_correspond/server_ros/src/first_hello_test' with type 'ros.ament_cmake' and name 'first_hello_test'
[3.382s] Level 1:colcon.colcon_core.package_identification:_identify(ws_correspond/topic_ros) by extensions ['ignore', 'ignore_ament_install']
[3.383s] Level 1:colcon.colcon_core.package_identification:_identify(ws_correspond/topic_ros) by extension 'ignore'
[3.383s] Level 1:colcon.colcon_core.package_identification:_identify(ws_correspond/topic_ros) by extension 'ignore_ament_install'
[3.383s] Level 1:colcon.colcon_core.package_identification:_identify(ws_correspond/topic_ros) by extensions ['colcon_pkg']
[3.383s] Level 1:colcon.colcon_core.package_identification:_identify(ws_correspond/topic_ros) by extension 'colcon_pkg'
[3.383s] Level 1:colcon.colcon_core.package_identification:_identify(ws_correspond/topic_ros) by extensions ['colcon_meta']
[3.383s] Level 1:colcon.colcon_core.package_identification:_identify(ws_correspond/topic_ros) by extension 'colcon_meta'
[3.383s] Level 1:colcon.colcon_core.package_identification:_identify(ws_correspond/topic_ros) by extensions ['ros']
[3.383s] Level 1:colcon.colcon_core.package_identification:_identify(ws_correspond/topic_ros) by extension 'ros'
[3.384s] Level 1:colcon.colcon_core.package_identification:_identify(ws_correspond/topic_ros) by extensions ['cmake', 'python']
[3.384s] Level 1:colcon.colcon_core.package_identification:_identify(ws_correspond/topic_ros) by extension 'cmake'
[3.384s] Level 1:colcon.colcon_core.package_identification:_identify(ws_correspond/topic_ros) by extension 'python'
[3.384s] Level 1:colcon.colcon_core.package_identification:_identify(ws_correspond/topic_ros) by extensions ['python_setup_py']
[3.384s] Level 1:colcon.colcon_core.package_identification:_identify(ws_correspond/topic_ros) by extension 'python_setup_py'
[3.413s] Level 1:colcon.colcon_core.package_identification:_identify(ws_correspond/topic_ros/build) by extensions ['ignore', 'ignore_ament_install']
[3.414s] Level 1:colcon.colcon_core.package_identification:_identify(ws_correspond/topic_ros/build) by extension 'ignore'
[3.414s] Level 1:colcon.colcon_core.package_identification:_identify(ws_correspond/topic_ros/build) ignored
[3.415s] Level 1:colcon.colcon_core.package_identification:_identify(ws_correspond/topic_ros/install) by extensions ['ignore', 'ignore_ament_install']
[3.415s] Level 1:colcon.colcon_core.package_identification:_identify(ws_correspond/topic_ros/install) by extension 'ignore'
[3.416s] Level 1:colcon.colcon_core.package_identification:_identify(ws_correspond/topic_ros/install) ignored
[3.416s] Level 1:colcon.colcon_core.package_identification:_identify(ws_correspond/topic_ros/log) by extensions ['ignore', 'ignore_ament_install']
[3.417s] Level 1:colcon.colcon_core.package_identification:_identify(ws_correspond/topic_ros/log) by extension 'ignore'
[3.417s] Level 1:colcon.colcon_core.package_identification:_identify(ws_correspond/topic_ros/log) ignored
[3.418s] Level 1:colcon.colcon_core.package_identification:_identify(ws_correspond/topic_ros/src) by extensions ['ignore', 'ignore_ament_install']
[3.418s] Level 1:colcon.colcon_core.package_identification:_identify(ws_correspond/topic_ros/src) by extension 'ignore'
[3.418s] Level 1:colcon.colcon_core.package_identification:_identify(ws_correspond/topic_ros/src) by extension 'ignore_ament_install'
[3.418s] Level 1:colcon.colcon_core.package_identification:_identify(ws_correspond/topic_ros/src) by extensions ['colcon_pkg']
[3.419s] Level 1:colcon.colcon_core.package_identification:_identify(ws_correspond/topic_ros/src) by extension 'colcon_pkg'
[3.419s] Level 1:colcon.colcon_core.package_identification:_identify(ws_correspond/topic_ros/src) by extensions ['colcon_meta']
[3.419s] Level 1:colcon.colcon_core.package_identification:_identify(ws_correspond/topic_ros/src) by extension 'colcon_meta'
[3.419s] Level 1:colcon.colcon_core.package_identification:_identify(ws_correspond/topic_ros/src) by extensions ['ros']
[3.419s] Level 1:colcon.colcon_core.package_identification:_identify(ws_correspond/topic_ros/src) by extension 'ros'
[3.420s] Level 1:colcon.colcon_core.package_identification:_identify(ws_correspond/topic_ros/src) by extensions ['cmake', 'python']
[3.420s] Level 1:colcon.colcon_core.package_identification:_identify(ws_correspond/topic_ros/src) by extension 'cmake'
[3.420s] Level 1:colcon.colcon_core.package_identification:_identify(ws_correspond/topic_ros/src) by extension 'python'
[3.420s] Level 1:colcon.colcon_core.package_identification:_identify(ws_correspond/topic_ros/src) by extensions ['python_setup_py']
[3.420s] Level 1:colcon.colcon_core.package_identification:_identify(ws_correspond/topic_ros/src) by extension 'python_setup_py'
[3.430s] Level 1:colcon.colcon_core.package_identification:_identify(ws_correspond/topic_ros/src/base_interface_demo) by extensions ['ignore', 'ignore_ament_install']
[3.431s] Level 1:colcon.colcon_core.package_identification:_identify(ws_correspond/topic_ros/src/base_interface_demo) by extension 'ignore'
[3.431s] Level 1:colcon.colcon_core.package_identification:_identify(ws_correspond/topic_ros/src/base_interface_demo) by extension 'ignore_ament_install'
[3.431s] Level 1:colcon.colcon_core.package_identification:_identify(ws_correspond/topic_ros/src/base_interface_demo) by extensions ['colcon_pkg']
[3.431s] Level 1:colcon.colcon_core.package_identification:_identify(ws_correspond/topic_ros/src/base_interface_demo) by extension 'colcon_pkg'
[3.431s] Level 1:colcon.colcon_core.package_identification:_identify(ws_correspond/topic_ros/src/base_interface_demo) by extensions ['colcon_meta']
[3.432s] Level 1:colcon.colcon_core.package_identification:_identify(ws_correspond/topic_ros/src/base_interface_demo) by extension 'colcon_meta'
[3.432s] Level 1:colcon.colcon_core.package_identification:_identify(ws_correspond/topic_ros/src/base_interface_demo) by extensions ['ros']
[3.432s] Level 1:colcon.colcon_core.package_identification:_identify(ws_correspond/topic_ros/src/base_interface_demo) by extension 'ros'
[3.434s] DEBUG:colcon.colcon_core.package_identification:Package 'ws_correspond/topic_ros/src/base_interface_demo' with type 'ros.ament_cmake' and name 'base_interface_demo'
[3.446s] Level 1:colcon.colcon_core.package_identification:_identify(ws_correspond/topic_ros/src/cpp01_topic) by extensions ['ignore', 'ignore_ament_install']
[3.447s] Level 1:colcon.colcon_core.package_identification:_identify(ws_correspond/topic_ros/src/cpp01_topic) by extension 'ignore'
[3.447s] Level 1:colcon.colcon_core.package_identification:_identify(ws_correspond/topic_ros/src/cpp01_topic) by extension 'ignore_ament_install'
[3.447s] Level 1:colcon.colcon_core.package_identification:_identify(ws_correspond/topic_ros/src/cpp01_topic) by extensions ['colcon_pkg']
[3.447s] Level 1:colcon.colcon_core.package_identification:_identify(ws_correspond/topic_ros/src/cpp01_topic) by extension 'colcon_pkg'
[3.448s] Level 1:colcon.colcon_core.package_identification:_identify(ws_correspond/topic_ros/src/cpp01_topic) by extensions ['colcon_meta']
[3.448s] Level 1:colcon.colcon_core.package_identification:_identify(ws_correspond/topic_ros/src/cpp01_topic) by extension 'colcon_meta'
[3.448s] Level 1:colcon.colcon_core.package_identification:_identify(ws_correspond/topic_ros/src/cpp01_topic) by extensions ['ros']
[3.448s] Level 1:colcon.colcon_core.package_identification:_identify(ws_correspond/topic_ros/src/cpp01_topic) by extension 'ros'
[3.451s] DEBUG:colcon.colcon_core.package_identification:Package 'ws_correspond/topic_ros/src/cpp01_topic' with type 'ros.ament_cmake' and name 'cpp01_topic'
[3.460s] Level 1:colcon.colcon_core.package_identification:_identify(ws_correspond/topic_ros/src/topic_test_cpp) by extensions ['ignore', 'ignore_ament_install']
[3.461s] Level 1:colcon.colcon_core.package_identification:_identify(ws_correspond/topic_ros/src/topic_test_cpp) by extension 'ignore'
[3.461s] Level 1:colcon.colcon_core.package_identification:_identify(ws_correspond/topic_ros/src/topic_test_cpp) by extension 'ignore_ament_install'
[3.461s] Level 1:colcon.colcon_core.package_identification:_identify(ws_correspond/topic_ros/src/topic_test_cpp) by extensions ['colcon_pkg']
[3.461s] Level 1:colcon.colcon_core.package_identification:_identify(ws_correspond/topic_ros/src/topic_test_cpp) by extension 'colcon_pkg'
[3.461s] Level 1:colcon.colcon_core.package_identification:_identify(ws_correspond/topic_ros/src/topic_test_cpp) by extensions ['colcon_meta']
[3.462s] Level 1:colcon.colcon_core.package_identification:_identify(ws_correspond/topic_ros/src/topic_test_cpp) by extension 'colcon_meta'
[3.462s] Level 1:colcon.colcon_core.package_identification:_identify(ws_correspond/topic_ros/src/topic_test_cpp) by extensions ['ros']
[3.462s] Level 1:colcon.colcon_core.package_identification:_identify(ws_correspond/topic_ros/src/topic_test_cpp) by extension 'ros'
[3.464s] DEBUG:colcon.colcon_core.package_identification:Package 'ws_correspond/topic_ros/src/topic_test_cpp' with type 'ros.ament_cmake' and name 'topic_test_cpp'
[3.464s] Level 1:colcon.colcon_core.package_identification:_identify(ws_tools) by extensions ['ignore', 'ignore_ament_install']
[3.465s] Level 1:colcon.colcon_core.package_identification:_identify(ws_tools) by extension 'ignore'
[3.465s] Level 1:colcon.colcon_core.package_identification:_identify(ws_tools) by extension 'ignore_ament_install'
[3.465s] Level 1:colcon.colcon_core.package_identification:_identify(ws_tools) by extensions ['colcon_pkg']
[3.465s] Level 1:colcon.colcon_core.package_identification:_identify(ws_tools) by extension 'colcon_pkg'
[3.465s] Level 1:colcon.colcon_core.package_identification:_identify(ws_tools) by extensions ['colcon_meta']
[3.465s] Level 1:colcon.colcon_core.package_identification:_identify(ws_tools) by extension 'colcon_meta'
[3.466s] Level 1:colcon.colcon_core.package_identification:_identify(ws_tools) by extensions ['ros']
[3.466s] Level 1:colcon.colcon_core.package_identification:_identify(ws_tools) by extension 'ros'
[3.466s] Level 1:colcon.colcon_core.package_identification:_identify(ws_tools) by extensions ['cmake', 'python']
[3.466s] Level 1:colcon.colcon_core.package_identification:_identify(ws_tools) by extension 'cmake'
[3.466s] Level 1:colcon.colcon_core.package_identification:_identify(ws_tools) by extension 'python'
[3.467s] Level 1:colcon.colcon_core.package_identification:_identify(ws_tools) by extensions ['python_setup_py']
[3.467s] Level 1:colcon.colcon_core.package_identification:_identify(ws_tools) by extension 'python_setup_py'
[3.467s] Level 1:colcon.colcon_core.package_identification:_identify(ws_tools/build) by extensions ['ignore', 'ignore_ament_install']
[3.467s] Level 1:colcon.colcon_core.package_identification:_identify(ws_tools/build) by extension 'ignore'
[3.468s] Level 1:colcon.colcon_core.package_identification:_identify(ws_tools/build) ignored
[3.483s] Level 1:colcon.colcon_core.package_identification:_identify(ws_tools/install) by extensions ['ignore', 'ignore_ament_install']
[3.484s] Level 1:colcon.colcon_core.package_identification:_identify(ws_tools/install) by extension 'ignore'
[3.484s] Level 1:colcon.colcon_core.package_identification:_identify(ws_tools/install) ignored
[3.493s] Level 1:colcon.colcon_core.package_identification:_identify(ws_tools/log) by extensions ['ignore', 'ignore_ament_install']
[3.493s] Level 1:colcon.colcon_core.package_identification:_identify(ws_tools/log) by extension 'ignore'
[3.493s] Level 1:colcon.colcon_core.package_identification:_identify(ws_tools/log) ignored
[3.503s] Level 1:colcon.colcon_core.package_identification:_identify(ws_tools/my_bag) by extensions ['ignore', 'ignore_ament_install']
[3.503s] Level 1:colcon.colcon_core.package_identification:_identify(ws_tools/my_bag) by extension 'ignore'
[3.503s] Level 1:colcon.colcon_core.package_identification:_identify(ws_tools/my_bag) by extension 'ignore_ament_install'
[3.504s] Level 1:colcon.colcon_core.package_identification:_identify(ws_tools/my_bag) by extensions ['colcon_pkg']
[3.504s] Level 1:colcon.colcon_core.package_identification:_identify(ws_tools/my_bag) by extension 'colcon_pkg'
[3.504s] Level 1:colcon.colcon_core.package_identification:_identify(ws_tools/my_bag) by extensions ['colcon_meta']
[3.504s] Level 1:colcon.colcon_core.package_identification:_identify(ws_tools/my_bag) by extension 'colcon_meta'
[3.504s] Level 1:colcon.colcon_core.package_identification:_identify(ws_tools/my_bag) by extensions ['ros']
[3.504s] Level 1:colcon.colcon_core.package_identification:_identify(ws_tools/my_bag) by extension 'ros'
[3.505s] Level 1:colcon.colcon_core.package_identification:_identify(ws_tools/my_bag) by extensions ['cmake', 'python']
[3.505s] Level 1:colcon.colcon_core.package_identification:_identify(ws_tools/my_bag) by extension 'cmake'
[3.505s] Level 1:colcon.colcon_core.package_identification:_identify(ws_tools/my_bag) by extension 'python'
[3.505s] Level 1:colcon.colcon_core.package_identification:_identify(ws_tools/my_bag) by extensions ['python_setup_py']
[3.506s] Level 1:colcon.colcon_core.package_identification:_identify(ws_tools/my_bag) by extension 'python_setup_py'
[3.506s] Level 1:colcon.colcon_core.package_identification:_identify(ws_tools/src) by extensions ['ignore', 'ignore_ament_install']
[3.506s] Level 1:colcon.colcon_core.package_identification:_identify(ws_tools/src) by extension 'ignore'
[3.507s] Level 1:colcon.colcon_core.package_identification:_identify(ws_tools/src) by extension 'ignore_ament_install'
[3.507s] Level 1:colcon.colcon_core.package_identification:_identify(ws_tools/src) by extensions ['colcon_pkg']
[3.507s] Level 1:colcon.colcon_core.package_identification:_identify(ws_tools/src) by extension 'colcon_pkg'
[3.507s] Level 1:colcon.colcon_core.package_identification:_identify(ws_tools/src) by extensions ['colcon_meta']
[3.507s] Level 1:colcon.colcon_core.package_identification:_identify(ws_tools/src) by extension 'colcon_meta'
[3.507s] Level 1:colcon.colcon_core.package_identification:_identify(ws_tools/src) by extensions ['ros']
[3.508s] Level 1:colcon.colcon_core.package_identification:_identify(ws_tools/src) by extension 'ros'
[3.508s] Level 1:colcon.colcon_core.package_identification:_identify(ws_tools/src) by extensions ['cmake', 'python']
[3.508s] Level 1:colcon.colcon_core.package_identification:_identify(ws_tools/src) by extension 'cmake'
[3.509s] Level 1:colcon.colcon_core.package_identification:_identify(ws_tools/src) by extension 'python'
[3.509s] Level 1:colcon.colcon_core.package_identification:_identify(ws_tools/src) by extensions ['python_setup_py']
[3.509s] Level 1:colcon.colcon_core.package_identification:_identify(ws_tools/src) by extension 'python_setup_py'
[3.510s] Level 1:colcon.colcon_core.package_identification:_identify(ws_tools/src/cpp01_launch) by extensions ['ignore', 'ignore_ament_install']
[3.510s] Level 1:colcon.colcon_core.package_identification:_identify(ws_tools/src/cpp01_launch) by extension 'ignore'
[3.510s] Level 1:colcon.colcon_core.package_identification:_identify(ws_tools/src/cpp01_launch) by extension 'ignore_ament_install'
[3.510s] Level 1:colcon.colcon_core.package_identification:_identify(ws_tools/src/cpp01_launch) by extensions ['colcon_pkg']
[3.511s] Level 1:colcon.colcon_core.package_identification:_identify(ws_tools/src/cpp01_launch) by extension 'colcon_pkg'
[3.511s] Level 1:colcon.colcon_core.package_identification:_identify(ws_tools/src/cpp01_launch) by extensions ['colcon_meta']
[3.511s] Level 1:colcon.colcon_core.package_identification:_identify(ws_tools/src/cpp01_launch) by extension 'colcon_meta'
[3.511s] Level 1:colcon.colcon_core.package_identification:_identify(ws_tools/src/cpp01_launch) by extensions ['ros']
[3.511s] Level 1:colcon.colcon_core.package_identification:_identify(ws_tools/src/cpp01_launch) by extension 'ros'
[3.515s] DEBUG:colcon.colcon_core.package_identification:Package 'ws_tools/src/cpp01_launch' with type 'ros.ament_cmake' and name 'cpp01_launch'
[3.525s] Level 1:colcon.colcon_core.package_identification:_identify(ws_tools/src/cpp02_rosbag) by extensions ['ignore', 'ignore_ament_install']
[3.525s] Level 1:colcon.colcon_core.package_identification:_identify(ws_tools/src/cpp02_rosbag) by extension 'ignore'
[3.525s] Level 1:colcon.colcon_core.package_identification:_identify(ws_tools/src/cpp02_rosbag) by extension 'ignore_ament_install'
[3.526s] Level 1:colcon.colcon_core.package_identification:_identify(ws_tools/src/cpp02_rosbag) by extensions ['colcon_pkg']
[3.526s] Level 1:colcon.colcon_core.package_identification:_identify(ws_tools/src/cpp02_rosbag) by extension 'colcon_pkg'
[3.526s] Level 1:colcon.colcon_core.package_identification:_identify(ws_tools/src/cpp02_rosbag) by extensions ['colcon_meta']
[3.526s] Level 1:colcon.colcon_core.package_identification:_identify(ws_tools/src/cpp02_rosbag) by extension 'colcon_meta'
[3.526s] Level 1:colcon.colcon_core.package_identification:_identify(ws_tools/src/cpp02_rosbag) by extensions ['ros']
[3.527s] Level 1:colcon.colcon_core.package_identification:_identify(ws_tools/src/cpp02_rosbag) by extension 'ros'
[3.529s] DEBUG:colcon.colcon_core.package_identification:Package 'ws_tools/src/cpp02_rosbag' with type 'ros.ament_cmake' and name 'cpp02_rosbag'
[3.543s] Level 1:colcon.colcon_core.package_identification:_identify(ws_tools/src/cpp03_tf_broadcaster) by extensions ['ignore', 'ignore_ament_install']
[3.544s] Level 1:colcon.colcon_core.package_identification:_identify(ws_tools/src/cpp03_tf_broadcaster) by extension 'ignore'
[3.544s] Level 1:colcon.colcon_core.package_identification:_identify(ws_tools/src/cpp03_tf_broadcaster) by extension 'ignore_ament_install'
[3.544s] Level 1:colcon.colcon_core.package_identification:_identify(ws_tools/src/cpp03_tf_broadcaster) by extensions ['colcon_pkg']
[3.544s] Level 1:colcon.colcon_core.package_identification:_identify(ws_tools/src/cpp03_tf_broadcaster) by extension 'colcon_pkg'
[3.545s] Level 1:colcon.colcon_core.package_identification:_identify(ws_tools/src/cpp03_tf_broadcaster) by extensions ['colcon_meta']
[3.545s] Level 1:colcon.colcon_core.package_identification:_identify(ws_tools/src/cpp03_tf_broadcaster) by extension 'colcon_meta'
[3.545s] Level 1:colcon.colcon_core.package_identification:_identify(ws_tools/src/cpp03_tf_broadcaster) by extensions ['ros']
[3.545s] Level 1:colcon.colcon_core.package_identification:_identify(ws_tools/src/cpp03_tf_broadcaster) by extension 'ros'
[3.549s] DEBUG:colcon.colcon_core.package_identification:Package 'ws_tools/src/cpp03_tf_broadcaster' with type 'ros.ament_cmake' and name 'cpp03_tf_broadcaster'
[3.558s] Level 1:colcon.colcon_core.package_identification:_identify(ws_tools/src/cpp04_tf_listener) by extensions ['ignore', 'ignore_ament_install']
[3.558s] Level 1:colcon.colcon_core.package_identification:_identify(ws_tools/src/cpp04_tf_listener) by extension 'ignore'
[3.559s] Level 1:colcon.colcon_core.package_identification:_identify(ws_tools/src/cpp04_tf_listener) by extension 'ignore_ament_install'
[3.559s] Level 1:colcon.colcon_core.package_identification:_identify(ws_tools/src/cpp04_tf_listener) by extensions ['colcon_pkg']
[3.559s] Level 1:colcon.colcon_core.package_identification:_identify(ws_tools/src/cpp04_tf_listener) by extension 'colcon_pkg'
[3.559s] Level 1:colcon.colcon_core.package_identification:_identify(ws_tools/src/cpp04_tf_listener) by extensions ['colcon_meta']
[3.559s] Level 1:colcon.colcon_core.package_identification:_identify(ws_tools/src/cpp04_tf_listener) by extension 'colcon_meta'
[3.560s] Level 1:colcon.colcon_core.package_identification:_identify(ws_tools/src/cpp04_tf_listener) by extensions ['ros']
[3.560s] Level 1:colcon.colcon_core.package_identification:_identify(ws_tools/src/cpp04_tf_listener) by extension 'ros'
[3.562s] DEBUG:colcon.colcon_core.package_identification:Package 'ws_tools/src/cpp04_tf_listener' with type 'ros.ament_cmake' and name 'cpp04_tf_listener'
[3.563s] Level 1:colcon.colcon_core.package_identification:_identify(ws_tools/src/cpp05_exercise) by extensions ['ignore', 'ignore_ament_install']
[3.563s] Level 1:colcon.colcon_core.package_identification:_identify(ws_tools/src/cpp05_exercise) by extension 'ignore'
[3.563s] Level 1:colcon.colcon_core.package_identification:_identify(ws_tools/src/cpp05_exercise) by extension 'ignore_ament_install'
[3.564s] Level 1:colcon.colcon_core.package_identification:_identify(ws_tools/src/cpp05_exercise) by extensions ['colcon_pkg']
[3.564s] Level 1:colcon.colcon_core.package_identification:_identify(ws_tools/src/cpp05_exercise) by extension 'colcon_pkg'
[3.564s] Level 1:colcon.colcon_core.package_identification:_identify(ws_tools/src/cpp05_exercise) by extensions ['colcon_meta']
[3.564s] Level 1:colcon.colcon_core.package_identification:_identify(ws_tools/src/cpp05_exercise) by extension 'colcon_meta'
[3.564s] Level 1:colcon.colcon_core.package_identification:_identify(ws_tools/src/cpp05_exercise) by extensions ['ros']
[3.564s] Level 1:colcon.colcon_core.package_identification:_identify(ws_tools/src/cpp05_exercise) by extension 'ros'
[3.568s] DEBUG:colcon.colcon_core.package_identification:Package 'ws_tools/src/cpp05_exercise' with type 'ros.ament_cmake' and name 'cpp05_exercise'
[3.568s] Level 1:colcon.colcon_core.package_discovery:discover_packages(recursive) using defaults
[3.568s] Level 1:colcon.colcon_core.package_discovery:discover_packages(ignore) discover
[3.568s] Level 1:colcon.colcon_core.package_discovery:discover_packages(ignore) using defaults
[3.568s] Level 1:colcon.colcon_core.package_discovery:discover_packages(path) discover
[3.569s] Level 1:colcon.colcon_core.package_discovery:discover_packages(path) using defaults
[3.881s] INFO:colcon.colcon_core.package_selection:Skipping not selected package 'base_interface_demo' in 'ws_correspond/topic_ros/src/base_interface_demo'
[3.881s] INFO:colcon.colcon_core.package_selection:Skipping not selected package 'base_interfaces_demo' in 'ws_correspond/server_ros/src/base_interfaces_demo'
[3.881s] INFO:colcon.colcon_core.package_selection:Skipping not selected package 'base_interfaces_demo' in 'ws_correspond/exercise_ros/src/base_interfaces_demo'
[3.881s] INFO:colcon.colcon_core.package_selection:Skipping not selected package 'base_interfaces_demo' in 'ws_correspond/action_ros/src/base_interfaces_demo'
[3.881s] INFO:colcon.colcon_core.package_selection:Skipping not selected package 'cpp01_launch' in 'ws_tools/src/cpp01_launch'
[3.881s] INFO:colcon.colcon_core.package_selection:Skipping not selected package 'cpp02_rosbag' in 'ws_tools/src/cpp02_rosbag'
[3.881s] INFO:colcon.colcon_core.package_selection:Skipping not selected package 'cpp03_tf_broadcaster' in 'ws_tools/src/cpp03_tf_broadcaster'
[3.881s] INFO:colcon.colcon_core.package_selection:Skipping not selected package 'cpp04_param' in 'ws_correspond/param_ros/src/cpp04_param'
[3.881s] INFO:colcon.colcon_core.package_selection:Skipping not selected package 'cpp04_tf_listener' in 'ws_tools/src/cpp04_tf_listener'
[3.881s] INFO:colcon.colcon_core.package_selection:Skipping not selected package 'first_hello_test' in 'ws_correspond/server_ros/src/first_hello_test'
[3.881s] INFO:colcon.colcon_core.package_selection:Skipping not selected package 'first_helloworld_cpp' in 'first_ros/src/first_helloworld_cpp'
[3.881s] INFO:colcon.colcon_core.package_selection:Skipping not selected package 'topic_test_cpp' in 'ws_correspond/topic_ros/src/topic_test_cpp'
[3.881s] INFO:colcon.colcon_core.package_selection:Skipping not selected package 'cpp01_topic' in 'ws_correspond/topic_ros/src/cpp01_topic'
[3.881s] INFO:colcon.colcon_core.package_selection:Skipping not selected package 'cpp02_server' in 'ws_correspond/server_ros/src/cpp02_server'
[3.882s] INFO:colcon.colcon_core.package_selection:Skipping not selected package 'cpp03_action' in 'ws_correspond/action_ros/src/cpp03_action'
[3.882s] INFO:colcon.colcon_core.package_selection:Skipping not selected package 'cpp07_exercise' in 'ws_correspond/exercise_ros/src/cpp07_exercise'
[3.882s] Level 1:colcon.colcon_core.package_discovery:discover_packages(prefix_path) check parameters
[3.883s] Level 1:colcon.colcon_core.package_discovery:discover_packages(prefix_path) discover
[3.983s] DEBUG:colcon.colcon_installed_package_information.package_discovery:Found 1 installed packages in /home/sophia/workspace/about_ros/code/about_ros2/install
[3.987s] DEBUG:colcon.colcon_installed_package_information.package_discovery:Found 5 installed packages in /home/sophia/workspace/about_ros/code/about_ros2/ws_tools/install
[4.010s] DEBUG:colcon.colcon_installed_package_information.package_discovery:Found 272 installed packages in /opt/ros/humble
[4.015s] Level 1:colcon.colcon_core.package_discovery:discover_packages(prefix_path) using defaults
[4.922s] Level 5:colcon.colcon_core.verb:set package 'cpp05_exercise' build argument 'cmake_args' from command line to 'None'
[4.922s] Level 5:colcon.colcon_core.verb:set package 'cpp05_exercise' build argument 'cmake_target' from command line to 'None'
[4.922s] Level 5:colcon.colcon_core.verb:set package 'cpp05_exercise' build argument 'cmake_target_skip_unavailable' from command line to 'False'
[4.922s] Level 5:colcon.colcon_core.verb:set package 'cpp05_exercise' build argument 'cmake_clean_cache' from command line to 'False'
[4.922s] Level 5:colcon.colcon_core.verb:set package 'cpp05_exercise' build argument 'cmake_clean_first' from command line to 'False'
[4.922s] Level 5:colcon.colcon_core.verb:set package 'cpp05_exercise' build argument 'cmake_force_configure' from command line to 'False'
[4.922s] Level 5:colcon.colcon_core.verb:set package 'cpp05_exercise' build argument 'ament_cmake_args' from command line to 'None'
[4.922s] Level 5:colcon.colcon_core.verb:set package 'cpp05_exercise' build argument 'catkin_cmake_args' from command line to 'None'
[4.922s] Level 5:colcon.colcon_core.verb:set package 'cpp05_exercise' build argument 'catkin_skip_building_tests' from command line to 'False'
[4.922s] DEBUG:colcon.colcon_core.verb:Building package 'cpp05_exercise' with the following arguments: {'ament_cmake_args': None, 'build_base': '/home/sophia/workspace/about_ros/code/about_ros2/build/cpp05_exercise', 'catkin_cmake_args': None, 'catkin_skip_building_tests': False, 'cmake_args': None, 'cmake_clean_cache': False, 'cmake_clean_first': False, 'cmake_force_configure': False, 'cmake_target': None, 'cmake_target_skip_unavailable': False, 'install_base': '/home/sophia/workspace/about_ros/code/about_ros2/install/cpp05_exercise', 'merge_install': False, 'path': '/home/sophia/workspace/about_ros/code/about_ros2/ws_tools/src/cpp05_exercise', 'symlink_install': False, 'test_result_base': None}
[4.923s] INFO:colcon.colcon_core.executor:Executing jobs using 'parallel' executor
[4.926s] DEBUG:colcon.colcon_parallel_executor.executor.parallel:run_until_complete
[4.926s] INFO:colcon.colcon_ros.task.ament_cmake.build:Building ROS package in '/home/sophia/workspace/about_ros/code/about_ros2/ws_tools/src/cpp05_exercise' with build type 'ament_cmake'
[4.926s] INFO:colcon.colcon_cmake.task.cmake.build:Building CMake package in '/home/sophia/workspace/about_ros/code/about_ros2/ws_tools/src/cpp05_exercise'
[5.024s] INFO:colcon.colcon_core.plugin_system:Skipping extension 'colcon_core.shell.bat': Not used on non-Windows systems
[5.025s] INFO:colcon.colcon_core.shell:Skip shell extension 'powershell' for command environment: Not usable outside of PowerShell
[5.025s] DEBUG:colcon.colcon_core.shell:Skip shell extension 'dsv' for command environment
[5.116s] DEBUG:colcon.colcon_core.event_handler.log_command:Invoking command in '/home/sophia/workspace/about_ros/code/about_ros2/build/cpp05_exercise': CMAKE_PREFIX_PATH=${CMAKE_PREFIX_PATH}:/opt/ros/humble /bin/cmake --build /home/sophia/workspace/about_ros/code/about_ros2/build/cpp05_exercise -- -j8 -l8
[6.408s] DEBUG:colcon.colcon_core.event_handler.log_command:Invoked command in '/home/sophia/workspace/about_ros/code/about_ros2/build/cpp05_exercise' returned '0': CMAKE_PREFIX_PATH=${CMAKE_PREFIX_PATH}:/opt/ros/humble /bin/cmake --build /home/sophia/workspace/about_ros/code/about_ros2/build/cpp05_exercise -- -j8 -l8
[6.452s] DEBUG:colcon.colcon_core.event_handler.log_command:Invoking command in '/home/sophia/workspace/about_ros/code/about_ros2/build/cpp05_exercise': CMAKE_PREFIX_PATH=${CMAKE_PREFIX_PATH}:/opt/ros/humble /bin/cmake --install /home/sophia/workspace/about_ros/code/about_ros2/build/cpp05_exercise
[6.531s] Level 1:colcon.colcon_core.environment:create_environment_scripts_only(cpp05_exercise)
[6.535s] DEBUG:colcon.colcon_core.event_handler.log_command:Invoked command in '/home/sophia/workspace/about_ros/code/about_ros2/build/cpp05_exercise' returned '0': CMAKE_PREFIX_PATH=${CMAKE_PREFIX_PATH}:/opt/ros/humble /bin/cmake --install /home/sophia/workspace/about_ros/code/about_ros2/build/cpp05_exercise
[6.620s] Level 1:colcon.colcon_core.environment:checking '/home/sophia/workspace/about_ros/code/about_ros2/install/cpp05_exercise' for CMake module files
[6.623s] Level 1:colcon.colcon_core.environment:checking '/home/sophia/workspace/about_ros/code/about_ros2/install/cpp05_exercise' for CMake config files
[6.624s] Level 1:colcon.colcon_core.shell:create_environment_hook('cpp05_exercise', 'cmake_prefix_path')
[6.629s] INFO:colcon.colcon_core.shell:Creating environment hook '/home/sophia/workspace/about_ros/code/about_ros2/install/cpp05_exercise/share/cpp05_exercise/hook/cmake_prefix_path.ps1'
[6.646s] INFO:colcon.colcon_core.shell:Creating environment descriptor '/home/sophia/workspace/about_ros/code/about_ros2/install/cpp05_exercise/share/cpp05_exercise/hook/cmake_prefix_path.dsv'
[6.668s] INFO:colcon.colcon_core.shell:Creating environment hook '/home/sophia/workspace/about_ros/code/about_ros2/install/cpp05_exercise/share/cpp05_exercise/hook/cmake_prefix_path.sh'
[6.673s] Level 1:colcon.colcon_core.environment:checking '/home/sophia/workspace/about_ros/code/about_ros2/install/cpp05_exercise/lib'
[6.674s] Level 1:colcon.colcon_core.environment:checking '/home/sophia/workspace/about_ros/code/about_ros2/install/cpp05_exercise/bin'
[6.675s] Level 1:colcon.colcon_core.environment:checking '/home/sophia/workspace/about_ros/code/about_ros2/install/cpp05_exercise/lib/pkgconfig/cpp05_exercise.pc'
[6.676s] Level 1:colcon.colcon_core.environment:checking '/home/sophia/workspace/about_ros/code/about_ros2/install/cpp05_exercise/lib/python3.10/site-packages'
[6.677s] Level 1:colcon.colcon_core.environment:checking '/home/sophia/workspace/about_ros/code/about_ros2/install/cpp05_exercise/bin'
[6.680s] INFO:colcon.colcon_core.shell:Creating package script '/home/sophia/workspace/about_ros/code/about_ros2/install/cpp05_exercise/share/cpp05_exercise/package.ps1'
[6.682s] INFO:colcon.colcon_core.shell:Creating package descriptor '/home/sophia/workspace/about_ros/code/about_ros2/install/cpp05_exercise/share/cpp05_exercise/package.dsv'
[6.683s] INFO:colcon.colcon_core.shell:Creating package script '/home/sophia/workspace/about_ros/code/about_ros2/install/cpp05_exercise/share/cpp05_exercise/package.sh'
[6.684s] INFO:colcon.colcon_core.shell:Creating package script '/home/sophia/workspace/about_ros/code/about_ros2/install/cpp05_exercise/share/cpp05_exercise/package.bash'
[6.761s] INFO:colcon.colcon_core.shell:Creating package script '/home/sophia/workspace/about_ros/code/about_ros2/install/cpp05_exercise/share/cpp05_exercise/package.zsh'
[6.768s] Level 1:colcon.colcon_core.environment:create_file_with_runtime_dependencies(/home/sophia/workspace/about_ros/code/about_ros2/install/cpp05_exercise/share/colcon-core/packages/cpp05_exercise)
[6.820s] Level 1:colcon.colcon_core.environment:create_environment_scripts_only(cpp05_exercise)
[6.823s] Level 1:colcon.colcon_core.environment:checking '/home/sophia/workspace/about_ros/code/about_ros2/install/cpp05_exercise' for CMake module files
[6.824s] Level 1:colcon.colcon_core.environment:checking '/home/sophia/workspace/about_ros/code/about_ros2/install/cpp05_exercise' for CMake config files
[6.824s] Level 1:colcon.colcon_core.shell:create_environment_hook('cpp05_exercise', 'cmake_prefix_path')
[6.826s] INFO:colcon.colcon_core.shell:Creating environment hook '/home/sophia/workspace/about_ros/code/about_ros2/install/cpp05_exercise/share/cpp05_exercise/hook/cmake_prefix_path.ps1'
[6.827s] INFO:colcon.colcon_core.shell:Creating environment descriptor '/home/sophia/workspace/about_ros/code/about_ros2/install/cpp05_exercise/share/cpp05_exercise/hook/cmake_prefix_path.dsv'
[6.827s] INFO:colcon.colcon_core.shell:Creating environment hook '/home/sophia/workspace/about_ros/code/about_ros2/install/cpp05_exercise/share/cpp05_exercise/hook/cmake_prefix_path.sh'
[6.828s] Level 1:colcon.colcon_core.environment:checking '/home/sophia/workspace/about_ros/code/about_ros2/install/cpp05_exercise/lib'
[6.828s] Level 1:colcon.colcon_core.environment:checking '/home/sophia/workspace/about_ros/code/about_ros2/install/cpp05_exercise/bin'
[6.828s] Level 1:colcon.colcon_core.environment:checking '/home/sophia/workspace/about_ros/code/about_ros2/install/cpp05_exercise/lib/pkgconfig/cpp05_exercise.pc'
[6.829s] Level 1:colcon.colcon_core.environment:checking '/home/sophia/workspace/about_ros/code/about_ros2/install/cpp05_exercise/lib/python3.10/site-packages'
[6.829s] Level 1:colcon.colcon_core.environment:checking '/home/sophia/workspace/about_ros/code/about_ros2/install/cpp05_exercise/bin'
[6.831s] INFO:colcon.colcon_core.shell:Creating package script '/home/sophia/workspace/about_ros/code/about_ros2/install/cpp05_exercise/share/cpp05_exercise/package.ps1'
[6.832s] INFO:colcon.colcon_core.shell:Creating package descriptor '/home/sophia/workspace/about_ros/code/about_ros2/install/cpp05_exercise/share/cpp05_exercise/package.dsv'
[6.832s] INFO:colcon.colcon_core.shell:Creating package script '/home/sophia/workspace/about_ros/code/about_ros2/install/cpp05_exercise/share/cpp05_exercise/package.sh'
[6.833s] INFO:colcon.colcon_core.shell:Creating package script '/home/sophia/workspace/about_ros/code/about_ros2/install/cpp05_exercise/share/cpp05_exercise/package.bash'
[6.834s] INFO:colcon.colcon_core.shell:Creating package script '/home/sophia/workspace/about_ros/code/about_ros2/install/cpp05_exercise/share/cpp05_exercise/package.zsh'
[6.834s] Level 1:colcon.colcon_core.environment:create_file_with_runtime_dependencies(/home/sophia/workspace/about_ros/code/about_ros2/install/cpp05_exercise/share/colcon-core/packages/cpp05_exercise)
[6.834s] DEBUG:colcon.colcon_parallel_executor.executor.parallel:closing loop
[6.835s] DEBUG:colcon.colcon_parallel_executor.executor.parallel:loop closed
[6.835s] DEBUG:colcon.colcon_parallel_executor.executor.parallel:run_until_complete finished with '0'
[6.835s] DEBUG:colcon.colcon_core.event_reactor:joining thread
[6.934s] INFO:colcon.colcon_core.plugin_system:Skipping extension 'colcon_notification.desktop_notification.terminal_notifier': Not used on non-Darwin systems
[6.934s] INFO:colcon.colcon_core.plugin_system:Skipping extension 'colcon_notification.desktop_notification.win32': Not used on non-Windows systems
[6.935s] INFO:colcon.colcon_notification.desktop_notification:Sending desktop notification using 'notify2'
[6.975s] DEBUG:colcon.colcon_core.event_reactor:joined thread
[6.979s] INFO:colcon.colcon_core.shell:Creating prefix script '/home/sophia/workspace/about_ros/code/about_ros2/install/local_setup.ps1'
[7.000s] INFO:colcon.colcon_core.shell:Creating prefix util module '/home/sophia/workspace/about_ros/code/about_ros2/install/_local_setup_util_ps1.py'
[7.024s] INFO:colcon.colcon_core.shell:Creating prefix chain script '/home/sophia/workspace/about_ros/code/about_ros2/install/setup.ps1'
[7.026s] INFO:colcon.colcon_core.shell:Creating prefix script '/home/sophia/workspace/about_ros/code/about_ros2/install/local_setup.sh'
[7.027s] INFO:colcon.colcon_core.shell:Creating prefix util module '/home/sophia/workspace/about_ros/code/about_ros2/install/_local_setup_util_sh.py'
[7.028s] INFO:colcon.colcon_core.shell:Creating prefix chain script '/home/sophia/workspace/about_ros/code/about_ros2/install/setup.sh'
[7.030s] INFO:colcon.colcon_core.shell:Creating prefix script '/home/sophia/workspace/about_ros/code/about_ros2/install/local_setup.bash'
[7.049s] INFO:colcon.colcon_core.shell:Creating prefix chain script '/home/sophia/workspace/about_ros/code/about_ros2/install/setup.bash'
[7.055s] INFO:colcon.colcon_core.shell:Creating prefix script '/home/sophia/workspace/about_ros/code/about_ros2/install/local_setup.zsh'
[7.067s] INFO:colcon.colcon_core.shell:Creating prefix chain script '/home/sophia/workspace/about_ros/code/about_ros2/install/setup.zsh'
