[0.050s] Invoking command in '/home/sophia/workspace/about_ros/code/about_ros2/ws_tools/build/cpp04_tf_listener': CMAKE_PREFIX_PATH=${CMAKE_PREFIX_PATH}:/opt/ros/humble /bin/cmake /home/sophia/workspace/about_ros/code/about_ros2/ws_tools/src/cpp04_tf_listener -DCMAKE_EXPORT_COMPILE_COMMANDS=ON -DCMAKE_INSTALL_PREFIX=/home/sophia/workspace/about_ros/code/about_ros2/ws_tools/install/cpp04_tf_listener
[0.060s] -- Found ament_cmake: 1.3.5 (/opt/ros/humble/share/ament_cmake/cmake)
[0.218s] -- Found rclcpp: 16.0.5 (/opt/ros/humble/share/rclcpp/cmake)
[0.276s] -- Found rosidl_generator_c: 3.1.5 (/opt/ros/humble/share/rosidl_generator_c/cmake)
[0.281s] -- Found rosidl_adapter: 3.1.5 (/opt/ros/humble/share/rosidl_adapter/cmake)
[0.292s] -- Found rosidl_generator_cpp: 3.1.5 (/opt/ros/humble/share/rosidl_generator_cpp/cmake)
[0.311s] -- Using all available rosidl_typesupport_c: rosidl_typesupport_fastrtps_c;rosidl_typesupport_introspection_c
[0.338s] -- Using all available rosidl_typesupport_cpp: rosidl_typesupport_fastrtps_cpp;rosidl_typesupport_introspection_cpp
[0.417s] -- Found rmw_implementation_cmake: 6.1.1 (/opt/ros/humble/share/rmw_implementation_cmake/cmake)
[0.419s] -- Found rmw_fastrtps_cpp: 6.2.3 (/opt/ros/humble/share/rmw_fastrtps_cpp/cmake)
[0.534s] -- Using RMW implementation 'rmw_fastrtps_cpp' as default
[0.782s] -- Found tf2: 0.25.3 (/opt/ros/humble/share/tf2/cmake)
[0.880s] -- Found tf2_ros: 0.25.3 (/opt/ros/humble/share/tf2_ros/cmake)
[1.352s] -- Configuring incomplete, errors occurred!
[1.352s] See also "/home/sophia/workspace/about_ros/code/about_ros2/ws_tools/build/cpp04_tf_listener/CMakeFiles/CMakeOutput.log".
[1.352s] [31mCMake Error at /opt/ros/humble/share/ament_cmake_target_dependencies/cmake/ament_target_dependencies.cmake:77 (message):
[1.352s]   ament_target_dependencies() the passed package name 'tf2_geometry_msgs' was
[1.352s]   not found before
[1.352s] Call Stack (most recent call first):
[1.352s]   CMakeLists.txt:30 (ament_target_dependencies)
[1.352s] 
[1.352s] [0m
[1.361s] Invoked command in '/home/sophia/workspace/about_ros/code/about_ros2/ws_tools/build/cpp04_tf_listener' returned '1': CMAKE_PREFIX_PATH=${CMAKE_PREFIX_PATH}:/opt/ros/humble /bin/cmake /home/sophia/workspace/about_ros/code/about_ros2/ws_tools/src/cpp04_tf_listener -DCMAKE_EXPORT_COMPILE_COMMANDS=ON -DCMAKE_INSTALL_PREFIX=/home/sophia/workspace/about_ros/code/about_ros2/ws_tools/install/cpp04_tf_listener
