-- Found ament_cmake: 1.3.5 (/opt/ros/humble/share/ament_cmake/cmake)
-- Found rosidl_default_generators: 1.2.0 (/opt/ros/humble/share/rosidl_default_generators/cmake)
-- Using all available rosidl_typesupport_c: rosidl_typesupport_fastrtps_c;rosidl_typesupport_introspection_c
-- Found rosidl_adapter: 3.1.5 (/opt/ros/humble/share/rosidl_adapter/cmake)
-- Using all available rosidl_typesupport_cpp: rosidl_typesupport_fastrtps_cpp;rosidl_typesupport_introspection_cpp
-- Found ament_cmake_ros: 0.10.0 (/opt/ros/humble/share/ament_cmake_ros/cmake)
-- Using all available rosidl_typesupport_c: rosidl_typesupport_fastrtps_c;rosidl_typesupport_introspection_c
-- Using all available rosidl_typesupport_cpp: rosidl_typesupport_fastrtps_cpp;rosidl_typesupport_introspection_cpp
-- Found PythonInterp: /usr/bin/python3 (found suitable version "3.10.12", minimum required is "3.6") 
-- Found python_cmake_module: 0.10.0 (/opt/ros/humble/share/python_cmake_module/cmake)
-- Found PythonLibs: /usr/lib/x86_64-linux-gnu/libpython3.10.so (found suitable version "3.10.12", minimum required is "3.5") 
-- Using PYTHON_EXECUTABLE: /usr/bin/python3
-- Using PYTHON_INCLUDE_DIRS: /usr/include/python3.10
-- Using PYTHON_LIBRARIES: /usr/lib/x86_64-linux-gnu/libpython3.10.so
-- Found PythonExtra: .so  
-- Found ament_lint_auto: 0.12.7 (/opt/ros/humble/share/ament_lint_auto/cmake)
-- Added test 'lint_cmake' to check CMake code style
-- Added test 'xmllint' to check XML markup files
-- Configuring done
-- Generating done
-- Build files have been written to: /home/sophia/workspace/about_ros/code/about_ros2/topic_ros/build/base_interface_demo
[  3%] [34m[1mGenerating C code for ROS interfaces[0m
[  6%] [34m[1mGenerating C++ code for ROS interfaces[0m
[  6%] Built target ament_cmake_python_copy_base_interface_demo
running egg_info
creating base_interface_demo.egg-info
writing base_interface_demo.egg-info/PKG-INFO
writing dependency_links to base_interface_demo.egg-info/dependency_links.txt
writing top-level names to base_interface_demo.egg-info/top_level.txt
writing manifest file 'base_interface_demo.egg-info/SOURCES.txt'
reading manifest file 'base_interface_demo.egg-info/SOURCES.txt'
writing manifest file 'base_interface_demo.egg-info/SOURCES.txt'
[  6%] Built target base_interface_demo__cpp
[  9%] [34m[1mGenerating C++ type support dispatch for ROS interfaces[0m
[ 12%] [34m[1mGenerating C++ introspection for ROS interfaces[0m
[ 12%] Built target ament_cmake_python_build_base_interface_demo_egg
[ 16%] [34m[1mGenerating C++ type support for eProsima Fast-RTPS[0m
[ 19%] [32mBuilding C object CMakeFiles/base_interface_demo__rosidl_generator_c.dir/rosidl_generator_c/base_interface_demo/msg/detail/student__functions.c.o[0m
[ 22%] [32mBuilding CXX object CMakeFiles/base_interface_demo__rosidl_typesupport_fastrtps_cpp.dir/rosidl_typesupport_fastrtps_cpp/base_interface_demo/msg/detail/dds_fastrtps/student__type_support.cpp.o[0m
[ 25%] [32mBuilding CXX object CMakeFiles/base_interface_demo__rosidl_typesupport_introspection_cpp.dir/rosidl_typesupport_introspection_cpp/base_interface_demo/msg/detail/student__type_support.cpp.o[0m
[ 29%] [32mBuilding CXX object CMakeFiles/base_interface_demo__rosidl_typesupport_cpp.dir/rosidl_typesupport_cpp/base_interface_demo/msg/student__type_support.cpp.o[0m
[ 32%] [32m[1mLinking C shared library libbase_interface_demo__rosidl_generator_c.so[0m
[ 32%] Built target base_interface_demo__rosidl_generator_c
[ 41%] [34m[1mGenerating C type support for eProsima Fast-RTPS[0m
[ 41%] [34m[1mGenerating C introspection for ROS interfaces[0m
[ 41%] [34m[1mGenerating C type support dispatch for ROS interfaces[0m
[ 45%] [32mBuilding CXX object CMakeFiles/base_interface_demo__rosidl_typesupport_c.dir/rosidl_typesupport_c/base_interface_demo/msg/student__type_support.cpp.o[0m
[ 48%] [32m[1mLinking CXX shared library libbase_interface_demo__rosidl_typesupport_cpp.so[0m
[ 51%] [32m[1mLinking CXX shared library libbase_interface_demo__rosidl_typesupport_fastrtps_cpp.so[0m
[ 54%] [32m[1mLinking CXX shared library libbase_interface_demo__rosidl_typesupport_introspection_cpp.so[0m
[ 58%] [32mBuilding C object CMakeFiles/base_interface_demo__rosidl_typesupport_introspection_c.dir/rosidl_typesupport_introspection_c/base_interface_demo/msg/detail/student__type_support.c.o[0m
[ 61%] [32m[1mLinking C shared library libbase_interface_demo__rosidl_typesupport_introspection_c.so[0m
[ 64%] [32mBuilding CXX object CMakeFiles/base_interface_demo__rosidl_typesupport_fastrtps_c.dir/rosidl_typesupport_fastrtps_c/base_interface_demo/msg/detail/student__type_support_c.cpp.o[0m
[ 67%] [32m[1mLinking CXX shared library libbase_interface_demo__rosidl_typesupport_c.so[0m
[ 67%] Built target base_interface_demo__rosidl_typesupport_introspection_c
[ 67%] Built target base_interface_demo__rosidl_typesupport_cpp
[ 67%] Built target base_interface_demo__rosidl_typesupport_c
[ 67%] Built target base_interface_demo__rosidl_typesupport_introspection_cpp
[ 67%] Built target base_interface_demo__rosidl_typesupport_fastrtps_cpp
[ 70%] [32m[1mLinking CXX shared library libbase_interface_demo__rosidl_typesupport_fastrtps_c.so[0m
[ 70%] Built target base_interface_demo__rosidl_typesupport_fastrtps_c
[ 70%] Built target base_interface_demo
[ 74%] [34m[1mGenerating Python code for ROS interfaces[0m
[ 74%] Built target base_interface_demo__py
[ 77%] [32mBuilding C object CMakeFiles/base_interface_demo__rosidl_generator_py.dir/rosidl_generator_py/base_interface_demo/msg/_student_s.c.o[0m
[ 80%] [32m[1mLinking C shared library rosidl_generator_py/base_interface_demo/libbase_interface_demo__rosidl_generator_py.so[0m
[ 80%] Built target base_interface_demo__rosidl_generator_py
[ 87%] [32mBuilding C object CMakeFiles/base_interface_demo__rosidl_typesupport_introspection_c__pyext.dir/rosidl_generator_py/base_interface_demo/_base_interface_demo_s.ep.rosidl_typesupport_introspection_c.c.o[0m
[ 87%] [32mBuilding C object CMakeFiles/base_interface_demo__rosidl_typesupport_fastrtps_c__pyext.dir/rosidl_generator_py/base_interface_demo/_base_interface_demo_s.ep.rosidl_typesupport_fastrtps_c.c.o[0m
[ 90%] [32mBuilding C object CMakeFiles/base_interface_demo__rosidl_typesupport_c__pyext.dir/rosidl_generator_py/base_interface_demo/_base_interface_demo_s.ep.rosidl_typesupport_c.c.o[0m
[ 93%] [32m[1mLinking C shared library rosidl_generator_py/base_interface_demo/base_interface_demo_s__rosidl_typesupport_c.cpython-310-x86_64-linux-gnu.so[0m
[100%] [32m[1mLinking C shared library rosidl_generator_py/base_interface_demo/base_interface_demo_s__rosidl_typesupport_introspection_c.cpython-310-x86_64-linux-gnu.so[0m
[100%] [32m[1mLinking C shared library rosidl_generator_py/base_interface_demo/base_interface_demo_s__rosidl_typesupport_fastrtps_c.cpython-310-x86_64-linux-gnu.so[0m
[100%] Built target base_interface_demo__rosidl_typesupport_c__pyext
[100%] Built target base_interface_demo__rosidl_typesupport_fastrtps_c__pyext
[100%] Built target base_interface_demo__rosidl_typesupport_introspection_c__pyext
-- Install configuration: ""
-- Installing: /home/sophia/workspace/about_ros/code/about_ros2/topic_ros/install/base_interface_demo/share/ament_index/resource_index/rosidl_interfaces/base_interface_demo
-- Installing: /home/sophia/workspace/about_ros/code/about_ros2/topic_ros/install/base_interface_demo/include/base_interface_demo/base_interface_demo
-- Installing: /home/sophia/workspace/about_ros/code/about_ros2/topic_ros/install/base_interface_demo/include/base_interface_demo/base_interface_demo/msg
-- Installing: /home/sophia/workspace/about_ros/code/about_ros2/topic_ros/install/base_interface_demo/include/base_interface_demo/base_interface_demo/msg/detail
-- Installing: /home/sophia/workspace/about_ros/code/about_ros2/topic_ros/install/base_interface_demo/include/base_interface_demo/base_interface_demo/msg/detail/student__type_support.h
-- Installing: /home/sophia/workspace/about_ros/code/about_ros2/topic_ros/install/base_interface_demo/include/base_interface_demo/base_interface_demo/msg/detail/student__struct.h
-- Installing: /home/sophia/workspace/about_ros/code/about_ros2/topic_ros/install/base_interface_demo/include/base_interface_demo/base_interface_demo/msg/detail/student__functions.c
-- Installing: /home/sophia/workspace/about_ros/code/about_ros2/topic_ros/install/base_interface_demo/include/base_interface_demo/base_interface_demo/msg/detail/student__functions.h
-- Installing: /home/sophia/workspace/about_ros/code/about_ros2/topic_ros/install/base_interface_demo/include/base_interface_demo/base_interface_demo/msg/rosidl_generator_c__visibility_control.h
-- Installing: /home/sophia/workspace/about_ros/code/about_ros2/topic_ros/install/base_interface_demo/include/base_interface_demo/base_interface_demo/msg/student.h
-- Installing: /home/sophia/workspace/about_ros/code/about_ros2/topic_ros/install/base_interface_demo/share/base_interface_demo/environment/library_path.sh
-- Installing: /home/sophia/workspace/about_ros/code/about_ros2/topic_ros/install/base_interface_demo/share/base_interface_demo/environment/library_path.dsv
-- Installing: /home/sophia/workspace/about_ros/code/about_ros2/topic_ros/install/base_interface_demo/lib/libbase_interface_demo__rosidl_generator_c.so
-- Set runtime path of "/home/sophia/workspace/about_ros/code/about_ros2/topic_ros/install/base_interface_demo/lib/libbase_interface_demo__rosidl_generator_c.so" to ""
-- Up-to-date: /home/sophia/workspace/about_ros/code/about_ros2/topic_ros/install/base_interface_demo/include/base_interface_demo/base_interface_demo
-- Up-to-date: /home/sophia/workspace/about_ros/code/about_ros2/topic_ros/install/base_interface_demo/include/base_interface_demo/base_interface_demo/msg
-- Up-to-date: /home/sophia/workspace/about_ros/code/about_ros2/topic_ros/install/base_interface_demo/include/base_interface_demo/base_interface_demo/msg/detail
-- Installing: /home/sophia/workspace/about_ros/code/about_ros2/topic_ros/install/base_interface_demo/include/base_interface_demo/base_interface_demo/msg/detail/student__rosidl_typesupport_fastrtps_c.h
-- Installing: /home/sophia/workspace/about_ros/code/about_ros2/topic_ros/install/base_interface_demo/include/base_interface_demo/base_interface_demo/msg/rosidl_typesupport_fastrtps_c__visibility_control.h
-- Installing: /home/sophia/workspace/about_ros/code/about_ros2/topic_ros/install/base_interface_demo/lib/libbase_interface_demo__rosidl_typesupport_fastrtps_c.so
-- Set runtime path of "/home/sophia/workspace/about_ros/code/about_ros2/topic_ros/install/base_interface_demo/lib/libbase_interface_demo__rosidl_typesupport_fastrtps_c.so" to ""
-- Up-to-date: /home/sophia/workspace/about_ros/code/about_ros2/topic_ros/install/base_interface_demo/include/base_interface_demo/base_interface_demo
-- Up-to-date: /home/sophia/workspace/about_ros/code/about_ros2/topic_ros/install/base_interface_demo/include/base_interface_demo/base_interface_demo/msg
-- Up-to-date: /home/sophia/workspace/about_ros/code/about_ros2/topic_ros/install/base_interface_demo/include/base_interface_demo/base_interface_demo/msg/detail
-- Installing: /home/sophia/workspace/about_ros/code/about_ros2/topic_ros/install/base_interface_demo/include/base_interface_demo/base_interface_demo/msg/detail/student__type_support.c
-- Installing: /home/sophia/workspace/about_ros/code/about_ros2/topic_ros/install/base_interface_demo/include/base_interface_demo/base_interface_demo/msg/detail/student__rosidl_typesupport_introspection_c.h
-- Installing: /home/sophia/workspace/about_ros/code/about_ros2/topic_ros/install/base_interface_demo/include/base_interface_demo/base_interface_demo/msg/rosidl_typesupport_introspection_c__visibility_control.h
-- Installing: /home/sophia/workspace/about_ros/code/about_ros2/topic_ros/install/base_interface_demo/lib/libbase_interface_demo__rosidl_typesupport_introspection_c.so
-- Set runtime path of "/home/sophia/workspace/about_ros/code/about_ros2/topic_ros/install/base_interface_demo/lib/libbase_interface_demo__rosidl_typesupport_introspection_c.so" to ""
-- Installing: /home/sophia/workspace/about_ros/code/about_ros2/topic_ros/install/base_interface_demo/lib/libbase_interface_demo__rosidl_typesupport_c.so
-- Set runtime path of "/home/sophia/workspace/about_ros/code/about_ros2/topic_ros/install/base_interface_demo/lib/libbase_interface_demo__rosidl_typesupport_c.so" to ""
-- Up-to-date: /home/sophia/workspace/about_ros/code/about_ros2/topic_ros/install/base_interface_demo/include/base_interface_demo/base_interface_demo
-- Up-to-date: /home/sophia/workspace/about_ros/code/about_ros2/topic_ros/install/base_interface_demo/include/base_interface_demo/base_interface_demo/msg
-- Up-to-date: /home/sophia/workspace/about_ros/code/about_ros2/topic_ros/install/base_interface_demo/include/base_interface_demo/base_interface_demo/msg/detail
-- Installing: /home/sophia/workspace/about_ros/code/about_ros2/topic_ros/install/base_interface_demo/include/base_interface_demo/base_interface_demo/msg/detail/student__struct.hpp
-- Installing: /home/sophia/workspace/about_ros/code/about_ros2/topic_ros/install/base_interface_demo/include/base_interface_demo/base_interface_demo/msg/detail/student__builder.hpp
-- Installing: /home/sophia/workspace/about_ros/code/about_ros2/topic_ros/install/base_interface_demo/include/base_interface_demo/base_interface_demo/msg/detail/student__traits.hpp
-- Installing: /home/sophia/workspace/about_ros/code/about_ros2/topic_ros/install/base_interface_demo/include/base_interface_demo/base_interface_demo/msg/student.hpp
-- Up-to-date: /home/sophia/workspace/about_ros/code/about_ros2/topic_ros/install/base_interface_demo/include/base_interface_demo/base_interface_demo
-- Up-to-date: /home/sophia/workspace/about_ros/code/about_ros2/topic_ros/install/base_interface_demo/include/base_interface_demo/base_interface_demo/msg
-- Up-to-date: /home/sophia/workspace/about_ros/code/about_ros2/topic_ros/install/base_interface_demo/include/base_interface_demo/base_interface_demo/msg/detail
-- Installing: /home/sophia/workspace/about_ros/code/about_ros2/topic_ros/install/base_interface_demo/include/base_interface_demo/base_interface_demo/msg/detail/student__rosidl_typesupport_fastrtps_cpp.hpp
-- Installing: /home/sophia/workspace/about_ros/code/about_ros2/topic_ros/install/base_interface_demo/include/base_interface_demo/base_interface_demo/msg/detail/dds_fastrtps
-- Installing: /home/sophia/workspace/about_ros/code/about_ros2/topic_ros/install/base_interface_demo/include/base_interface_demo/base_interface_demo/msg/rosidl_typesupport_fastrtps_cpp__visibility_control.h
-- Installing: /home/sophia/workspace/about_ros/code/about_ros2/topic_ros/install/base_interface_demo/lib/libbase_interface_demo__rosidl_typesupport_fastrtps_cpp.so
-- Set runtime path of "/home/sophia/workspace/about_ros/code/about_ros2/topic_ros/install/base_interface_demo/lib/libbase_interface_demo__rosidl_typesupport_fastrtps_cpp.so" to ""
-- Up-to-date: /home/sophia/workspace/about_ros/code/about_ros2/topic_ros/install/base_interface_demo/include/base_interface_demo/base_interface_demo
-- Up-to-date: /home/sophia/workspace/about_ros/code/about_ros2/topic_ros/install/base_interface_demo/include/base_interface_demo/base_interface_demo/msg
-- Up-to-date: /home/sophia/workspace/about_ros/code/about_ros2/topic_ros/install/base_interface_demo/include/base_interface_demo/base_interface_demo/msg/detail
-- Installing: /home/sophia/workspace/about_ros/code/about_ros2/topic_ros/install/base_interface_demo/include/base_interface_demo/base_interface_demo/msg/detail/student__type_support.cpp
-- Installing: /home/sophia/workspace/about_ros/code/about_ros2/topic_ros/install/base_interface_demo/include/base_interface_demo/base_interface_demo/msg/detail/student__rosidl_typesupport_introspection_cpp.hpp
-- Installing: /home/sophia/workspace/about_ros/code/about_ros2/topic_ros/install/base_interface_demo/lib/libbase_interface_demo__rosidl_typesupport_introspection_cpp.so
-- Set runtime path of "/home/sophia/workspace/about_ros/code/about_ros2/topic_ros/install/base_interface_demo/lib/libbase_interface_demo__rosidl_typesupport_introspection_cpp.so" to ""
-- Installing: /home/sophia/workspace/about_ros/code/about_ros2/topic_ros/install/base_interface_demo/lib/libbase_interface_demo__rosidl_typesupport_cpp.so
-- Set runtime path of "/home/sophia/workspace/about_ros/code/about_ros2/topic_ros/install/base_interface_demo/lib/libbase_interface_demo__rosidl_typesupport_cpp.so" to ""
-- Installing: /home/sophia/workspace/about_ros/code/about_ros2/topic_ros/install/base_interface_demo/share/base_interface_demo/environment/pythonpath.sh
-- Installing: /home/sophia/workspace/about_ros/code/about_ros2/topic_ros/install/base_interface_demo/share/base_interface_demo/environment/pythonpath.dsv
-- Installing: /home/sophia/workspace/about_ros/code/about_ros2/topic_ros/install/base_interface_demo/local/lib/python3.10/dist-packages/base_interface_demo-0.0.0-py3.10.egg-info
-- Installing: /home/sophia/workspace/about_ros/code/about_ros2/topic_ros/install/base_interface_demo/local/lib/python3.10/dist-packages/base_interface_demo-0.0.0-py3.10.egg-info/top_level.txt
-- Installing: /home/sophia/workspace/about_ros/code/about_ros2/topic_ros/install/base_interface_demo/local/lib/python3.10/dist-packages/base_interface_demo-0.0.0-py3.10.egg-info/SOURCES.txt
-- Installing: /home/sophia/workspace/about_ros/code/about_ros2/topic_ros/install/base_interface_demo/local/lib/python3.10/dist-packages/base_interface_demo-0.0.0-py3.10.egg-info/PKG-INFO
-- Installing: /home/sophia/workspace/about_ros/code/about_ros2/topic_ros/install/base_interface_demo/local/lib/python3.10/dist-packages/base_interface_demo-0.0.0-py3.10.egg-info/dependency_links.txt
-- Installing: /home/sophia/workspace/about_ros/code/about_ros2/topic_ros/install/base_interface_demo/local/lib/python3.10/dist-packages/base_interface_demo
-- Installing: /home/sophia/workspace/about_ros/code/about_ros2/topic_ros/install/base_interface_demo/local/lib/python3.10/dist-packages/base_interface_demo/_base_interface_demo_s.ep.rosidl_typesupport_introspection_c.c
-- Installing: /home/sophia/workspace/about_ros/code/about_ros2/topic_ros/install/base_interface_demo/local/lib/python3.10/dist-packages/base_interface_demo/_base_interface_demo_s.ep.rosidl_typesupport_fastrtps_c.c
-- Installing: /home/sophia/workspace/about_ros/code/about_ros2/topic_ros/install/base_interface_demo/local/lib/python3.10/dist-packages/base_interface_demo/msg
-- Installing: /home/sophia/workspace/about_ros/code/about_ros2/topic_ros/install/base_interface_demo/local/lib/python3.10/dist-packages/base_interface_demo/msg/_student.py
-- Installing: /home/sophia/workspace/about_ros/code/about_ros2/topic_ros/install/base_interface_demo/local/lib/python3.10/dist-packages/base_interface_demo/msg/_student_s.c
-- Installing: /home/sophia/workspace/about_ros/code/about_ros2/topic_ros/install/base_interface_demo/local/lib/python3.10/dist-packages/base_interface_demo/msg/__init__.py
-- Installing: /home/sophia/workspace/about_ros/code/about_ros2/topic_ros/install/base_interface_demo/local/lib/python3.10/dist-packages/base_interface_demo/base_interface_demo_s__rosidl_typesupport_fastrtps_c.cpython-310-x86_64-linux-gnu.so
-- Installing: /home/sophia/workspace/about_ros/code/about_ros2/topic_ros/install/base_interface_demo/local/lib/python3.10/dist-packages/base_interface_demo/_base_interface_demo_s.ep.rosidl_typesupport_c.c
-- Installing: /home/sophia/workspace/about_ros/code/about_ros2/topic_ros/install/base_interface_demo/local/lib/python3.10/dist-packages/base_interface_demo/__init__.py
-- Installing: /home/sophia/workspace/about_ros/code/about_ros2/topic_ros/install/base_interface_demo/local/lib/python3.10/dist-packages/base_interface_demo/base_interface_demo_s__rosidl_typesupport_c.cpython-310-x86_64-linux-gnu.so
-- Installing: /home/sophia/workspace/about_ros/code/about_ros2/topic_ros/install/base_interface_demo/local/lib/python3.10/dist-packages/base_interface_demo/libbase_interface_demo__rosidl_generator_py.so
-- Installing: /home/sophia/workspace/about_ros/code/about_ros2/topic_ros/install/base_interface_demo/local/lib/python3.10/dist-packages/base_interface_demo/base_interface_demo_s__rosidl_typesupport_introspection_c.cpython-310-x86_64-linux-gnu.so
Listing '/home/sophia/workspace/about_ros/code/about_ros2/topic_ros/install/base_interface_demo/local/lib/python3.10/dist-packages/base_interface_demo'...
Compiling '/home/sophia/workspace/about_ros/code/about_ros2/topic_ros/install/base_interface_demo/local/lib/python3.10/dist-packages/base_interface_demo/__init__.py'...
Listing '/home/sophia/workspace/about_ros/code/about_ros2/topic_ros/install/base_interface_demo/local/lib/python3.10/dist-packages/base_interface_demo/msg'...
Compiling '/home/sophia/workspace/about_ros/code/about_ros2/topic_ros/install/base_interface_demo/local/lib/python3.10/dist-packages/base_interface_demo/msg/__init__.py'...
Compiling '/home/sophia/workspace/about_ros/code/about_ros2/topic_ros/install/base_interface_demo/local/lib/python3.10/dist-packages/base_interface_demo/msg/_student.py'...
-- Installing: /home/sophia/workspace/about_ros/code/about_ros2/topic_ros/install/base_interface_demo/local/lib/python3.10/dist-packages/base_interface_demo/base_interface_demo_s__rosidl_typesupport_fastrtps_c.cpython-310-x86_64-linux-gnu.so
-- Set runtime path of "/home/sophia/workspace/about_ros/code/about_ros2/topic_ros/install/base_interface_demo/local/lib/python3.10/dist-packages/base_interface_demo/base_interface_demo_s__rosidl_typesupport_fastrtps_c.cpython-310-x86_64-linux-gnu.so" to ""
-- Installing: /home/sophia/workspace/about_ros/code/about_ros2/topic_ros/install/base_interface_demo/local/lib/python3.10/dist-packages/base_interface_demo/base_interface_demo_s__rosidl_typesupport_introspection_c.cpython-310-x86_64-linux-gnu.so
-- Set runtime path of "/home/sophia/workspace/about_ros/code/about_ros2/topic_ros/install/base_interface_demo/local/lib/python3.10/dist-packages/base_interface_demo/base_interface_demo_s__rosidl_typesupport_introspection_c.cpython-310-x86_64-linux-gnu.so" to ""
-- Installing: /home/sophia/workspace/about_ros/code/about_ros2/topic_ros/install/base_interface_demo/local/lib/python3.10/dist-packages/base_interface_demo/base_interface_demo_s__rosidl_typesupport_c.cpython-310-x86_64-linux-gnu.so
-- Set runtime path of "/home/sophia/workspace/about_ros/code/about_ros2/topic_ros/install/base_interface_demo/local/lib/python3.10/dist-packages/base_interface_demo/base_interface_demo_s__rosidl_typesupport_c.cpython-310-x86_64-linux-gnu.so" to ""
-- Installing: /home/sophia/workspace/about_ros/code/about_ros2/topic_ros/install/base_interface_demo/lib/libbase_interface_demo__rosidl_generator_py.so
-- Set runtime path of "/home/sophia/workspace/about_ros/code/about_ros2/topic_ros/install/base_interface_demo/lib/libbase_interface_demo__rosidl_generator_py.so" to ""
-- Installing: /home/sophia/workspace/about_ros/code/about_ros2/topic_ros/install/base_interface_demo/share/base_interface_demo/msg/Student.idl
-- Installing: /home/sophia/workspace/about_ros/code/about_ros2/topic_ros/install/base_interface_demo/share/base_interface_demo/msg/Student.msg
-- Installing: /home/sophia/workspace/about_ros/code/about_ros2/topic_ros/install/base_interface_demo/share/ament_index/resource_index/package_run_dependencies/base_interface_demo
-- Installing: /home/sophia/workspace/about_ros/code/about_ros2/topic_ros/install/base_interface_demo/share/ament_index/resource_index/parent_prefix_path/base_interface_demo
-- Up-to-date: /home/sophia/workspace/about_ros/code/about_ros2/topic_ros/install/base_interface_demo/share/base_interface_demo/environment/ament_prefix_path.sh
-- Installing: /home/sophia/workspace/about_ros/code/about_ros2/topic_ros/install/base_interface_demo/share/base_interface_demo/environment/ament_prefix_path.dsv
-- Up-to-date: /home/sophia/workspace/about_ros/code/about_ros2/topic_ros/install/base_interface_demo/share/base_interface_demo/environment/path.sh
-- Installing: /home/sophia/workspace/about_ros/code/about_ros2/topic_ros/install/base_interface_demo/share/base_interface_demo/environment/path.dsv
-- Up-to-date: /home/sophia/workspace/about_ros/code/about_ros2/topic_ros/install/base_interface_demo/share/base_interface_demo/local_setup.bash
-- Installing: /home/sophia/workspace/about_ros/code/about_ros2/topic_ros/install/base_interface_demo/share/base_interface_demo/local_setup.sh
-- Up-to-date: /home/sophia/workspace/about_ros/code/about_ros2/topic_ros/install/base_interface_demo/share/base_interface_demo/local_setup.zsh
-- Installing: /home/sophia/workspace/about_ros/code/about_ros2/topic_ros/install/base_interface_demo/share/base_interface_demo/local_setup.dsv
-- Installing: /home/sophia/workspace/about_ros/code/about_ros2/topic_ros/install/base_interface_demo/share/base_interface_demo/package.dsv
-- Up-to-date: /home/sophia/workspace/about_ros/code/about_ros2/topic_ros/install/base_interface_demo/share/ament_index/resource_index/packages/base_interface_demo
-- Installing: /home/sophia/workspace/about_ros/code/about_ros2/topic_ros/install/base_interface_demo/share/base_interface_demo/cmake/export_base_interface_demo__rosidl_generator_cExport.cmake
-- Installing: /home/sophia/workspace/about_ros/code/about_ros2/topic_ros/install/base_interface_demo/share/base_interface_demo/cmake/export_base_interface_demo__rosidl_generator_cExport-noconfig.cmake
-- Installing: /home/sophia/workspace/about_ros/code/about_ros2/topic_ros/install/base_interface_demo/share/base_interface_demo/cmake/export_base_interface_demo__rosidl_typesupport_fastrtps_cExport.cmake
-- Installing: /home/sophia/workspace/about_ros/code/about_ros2/topic_ros/install/base_interface_demo/share/base_interface_demo/cmake/export_base_interface_demo__rosidl_typesupport_fastrtps_cExport-noconfig.cmake
-- Installing: /home/sophia/workspace/about_ros/code/about_ros2/topic_ros/install/base_interface_demo/share/base_interface_demo/cmake/base_interface_demo__rosidl_typesupport_introspection_cExport.cmake
-- Installing: /home/sophia/workspace/about_ros/code/about_ros2/topic_ros/install/base_interface_demo/share/base_interface_demo/cmake/base_interface_demo__rosidl_typesupport_introspection_cExport-noconfig.cmake
-- Installing: /home/sophia/workspace/about_ros/code/about_ros2/topic_ros/install/base_interface_demo/share/base_interface_demo/cmake/base_interface_demo__rosidl_typesupport_cExport.cmake
-- Installing: /home/sophia/workspace/about_ros/code/about_ros2/topic_ros/install/base_interface_demo/share/base_interface_demo/cmake/base_interface_demo__rosidl_typesupport_cExport-noconfig.cmake
-- Installing: /home/sophia/workspace/about_ros/code/about_ros2/topic_ros/install/base_interface_demo/share/base_interface_demo/cmake/export_base_interface_demo__rosidl_generator_cppExport.cmake
-- Installing: /home/sophia/workspace/about_ros/code/about_ros2/topic_ros/install/base_interface_demo/share/base_interface_demo/cmake/export_base_interface_demo__rosidl_typesupport_fastrtps_cppExport.cmake
-- Installing: /home/sophia/workspace/about_ros/code/about_ros2/topic_ros/install/base_interface_demo/share/base_interface_demo/cmake/export_base_interface_demo__rosidl_typesupport_fastrtps_cppExport-noconfig.cmake
-- Installing: /home/sophia/workspace/about_ros/code/about_ros2/topic_ros/install/base_interface_demo/share/base_interface_demo/cmake/base_interface_demo__rosidl_typesupport_introspection_cppExport.cmake
-- Installing: /home/sophia/workspace/about_ros/code/about_ros2/topic_ros/install/base_interface_demo/share/base_interface_demo/cmake/base_interface_demo__rosidl_typesupport_introspection_cppExport-noconfig.cmake
-- Installing: /home/sophia/workspace/about_ros/code/about_ros2/topic_ros/install/base_interface_demo/share/base_interface_demo/cmake/base_interface_demo__rosidl_typesupport_cppExport.cmake
-- Installing: /home/sophia/workspace/about_ros/code/about_ros2/topic_ros/install/base_interface_demo/share/base_interface_demo/cmake/base_interface_demo__rosidl_typesupport_cppExport-noconfig.cmake
-- Installing: /home/sophia/workspace/about_ros/code/about_ros2/topic_ros/install/base_interface_demo/share/base_interface_demo/cmake/export_base_interface_demo__rosidl_generator_pyExport.cmake
-- Installing: /home/sophia/workspace/about_ros/code/about_ros2/topic_ros/install/base_interface_demo/share/base_interface_demo/cmake/export_base_interface_demo__rosidl_generator_pyExport-noconfig.cmake
-- Installing: /home/sophia/workspace/about_ros/code/about_ros2/topic_ros/install/base_interface_demo/share/base_interface_demo/cmake/rosidl_cmake-extras.cmake
-- Installing: /home/sophia/workspace/about_ros/code/about_ros2/topic_ros/install/base_interface_demo/share/base_interface_demo/cmake/ament_cmake_export_include_directories-extras.cmake
-- Installing: /home/sophia/workspace/about_ros/code/about_ros2/topic_ros/install/base_interface_demo/share/base_interface_demo/cmake/ament_cmake_export_libraries-extras.cmake
-- Installing: /home/sophia/workspace/about_ros/code/about_ros2/topic_ros/install/base_interface_demo/share/base_interface_demo/cmake/ament_cmake_export_targets-extras.cmake
-- Installing: /home/sophia/workspace/about_ros/code/about_ros2/topic_ros/install/base_interface_demo/share/base_interface_demo/cmake/rosidl_cmake_export_typesupport_targets-extras.cmake
-- Installing: /home/sophia/workspace/about_ros/code/about_ros2/topic_ros/install/base_interface_demo/share/base_interface_demo/cmake/ament_cmake_export_dependencies-extras.cmake
-- Installing: /home/sophia/workspace/about_ros/code/about_ros2/topic_ros/install/base_interface_demo/share/base_interface_demo/cmake/rosidl_cmake_export_typesupport_libraries-extras.cmake
-- Installing: /home/sophia/workspace/about_ros/code/about_ros2/topic_ros/install/base_interface_demo/share/base_interface_demo/cmake/base_interface_demoConfig.cmake
-- Up-to-date: /home/sophia/workspace/about_ros/code/about_ros2/topic_ros/install/base_interface_demo/share/base_interface_demo/cmake/base_interface_demoConfig-version.cmake
-- Installing: /home/sophia/workspace/about_ros/code/about_ros2/topic_ros/install/base_interface_demo/share/base_interface_demo/package.xml
