[0.018s] Invoking command in '/home/sophia/workspace/about_ros/code/about_ros2/ws_tools/build/cpp01_launch': CMAKE_PREFIX_PATH=/opt/ros/humble /bin/cmake /home/sophia/workspace/about_ros/code/about_ros2/ws_tools/src/cpp01_launch -DCMAKE_INSTALL_PREFIX=/home/sophia/workspace/about_ros/code/about_ros2/ws_tools/install/cpp01_launch
[0.068s] -- Found ament_cmake: 1.3.5 (/opt/ros/humble/share/ament_cmake/cmake)
[0.403s] -- Found Python3: /bin/python3.10 (found version "3.10.12") found components: Interpreter 
[0.521s] -- Found rclcpp: 16.0.5 (/opt/ros/humble/share/rclcpp/cmake)
[0.581s] -- Found rosidl_generator_c: 3.1.5 (/opt/ros/humble/share/rosidl_generator_c/cmake)
[0.598s] -- Found rosidl_adapter: 3.1.5 (/opt/ros/humble/share/rosidl_adapter/cmake)
[0.605s] -- Found rosidl_generator_cpp: 3.1.5 (/opt/ros/humble/share/rosidl_generator_cpp/cmake)
[0.617s] -- Using all available rosidl_typesupport_c: rosidl_typesupport_fastrtps_c;rosidl_typesupport_introspection_c
[0.634s] -- Using all available rosidl_typesupport_cpp: rosidl_typesupport_fastrtps_cpp;rosidl_typesupport_introspection_cpp
[0.697s] -- Found rmw_implementation_cmake: 6.1.1 (/opt/ros/humble/share/rmw_implementation_cmake/cmake)
[0.699s] -- Found rmw_fastrtps_cpp: 6.2.3 (/opt/ros/humble/share/rmw_fastrtps_cpp/cmake)
[0.908s] -- Found OpenSSL: /usr/lib/x86_64-linux-gnu/libcrypto.so (found version "3.0.2")  
[0.932s] -- Found FastRTPS: /opt/ros/humble/include  
[0.974s] -- Using RMW implementation 'rmw_fastrtps_cpp' as default
[0.996s] -- Looking for pthread.h
[1.061s] -- Looking for pthread.h - found
[1.061s] -- Performing Test CMAKE_HAVE_LIBC_PTHREAD
[1.131s] -- Performing Test CMAKE_HAVE_LIBC_PTHREAD - Success
[1.132s] -- Found Threads: TRUE  
[1.291s] -- Found ament_lint_auto: 0.12.7 (/opt/ros/humble/share/ament_lint_auto/cmake)
[1.359s] -- Added test 'lint_cmake' to check CMake code style
[1.360s] -- Added test 'xmllint' to check XML markup files
[1.361s] -- Configuring done
[1.366s] -- Generating done
[1.367s] -- Build files have been written to: /home/sophia/workspace/about_ros/code/about_ros2/ws_tools/build/cpp01_launch
[1.374s] Invoked command in '/home/sophia/workspace/about_ros/code/about_ros2/ws_tools/build/cpp01_launch' returned '0': CMAKE_PREFIX_PATH=/opt/ros/humble /bin/cmake /home/sophia/workspace/about_ros/code/about_ros2/ws_tools/src/cpp01_launch -DCMAKE_INSTALL_PREFIX=/home/sophia/workspace/about_ros/code/about_ros2/ws_tools/install/cpp01_launch
[1.375s] Invoking command in '/home/sophia/workspace/about_ros/code/about_ros2/ws_tools/build/cpp01_launch': CMAKE_PREFIX_PATH=/opt/ros/humble /bin/cmake --build /home/sophia/workspace/about_ros/code/about_ros2/ws_tools/build/cpp01_launch -- -j8 -l8
[1.411s] Invoked command in '/home/sophia/workspace/about_ros/code/about_ros2/ws_tools/build/cpp01_launch' returned '0': CMAKE_PREFIX_PATH=/opt/ros/humble /bin/cmake --build /home/sophia/workspace/about_ros/code/about_ros2/ws_tools/build/cpp01_launch -- -j8 -l8
[1.439s] Invoking command in '/home/sophia/workspace/about_ros/code/about_ros2/ws_tools/build/cpp01_launch': CMAKE_PREFIX_PATH=/opt/ros/humble /bin/cmake --install /home/sophia/workspace/about_ros/code/about_ros2/ws_tools/build/cpp01_launch
[1.445s] -- Install configuration: ""
[1.446s] -- Installing: /home/sophia/workspace/about_ros/code/about_ros2/ws_tools/install/cpp01_launch/share/ament_index/resource_index/package_run_dependencies/cpp01_launch
[1.446s] -- Installing: /home/sophia/workspace/about_ros/code/about_ros2/ws_tools/install/cpp01_launch/share/ament_index/resource_index/parent_prefix_path/cpp01_launch
[1.446s] -- Installing: /home/sophia/workspace/about_ros/code/about_ros2/ws_tools/install/cpp01_launch/share/cpp01_launch/environment/ament_prefix_path.sh
[1.446s] -- Installing: /home/sophia/workspace/about_ros/code/about_ros2/ws_tools/install/cpp01_launch/share/cpp01_launch/environment/ament_prefix_path.dsv
[1.446s] -- Installing: /home/sophia/workspace/about_ros/code/about_ros2/ws_tools/install/cpp01_launch/share/cpp01_launch/environment/path.sh
[1.446s] -- Installing: /home/sophia/workspace/about_ros/code/about_ros2/ws_tools/install/cpp01_launch/share/cpp01_launch/environment/path.dsv
[1.446s] -- Installing: /home/sophia/workspace/about_ros/code/about_ros2/ws_tools/install/cpp01_launch/share/cpp01_launch/local_setup.bash
[1.447s] -- Installing: /home/sophia/workspace/about_ros/code/about_ros2/ws_tools/install/cpp01_launch/share/cpp01_launch/local_setup.sh
[1.447s] -- Installing: /home/sophia/workspace/about_ros/code/about_ros2/ws_tools/install/cpp01_launch/share/cpp01_launch/local_setup.zsh
[1.447s] -- Installing: /home/sophia/workspace/about_ros/code/about_ros2/ws_tools/install/cpp01_launch/share/cpp01_launch/local_setup.dsv
[1.447s] -- Installing: /home/sophia/workspace/about_ros/code/about_ros2/ws_tools/install/cpp01_launch/share/cpp01_launch/package.dsv
[1.447s] -- Installing: /home/sophia/workspace/about_ros/code/about_ros2/ws_tools/install/cpp01_launch/share/ament_index/resource_index/packages/cpp01_launch
[1.447s] -- Installing: /home/sophia/workspace/about_ros/code/about_ros2/ws_tools/install/cpp01_launch/share/cpp01_launch/cmake/cpp01_launchConfig.cmake
[1.447s] -- Installing: /home/sophia/workspace/about_ros/code/about_ros2/ws_tools/install/cpp01_launch/share/cpp01_launch/cmake/cpp01_launchConfig-version.cmake
[1.447s] -- Installing: /home/sophia/workspace/about_ros/code/about_ros2/ws_tools/install/cpp01_launch/share/cpp01_launch/package.xml
[1.449s] Invoked command in '/home/sophia/workspace/about_ros/code/about_ros2/ws_tools/build/cpp01_launch' returned '0': CMAKE_PREFIX_PATH=/opt/ros/humble /bin/cmake --install /home/sophia/workspace/about_ros/code/about_ros2/ws_tools/build/cpp01_launch
