[0.014s] Invoking command in '/home/sophia/workspace/about_ros/code/about_ros2/action_ros/build/cpp03_action': CMAKE_PREFIX_PATH=${CMAKE_PREFIX_PATH}:/opt/ros/humble /usr/bin/cmake /home/sophia/workspace/about_ros/code/about_ros2/action_ros/src/cpp03_action -DCMAKE_INSTALL_PREFIX=/home/sophia/workspace/about_ros/code/about_ros2/action_ros/install/cpp03_action
[0.063s] -- The C compiler identification is GNU 11.4.0
[0.114s] -- The CXX compiler identification is GNU 11.4.0
[0.121s] -- Detecting C compiler ABI info
[0.183s] -- Detecting C compiler ABI info - done
[0.190s] -- Check for working C compiler: /usr/bin/cc - skipped
[0.190s] -- Detecting C compile features
[0.190s] -- Detecting C compile features - done
[0.193s] -- Detecting CXX compiler ABI info
[0.264s] -- Detecting CXX compiler ABI info - done
[0.270s] -- Check for working CXX compiler: /usr/bin/c++ - skipped
[0.271s] -- Detecting CXX compile features
[0.271s] -- Detecting CXX compile features - done
[0.274s] -- Found ament_cmake: 1.3.5 (/opt/ros/humble/share/ament_cmake/cmake)
[0.585s] -- Found Python3: /usr/bin/python3.10 (found version "3.10.12") found components: Interpreter 
[0.670s] -- Found rclcpp: 16.0.5 (/opt/ros/humble/share/rclcpp/cmake)
[0.715s] -- Found rosidl_generator_c: 3.1.5 (/opt/ros/humble/share/rosidl_generator_c/cmake)
[0.720s] -- Found rosidl_adapter: 3.1.5 (/opt/ros/humble/share/rosidl_adapter/cmake)
[0.729s] -- Found rosidl_generator_cpp: 3.1.5 (/opt/ros/humble/share/rosidl_generator_cpp/cmake)
[0.743s] -- Using all available rosidl_typesupport_c: rosidl_typesupport_fastrtps_c;rosidl_typesupport_introspection_c
[0.762s] -- Using all available rosidl_typesupport_cpp: rosidl_typesupport_fastrtps_cpp;rosidl_typesupport_introspection_cpp
[0.833s] -- Found rmw_implementation_cmake: 6.1.1 (/opt/ros/humble/share/rmw_implementation_cmake/cmake)
[0.836s] -- Found rmw_fastrtps_cpp: 6.2.3 (/opt/ros/humble/share/rmw_fastrtps_cpp/cmake)
[0.928s] -- Found OpenSSL: /usr/lib/x86_64-linux-gnu/libcrypto.so (found version "3.0.2")  
[0.952s] -- Found FastRTPS: /opt/ros/humble/include  
[0.995s] -- Using RMW implementation 'rmw_fastrtps_cpp' as default
[1.005s] -- Looking for pthread.h
[1.069s] -- Looking for pthread.h - found
[1.069s] -- Performing Test CMAKE_HAVE_LIBC_PTHREAD
[1.136s] -- Performing Test CMAKE_HAVE_LIBC_PTHREAD - Success
[1.137s] -- Found Threads: TRUE  
[1.334s] -- Found rclcpp_action: 16.0.5 (/opt/ros/humble/share/rclcpp_action/cmake)
[1.441s] -- Found base_interfaces_demo: 0.0.0 (/home/sophia/workspace/about_ros/code/about_ros2/action_ros/install/base_interfaces_demo/share/base_interfaces_demo/cmake)
[1.494s] -- Found ament_lint_auto: 0.12.7 (/opt/ros/humble/share/ament_lint_auto/cmake)
[1.568s] -- Added test 'cppcheck' to perform static code analysis on C / C++ code
[1.568s] -- Configured cppcheck include dirs: $<BUILD_INTERFACE:/home/sophia/workspace/about_ros/code/about_ros2/action_ros/src/cpp03_action/include>
[1.568s] -- Configured cppcheck exclude dirs and/or files: 
[1.569s] -- Added test 'lint_cmake' to check CMake code style
[1.570s] -- Added test 'uncrustify' to check C / C++ code style
[1.570s] -- Configured uncrustify additional arguments: 
[1.570s] -- Added test 'xmllint' to check XML markup files
[1.572s] -- Configuring done
[1.584s] -- Generating done
[1.585s] -- Build files have been written to: /home/sophia/workspace/about_ros/code/about_ros2/action_ros/build/cpp03_action
[1.593s] Invoked command in '/home/sophia/workspace/about_ros/code/about_ros2/action_ros/build/cpp03_action' returned '0': CMAKE_PREFIX_PATH=${CMAKE_PREFIX_PATH}:/opt/ros/humble /usr/bin/cmake /home/sophia/workspace/about_ros/code/about_ros2/action_ros/src/cpp03_action -DCMAKE_INSTALL_PREFIX=/home/sophia/workspace/about_ros/code/about_ros2/action_ros/install/cpp03_action
[1.595s] Invoking command in '/home/sophia/workspace/about_ros/code/about_ros2/action_ros/build/cpp03_action': CMAKE_PREFIX_PATH=${CMAKE_PREFIX_PATH}:/opt/ros/humble /usr/bin/cmake --build /home/sophia/workspace/about_ros/code/about_ros2/action_ros/build/cpp03_action -- -j8 -l8
[1.641s] [ 50%] [32mBuilding CXX object CMakeFiles/demo02_action_client.dir/src/demo02_action_client.cpp.o[0m
[1.641s] [ 50%] [32mBuilding CXX object CMakeFiles/demo01_action_server.dir/src/demo01_action_server.cpp.o[0m
[5.060s] [ 75%] [32m[1mLinking CXX executable demo01_action_server[0m
[5.210s] [100%] [32m[1mLinking CXX executable demo02_action_client[0m
[5.273s] [100%] Built target demo01_action_server
[5.361s] [100%] Built target demo02_action_client
[5.372s] Invoked command in '/home/sophia/workspace/about_ros/code/about_ros2/action_ros/build/cpp03_action' returned '0': CMAKE_PREFIX_PATH=${CMAKE_PREFIX_PATH}:/opt/ros/humble /usr/bin/cmake --build /home/sophia/workspace/about_ros/code/about_ros2/action_ros/build/cpp03_action -- -j8 -l8
[5.407s] Invoking command in '/home/sophia/workspace/about_ros/code/about_ros2/action_ros/build/cpp03_action': CMAKE_PREFIX_PATH=${CMAKE_PREFIX_PATH}:/opt/ros/humble /usr/bin/cmake --install /home/sophia/workspace/about_ros/code/about_ros2/action_ros/build/cpp03_action
[5.414s] -- Install configuration: ""
[5.414s] -- Installing: /home/sophia/workspace/about_ros/code/about_ros2/action_ros/install/cpp03_action/lib/cpp03_action/demo01_action_server
[5.415s] -- Set runtime path of "/home/sophia/workspace/about_ros/code/about_ros2/action_ros/install/cpp03_action/lib/cpp03_action/demo01_action_server" to ""
[5.415s] -- Installing: /home/sophia/workspace/about_ros/code/about_ros2/action_ros/install/cpp03_action/lib/cpp03_action/demo02_action_client
[5.416s] -- Set runtime path of "/home/sophia/workspace/about_ros/code/about_ros2/action_ros/install/cpp03_action/lib/cpp03_action/demo02_action_client" to ""
[5.416s] -- Installing: /home/sophia/workspace/about_ros/code/about_ros2/action_ros/install/cpp03_action/share/ament_index/resource_index/package_run_dependencies/cpp03_action
[5.416s] -- Installing: /home/sophia/workspace/about_ros/code/about_ros2/action_ros/install/cpp03_action/share/ament_index/resource_index/parent_prefix_path/cpp03_action
[5.416s] -- Installing: /home/sophia/workspace/about_ros/code/about_ros2/action_ros/install/cpp03_action/share/cpp03_action/environment/ament_prefix_path.sh
[5.416s] -- Installing: /home/sophia/workspace/about_ros/code/about_ros2/action_ros/install/cpp03_action/share/cpp03_action/environment/ament_prefix_path.dsv
[5.416s] -- Installing: /home/sophia/workspace/about_ros/code/about_ros2/action_ros/install/cpp03_action/share/cpp03_action/environment/path.sh
[5.417s] -- Installing: /home/sophia/workspace/about_ros/code/about_ros2/action_ros/install/cpp03_action/share/cpp03_action/environment/path.dsv
[5.417s] -- Installing: /home/sophia/workspace/about_ros/code/about_ros2/action_ros/install/cpp03_action/share/cpp03_action/local_setup.bash
[5.417s] -- Installing: /home/sophia/workspace/about_ros/code/about_ros2/action_ros/install/cpp03_action/share/cpp03_action/local_setup.sh
[5.417s] -- Installing: /home/sophia/workspace/about_ros/code/about_ros2/action_ros/install/cpp03_action/share/cpp03_action/local_setup.zsh
[5.417s] -- Installing: /home/sophia/workspace/about_ros/code/about_ros2/action_ros/install/cpp03_action/share/cpp03_action/local_setup.dsv
[5.417s] -- Installing: /home/sophia/workspace/about_ros/code/about_ros2/action_ros/install/cpp03_action/share/cpp03_action/package.dsv
[5.417s] -- Installing: /home/sophia/workspace/about_ros/code/about_ros2/action_ros/install/cpp03_action/share/ament_index/resource_index/packages/cpp03_action
[5.417s] -- Installing: /home/sophia/workspace/about_ros/code/about_ros2/action_ros/install/cpp03_action/share/cpp03_action/cmake/cpp03_actionConfig.cmake
[5.418s] -- Installing: /home/sophia/workspace/about_ros/code/about_ros2/action_ros/install/cpp03_action/share/cpp03_action/cmake/cpp03_actionConfig-version.cmake
[5.418s] -- Installing: /home/sophia/workspace/about_ros/code/about_ros2/action_ros/install/cpp03_action/share/cpp03_action/package.xml
[5.420s] Invoked command in '/home/sophia/workspace/about_ros/code/about_ros2/action_ros/build/cpp03_action' returned '0': CMAKE_PREFIX_PATH=${CMAKE_PREFIX_PATH}:/opt/ros/humble /usr/bin/cmake --install /home/sophia/workspace/about_ros/code/about_ros2/action_ros/build/cpp03_action
