[0.039s] Invoking command in '/home/sophia/workspace/about_ros/code/about_ros2/exercise_ros/build/base_interfaces_demo': CMAKE_PREFIX_PATH=${CMAKE_PREFIX_PATH}:/opt/ros/humble /usr/bin/cmake /home/sophia/workspace/about_ros/code/about_ros2/exercise_ros/src/base_interfaces_demo -DCMAKE_INSTALL_PREFIX=/home/sophia/workspace/about_ros/code/about_ros2/exercise_ros/install/base_interfaces_demo
[0.487s] -- Found ament_cmake: 1.3.5 (/opt/ros/humble/share/ament_cmake/cmake)
[0.633s] -- Found ament_lint_auto: 0.12.7 (/opt/ros/humble/share/ament_lint_auto/cmake)
[0.696s] -- Added test 'lint_cmake' to check CMake code style
[0.697s] -- Added test 'xmllint' to check XML markup files
[0.697s] -- Configuring done
[0.700s] -- Generating done
[0.701s] -- Build files have been written to: /home/sophia/workspace/about_ros/code/about_ros2/exercise_ros/build/base_interfaces_demo
[0.703s] Invoked command in '/home/sophia/workspace/about_ros/code/about_ros2/exercise_ros/build/base_interfaces_demo' returned '0': CMAKE_PREFIX_PATH=${CMAKE_PREFIX_PATH}:/opt/ros/humble /usr/bin/cmake /home/sophia/workspace/about_ros/code/about_ros2/exercise_ros/src/base_interfaces_demo -DCMAKE_INSTALL_PREFIX=/home/sophia/workspace/about_ros/code/about_ros2/exercise_ros/install/base_interfaces_demo
[0.705s] Invoking command in '/home/sophia/workspace/about_ros/code/about_ros2/exercise_ros/build/base_interfaces_demo': CMAKE_PREFIX_PATH=${CMAKE_PREFIX_PATH}:/opt/ros/humble /usr/bin/cmake --build /home/sophia/workspace/about_ros/code/about_ros2/exercise_ros/build/base_interfaces_demo -- -j8 -l8
[0.779s] Invoked command in '/home/sophia/workspace/about_ros/code/about_ros2/exercise_ros/build/base_interfaces_demo' returned '0': CMAKE_PREFIX_PATH=${CMAKE_PREFIX_PATH}:/opt/ros/humble /usr/bin/cmake --build /home/sophia/workspace/about_ros/code/about_ros2/exercise_ros/build/base_interfaces_demo -- -j8 -l8
[0.820s] Invoking command in '/home/sophia/workspace/about_ros/code/about_ros2/exercise_ros/build/base_interfaces_demo': CMAKE_PREFIX_PATH=${CMAKE_PREFIX_PATH}:/opt/ros/humble /usr/bin/cmake --install /home/sophia/workspace/about_ros/code/about_ros2/exercise_ros/build/base_interfaces_demo
[0.829s] -- Install configuration: ""
[0.830s] -- Up-to-date: /home/sophia/workspace/about_ros/code/about_ros2/exercise_ros/install/base_interfaces_demo/share/ament_index/resource_index/package_run_dependencies/base_interfaces_demo
[0.830s] -- Up-to-date: /home/sophia/workspace/about_ros/code/about_ros2/exercise_ros/install/base_interfaces_demo/share/ament_index/resource_index/parent_prefix_path/base_interfaces_demo
[0.830s] -- Up-to-date: /home/sophia/workspace/about_ros/code/about_ros2/exercise_ros/install/base_interfaces_demo/share/base_interfaces_demo/environment/ament_prefix_path.sh
[0.830s] -- Installing: /home/sophia/workspace/about_ros/code/about_ros2/exercise_ros/install/base_interfaces_demo/share/base_interfaces_demo/environment/ament_prefix_path.dsv
[0.830s] -- Up-to-date: /home/sophia/workspace/about_ros/code/about_ros2/exercise_ros/install/base_interfaces_demo/share/base_interfaces_demo/environment/path.sh
[0.830s] -- Installing: /home/sophia/workspace/about_ros/code/about_ros2/exercise_ros/install/base_interfaces_demo/share/base_interfaces_demo/environment/path.dsv
[0.830s] -- Up-to-date: /home/sophia/workspace/about_ros/code/about_ros2/exercise_ros/install/base_interfaces_demo/share/base_interfaces_demo/local_setup.bash
[0.831s] -- Up-to-date: /home/sophia/workspace/about_ros/code/about_ros2/exercise_ros/install/base_interfaces_demo/share/base_interfaces_demo/local_setup.sh
[0.831s] -- Up-to-date: /home/sophia/workspace/about_ros/code/about_ros2/exercise_ros/install/base_interfaces_demo/share/base_interfaces_demo/local_setup.zsh
[0.831s] -- Installing: /home/sophia/workspace/about_ros/code/about_ros2/exercise_ros/install/base_interfaces_demo/share/base_interfaces_demo/local_setup.dsv
[0.831s] -- Installing: /home/sophia/workspace/about_ros/code/about_ros2/exercise_ros/install/base_interfaces_demo/share/base_interfaces_demo/package.dsv
[0.831s] -- Up-to-date: /home/sophia/workspace/about_ros/code/about_ros2/exercise_ros/install/base_interfaces_demo/share/ament_index/resource_index/packages/base_interfaces_demo
[0.831s] -- Up-to-date: /home/sophia/workspace/about_ros/code/about_ros2/exercise_ros/install/base_interfaces_demo/share/base_interfaces_demo/cmake/base_interfaces_demoConfig.cmake
[0.831s] -- Up-to-date: /home/sophia/workspace/about_ros/code/about_ros2/exercise_ros/install/base_interfaces_demo/share/base_interfaces_demo/cmake/base_interfaces_demoConfig-version.cmake
[0.831s] -- Up-to-date: /home/sophia/workspace/about_ros/code/about_ros2/exercise_ros/install/base_interfaces_demo/share/base_interfaces_demo/package.xml
[0.834s] Invoked command in '/home/sophia/workspace/about_ros/code/about_ros2/exercise_ros/build/base_interfaces_demo' returned '0': CMAKE_PREFIX_PATH=${CMAKE_PREFIX_PATH}:/opt/ros/humble /usr/bin/cmake --install /home/sophia/workspace/about_ros/code/about_ros2/exercise_ros/build/base_interfaces_demo
