[0.010s] Invoking command in '/home/sophia/workspace/about_ros/code/about_ros2/topic_ros/build/cpp01_topic': AMENT_PREFIX_PATH=/home/sophia/workspace/about_ros/code/about_ros2/topic_ros/install/base_interface_demo CMAKE_PREFIX_PATH=/home/sophia/workspace/about_ros/code/about_ros2/topic_ros/install/base_interface_demo /usr/bin/cmake --build /home/sophia/workspace/about_ros/code/about_ros2/topic_ros/build/cpp01_topic -- -j8 -l8
[0.041s] [35m[1mConsolidate compiler generated dependencies of target demo01_talker_str[0m
[0.057s] [100%] Built target demo01_talker_str
[0.066s] Invoked command in '/home/sophia/workspace/about_ros/code/about_ros2/topic_ros/build/cpp01_topic' returned '0': AMENT_PREFIX_PATH=/home/sophia/workspace/about_ros/code/about_ros2/topic_ros/install/base_interface_demo CMAKE_PREFIX_PATH=/home/sophia/workspace/about_ros/code/about_ros2/topic_ros/install/base_interface_demo /usr/bin/cmake --build /home/sophia/workspace/about_ros/code/about_ros2/topic_ros/build/cpp01_topic -- -j8 -l8
[0.087s] Invoking command in '/home/sophia/workspace/about_ros/code/about_ros2/topic_ros/build/cpp01_topic': AMENT_PREFIX_PATH=/home/sophia/workspace/about_ros/code/about_ros2/topic_ros/install/base_interface_demo CMAKE_PREFIX_PATH=/home/sophia/workspace/about_ros/code/about_ros2/topic_ros/install/base_interface_demo /usr/bin/cmake --install /home/sophia/workspace/about_ros/code/about_ros2/topic_ros/build/cpp01_topic
[0.092s] -- Install configuration: ""
[0.092s] -- Up-to-date: /home/sophia/workspace/about_ros/code/about_ros2/topic_ros/install/cpp01_topic/lib/cpp01_topic/demo01_talker_str
[0.093s] -- Up-to-date: /home/sophia/workspace/about_ros/code/about_ros2/topic_ros/install/cpp01_topic/share/ament_index/resource_index/package_run_dependencies/cpp01_topic
[0.093s] -- Up-to-date: /home/sophia/workspace/about_ros/code/about_ros2/topic_ros/install/cpp01_topic/share/ament_index/resource_index/parent_prefix_path/cpp01_topic
[0.093s] -- Up-to-date: /home/sophia/workspace/about_ros/code/about_ros2/topic_ros/install/cpp01_topic/share/cpp01_topic/environment/ament_prefix_path.sh
[0.093s] -- Up-to-date: /home/sophia/workspace/about_ros/code/about_ros2/topic_ros/install/cpp01_topic/share/cpp01_topic/environment/ament_prefix_path.dsv
[0.093s] -- Up-to-date: /home/sophia/workspace/about_ros/code/about_ros2/topic_ros/install/cpp01_topic/share/cpp01_topic/environment/path.sh
[0.093s] -- Up-to-date: /home/sophia/workspace/about_ros/code/about_ros2/topic_ros/install/cpp01_topic/share/cpp01_topic/environment/path.dsv
[0.093s] -- Up-to-date: /home/sophia/workspace/about_ros/code/about_ros2/topic_ros/install/cpp01_topic/share/cpp01_topic/local_setup.bash
[0.093s] -- Up-to-date: /home/sophia/workspace/about_ros/code/about_ros2/topic_ros/install/cpp01_topic/share/cpp01_topic/local_setup.sh
[0.094s] -- Up-to-date: /home/sophia/workspace/about_ros/code/about_ros2/topic_ros/install/cpp01_topic/share/cpp01_topic/local_setup.zsh
[0.094s] -- Up-to-date: /home/sophia/workspace/about_ros/code/about_ros2/topic_ros/install/cpp01_topic/share/cpp01_topic/local_setup.dsv
[0.094s] -- Installing: /home/sophia/workspace/about_ros/code/about_ros2/topic_ros/install/cpp01_topic/share/cpp01_topic/package.dsv
[0.094s] -- Up-to-date: /home/sophia/workspace/about_ros/code/about_ros2/topic_ros/install/cpp01_topic/share/ament_index/resource_index/packages/cpp01_topic
[0.094s] -- Up-to-date: /home/sophia/workspace/about_ros/code/about_ros2/topic_ros/install/cpp01_topic/share/cpp01_topic/cmake/cpp01_topicConfig.cmake
[0.094s] -- Up-to-date: /home/sophia/workspace/about_ros/code/about_ros2/topic_ros/install/cpp01_topic/share/cpp01_topic/cmake/cpp01_topicConfig-version.cmake
[0.094s] -- Up-to-date: /home/sophia/workspace/about_ros/code/about_ros2/topic_ros/install/cpp01_topic/share/cpp01_topic/package.xml
[0.095s] Invoked command in '/home/sophia/workspace/about_ros/code/about_ros2/topic_ros/build/cpp01_topic' returned '0': AMENT_PREFIX_PATH=/home/sophia/workspace/about_ros/code/about_ros2/topic_ros/install/base_interface_demo CMAKE_PREFIX_PATH=/home/sophia/workspace/about_ros/code/about_ros2/topic_ros/install/base_interface_demo /usr/bin/cmake --install /home/sophia/workspace/about_ros/code/about_ros2/topic_ros/build/cpp01_topic
