[0.011s] Invoking command in '/home/sophia/workspace/about_ros/code/about_ros2/ws_tools/build/cpp04_tf_listener': CMAKE_PREFIX_PATH=${CMAKE_PREFIX_PATH}:/opt/ros/humble /bin/cmake --build /home/sophia/workspace/about_ros/code/about_ros2/ws_tools/build/cpp04_tf_listener -- -j8 -l8
[0.050s] [35m[1mConsolidate compiler generated dependencies of target demo01_tf_listener[0m
[0.067s] [ 50%] [32mBuilding CXX object CMakeFiles/demo01_tf_listener.dir/src/demo01_tf_listener.cpp.o[0m
[2.320s] In file included from [01m[K/opt/ros/humble/include/rclcpp/rclcpp/logging.hpp:24[m[K,
[2.320s]                  from [01m[K/opt/ros/humble/include/rclcpp/rclcpp/client.hpp:40[m[K,
[2.320s]                  from [01m[K/opt/ros/humble/include/rclcpp/rclcpp/callback_group.hpp:24[m[K,
[2.320s]                  from [01m[K/opt/ros/humble/include/rclcpp/rclcpp/any_executable.hpp:20[m[K,
[2.320s]                  from [01m[K/opt/ros/humble/include/rclcpp/rclcpp/memory_strategy.hpp:25[m[K,
[2.320s]                  from [01m[K/opt/ros/humble/include/rclcpp/rclcpp/memory_strategies.hpp:18[m[K,
[2.320s]                  from [01m[K/opt/ros/humble/include/rclcpp/rclcpp/executor_options.hpp:20[m[K,
[2.320s]                  from [01m[K/opt/ros/humble/include/rclcpp/rclcpp/executor.hpp:37[m[K,
[2.320s]                  from [01m[K/opt/ros/humble/include/rclcpp/rclcpp/executors/multi_threaded_executor.hpp:25[m[K,
[2.320s]                  from [01m[K/opt/ros/humble/include/rclcpp/rclcpp/executors.hpp:21[m[K,
[2.320s]                  from [01m[K/opt/ros/humble/include/rclcpp/rclcpp/rclcpp.hpp:155[m[K,
[2.321s]                  from [01m[K/home/sophia/workspace/about_ros/code/about_ros2/ws_tools/src/cpp04_tf_listener/src/demo01_tf_listener.cpp:1[m[K:
[2.321s] [01m[K/home/sophia/workspace/about_ros/code/about_ros2/ws_tools/src/cpp04_tf_listener/src/demo01_tf_listener.cpp:[m[K In member function ‘[01m[Kvoid TFListener::on_timer()[m[K’:
[2.321s] [01m[K/home/sophia/workspace/about_ros/code/about_ros2/ws_tools/src/cpp04_tf_listener/src/demo01_tf_listener.cpp:40:44:[m[K [01;31m[Kerror: [m[Kinvalid use of non-static member function ‘[01m[Kconst _CharT* std::__cxx11::basic_string<_CharT, _Traits, _Alloc>::c_str() const [with _CharT = char; _Traits = std::char_traits<char>; _Alloc = std::allocator<char>][m[K’
[2.321s]    40 |                         [01;31m[Kts.header.frame_id.c_str[m[K,
[2.321s]       |                         [01;31m[K~~~~~~~~~~~~~~~~~~~^~~~~[m[K
[2.321s] In file included from [01m[K/usr/include/c++/11/string:55[m[K,
[2.321s]                  from [01m[K/usr/include/c++/11/stdexcept:39[m[K,
[2.321s]                  from [01m[K/usr/include/c++/11/system_error:41[m[K,
[2.321s]                  from [01m[K/usr/include/c++/11/mutex:42[m[K,
[2.321s]                  from [01m[K/usr/include/c++/11/future:38[m[K,
[2.321s]                  from [01m[K/opt/ros/humble/include/rclcpp/rclcpp/executors.hpp:18[m[K,
[2.321s]                  from [01m[K/opt/ros/humble/include/rclcpp/rclcpp/rclcpp.hpp:155[m[K,
[2.321s]                  from [01m[K/home/sophia/workspace/about_ros/code/about_ros2/ws_tools/src/cpp04_tf_listener/src/demo01_tf_listener.cpp:1[m[K:
[2.321s] [01m[K/usr/include/c++/11/bits/basic_string.h:2320:7:[m[K [01;36m[Knote: [m[Kdeclared here
[2.321s]  2320 |       [01;36m[Kc_str[m[K() const _GLIBCXX_NOEXCEPT
[2.321s]       |       [01;36m[K^~~~~[m[K
[4.491s] gmake[2]: *** [CMakeFiles/demo01_tf_listener.dir/build.make:76: CMakeFiles/demo01_tf_listener.dir/src/demo01_tf_listener.cpp.o] Error 1
[4.491s] gmake[1]: *** [CMakeFiles/Makefile2:137: CMakeFiles/demo01_tf_listener.dir/all] Error 2
[4.491s] gmake: *** [Makefile:146: all] Error 2
[4.493s] Invoked command in '/home/sophia/workspace/about_ros/code/about_ros2/ws_tools/build/cpp04_tf_listener' returned '2': CMAKE_PREFIX_PATH=${CMAKE_PREFIX_PATH}:/opt/ros/humble /bin/cmake --build /home/sophia/workspace/about_ros/code/about_ros2/ws_tools/build/cpp04_tf_listener -- -j8 -l8
