[0.042s] Invoking command in '/home/sophia/workspace/about_ros/code/about_ros2/exercise_ros/build/base_interfaces_demo': CMAKE_PREFIX_PATH=${CMAKE_PREFIX_PATH}:/opt/ros/humble /usr/bin/cmake --build /home/sophia/workspace/about_ros/code/about_ros2/exercise_ros/build/base_interfaces_demo -- -j8 -l8
[0.866s] [35m[1mConsolidate compiler generated dependencies of target base_interfaces_demo__rosidl_generator_c[0m
[0.878s] [  3%] Built target base_interfaces_demo__cpp
[0.879s] [ 12%] Built target base_interfaces_demo__rosidl_generator_c
[0.890s] [35m[1mConsolidate compiler generated dependencies of target base_interfaces_demo__rosidl_typesupport_introspection_cpp[0m
[0.891s] [ 12%] Built target ament_cmake_python_copy_base_interfaces_demo
[0.892s] [35m[1mConsolidate compiler generated dependencies of target base_interfaces_demo__rosidl_typesupport_cpp[0m
[0.893s] [35m[1mConsolidate compiler generated dependencies of target base_interfaces_demo__rosidl_typesupport_fastrtps_cpp[0m
[0.893s] [35m[1mConsolidate compiler generated dependencies of target base_interfaces_demo__rosidl_typesupport_introspection_c[0m
[0.893s] [35m[1mConsolidate compiler generated dependencies of target base_interfaces_demo__rosidl_typesupport_fastrtps_c[0m
[0.894s] [35m[1mConsolidate compiler generated dependencies of target base_interfaces_demo__rosidl_typesupport_c[0m
[0.908s] [ 22%] Built target base_interfaces_demo__rosidl_typesupport_c
[0.909s] [ 32%] Built target base_interfaces_demo__rosidl_typesupport_introspection_cpp
[0.909s] [ 41%] Built target base_interfaces_demo__rosidl_typesupport_introspection_c
[0.910s] [ 51%] Built target base_interfaces_demo__rosidl_typesupport_cpp
[0.912s] [ 61%] Built target base_interfaces_demo__rosidl_typesupport_fastrtps_cpp
[0.913s] [ 70%] Built target base_interfaces_demo__rosidl_typesupport_fastrtps_c
[0.933s] [ 70%] Built target base_interfaces_demo
[0.955s] [ 74%] Built target base_interfaces_demo__py
[0.965s] [35m[1mConsolidate compiler generated dependencies of target base_interfaces_demo__rosidl_generator_py[0m
[0.979s] [ 80%] Built target base_interfaces_demo__rosidl_generator_py
[0.989s] [35m[1mConsolidate compiler generated dependencies of target base_interfaces_demo__rosidl_typesupport_c__pyext[0m
[0.990s] [35m[1mConsolidate compiler generated dependencies of target base_interfaces_demo__rosidl_typesupport_fastrtps_c__pyext[0m
[0.990s] [35m[1mConsolidate compiler generated dependencies of target base_interfaces_demo__rosidl_typesupport_introspection_c__pyext[0m
[1.003s] [ 93%] Built target base_interfaces_demo__rosidl_typesupport_fastrtps_c__pyext
[1.004s] [ 93%] Built target base_interfaces_demo__rosidl_typesupport_c__pyext
[1.004s] [100%] Built target base_interfaces_demo__rosidl_typesupport_introspection_c__pyext
[1.107s] running egg_info
[1.122s] writing base_interfaces_demo.egg-info/PKG-INFO
[1.122s] writing dependency_links to base_interfaces_demo.egg-info/dependency_links.txt
[1.122s] writing top-level names to base_interfaces_demo.egg-info/top_level.txt
[1.164s] reading manifest file 'base_interfaces_demo.egg-info/SOURCES.txt'
[1.164s] writing manifest file 'base_interfaces_demo.egg-info/SOURCES.txt'
[1.187s] [100%] Built target ament_cmake_python_build_base_interfaces_demo_egg
[1.198s] Invoked command in '/home/sophia/workspace/about_ros/code/about_ros2/exercise_ros/build/base_interfaces_demo' returned '0': CMAKE_PREFIX_PATH=${CMAKE_PREFIX_PATH}:/opt/ros/humble /usr/bin/cmake --build /home/sophia/workspace/about_ros/code/about_ros2/exercise_ros/build/base_interfaces_demo -- -j8 -l8
[1.270s] Invoking command in '/home/sophia/workspace/about_ros/code/about_ros2/exercise_ros/build/base_interfaces_demo': CMAKE_PREFIX_PATH=${CMAKE_PREFIX_PATH}:/opt/ros/humble /usr/bin/cmake --install /home/sophia/workspace/about_ros/code/about_ros2/exercise_ros/build/base_interfaces_demo
[1.278s] -- Install configuration: ""
[1.278s] -- Up-to-date: /home/sophia/workspace/about_ros/code/about_ros2/exercise_ros/install/base_interfaces_demo/share/ament_index/resource_index/rosidl_interfaces/base_interfaces_demo
[1.278s] -- Up-to-date: /home/sophia/workspace/about_ros/code/about_ros2/exercise_ros/install/base_interfaces_demo/include/base_interfaces_demo/base_interfaces_demo
[1.278s] -- Up-to-date: /home/sophia/workspace/about_ros/code/about_ros2/exercise_ros/install/base_interfaces_demo/include/base_interfaces_demo/base_interfaces_demo/msg
[1.278s] -- Up-to-date: /home/sophia/workspace/about_ros/code/about_ros2/exercise_ros/install/base_interfaces_demo/include/base_interfaces_demo/base_interfaces_demo/msg/rosidl_generator_c__visibility_control.h
[1.278s] -- Up-to-date: /home/sophia/workspace/about_ros/code/about_ros2/exercise_ros/install/base_interfaces_demo/include/base_interfaces_demo/base_interfaces_demo/srv
[1.278s] -- Up-to-date: /home/sophia/workspace/about_ros/code/about_ros2/exercise_ros/install/base_interfaces_demo/include/base_interfaces_demo/base_interfaces_demo/srv/detail
[1.278s] -- Up-to-date: /home/sophia/workspace/about_ros/code/about_ros2/exercise_ros/install/base_interfaces_demo/include/base_interfaces_demo/base_interfaces_demo/srv/detail/distance__functions.c
[1.278s] -- Up-to-date: /home/sophia/workspace/about_ros/code/about_ros2/exercise_ros/install/base_interfaces_demo/include/base_interfaces_demo/base_interfaces_demo/srv/detail/distance__functions.h
[1.279s] -- Up-to-date: /home/sophia/workspace/about_ros/code/about_ros2/exercise_ros/install/base_interfaces_demo/include/base_interfaces_demo/base_interfaces_demo/srv/detail/distance__type_support.h
[1.279s] -- Up-to-date: /home/sophia/workspace/about_ros/code/about_ros2/exercise_ros/install/base_interfaces_demo/include/base_interfaces_demo/base_interfaces_demo/srv/detail/distance__struct.h
[1.279s] -- Up-to-date: /home/sophia/workspace/about_ros/code/about_ros2/exercise_ros/install/base_interfaces_demo/include/base_interfaces_demo/base_interfaces_demo/srv/distance.h
[1.279s] -- Up-to-date: /home/sophia/workspace/about_ros/code/about_ros2/exercise_ros/install/base_interfaces_demo/share/base_interfaces_demo/environment/library_path.sh
[1.279s] -- Up-to-date: /home/sophia/workspace/about_ros/code/about_ros2/exercise_ros/install/base_interfaces_demo/share/base_interfaces_demo/environment/library_path.dsv
[1.279s] -- Up-to-date: /home/sophia/workspace/about_ros/code/about_ros2/exercise_ros/install/base_interfaces_demo/lib/libbase_interfaces_demo__rosidl_generator_c.so
[1.279s] -- Up-to-date: /home/sophia/workspace/about_ros/code/about_ros2/exercise_ros/install/base_interfaces_demo/include/base_interfaces_demo/base_interfaces_demo
[1.280s] -- Up-to-date: /home/sophia/workspace/about_ros/code/about_ros2/exercise_ros/install/base_interfaces_demo/include/base_interfaces_demo/base_interfaces_demo/msg
[1.280s] -- Up-to-date: /home/sophia/workspace/about_ros/code/about_ros2/exercise_ros/install/base_interfaces_demo/include/base_interfaces_demo/base_interfaces_demo/msg/rosidl_typesupport_fastrtps_c__visibility_control.h
[1.280s] -- Up-to-date: /home/sophia/workspace/about_ros/code/about_ros2/exercise_ros/install/base_interfaces_demo/include/base_interfaces_demo/base_interfaces_demo/srv
[1.280s] -- Up-to-date: /home/sophia/workspace/about_ros/code/about_ros2/exercise_ros/install/base_interfaces_demo/include/base_interfaces_demo/base_interfaces_demo/srv/detail
[1.280s] -- Up-to-date: /home/sophia/workspace/about_ros/code/about_ros2/exercise_ros/install/base_interfaces_demo/include/base_interfaces_demo/base_interfaces_demo/srv/detail/distance__rosidl_typesupport_fastrtps_c.h
[1.280s] -- Up-to-date: /home/sophia/workspace/about_ros/code/about_ros2/exercise_ros/install/base_interfaces_demo/lib/libbase_interfaces_demo__rosidl_typesupport_fastrtps_c.so
[1.280s] -- Up-to-date: /home/sophia/workspace/about_ros/code/about_ros2/exercise_ros/install/base_interfaces_demo/include/base_interfaces_demo/base_interfaces_demo
[1.280s] -- Up-to-date: /home/sophia/workspace/about_ros/code/about_ros2/exercise_ros/install/base_interfaces_demo/include/base_interfaces_demo/base_interfaces_demo/msg
[1.281s] -- Up-to-date: /home/sophia/workspace/about_ros/code/about_ros2/exercise_ros/install/base_interfaces_demo/include/base_interfaces_demo/base_interfaces_demo/msg/rosidl_typesupport_introspection_c__visibility_control.h
[1.281s] -- Up-to-date: /home/sophia/workspace/about_ros/code/about_ros2/exercise_ros/install/base_interfaces_demo/include/base_interfaces_demo/base_interfaces_demo/srv
[1.281s] -- Up-to-date: /home/sophia/workspace/about_ros/code/about_ros2/exercise_ros/install/base_interfaces_demo/include/base_interfaces_demo/base_interfaces_demo/srv/detail
[1.281s] -- Up-to-date: /home/sophia/workspace/about_ros/code/about_ros2/exercise_ros/install/base_interfaces_demo/include/base_interfaces_demo/base_interfaces_demo/srv/detail/distance__rosidl_typesupport_introspection_c.h
[1.281s] -- Up-to-date: /home/sophia/workspace/about_ros/code/about_ros2/exercise_ros/install/base_interfaces_demo/include/base_interfaces_demo/base_interfaces_demo/srv/detail/distance__type_support.c
[1.281s] -- Up-to-date: /home/sophia/workspace/about_ros/code/about_ros2/exercise_ros/install/base_interfaces_demo/lib/libbase_interfaces_demo__rosidl_typesupport_introspection_c.so
[1.281s] -- Up-to-date: /home/sophia/workspace/about_ros/code/about_ros2/exercise_ros/install/base_interfaces_demo/lib/libbase_interfaces_demo__rosidl_typesupport_c.so
[1.281s] -- Up-to-date: /home/sophia/workspace/about_ros/code/about_ros2/exercise_ros/install/base_interfaces_demo/include/base_interfaces_demo/base_interfaces_demo
[1.282s] -- Up-to-date: /home/sophia/workspace/about_ros/code/about_ros2/exercise_ros/install/base_interfaces_demo/include/base_interfaces_demo/base_interfaces_demo/srv
[1.282s] -- Up-to-date: /home/sophia/workspace/about_ros/code/about_ros2/exercise_ros/install/base_interfaces_demo/include/base_interfaces_demo/base_interfaces_demo/srv/detail
[1.282s] -- Up-to-date: /home/sophia/workspace/about_ros/code/about_ros2/exercise_ros/install/base_interfaces_demo/include/base_interfaces_demo/base_interfaces_demo/srv/detail/distance__builder.hpp
[1.282s] -- Up-to-date: /home/sophia/workspace/about_ros/code/about_ros2/exercise_ros/install/base_interfaces_demo/include/base_interfaces_demo/base_interfaces_demo/srv/detail/distance__traits.hpp
[1.282s] -- Up-to-date: /home/sophia/workspace/about_ros/code/about_ros2/exercise_ros/install/base_interfaces_demo/include/base_interfaces_demo/base_interfaces_demo/srv/detail/distance__struct.hpp
[1.282s] -- Up-to-date: /home/sophia/workspace/about_ros/code/about_ros2/exercise_ros/install/base_interfaces_demo/include/base_interfaces_demo/base_interfaces_demo/srv/distance.hpp
[1.282s] -- Up-to-date: /home/sophia/workspace/about_ros/code/about_ros2/exercise_ros/install/base_interfaces_demo/include/base_interfaces_demo/base_interfaces_demo
[1.282s] -- Up-to-date: /home/sophia/workspace/about_ros/code/about_ros2/exercise_ros/install/base_interfaces_demo/include/base_interfaces_demo/base_interfaces_demo/msg
[1.282s] -- Up-to-date: /home/sophia/workspace/about_ros/code/about_ros2/exercise_ros/install/base_interfaces_demo/include/base_interfaces_demo/base_interfaces_demo/msg/rosidl_typesupport_fastrtps_cpp__visibility_control.h
[1.283s] -- Up-to-date: /home/sophia/workspace/about_ros/code/about_ros2/exercise_ros/install/base_interfaces_demo/include/base_interfaces_demo/base_interfaces_demo/srv
[1.283s] -- Up-to-date: /home/sophia/workspace/about_ros/code/about_ros2/exercise_ros/install/base_interfaces_demo/include/base_interfaces_demo/base_interfaces_demo/srv/detail
[1.283s] -- Up-to-date: /home/sophia/workspace/about_ros/code/about_ros2/exercise_ros/install/base_interfaces_demo/include/base_interfaces_demo/base_interfaces_demo/srv/detail/distance__rosidl_typesupport_fastrtps_cpp.hpp
[1.283s] -- Up-to-date: /home/sophia/workspace/about_ros/code/about_ros2/exercise_ros/install/base_interfaces_demo/include/base_interfaces_demo/base_interfaces_demo/srv/detail/dds_fastrtps
[1.283s] -- Up-to-date: /home/sophia/workspace/about_ros/code/about_ros2/exercise_ros/install/base_interfaces_demo/lib/libbase_interfaces_demo__rosidl_typesupport_fastrtps_cpp.so
[1.283s] -- Up-to-date: /home/sophia/workspace/about_ros/code/about_ros2/exercise_ros/install/base_interfaces_demo/include/base_interfaces_demo/base_interfaces_demo
[1.283s] -- Up-to-date: /home/sophia/workspace/about_ros/code/about_ros2/exercise_ros/install/base_interfaces_demo/include/base_interfaces_demo/base_interfaces_demo/srv
[1.284s] -- Up-to-date: /home/sophia/workspace/about_ros/code/about_ros2/exercise_ros/install/base_interfaces_demo/include/base_interfaces_demo/base_interfaces_demo/srv/detail
[1.284s] -- Up-to-date: /home/sophia/workspace/about_ros/code/about_ros2/exercise_ros/install/base_interfaces_demo/include/base_interfaces_demo/base_interfaces_demo/srv/detail/distance__rosidl_typesupport_introspection_cpp.hpp
[1.284s] -- Up-to-date: /home/sophia/workspace/about_ros/code/about_ros2/exercise_ros/install/base_interfaces_demo/include/base_interfaces_demo/base_interfaces_demo/srv/detail/distance__type_support.cpp
[1.284s] -- Up-to-date: /home/sophia/workspace/about_ros/code/about_ros2/exercise_ros/install/base_interfaces_demo/lib/libbase_interfaces_demo__rosidl_typesupport_introspection_cpp.so
[1.284s] -- Up-to-date: /home/sophia/workspace/about_ros/code/about_ros2/exercise_ros/install/base_interfaces_demo/lib/libbase_interfaces_demo__rosidl_typesupport_cpp.so
[1.284s] -- Up-to-date: /home/sophia/workspace/about_ros/code/about_ros2/exercise_ros/install/base_interfaces_demo/share/base_interfaces_demo/environment/pythonpath.sh
[1.284s] -- Up-to-date: /home/sophia/workspace/about_ros/code/about_ros2/exercise_ros/install/base_interfaces_demo/share/base_interfaces_demo/environment/pythonpath.dsv
[1.284s] -- Up-to-date: /home/sophia/workspace/about_ros/code/about_ros2/exercise_ros/install/base_interfaces_demo/local/lib/python3.10/dist-packages/base_interfaces_demo-0.0.0-py3.10.egg-info
[1.284s] -- Installing: /home/sophia/workspace/about_ros/code/about_ros2/exercise_ros/install/base_interfaces_demo/local/lib/python3.10/dist-packages/base_interfaces_demo-0.0.0-py3.10.egg-info/top_level.txt
[1.284s] -- Installing: /home/sophia/workspace/about_ros/code/about_ros2/exercise_ros/install/base_interfaces_demo/local/lib/python3.10/dist-packages/base_interfaces_demo-0.0.0-py3.10.egg-info/SOURCES.txt
[1.284s] -- Installing: /home/sophia/workspace/about_ros/code/about_ros2/exercise_ros/install/base_interfaces_demo/local/lib/python3.10/dist-packages/base_interfaces_demo-0.0.0-py3.10.egg-info/PKG-INFO
[1.285s] -- Installing: /home/sophia/workspace/about_ros/code/about_ros2/exercise_ros/install/base_interfaces_demo/local/lib/python3.10/dist-packages/base_interfaces_demo-0.0.0-py3.10.egg-info/dependency_links.txt
[1.285s] -- Up-to-date: /home/sophia/workspace/about_ros/code/about_ros2/exercise_ros/install/base_interfaces_demo/local/lib/python3.10/dist-packages/base_interfaces_demo
[1.285s] -- Up-to-date: /home/sophia/workspace/about_ros/code/about_ros2/exercise_ros/install/base_interfaces_demo/local/lib/python3.10/dist-packages/base_interfaces_demo/_base_interfaces_demo_s.ep.rosidl_typesupport_c.c
[1.285s] -- Up-to-date: /home/sophia/workspace/about_ros/code/about_ros2/exercise_ros/install/base_interfaces_demo/local/lib/python3.10/dist-packages/base_interfaces_demo/_base_interfaces_demo_s.ep.rosidl_typesupport_introspection_c.c
[1.285s] -- Up-to-date: /home/sophia/workspace/about_ros/code/about_ros2/exercise_ros/install/base_interfaces_demo/local/lib/python3.10/dist-packages/base_interfaces_demo/_base_interfaces_demo_s.ep.rosidl_typesupport_fastrtps_c.c
[1.285s] -- Up-to-date: /home/sophia/workspace/about_ros/code/about_ros2/exercise_ros/install/base_interfaces_demo/local/lib/python3.10/dist-packages/base_interfaces_demo/libbase_interfaces_demo__rosidl_generator_py.so
[1.285s] -- Up-to-date: /home/sophia/workspace/about_ros/code/about_ros2/exercise_ros/install/base_interfaces_demo/local/lib/python3.10/dist-packages/base_interfaces_demo/__init__.py
[1.285s] -- Up-to-date: /home/sophia/workspace/about_ros/code/about_ros2/exercise_ros/install/base_interfaces_demo/local/lib/python3.10/dist-packages/base_interfaces_demo/base_interfaces_demo_s__rosidl_typesupport_introspection_c.cpython-310-x86_64-linux-gnu.so
[1.285s] -- Up-to-date: /home/sophia/workspace/about_ros/code/about_ros2/exercise_ros/install/base_interfaces_demo/local/lib/python3.10/dist-packages/base_interfaces_demo/srv
[1.285s] -- Up-to-date: /home/sophia/workspace/about_ros/code/about_ros2/exercise_ros/install/base_interfaces_demo/local/lib/python3.10/dist-packages/base_interfaces_demo/srv/_distance.py
[1.286s] -- Up-to-date: /home/sophia/workspace/about_ros/code/about_ros2/exercise_ros/install/base_interfaces_demo/local/lib/python3.10/dist-packages/base_interfaces_demo/srv/_distance_s.c
[1.286s] -- Up-to-date: /home/sophia/workspace/about_ros/code/about_ros2/exercise_ros/install/base_interfaces_demo/local/lib/python3.10/dist-packages/base_interfaces_demo/srv/__init__.py
[1.286s] -- Up-to-date: /home/sophia/workspace/about_ros/code/about_ros2/exercise_ros/install/base_interfaces_demo/local/lib/python3.10/dist-packages/base_interfaces_demo/base_interfaces_demo_s__rosidl_typesupport_c.cpython-310-x86_64-linux-gnu.so
[1.286s] -- Up-to-date: /home/sophia/workspace/about_ros/code/about_ros2/exercise_ros/install/base_interfaces_demo/local/lib/python3.10/dist-packages/base_interfaces_demo/base_interfaces_demo_s__rosidl_typesupport_fastrtps_c.cpython-310-x86_64-linux-gnu.so
[1.321s] Listing '/home/sophia/workspace/about_ros/code/about_ros2/exercise_ros/install/base_interfaces_demo/local/lib/python3.10/dist-packages/base_interfaces_demo'...
[1.321s] Listing '/home/sophia/workspace/about_ros/code/about_ros2/exercise_ros/install/base_interfaces_demo/local/lib/python3.10/dist-packages/base_interfaces_demo/srv'...
[1.326s] -- Up-to-date: /home/sophia/workspace/about_ros/code/about_ros2/exercise_ros/install/base_interfaces_demo/local/lib/python3.10/dist-packages/base_interfaces_demo/base_interfaces_demo_s__rosidl_typesupport_fastrtps_c.cpython-310-x86_64-linux-gnu.so
[1.326s] -- Up-to-date: /home/sophia/workspace/about_ros/code/about_ros2/exercise_ros/install/base_interfaces_demo/local/lib/python3.10/dist-packages/base_interfaces_demo/base_interfaces_demo_s__rosidl_typesupport_introspection_c.cpython-310-x86_64-linux-gnu.so
[1.327s] -- Up-to-date: /home/sophia/workspace/about_ros/code/about_ros2/exercise_ros/install/base_interfaces_demo/local/lib/python3.10/dist-packages/base_interfaces_demo/base_interfaces_demo_s__rosidl_typesupport_c.cpython-310-x86_64-linux-gnu.so
[1.327s] -- Up-to-date: /home/sophia/workspace/about_ros/code/about_ros2/exercise_ros/install/base_interfaces_demo/lib/libbase_interfaces_demo__rosidl_generator_py.so
[1.327s] -- Up-to-date: /home/sophia/workspace/about_ros/code/about_ros2/exercise_ros/install/base_interfaces_demo/share/base_interfaces_demo/srv/Distance.idl
[1.327s] -- Up-to-date: /home/sophia/workspace/about_ros/code/about_ros2/exercise_ros/install/base_interfaces_demo/share/base_interfaces_demo/srv/Distance.srv
[1.327s] -- Up-to-date: /home/sophia/workspace/about_ros/code/about_ros2/exercise_ros/install/base_interfaces_demo/share/base_interfaces_demo/srv/Distance_Request.msg
[1.328s] -- Up-to-date: /home/sophia/workspace/about_ros/code/about_ros2/exercise_ros/install/base_interfaces_demo/share/base_interfaces_demo/srv/Distance_Response.msg
[1.328s] -- Up-to-date: /home/sophia/workspace/about_ros/code/about_ros2/exercise_ros/install/base_interfaces_demo/share/ament_index/resource_index/package_run_dependencies/base_interfaces_demo
[1.328s] -- Up-to-date: /home/sophia/workspace/about_ros/code/about_ros2/exercise_ros/install/base_interfaces_demo/share/ament_index/resource_index/parent_prefix_path/base_interfaces_demo
[1.328s] -- Up-to-date: /home/sophia/workspace/about_ros/code/about_ros2/exercise_ros/install/base_interfaces_demo/share/base_interfaces_demo/environment/ament_prefix_path.sh
[1.328s] -- Up-to-date: /home/sophia/workspace/about_ros/code/about_ros2/exercise_ros/install/base_interfaces_demo/share/base_interfaces_demo/environment/ament_prefix_path.dsv
[1.328s] -- Up-to-date: /home/sophia/workspace/about_ros/code/about_ros2/exercise_ros/install/base_interfaces_demo/share/base_interfaces_demo/environment/path.sh
[1.328s] -- Up-to-date: /home/sophia/workspace/about_ros/code/about_ros2/exercise_ros/install/base_interfaces_demo/share/base_interfaces_demo/environment/path.dsv
[1.328s] -- Up-to-date: /home/sophia/workspace/about_ros/code/about_ros2/exercise_ros/install/base_interfaces_demo/share/base_interfaces_demo/local_setup.bash
[1.329s] -- Up-to-date: /home/sophia/workspace/about_ros/code/about_ros2/exercise_ros/install/base_interfaces_demo/share/base_interfaces_demo/local_setup.sh
[1.329s] -- Up-to-date: /home/sophia/workspace/about_ros/code/about_ros2/exercise_ros/install/base_interfaces_demo/share/base_interfaces_demo/local_setup.zsh
[1.329s] -- Up-to-date: /home/sophia/workspace/about_ros/code/about_ros2/exercise_ros/install/base_interfaces_demo/share/base_interfaces_demo/local_setup.dsv
[1.329s] -- Installing: /home/sophia/workspace/about_ros/code/about_ros2/exercise_ros/install/base_interfaces_demo/share/base_interfaces_demo/package.dsv
[1.329s] -- Up-to-date: /home/sophia/workspace/about_ros/code/about_ros2/exercise_ros/install/base_interfaces_demo/share/ament_index/resource_index/packages/base_interfaces_demo
[1.329s] -- Up-to-date: /home/sophia/workspace/about_ros/code/about_ros2/exercise_ros/install/base_interfaces_demo/share/base_interfaces_demo/cmake/export_base_interfaces_demo__rosidl_generator_cExport.cmake
[1.329s] -- Up-to-date: /home/sophia/workspace/about_ros/code/about_ros2/exercise_ros/install/base_interfaces_demo/share/base_interfaces_demo/cmake/export_base_interfaces_demo__rosidl_generator_cExport-noconfig.cmake
[1.329s] -- Up-to-date: /home/sophia/workspace/about_ros/code/about_ros2/exercise_ros/install/base_interfaces_demo/share/base_interfaces_demo/cmake/export_base_interfaces_demo__rosidl_typesupport_fastrtps_cExport.cmake
[1.329s] -- Up-to-date: /home/sophia/workspace/about_ros/code/about_ros2/exercise_ros/install/base_interfaces_demo/share/base_interfaces_demo/cmake/export_base_interfaces_demo__rosidl_typesupport_fastrtps_cExport-noconfig.cmake
[1.330s] -- Up-to-date: /home/sophia/workspace/about_ros/code/about_ros2/exercise_ros/install/base_interfaces_demo/share/base_interfaces_demo/cmake/base_interfaces_demo__rosidl_typesupport_introspection_cExport.cmake
[1.330s] -- Up-to-date: /home/sophia/workspace/about_ros/code/about_ros2/exercise_ros/install/base_interfaces_demo/share/base_interfaces_demo/cmake/base_interfaces_demo__rosidl_typesupport_introspection_cExport-noconfig.cmake
[1.330s] -- Up-to-date: /home/sophia/workspace/about_ros/code/about_ros2/exercise_ros/install/base_interfaces_demo/share/base_interfaces_demo/cmake/base_interfaces_demo__rosidl_typesupport_cExport.cmake
[1.330s] -- Up-to-date: /home/sophia/workspace/about_ros/code/about_ros2/exercise_ros/install/base_interfaces_demo/share/base_interfaces_demo/cmake/base_interfaces_demo__rosidl_typesupport_cExport-noconfig.cmake
[1.330s] -- Up-to-date: /home/sophia/workspace/about_ros/code/about_ros2/exercise_ros/install/base_interfaces_demo/share/base_interfaces_demo/cmake/export_base_interfaces_demo__rosidl_generator_cppExport.cmake
[1.330s] -- Up-to-date: /home/sophia/workspace/about_ros/code/about_ros2/exercise_ros/install/base_interfaces_demo/share/base_interfaces_demo/cmake/export_base_interfaces_demo__rosidl_typesupport_fastrtps_cppExport.cmake
[1.330s] -- Up-to-date: /home/sophia/workspace/about_ros/code/about_ros2/exercise_ros/install/base_interfaces_demo/share/base_interfaces_demo/cmake/export_base_interfaces_demo__rosidl_typesupport_fastrtps_cppExport-noconfig.cmake
[1.330s] -- Up-to-date: /home/sophia/workspace/about_ros/code/about_ros2/exercise_ros/install/base_interfaces_demo/share/base_interfaces_demo/cmake/base_interfaces_demo__rosidl_typesupport_introspection_cppExport.cmake
[1.331s] -- Up-to-date: /home/sophia/workspace/about_ros/code/about_ros2/exercise_ros/install/base_interfaces_demo/share/base_interfaces_demo/cmake/base_interfaces_demo__rosidl_typesupport_introspection_cppExport-noconfig.cmake
[1.331s] -- Up-to-date: /home/sophia/workspace/about_ros/code/about_ros2/exercise_ros/install/base_interfaces_demo/share/base_interfaces_demo/cmake/base_interfaces_demo__rosidl_typesupport_cppExport.cmake
[1.331s] -- Up-to-date: /home/sophia/workspace/about_ros/code/about_ros2/exercise_ros/install/base_interfaces_demo/share/base_interfaces_demo/cmake/base_interfaces_demo__rosidl_typesupport_cppExport-noconfig.cmake
[1.331s] -- Up-to-date: /home/sophia/workspace/about_ros/code/about_ros2/exercise_ros/install/base_interfaces_demo/share/base_interfaces_demo/cmake/export_base_interfaces_demo__rosidl_generator_pyExport.cmake
[1.331s] -- Up-to-date: /home/sophia/workspace/about_ros/code/about_ros2/exercise_ros/install/base_interfaces_demo/share/base_interfaces_demo/cmake/export_base_interfaces_demo__rosidl_generator_pyExport-noconfig.cmake
[1.331s] -- Up-to-date: /home/sophia/workspace/about_ros/code/about_ros2/exercise_ros/install/base_interfaces_demo/share/base_interfaces_demo/cmake/rosidl_cmake-extras.cmake
[1.331s] -- Up-to-date: /home/sophia/workspace/about_ros/code/about_ros2/exercise_ros/install/base_interfaces_demo/share/base_interfaces_demo/cmake/ament_cmake_export_include_directories-extras.cmake
[1.331s] -- Up-to-date: /home/sophia/workspace/about_ros/code/about_ros2/exercise_ros/install/base_interfaces_demo/share/base_interfaces_demo/cmake/ament_cmake_export_libraries-extras.cmake
[1.331s] -- Up-to-date: /home/sophia/workspace/about_ros/code/about_ros2/exercise_ros/install/base_interfaces_demo/share/base_interfaces_demo/cmake/ament_cmake_export_targets-extras.cmake
[1.331s] -- Up-to-date: /home/sophia/workspace/about_ros/code/about_ros2/exercise_ros/install/base_interfaces_demo/share/base_interfaces_demo/cmake/rosidl_cmake_export_typesupport_targets-extras.cmake
[1.332s] -- Up-to-date: /home/sophia/workspace/about_ros/code/about_ros2/exercise_ros/install/base_interfaces_demo/share/base_interfaces_demo/cmake/ament_cmake_export_dependencies-extras.cmake
[1.332s] -- Up-to-date: /home/sophia/workspace/about_ros/code/about_ros2/exercise_ros/install/base_interfaces_demo/share/base_interfaces_demo/cmake/rosidl_cmake_export_typesupport_libraries-extras.cmake
[1.332s] -- Up-to-date: /home/sophia/workspace/about_ros/code/about_ros2/exercise_ros/install/base_interfaces_demo/share/base_interfaces_demo/cmake/base_interfaces_demoConfig.cmake
[1.332s] -- Up-to-date: /home/sophia/workspace/about_ros/code/about_ros2/exercise_ros/install/base_interfaces_demo/share/base_interfaces_demo/cmake/base_interfaces_demoConfig-version.cmake
[1.332s] -- Up-to-date: /home/sophia/workspace/about_ros/code/about_ros2/exercise_ros/install/base_interfaces_demo/share/base_interfaces_demo/package.xml
[1.334s] Invoked command in '/home/sophia/workspace/about_ros/code/about_ros2/exercise_ros/build/base_interfaces_demo' returned '0': CMAKE_PREFIX_PATH=${CMAKE_PREFIX_PATH}:/opt/ros/humble /usr/bin/cmake --install /home/sophia/workspace/about_ros/code/about_ros2/exercise_ros/build/base_interfaces_demo
