[0.232s] DEBUG:colcon:Command line arguments: ['/bin/colcon', 'build', '--packages-select', 'cpp03_tf_broadcaster']
[0.232s] DEBUG:colcon:Parsed command line arguments: Namespace(log_base=None, log_level=None, verb_name='build', build_base='build', install_base='install', merge_install=False, symlink_install=False, test_result_base=None, continue_on_error=False, executor='parallel', parallel_workers=8, event_handlers=None, ignore_user_meta=False, metas=['./colcon.meta'], base_paths=['.'], packages_ignore=None, packages_ignore_regex=None, paths=None, packages_up_to=None, packages_up_to_regex=None, packages_above=None, packages_above_and_dependencies=None, packages_above_depth=None, packages_select_by_dep=None, packages_skip_by_dep=None, packages_skip_up_to=None, packages_select_build_failed=False, packages_skip_build_finished=False, packages_select_test_failures=False, packages_skip_test_passed=False, packages_select=['cpp03_tf_broadcaster'], packages_skip=None, packages_select_regex=None, packages_skip_regex=None, packages_start=None, packages_end=None, allow_overriding=[], cmake_args=None, cmake_target=None, cmake_target_skip_unavailable=False, cmake_clean_cache=False, cmake_clean_first=False, cmake_force_configure=False, ament_cmake_args=None, catkin_cmake_args=None, catkin_skip_building_tests=False, verb_parser=<colcon_defaults.argument_parser.defaults.DefaultArgumentsDecorator object at 0x7fceafb469b0>, verb_extension=<colcon_core.verb.build.BuildVerb object at 0x7fceafc90460>, main=<bound method BuildVerb.main of <colcon_core.verb.build.BuildVerb object at 0x7fceafc90460>>)
[0.259s] Level 1:colcon.colcon_core.package_discovery:discover_packages(colcon_meta) check parameters
[0.259s] Level 1:colcon.colcon_core.package_discovery:discover_packages(recursive) check parameters
[0.259s] Level 1:colcon.colcon_core.package_discovery:discover_packages(ignore) check parameters
[0.259s] Level 1:colcon.colcon_core.package_discovery:discover_packages(path) check parameters
[0.259s] Level 1:colcon.colcon_core.package_discovery:discover_packages(colcon_meta) discover
[0.259s] Level 1:colcon.colcon_core.package_discovery:discover_packages(recursive) discover
[0.259s] INFO:colcon.colcon_core.package_discovery:Crawling recursively for packages in '/home/sophia/workspace/about_ros/code/about_ros2/ws_tools'
[0.259s] Level 1:colcon.colcon_core.package_identification:_identify(.) by extensions ['ignore', 'ignore_ament_install']
[0.259s] Level 1:colcon.colcon_core.package_identification:_identify(.) by extension 'ignore'
[0.259s] Level 1:colcon.colcon_core.package_identification:_identify(.) by extension 'ignore_ament_install'
[0.259s] Level 1:colcon.colcon_core.package_identification:_identify(.) by extensions ['colcon_pkg']
[0.259s] Level 1:colcon.colcon_core.package_identification:_identify(.) by extension 'colcon_pkg'
[0.259s] Level 1:colcon.colcon_core.package_identification:_identify(.) by extensions ['colcon_meta']
[0.259s] Level 1:colcon.colcon_core.package_identification:_identify(.) by extension 'colcon_meta'
[0.259s] Level 1:colcon.colcon_core.package_identification:_identify(.) by extensions ['ros']
[0.259s] Level 1:colcon.colcon_core.package_identification:_identify(.) by extension 'ros'
[0.272s] Level 1:colcon.colcon_core.package_identification:_identify(.) by extensions ['cmake', 'python']
[0.272s] Level 1:colcon.colcon_core.package_identification:_identify(.) by extension 'cmake'
[0.272s] Level 1:colcon.colcon_core.package_identification:_identify(.) by extension 'python'
[0.272s] Level 1:colcon.colcon_core.package_identification:_identify(.) by extensions ['python_setup_py']
[0.272s] Level 1:colcon.colcon_core.package_identification:_identify(.) by extension 'python_setup_py'
[0.272s] Level 1:colcon.colcon_core.package_identification:_identify(build) by extensions ['ignore', 'ignore_ament_install']
[0.272s] Level 1:colcon.colcon_core.package_identification:_identify(build) by extension 'ignore'
[0.272s] Level 1:colcon.colcon_core.package_identification:_identify(build) ignored
[0.272s] Level 1:colcon.colcon_core.package_identification:_identify(install) by extensions ['ignore', 'ignore_ament_install']
[0.273s] Level 1:colcon.colcon_core.package_identification:_identify(install) by extension 'ignore'
[0.273s] Level 1:colcon.colcon_core.package_identification:_identify(install) ignored
[0.273s] Level 1:colcon.colcon_core.package_identification:_identify(log) by extensions ['ignore', 'ignore_ament_install']
[0.273s] Level 1:colcon.colcon_core.package_identification:_identify(log) by extension 'ignore'
[0.273s] Level 1:colcon.colcon_core.package_identification:_identify(log) ignored
[0.273s] Level 1:colcon.colcon_core.package_identification:_identify(my_bag) by extensions ['ignore', 'ignore_ament_install']
[0.273s] Level 1:colcon.colcon_core.package_identification:_identify(my_bag) by extension 'ignore'
[0.273s] Level 1:colcon.colcon_core.package_identification:_identify(my_bag) by extension 'ignore_ament_install'
[0.273s] Level 1:colcon.colcon_core.package_identification:_identify(my_bag) by extensions ['colcon_pkg']
[0.273s] Level 1:colcon.colcon_core.package_identification:_identify(my_bag) by extension 'colcon_pkg'
[0.273s] Level 1:colcon.colcon_core.package_identification:_identify(my_bag) by extensions ['colcon_meta']
[0.273s] Level 1:colcon.colcon_core.package_identification:_identify(my_bag) by extension 'colcon_meta'
[0.273s] Level 1:colcon.colcon_core.package_identification:_identify(my_bag) by extensions ['ros']
[0.273s] Level 1:colcon.colcon_core.package_identification:_identify(my_bag) by extension 'ros'
[0.273s] Level 1:colcon.colcon_core.package_identification:_identify(my_bag) by extensions ['cmake', 'python']
[0.273s] Level 1:colcon.colcon_core.package_identification:_identify(my_bag) by extension 'cmake'
[0.273s] Level 1:colcon.colcon_core.package_identification:_identify(my_bag) by extension 'python'
[0.273s] Level 1:colcon.colcon_core.package_identification:_identify(my_bag) by extensions ['python_setup_py']
[0.273s] Level 1:colcon.colcon_core.package_identification:_identify(my_bag) by extension 'python_setup_py'
[0.273s] Level 1:colcon.colcon_core.package_identification:_identify(src) by extensions ['ignore', 'ignore_ament_install']
[0.274s] Level 1:colcon.colcon_core.package_identification:_identify(src) by extension 'ignore'
[0.274s] Level 1:colcon.colcon_core.package_identification:_identify(src) by extension 'ignore_ament_install'
[0.274s] Level 1:colcon.colcon_core.package_identification:_identify(src) by extensions ['colcon_pkg']
[0.274s] Level 1:colcon.colcon_core.package_identification:_identify(src) by extension 'colcon_pkg'
[0.274s] Level 1:colcon.colcon_core.package_identification:_identify(src) by extensions ['colcon_meta']
[0.274s] Level 1:colcon.colcon_core.package_identification:_identify(src) by extension 'colcon_meta'
[0.274s] Level 1:colcon.colcon_core.package_identification:_identify(src) by extensions ['ros']
[0.274s] Level 1:colcon.colcon_core.package_identification:_identify(src) by extension 'ros'
[0.274s] Level 1:colcon.colcon_core.package_identification:_identify(src) by extensions ['cmake', 'python']
[0.274s] Level 1:colcon.colcon_core.package_identification:_identify(src) by extension 'cmake'
[0.274s] Level 1:colcon.colcon_core.package_identification:_identify(src) by extension 'python'
[0.274s] Level 1:colcon.colcon_core.package_identification:_identify(src) by extensions ['python_setup_py']
[0.274s] Level 1:colcon.colcon_core.package_identification:_identify(src) by extension 'python_setup_py'
[0.274s] Level 1:colcon.colcon_core.package_identification:_identify(src/cpp01_launch) by extensions ['ignore', 'ignore_ament_install']
[0.274s] Level 1:colcon.colcon_core.package_identification:_identify(src/cpp01_launch) by extension 'ignore'
[0.274s] Level 1:colcon.colcon_core.package_identification:_identify(src/cpp01_launch) by extension 'ignore_ament_install'
[0.274s] Level 1:colcon.colcon_core.package_identification:_identify(src/cpp01_launch) by extensions ['colcon_pkg']
[0.274s] Level 1:colcon.colcon_core.package_identification:_identify(src/cpp01_launch) by extension 'colcon_pkg'
[0.274s] Level 1:colcon.colcon_core.package_identification:_identify(src/cpp01_launch) by extensions ['colcon_meta']
[0.274s] Level 1:colcon.colcon_core.package_identification:_identify(src/cpp01_launch) by extension 'colcon_meta'
[0.274s] Level 1:colcon.colcon_core.package_identification:_identify(src/cpp01_launch) by extensions ['ros']
[0.274s] Level 1:colcon.colcon_core.package_identification:_identify(src/cpp01_launch) by extension 'ros'
[0.276s] DEBUG:colcon.colcon_core.package_identification:Package 'src/cpp01_launch' with type 'ros.ament_cmake' and name 'cpp01_launch'
[0.276s] Level 1:colcon.colcon_core.package_identification:_identify(src/cpp02_rosbag) by extensions ['ignore', 'ignore_ament_install']
[0.277s] Level 1:colcon.colcon_core.package_identification:_identify(src/cpp02_rosbag) by extension 'ignore'
[0.277s] Level 1:colcon.colcon_core.package_identification:_identify(src/cpp02_rosbag) by extension 'ignore_ament_install'
[0.277s] Level 1:colcon.colcon_core.package_identification:_identify(src/cpp02_rosbag) by extensions ['colcon_pkg']
[0.277s] Level 1:colcon.colcon_core.package_identification:_identify(src/cpp02_rosbag) by extension 'colcon_pkg'
[0.277s] Level 1:colcon.colcon_core.package_identification:_identify(src/cpp02_rosbag) by extensions ['colcon_meta']
[0.277s] Level 1:colcon.colcon_core.package_identification:_identify(src/cpp02_rosbag) by extension 'colcon_meta'
[0.277s] Level 1:colcon.colcon_core.package_identification:_identify(src/cpp02_rosbag) by extensions ['ros']
[0.277s] Level 1:colcon.colcon_core.package_identification:_identify(src/cpp02_rosbag) by extension 'ros'
[0.277s] DEBUG:colcon.colcon_core.package_identification:Package 'src/cpp02_rosbag' with type 'ros.ament_cmake' and name 'cpp02_rosbag'
[0.277s] Level 1:colcon.colcon_core.package_identification:_identify(src/cpp03_tf_broadcaster) by extensions ['ignore', 'ignore_ament_install']
[0.278s] Level 1:colcon.colcon_core.package_identification:_identify(src/cpp03_tf_broadcaster) by extension 'ignore'
[0.278s] Level 1:colcon.colcon_core.package_identification:_identify(src/cpp03_tf_broadcaster) by extension 'ignore_ament_install'
[0.278s] Level 1:colcon.colcon_core.package_identification:_identify(src/cpp03_tf_broadcaster) by extensions ['colcon_pkg']
[0.278s] Level 1:colcon.colcon_core.package_identification:_identify(src/cpp03_tf_broadcaster) by extension 'colcon_pkg'
[0.278s] Level 1:colcon.colcon_core.package_identification:_identify(src/cpp03_tf_broadcaster) by extensions ['colcon_meta']
[0.278s] Level 1:colcon.colcon_core.package_identification:_identify(src/cpp03_tf_broadcaster) by extension 'colcon_meta'
[0.278s] Level 1:colcon.colcon_core.package_identification:_identify(src/cpp03_tf_broadcaster) by extensions ['ros']
[0.278s] Level 1:colcon.colcon_core.package_identification:_identify(src/cpp03_tf_broadcaster) by extension 'ros'
[0.278s] DEBUG:colcon.colcon_core.package_identification:Package 'src/cpp03_tf_broadcaster' with type 'ros.ament_cmake' and name 'cpp03_tf_broadcaster'
[0.278s] Level 1:colcon.colcon_core.package_discovery:discover_packages(recursive) using defaults
[0.279s] Level 1:colcon.colcon_core.package_discovery:discover_packages(ignore) discover
[0.279s] Level 1:colcon.colcon_core.package_discovery:discover_packages(ignore) using defaults
[0.279s] Level 1:colcon.colcon_core.package_discovery:discover_packages(path) discover
[0.279s] Level 1:colcon.colcon_core.package_discovery:discover_packages(path) using defaults
[0.299s] INFO:colcon.colcon_core.package_selection:Skipping not selected package 'cpp01_launch' in 'src/cpp01_launch'
[0.299s] INFO:colcon.colcon_core.package_selection:Skipping not selected package 'cpp02_rosbag' in 'src/cpp02_rosbag'
[0.299s] Level 1:colcon.colcon_core.package_discovery:discover_packages(prefix_path) check parameters
[0.299s] Level 1:colcon.colcon_core.package_discovery:discover_packages(prefix_path) discover
[0.302s] DEBUG:colcon.colcon_installed_package_information.package_discovery:Found 272 installed packages in /opt/ros/humble
[0.303s] Level 1:colcon.colcon_core.package_discovery:discover_packages(prefix_path) using defaults
[0.351s] Level 5:colcon.colcon_core.verb:set package 'cpp03_tf_broadcaster' build argument 'cmake_args' from command line to 'None'
[0.351s] Level 5:colcon.colcon_core.verb:set package 'cpp03_tf_broadcaster' build argument 'cmake_target' from command line to 'None'
[0.351s] Level 5:colcon.colcon_core.verb:set package 'cpp03_tf_broadcaster' build argument 'cmake_target_skip_unavailable' from command line to 'False'
[0.352s] Level 5:colcon.colcon_core.verb:set package 'cpp03_tf_broadcaster' build argument 'cmake_clean_cache' from command line to 'False'
[0.352s] Level 5:colcon.colcon_core.verb:set package 'cpp03_tf_broadcaster' build argument 'cmake_clean_first' from command line to 'False'
[0.352s] Level 5:colcon.colcon_core.verb:set package 'cpp03_tf_broadcaster' build argument 'cmake_force_configure' from command line to 'False'
[0.352s] Level 5:colcon.colcon_core.verb:set package 'cpp03_tf_broadcaster' build argument 'ament_cmake_args' from command line to 'None'
[0.352s] Level 5:colcon.colcon_core.verb:set package 'cpp03_tf_broadcaster' build argument 'catkin_cmake_args' from command line to 'None'
[0.352s] Level 5:colcon.colcon_core.verb:set package 'cpp03_tf_broadcaster' build argument 'catkin_skip_building_tests' from command line to 'False'
[0.352s] DEBUG:colcon.colcon_core.verb:Building package 'cpp03_tf_broadcaster' with the following arguments: {'ament_cmake_args': None, 'build_base': '/home/sophia/workspace/about_ros/code/about_ros2/ws_tools/build/cpp03_tf_broadcaster', 'catkin_cmake_args': None, 'catkin_skip_building_tests': False, 'cmake_args': None, 'cmake_clean_cache': False, 'cmake_clean_first': False, 'cmake_force_configure': False, 'cmake_target': None, 'cmake_target_skip_unavailable': False, 'install_base': '/home/sophia/workspace/about_ros/code/about_ros2/ws_tools/install/cpp03_tf_broadcaster', 'merge_install': False, 'path': '/home/sophia/workspace/about_ros/code/about_ros2/ws_tools/src/cpp03_tf_broadcaster', 'symlink_install': False, 'test_result_base': None}
[0.352s] INFO:colcon.colcon_core.executor:Executing jobs using 'parallel' executor
[0.355s] DEBUG:colcon.colcon_parallel_executor.executor.parallel:run_until_complete
[0.355s] INFO:colcon.colcon_ros.task.ament_cmake.build:Building ROS package in '/home/sophia/workspace/about_ros/code/about_ros2/ws_tools/src/cpp03_tf_broadcaster' with build type 'ament_cmake'
[0.355s] INFO:colcon.colcon_cmake.task.cmake.build:Building CMake package in '/home/sophia/workspace/about_ros/code/about_ros2/ws_tools/src/cpp03_tf_broadcaster'
[0.358s] INFO:colcon.colcon_core.plugin_system:Skipping extension 'colcon_core.shell.bat': Not used on non-Windows systems
[0.358s] INFO:colcon.colcon_core.shell:Skip shell extension 'powershell' for command environment: Not usable outside of PowerShell
[0.358s] DEBUG:colcon.colcon_core.shell:Skip shell extension 'dsv' for command environment
[0.366s] DEBUG:colcon.colcon_core.event_handler.log_command:Invoking command in '/home/sophia/workspace/about_ros/code/about_ros2/ws_tools/build/cpp03_tf_broadcaster': CMAKE_PREFIX_PATH=/opt/ros/humble /bin/cmake --build /home/sophia/workspace/about_ros/code/about_ros2/ws_tools/build/cpp03_tf_broadcaster -- -j8 -l8
[5.808s] DEBUG:colcon.colcon_core.event_handler.log_command:Invoked command in '/home/sophia/workspace/about_ros/code/about_ros2/ws_tools/build/cpp03_tf_broadcaster' returned '0': CMAKE_PREFIX_PATH=/opt/ros/humble /bin/cmake --build /home/sophia/workspace/about_ros/code/about_ros2/ws_tools/build/cpp03_tf_broadcaster -- -j8 -l8
[5.843s] DEBUG:colcon.colcon_core.event_handler.log_command:Invoking command in '/home/sophia/workspace/about_ros/code/about_ros2/ws_tools/build/cpp03_tf_broadcaster': CMAKE_PREFIX_PATH=/opt/ros/humble /bin/cmake --install /home/sophia/workspace/about_ros/code/about_ros2/ws_tools/build/cpp03_tf_broadcaster
[6.039s] Level 1:colcon.colcon_core.environment:create_environment_scripts_only(cpp03_tf_broadcaster)
[6.039s] DEBUG:colcon.colcon_core.event_handler.log_command:Invoked command in '/home/sophia/workspace/about_ros/code/about_ros2/ws_tools/build/cpp03_tf_broadcaster' returned '0': CMAKE_PREFIX_PATH=/opt/ros/humble /bin/cmake --install /home/sophia/workspace/about_ros/code/about_ros2/ws_tools/build/cpp03_tf_broadcaster
[6.043s] Level 1:colcon.colcon_core.environment:checking '/home/sophia/workspace/about_ros/code/about_ros2/ws_tools/install/cpp03_tf_broadcaster' for CMake module files
[6.044s] Level 1:colcon.colcon_core.environment:checking '/home/sophia/workspace/about_ros/code/about_ros2/ws_tools/install/cpp03_tf_broadcaster' for CMake config files
[6.044s] Level 1:colcon.colcon_core.shell:create_environment_hook('cpp03_tf_broadcaster', 'cmake_prefix_path')
[6.045s] INFO:colcon.colcon_core.shell:Creating environment hook '/home/sophia/workspace/about_ros/code/about_ros2/ws_tools/install/cpp03_tf_broadcaster/share/cpp03_tf_broadcaster/hook/cmake_prefix_path.ps1'
[6.046s] INFO:colcon.colcon_core.shell:Creating environment descriptor '/home/sophia/workspace/about_ros/code/about_ros2/ws_tools/install/cpp03_tf_broadcaster/share/cpp03_tf_broadcaster/hook/cmake_prefix_path.dsv'
[6.046s] INFO:colcon.colcon_core.shell:Creating environment hook '/home/sophia/workspace/about_ros/code/about_ros2/ws_tools/install/cpp03_tf_broadcaster/share/cpp03_tf_broadcaster/hook/cmake_prefix_path.sh'
[6.047s] Level 1:colcon.colcon_core.environment:checking '/home/sophia/workspace/about_ros/code/about_ros2/ws_tools/install/cpp03_tf_broadcaster/lib'
[6.047s] Level 1:colcon.colcon_core.environment:checking '/home/sophia/workspace/about_ros/code/about_ros2/ws_tools/install/cpp03_tf_broadcaster/bin'
[6.047s] Level 1:colcon.colcon_core.environment:checking '/home/sophia/workspace/about_ros/code/about_ros2/ws_tools/install/cpp03_tf_broadcaster/lib/pkgconfig/cpp03_tf_broadcaster.pc'
[6.048s] Level 1:colcon.colcon_core.environment:checking '/home/sophia/workspace/about_ros/code/about_ros2/ws_tools/install/cpp03_tf_broadcaster/lib/python3.10/site-packages'
[6.048s] Level 1:colcon.colcon_core.environment:checking '/home/sophia/workspace/about_ros/code/about_ros2/ws_tools/install/cpp03_tf_broadcaster/bin'
[6.049s] INFO:colcon.colcon_core.shell:Creating package script '/home/sophia/workspace/about_ros/code/about_ros2/ws_tools/install/cpp03_tf_broadcaster/share/cpp03_tf_broadcaster/package.ps1'
[6.050s] INFO:colcon.colcon_core.shell:Creating package descriptor '/home/sophia/workspace/about_ros/code/about_ros2/ws_tools/install/cpp03_tf_broadcaster/share/cpp03_tf_broadcaster/package.dsv'
[6.051s] INFO:colcon.colcon_core.shell:Creating package script '/home/sophia/workspace/about_ros/code/about_ros2/ws_tools/install/cpp03_tf_broadcaster/share/cpp03_tf_broadcaster/package.sh'
[6.052s] INFO:colcon.colcon_core.shell:Creating package script '/home/sophia/workspace/about_ros/code/about_ros2/ws_tools/install/cpp03_tf_broadcaster/share/cpp03_tf_broadcaster/package.bash'
[6.052s] INFO:colcon.colcon_core.shell:Creating package script '/home/sophia/workspace/about_ros/code/about_ros2/ws_tools/install/cpp03_tf_broadcaster/share/cpp03_tf_broadcaster/package.zsh'
[6.053s] Level 1:colcon.colcon_core.environment:create_file_with_runtime_dependencies(/home/sophia/workspace/about_ros/code/about_ros2/ws_tools/install/cpp03_tf_broadcaster/share/colcon-core/packages/cpp03_tf_broadcaster)
[6.092s] Level 1:colcon.colcon_core.environment:create_environment_scripts_only(cpp03_tf_broadcaster)
[6.094s] Level 1:colcon.colcon_core.environment:checking '/home/sophia/workspace/about_ros/code/about_ros2/ws_tools/install/cpp03_tf_broadcaster' for CMake module files
[6.094s] Level 1:colcon.colcon_core.environment:checking '/home/sophia/workspace/about_ros/code/about_ros2/ws_tools/install/cpp03_tf_broadcaster' for CMake config files
[6.095s] Level 1:colcon.colcon_core.shell:create_environment_hook('cpp03_tf_broadcaster', 'cmake_prefix_path')
[6.096s] INFO:colcon.colcon_core.shell:Creating environment hook '/home/sophia/workspace/about_ros/code/about_ros2/ws_tools/install/cpp03_tf_broadcaster/share/cpp03_tf_broadcaster/hook/cmake_prefix_path.ps1'
[6.096s] INFO:colcon.colcon_core.shell:Creating environment descriptor '/home/sophia/workspace/about_ros/code/about_ros2/ws_tools/install/cpp03_tf_broadcaster/share/cpp03_tf_broadcaster/hook/cmake_prefix_path.dsv'
[6.097s] INFO:colcon.colcon_core.shell:Creating environment hook '/home/sophia/workspace/about_ros/code/about_ros2/ws_tools/install/cpp03_tf_broadcaster/share/cpp03_tf_broadcaster/hook/cmake_prefix_path.sh'
[6.097s] Level 1:colcon.colcon_core.environment:checking '/home/sophia/workspace/about_ros/code/about_ros2/ws_tools/install/cpp03_tf_broadcaster/lib'
[6.097s] Level 1:colcon.colcon_core.environment:checking '/home/sophia/workspace/about_ros/code/about_ros2/ws_tools/install/cpp03_tf_broadcaster/bin'
[6.097s] Level 1:colcon.colcon_core.environment:checking '/home/sophia/workspace/about_ros/code/about_ros2/ws_tools/install/cpp03_tf_broadcaster/lib/pkgconfig/cpp03_tf_broadcaster.pc'
[6.098s] Level 1:colcon.colcon_core.environment:checking '/home/sophia/workspace/about_ros/code/about_ros2/ws_tools/install/cpp03_tf_broadcaster/lib/python3.10/site-packages'
[6.098s] Level 1:colcon.colcon_core.environment:checking '/home/sophia/workspace/about_ros/code/about_ros2/ws_tools/install/cpp03_tf_broadcaster/bin'
[6.100s] INFO:colcon.colcon_core.shell:Creating package script '/home/sophia/workspace/about_ros/code/about_ros2/ws_tools/install/cpp03_tf_broadcaster/share/cpp03_tf_broadcaster/package.ps1'
[6.100s] INFO:colcon.colcon_core.shell:Creating package descriptor '/home/sophia/workspace/about_ros/code/about_ros2/ws_tools/install/cpp03_tf_broadcaster/share/cpp03_tf_broadcaster/package.dsv'
[6.101s] INFO:colcon.colcon_core.shell:Creating package script '/home/sophia/workspace/about_ros/code/about_ros2/ws_tools/install/cpp03_tf_broadcaster/share/cpp03_tf_broadcaster/package.sh'
[6.101s] INFO:colcon.colcon_core.shell:Creating package script '/home/sophia/workspace/about_ros/code/about_ros2/ws_tools/install/cpp03_tf_broadcaster/share/cpp03_tf_broadcaster/package.bash'
[6.102s] INFO:colcon.colcon_core.shell:Creating package script '/home/sophia/workspace/about_ros/code/about_ros2/ws_tools/install/cpp03_tf_broadcaster/share/cpp03_tf_broadcaster/package.zsh'
[6.102s] Level 1:colcon.colcon_core.environment:create_file_with_runtime_dependencies(/home/sophia/workspace/about_ros/code/about_ros2/ws_tools/install/cpp03_tf_broadcaster/share/colcon-core/packages/cpp03_tf_broadcaster)
[6.103s] DEBUG:colcon.colcon_parallel_executor.executor.parallel:closing loop
[6.103s] DEBUG:colcon.colcon_parallel_executor.executor.parallel:loop closed
[6.103s] DEBUG:colcon.colcon_parallel_executor.executor.parallel:run_until_complete finished with '0'
[6.103s] DEBUG:colcon.colcon_core.event_reactor:joining thread
[6.110s] INFO:colcon.colcon_core.plugin_system:Skipping extension 'colcon_notification.desktop_notification.terminal_notifier': Not used on non-Darwin systems
[6.110s] INFO:colcon.colcon_core.plugin_system:Skipping extension 'colcon_notification.desktop_notification.win32': Not used on non-Windows systems
[6.110s] INFO:colcon.colcon_notification.desktop_notification:Sending desktop notification using 'notify2'
[6.123s] DEBUG:colcon.colcon_core.event_reactor:joined thread
[6.125s] INFO:colcon.colcon_core.shell:Creating prefix script '/home/sophia/workspace/about_ros/code/about_ros2/ws_tools/install/local_setup.ps1'
[6.126s] INFO:colcon.colcon_core.shell:Creating prefix util module '/home/sophia/workspace/about_ros/code/about_ros2/ws_tools/install/_local_setup_util_ps1.py'
[6.127s] INFO:colcon.colcon_core.shell:Creating prefix chain script '/home/sophia/workspace/about_ros/code/about_ros2/ws_tools/install/setup.ps1'
[6.129s] INFO:colcon.colcon_core.shell:Creating prefix script '/home/sophia/workspace/about_ros/code/about_ros2/ws_tools/install/local_setup.sh'
[6.129s] INFO:colcon.colcon_core.shell:Creating prefix util module '/home/sophia/workspace/about_ros/code/about_ros2/ws_tools/install/_local_setup_util_sh.py'
[6.130s] INFO:colcon.colcon_core.shell:Creating prefix chain script '/home/sophia/workspace/about_ros/code/about_ros2/ws_tools/install/setup.sh'
[6.131s] INFO:colcon.colcon_core.shell:Creating prefix script '/home/sophia/workspace/about_ros/code/about_ros2/ws_tools/install/local_setup.bash'
[6.132s] INFO:colcon.colcon_core.shell:Creating prefix chain script '/home/sophia/workspace/about_ros/code/about_ros2/ws_tools/install/setup.bash'
[6.133s] INFO:colcon.colcon_core.shell:Creating prefix script '/home/sophia/workspace/about_ros/code/about_ros2/ws_tools/install/local_setup.zsh'
[6.134s] INFO:colcon.colcon_core.shell:Creating prefix chain script '/home/sophia/workspace/about_ros/code/about_ros2/ws_tools/install/setup.zsh'
