[0.017s] Invoking command in '/home/sophia/workspace/about_ros/code/about_ros2/first_ros/build/first_helloworld_cpp': CMAKE_PREFIX_PATH=/opt/ros/humble /usr/bin/cmake /home/sophia/workspace/about_ros/code/about_ros2/first_ros/src/first_helloworld_cpp -DCMAKE_INSTALL_PREFIX=/home/sophia/workspace/about_ros/code/about_ros2/first_ros/install/first_helloworld_cpp
[0.251s] -- The C compiler identification is GNU 11.4.0
[0.303s] -- The CXX compiler identification is GNU 11.4.0
[0.309s] -- Detecting C compiler ABI info
[0.369s] -- Detecting C compiler ABI info - done
[0.376s] -- Check for working C compiler: /usr/bin/cc - skipped
[0.376s] -- Detecting C compile features
[0.377s] -- Detecting C compile features - done
[0.379s] -- Detecting CXX compiler ABI info
[0.446s] -- Detecting CXX compiler ABI info - done
[0.453s] -- Check for working CXX compiler: /usr/bin/c++ - skipped
[0.453s] -- Detecting CXX compile features
[0.454s] -- Detecting CXX compile features - done
[0.506s] -- Found ament_cmake: 1.3.5 (/opt/ros/humble/share/ament_cmake/cmake)
[0.986s] -- Found Python3: /usr/bin/python3.10 (found version "3.10.12") found components: Interpreter 
[1.288s] -- Found rclcpp: 16.0.5 (/opt/ros/humble/share/rclcpp/cmake)
[1.786s] -- Found rosidl_generator_c: 3.1.5 (/opt/ros/humble/share/rosidl_generator_c/cmake)
[1.878s] -- Found rosidl_adapter: 3.1.5 (/opt/ros/humble/share/rosidl_adapter/cmake)
[1.915s] -- Found rosidl_generator_cpp: 3.1.5 (/opt/ros/humble/share/rosidl_generator_cpp/cmake)
[2.080s] -- Using all available rosidl_typesupport_c: rosidl_typesupport_fastrtps_c;rosidl_typesupport_introspection_c
[2.225s] -- Using all available rosidl_typesupport_cpp: rosidl_typesupport_fastrtps_cpp;rosidl_typesupport_introspection_cpp
[2.637s] -- Found rmw_implementation_cmake: 6.1.1 (/opt/ros/humble/share/rmw_implementation_cmake/cmake)
[2.664s] -- Found rmw_fastrtps_cpp: 6.2.3 (/opt/ros/humble/share/rmw_fastrtps_cpp/cmake)
[3.298s] -- Found OpenSSL: /usr/lib/x86_64-linux-gnu/libcrypto.so (found version "3.0.2")  
[3.394s] -- Found FastRTPS: /opt/ros/humble/include  
[3.477s] -- Using RMW implementation 'rmw_fastrtps_cpp' as default
[3.630s] -- Looking for pthread.h
[3.860s] -- Looking for pthread.h - found
[3.860s] -- Performing Test CMAKE_HAVE_LIBC_PTHREAD
[4.064s] -- Performing Test CMAKE_HAVE_LIBC_PTHREAD - Success
[4.065s] -- Found Threads: TRUE  
[4.430s] -- Found ament_lint_auto: 0.12.7 (/opt/ros/humble/share/ament_lint_auto/cmake)
[4.654s] -- Added test 'cppcheck' to perform static code analysis on C / C++ code
[4.655s] -- Configured cppcheck include dirs: $<BUILD_INTERFACE:/home/sophia/workspace/about_ros/code/about_ros2/first_ros/src/first_helloworld_cpp/include>
[4.655s] -- Configured cppcheck exclude dirs and/or files: 
[4.658s] -- Added test 'lint_cmake' to check CMake code style
[4.662s] -- Added test 'uncrustify' to check C / C++ code style
[4.663s] -- Configured uncrustify additional arguments: 
[4.664s] -- Added test 'xmllint' to check XML markup files
[4.669s] -- Configuring done
[4.707s] -- Generating done
[4.708s] -- Build files have been written to: /home/sophia/workspace/about_ros/code/about_ros2/first_ros/build/first_helloworld_cpp
[4.718s] Invoked command in '/home/sophia/workspace/about_ros/code/about_ros2/first_ros/build/first_helloworld_cpp' returned '0': CMAKE_PREFIX_PATH=/opt/ros/humble /usr/bin/cmake /home/sophia/workspace/about_ros/code/about_ros2/first_ros/src/first_helloworld_cpp -DCMAKE_INSTALL_PREFIX=/home/sophia/workspace/about_ros/code/about_ros2/first_ros/install/first_helloworld_cpp
[4.720s] Invoking command in '/home/sophia/workspace/about_ros/code/about_ros2/first_ros/build/first_helloworld_cpp': CMAKE_PREFIX_PATH=/opt/ros/humble /usr/bin/cmake --build /home/sophia/workspace/about_ros/code/about_ros2/first_ros/build/first_helloworld_cpp -- -j8 -l8
[4.772s] [ 50%] [32mBuilding CXX object CMakeFiles/helloworld.dir/src/helloworld.cpp.o[0m
[9.827s] [100%] [32m[1mLinking CXX executable helloworld[0m
[10.166s] [100%] Built target helloworld
[10.175s] Invoked command in '/home/sophia/workspace/about_ros/code/about_ros2/first_ros/build/first_helloworld_cpp' returned '0': CMAKE_PREFIX_PATH=/opt/ros/humble /usr/bin/cmake --build /home/sophia/workspace/about_ros/code/about_ros2/first_ros/build/first_helloworld_cpp -- -j8 -l8
[10.203s] Invoking command in '/home/sophia/workspace/about_ros/code/about_ros2/first_ros/build/first_helloworld_cpp': CMAKE_PREFIX_PATH=/opt/ros/humble /usr/bin/cmake --install /home/sophia/workspace/about_ros/code/about_ros2/first_ros/build/first_helloworld_cpp
[10.209s] -- Install configuration: ""
[10.228s] -- Installing: /home/sophia/workspace/about_ros/code/about_ros2/first_ros/install/first_helloworld_cpp/lib/first_helloworld_cpp/helloworld
[10.228s] -- Set runtime path of "/home/sophia/workspace/about_ros/code/about_ros2/first_ros/install/first_helloworld_cpp/lib/first_helloworld_cpp/helloworld" to ""
[10.229s] -- Installing: /home/sophia/workspace/about_ros/code/about_ros2/first_ros/install/first_helloworld_cpp/share/ament_index/resource_index/package_run_dependencies/first_helloworld_cpp
[10.229s] -- Installing: /home/sophia/workspace/about_ros/code/about_ros2/first_ros/install/first_helloworld_cpp/share/ament_index/resource_index/parent_prefix_path/first_helloworld_cpp
[10.229s] -- Installing: /home/sophia/workspace/about_ros/code/about_ros2/first_ros/install/first_helloworld_cpp/share/first_helloworld_cpp/environment/ament_prefix_path.sh
[10.229s] -- Installing: /home/sophia/workspace/about_ros/code/about_ros2/first_ros/install/first_helloworld_cpp/share/first_helloworld_cpp/environment/ament_prefix_path.dsv
[10.229s] -- Installing: /home/sophia/workspace/about_ros/code/about_ros2/first_ros/install/first_helloworld_cpp/share/first_helloworld_cpp/environment/path.sh
[10.229s] -- Installing: /home/sophia/workspace/about_ros/code/about_ros2/first_ros/install/first_helloworld_cpp/share/first_helloworld_cpp/environment/path.dsv
[10.229s] -- Installing: /home/sophia/workspace/about_ros/code/about_ros2/first_ros/install/first_helloworld_cpp/share/first_helloworld_cpp/local_setup.bash
[10.230s] -- Installing: /home/sophia/workspace/about_ros/code/about_ros2/first_ros/install/first_helloworld_cpp/share/first_helloworld_cpp/local_setup.sh
[10.230s] -- Installing: /home/sophia/workspace/about_ros/code/about_ros2/first_ros/install/first_helloworld_cpp/share/first_helloworld_cpp/local_setup.zsh
[10.230s] -- Installing: /home/sophia/workspace/about_ros/code/about_ros2/first_ros/install/first_helloworld_cpp/share/first_helloworld_cpp/local_setup.dsv
[10.230s] -- Installing: /home/sophia/workspace/about_ros/code/about_ros2/first_ros/install/first_helloworld_cpp/share/first_helloworld_cpp/package.dsv
[10.231s] -- Installing: /home/sophia/workspace/about_ros/code/about_ros2/first_ros/install/first_helloworld_cpp/share/ament_index/resource_index/packages/first_helloworld_cpp
[10.231s] -- Installing: /home/sophia/workspace/about_ros/code/about_ros2/first_ros/install/first_helloworld_cpp/share/first_helloworld_cpp/cmake/first_helloworld_cppConfig.cmake
[10.231s] -- Installing: /home/sophia/workspace/about_ros/code/about_ros2/first_ros/install/first_helloworld_cpp/share/first_helloworld_cpp/cmake/first_helloworld_cppConfig-version.cmake
[10.231s] -- Installing: /home/sophia/workspace/about_ros/code/about_ros2/first_ros/install/first_helloworld_cpp/share/first_helloworld_cpp/package.xml
[10.233s] Invoked command in '/home/sophia/workspace/about_ros/code/about_ros2/first_ros/build/first_helloworld_cpp' returned '0': CMAKE_PREFIX_PATH=/opt/ros/humble /usr/bin/cmake --install /home/sophia/workspace/about_ros/code/about_ros2/first_ros/build/first_helloworld_cpp
