[0.014s] Invoking command in '/home/sophia/workspace/about_ros/code/about_ros2/exercise_ros/build/base_interfaces_demo': CMAKE_PREFIX_PATH=${CMAKE_PREFIX_PATH}:/opt/ros/humble /usr/bin/cmake --build /home/sophia/workspace/about_ros/code/about_ros2/exercise_ros/build/base_interfaces_demo -- -j8 -l8
[0.120s] -- Found ament_cmake: 1.3.5 (/opt/ros/humble/share/ament_cmake/cmake)
[0.255s] -- Found rosidl_default_generators: 1.2.0 (/opt/ros/humble/share/rosidl_default_generators/cmake)
[0.257s] -- Using all available rosidl_typesupport_c: rosidl_typesupport_fastrtps_c;rosidl_typesupport_introspection_c
[0.260s] -- Found rosidl_adapter: 3.1.5 (/opt/ros/humble/share/rosidl_adapter/cmake)
[0.289s] -- Using all available rosidl_typesupport_cpp: rosidl_typesupport_fastrtps_cpp;rosidl_typesupport_introspection_cpp
[0.696s] -- Found ament_cmake_ros: 0.10.0 (/opt/ros/humble/share/ament_cmake_ros/cmake)
[0.992s] -- Using all available rosidl_typesupport_c: rosidl_typesupport_fastrtps_c;rosidl_typesupport_introspection_c
[1.355s] -- Using all available rosidl_typesupport_cpp: rosidl_typesupport_fastrtps_cpp;rosidl_typesupport_introspection_cpp
[1.474s] -- Found PythonInterp: /usr/bin/python3 (found suitable version "3.10.12", minimum required is "3.6") 
[1.508s] -- Found python_cmake_module: 0.10.0 (/opt/ros/humble/share/python_cmake_module/cmake)
[1.595s] -- Found PythonLibs: /usr/lib/x86_64-linux-gnu/libpython3.10.so (found suitable version "3.10.12", minimum required is "3.5") 
[1.595s] -- Using PYTHON_EXECUTABLE: /usr/bin/python3
[1.595s] -- Using PYTHON_INCLUDE_DIRS: /usr/include/python3.10
[1.595s] -- Using PYTHON_LIBRARIES: /usr/lib/x86_64-linux-gnu/libpython3.10.so
[1.652s] -- Found PythonExtra: .so  
[1.704s] -- Found ament_lint_auto: 0.12.7 (/opt/ros/humble/share/ament_lint_auto/cmake)
[1.817s] -- Added test 'lint_cmake' to check CMake code style
[1.821s] -- Added test 'xmllint' to check XML markup files
[1.831s] -- Configuring done
[1.874s] -- Generating done
[1.876s] -- Build files have been written to: /home/sophia/workspace/about_ros/code/about_ros2/exercise_ros/build/base_interfaces_demo
[1.898s] [  3%] [34m[1mGenerating C code for ROS interfaces[0m
[1.908s] [  6%] [34m[1mGenerating C++ code for ROS interfaces[0m
[1.917s] [  6%] Built target ament_cmake_python_copy_base_interfaces_demo
[2.223s] [  9%] [32mBuilding C object CMakeFiles/base_interfaces_demo__rosidl_generator_c.dir/rosidl_generator_c/base_interfaces_demo/srv/detail/distance__functions.c.o[0m
[2.224s] [  9%] Built target base_interfaces_demo__cpp
[2.235s] [ 16%] [34m[1mGenerating C++ type support dispatch for ROS interfaces[0m
[2.235s] [ 16%] [34m[1mGenerating C++ type support for eProsima Fast-RTPS[0m
[2.235s] [ 19%] [34m[1mGenerating C++ introspection for ROS interfaces[0m
[2.330s] running egg_info
[2.331s] creating base_interfaces_demo.egg-info
[2.345s] writing base_interfaces_demo.egg-info/PKG-INFO
[2.345s] writing dependency_links to base_interfaces_demo.egg-info/dependency_links.txt
[2.346s] writing top-level names to base_interfaces_demo.egg-info/top_level.txt
[2.346s] writing manifest file 'base_interfaces_demo.egg-info/SOURCES.txt'
[2.445s] reading manifest file 'base_interfaces_demo.egg-info/SOURCES.txt'
[2.446s] writing manifest file 'base_interfaces_demo.egg-info/SOURCES.txt'
[2.471s] [ 19%] Built target ament_cmake_python_build_base_interfaces_demo_egg
[2.527s] [ 22%] [32mBuilding CXX object CMakeFiles/base_interfaces_demo__rosidl_typesupport_introspection_cpp.dir/rosidl_typesupport_introspection_cpp/base_interfaces_demo/srv/detail/distance__type_support.cpp.o[0m
[2.534s] [ 25%] [32mBuilding CXX object CMakeFiles/base_interfaces_demo__rosidl_typesupport_fastrtps_cpp.dir/rosidl_typesupport_fastrtps_cpp/base_interfaces_demo/srv/detail/dds_fastrtps/distance__type_support.cpp.o[0m
[2.673s] [ 29%] [32mBuilding CXX object CMakeFiles/base_interfaces_demo__rosidl_typesupport_cpp.dir/rosidl_typesupport_cpp/base_interfaces_demo/srv/distance__type_support.cpp.o[0m
[3.330s] [ 35%] [32m[1mLinking CXX shared library libbase_interfaces_demo__rosidl_typesupport_introspection_cpp.so[0m
[3.330s] [ 35%] [32m[1mLinking CXX shared library libbase_interfaces_demo__rosidl_typesupport_cpp.so[0m
[3.377s] [ 38%] [32m[1mLinking CXX shared library libbase_interfaces_demo__rosidl_typesupport_fastrtps_cpp.so[0m
[3.392s] [ 38%] Built target base_interfaces_demo__rosidl_typesupport_cpp
[3.392s] [ 38%] Built target base_interfaces_demo__rosidl_typesupport_introspection_cpp
[3.447s] [ 38%] Built target base_interfaces_demo__rosidl_typesupport_fastrtps_cpp
[3.619s] [ 41%] [32m[1mLinking C shared library libbase_interfaces_demo__rosidl_generator_c.so[0m
[3.659s] [ 41%] Built target base_interfaces_demo__rosidl_generator_c
[3.670s] [ 51%] [34m[1mGenerating C type support for eProsima Fast-RTPS[0m
[3.670s] [ 51%] [34m[1mGenerating C type support dispatch for ROS interfaces[0m
[3.670s] [ 51%] [34m[1mGenerating C introspection for ROS interfaces[0m
[4.096s] [ 54%] [32mBuilding CXX object CMakeFiles/base_interfaces_demo__rosidl_typesupport_c.dir/rosidl_typesupport_c/base_interfaces_demo/srv/distance__type_support.cpp.o[0m
[4.144s] [ 58%] [32mBuilding C object CMakeFiles/base_interfaces_demo__rosidl_typesupport_introspection_c.dir/rosidl_typesupport_introspection_c/base_interfaces_demo/srv/detail/distance__type_support.c.o[0m
[4.144s] [ 64%] [32m[1mLinking CXX shared library libbase_interfaces_demo__rosidl_typesupport_c.so[0m
[4.144s] [ 64%] [32mBuilding CXX object CMakeFiles/base_interfaces_demo__rosidl_typesupport_fastrtps_c.dir/rosidl_typesupport_fastrtps_c/base_interfaces_demo/srv/detail/distance__type_support_c.cpp.o[0m
[4.190s] [ 67%] [32m[1mLinking C shared library libbase_interfaces_demo__rosidl_typesupport_introspection_c.so[0m
[4.196s] [ 67%] Built target base_interfaces_demo__rosidl_typesupport_c
[4.221s] [ 67%] Built target base_interfaces_demo__rosidl_typesupport_introspection_c
[4.477s] [ 70%] [32m[1mLinking CXX shared library libbase_interfaces_demo__rosidl_typesupport_fastrtps_c.so[0m
[4.548s] [ 70%] Built target base_interfaces_demo__rosidl_typesupport_fastrtps_c
[4.567s] [ 70%] Built target base_interfaces_demo
[4.587s] [ 74%] [34m[1mGenerating Python code for ROS interfaces[0m
[5.001s] [ 74%] Built target base_interfaces_demo__py
[5.021s] [ 77%] [32mBuilding C object CMakeFiles/base_interfaces_demo__rosidl_generator_py.dir/rosidl_generator_py/base_interfaces_demo/srv/_distance_s.c.o[0m
[5.736s] [ 80%] [32m[1mLinking C shared library rosidl_generator_py/base_interfaces_demo/libbase_interfaces_demo__rosidl_generator_py.so[0m
[5.792s] [ 80%] Built target base_interfaces_demo__rosidl_generator_py
[5.813s] [ 90%] [32mBuilding C object CMakeFiles/base_interfaces_demo__rosidl_typesupport_c__pyext.dir/rosidl_generator_py/base_interfaces_demo/_base_interfaces_demo_s.ep.rosidl_typesupport_c.c.o[0m
[5.814s] [ 90%] [32mBuilding C object CMakeFiles/base_interfaces_demo__rosidl_typesupport_fastrtps_c__pyext.dir/rosidl_generator_py/base_interfaces_demo/_base_interfaces_demo_s.ep.rosidl_typesupport_fastrtps_c.c.o[0m
[5.814s] [ 90%] [32mBuilding C object CMakeFiles/base_interfaces_demo__rosidl_typesupport_introspection_c__pyext.dir/rosidl_generator_py/base_interfaces_demo/_base_interfaces_demo_s.ep.rosidl_typesupport_introspection_c.c.o[0m
[5.926s] [ 96%] [32m[1mLinking C shared library rosidl_generator_py/base_interfaces_demo/base_interfaces_demo_s__rosidl_typesupport_introspection_c.cpython-310-x86_64-linux-gnu.so[0m
[5.926s] [ 96%] [32m[1mLinking C shared library rosidl_generator_py/base_interfaces_demo/base_interfaces_demo_s__rosidl_typesupport_c.cpython-310-x86_64-linux-gnu.so[0m
[5.926s] [100%] [32m[1mLinking C shared library rosidl_generator_py/base_interfaces_demo/base_interfaces_demo_s__rosidl_typesupport_fastrtps_c.cpython-310-x86_64-linux-gnu.so[0m
[5.958s] [100%] Built target base_interfaces_demo__rosidl_typesupport_introspection_c__pyext
[5.959s] [100%] Built target base_interfaces_demo__rosidl_typesupport_c__pyext
[5.963s] [100%] Built target base_interfaces_demo__rosidl_typesupport_fastrtps_c__pyext
[5.975s] Invoked command in '/home/sophia/workspace/about_ros/code/about_ros2/exercise_ros/build/base_interfaces_demo' returned '0': CMAKE_PREFIX_PATH=${CMAKE_PREFIX_PATH}:/opt/ros/humble /usr/bin/cmake --build /home/sophia/workspace/about_ros/code/about_ros2/exercise_ros/build/base_interfaces_demo -- -j8 -l8
[6.045s] Invoking command in '/home/sophia/workspace/about_ros/code/about_ros2/exercise_ros/build/base_interfaces_demo': CMAKE_PREFIX_PATH=${CMAKE_PREFIX_PATH}:/opt/ros/humble /usr/bin/cmake --install /home/sophia/workspace/about_ros/code/about_ros2/exercise_ros/build/base_interfaces_demo
[6.053s] -- Install configuration: ""
[6.053s] -- Installing: /home/sophia/workspace/about_ros/code/about_ros2/exercise_ros/install/base_interfaces_demo/share/ament_index/resource_index/rosidl_interfaces/base_interfaces_demo
[6.053s] -- Installing: /home/sophia/workspace/about_ros/code/about_ros2/exercise_ros/install/base_interfaces_demo/include/base_interfaces_demo/base_interfaces_demo
[6.053s] -- Installing: /home/sophia/workspace/about_ros/code/about_ros2/exercise_ros/install/base_interfaces_demo/include/base_interfaces_demo/base_interfaces_demo/msg
[6.054s] -- Installing: /home/sophia/workspace/about_ros/code/about_ros2/exercise_ros/install/base_interfaces_demo/include/base_interfaces_demo/base_interfaces_demo/msg/rosidl_generator_c__visibility_control.h
[6.054s] -- Installing: /home/sophia/workspace/about_ros/code/about_ros2/exercise_ros/install/base_interfaces_demo/include/base_interfaces_demo/base_interfaces_demo/srv
[6.054s] -- Installing: /home/sophia/workspace/about_ros/code/about_ros2/exercise_ros/install/base_interfaces_demo/include/base_interfaces_demo/base_interfaces_demo/srv/detail
[6.054s] -- Installing: /home/sophia/workspace/about_ros/code/about_ros2/exercise_ros/install/base_interfaces_demo/include/base_interfaces_demo/base_interfaces_demo/srv/detail/distance__functions.c
[6.054s] -- Installing: /home/sophia/workspace/about_ros/code/about_ros2/exercise_ros/install/base_interfaces_demo/include/base_interfaces_demo/base_interfaces_demo/srv/detail/distance__functions.h
[6.054s] -- Installing: /home/sophia/workspace/about_ros/code/about_ros2/exercise_ros/install/base_interfaces_demo/include/base_interfaces_demo/base_interfaces_demo/srv/detail/distance__type_support.h
[6.054s] -- Installing: /home/sophia/workspace/about_ros/code/about_ros2/exercise_ros/install/base_interfaces_demo/include/base_interfaces_demo/base_interfaces_demo/srv/detail/distance__struct.h
[6.054s] -- Installing: /home/sophia/workspace/about_ros/code/about_ros2/exercise_ros/install/base_interfaces_demo/include/base_interfaces_demo/base_interfaces_demo/srv/distance.h
[6.054s] -- Installing: /home/sophia/workspace/about_ros/code/about_ros2/exercise_ros/install/base_interfaces_demo/share/base_interfaces_demo/environment/library_path.sh
[6.054s] -- Installing: /home/sophia/workspace/about_ros/code/about_ros2/exercise_ros/install/base_interfaces_demo/share/base_interfaces_demo/environment/library_path.dsv
[6.054s] -- Installing: /home/sophia/workspace/about_ros/code/about_ros2/exercise_ros/install/base_interfaces_demo/lib/libbase_interfaces_demo__rosidl_generator_c.so
[6.055s] -- Set runtime path of "/home/sophia/workspace/about_ros/code/about_ros2/exercise_ros/install/base_interfaces_demo/lib/libbase_interfaces_demo__rosidl_generator_c.so" to ""
[6.055s] -- Up-to-date: /home/sophia/workspace/about_ros/code/about_ros2/exercise_ros/install/base_interfaces_demo/include/base_interfaces_demo/base_interfaces_demo
[6.055s] -- Up-to-date: /home/sophia/workspace/about_ros/code/about_ros2/exercise_ros/install/base_interfaces_demo/include/base_interfaces_demo/base_interfaces_demo/msg
[6.055s] -- Installing: /home/sophia/workspace/about_ros/code/about_ros2/exercise_ros/install/base_interfaces_demo/include/base_interfaces_demo/base_interfaces_demo/msg/rosidl_typesupport_fastrtps_c__visibility_control.h
[6.055s] -- Up-to-date: /home/sophia/workspace/about_ros/code/about_ros2/exercise_ros/install/base_interfaces_demo/include/base_interfaces_demo/base_interfaces_demo/srv
[6.055s] -- Up-to-date: /home/sophia/workspace/about_ros/code/about_ros2/exercise_ros/install/base_interfaces_demo/include/base_interfaces_demo/base_interfaces_demo/srv/detail
[6.056s] -- Installing: /home/sophia/workspace/about_ros/code/about_ros2/exercise_ros/install/base_interfaces_demo/include/base_interfaces_demo/base_interfaces_demo/srv/detail/distance__rosidl_typesupport_fastrtps_c.h
[6.056s] -- Installing: /home/sophia/workspace/about_ros/code/about_ros2/exercise_ros/install/base_interfaces_demo/lib/libbase_interfaces_demo__rosidl_typesupport_fastrtps_c.so
[6.056s] -- Set runtime path of "/home/sophia/workspace/about_ros/code/about_ros2/exercise_ros/install/base_interfaces_demo/lib/libbase_interfaces_demo__rosidl_typesupport_fastrtps_c.so" to ""
[6.056s] -- Up-to-date: /home/sophia/workspace/about_ros/code/about_ros2/exercise_ros/install/base_interfaces_demo/include/base_interfaces_demo/base_interfaces_demo
[6.056s] -- Up-to-date: /home/sophia/workspace/about_ros/code/about_ros2/exercise_ros/install/base_interfaces_demo/include/base_interfaces_demo/base_interfaces_demo/msg
[6.056s] -- Installing: /home/sophia/workspace/about_ros/code/about_ros2/exercise_ros/install/base_interfaces_demo/include/base_interfaces_demo/base_interfaces_demo/msg/rosidl_typesupport_introspection_c__visibility_control.h
[6.056s] -- Up-to-date: /home/sophia/workspace/about_ros/code/about_ros2/exercise_ros/install/base_interfaces_demo/include/base_interfaces_demo/base_interfaces_demo/srv
[6.056s] -- Up-to-date: /home/sophia/workspace/about_ros/code/about_ros2/exercise_ros/install/base_interfaces_demo/include/base_interfaces_demo/base_interfaces_demo/srv/detail
[6.056s] -- Installing: /home/sophia/workspace/about_ros/code/about_ros2/exercise_ros/install/base_interfaces_demo/include/base_interfaces_demo/base_interfaces_demo/srv/detail/distance__rosidl_typesupport_introspection_c.h
[6.056s] -- Installing: /home/sophia/workspace/about_ros/code/about_ros2/exercise_ros/install/base_interfaces_demo/include/base_interfaces_demo/base_interfaces_demo/srv/detail/distance__type_support.c
[6.057s] -- Installing: /home/sophia/workspace/about_ros/code/about_ros2/exercise_ros/install/base_interfaces_demo/lib/libbase_interfaces_demo__rosidl_typesupport_introspection_c.so
[6.057s] -- Set runtime path of "/home/sophia/workspace/about_ros/code/about_ros2/exercise_ros/install/base_interfaces_demo/lib/libbase_interfaces_demo__rosidl_typesupport_introspection_c.so" to ""
[6.057s] -- Installing: /home/sophia/workspace/about_ros/code/about_ros2/exercise_ros/install/base_interfaces_demo/lib/libbase_interfaces_demo__rosidl_typesupport_c.so
[6.057s] -- Set runtime path of "/home/sophia/workspace/about_ros/code/about_ros2/exercise_ros/install/base_interfaces_demo/lib/libbase_interfaces_demo__rosidl_typesupport_c.so" to ""
[6.057s] -- Up-to-date: /home/sophia/workspace/about_ros/code/about_ros2/exercise_ros/install/base_interfaces_demo/include/base_interfaces_demo/base_interfaces_demo
[6.057s] -- Up-to-date: /home/sophia/workspace/about_ros/code/about_ros2/exercise_ros/install/base_interfaces_demo/include/base_interfaces_demo/base_interfaces_demo/srv
[6.057s] -- Up-to-date: /home/sophia/workspace/about_ros/code/about_ros2/exercise_ros/install/base_interfaces_demo/include/base_interfaces_demo/base_interfaces_demo/srv/detail
[6.057s] -- Installing: /home/sophia/workspace/about_ros/code/about_ros2/exercise_ros/install/base_interfaces_demo/include/base_interfaces_demo/base_interfaces_demo/srv/detail/distance__builder.hpp
[6.058s] -- Installing: /home/sophia/workspace/about_ros/code/about_ros2/exercise_ros/install/base_interfaces_demo/include/base_interfaces_demo/base_interfaces_demo/srv/detail/distance__traits.hpp
[6.058s] -- Installing: /home/sophia/workspace/about_ros/code/about_ros2/exercise_ros/install/base_interfaces_demo/include/base_interfaces_demo/base_interfaces_demo/srv/detail/distance__struct.hpp
[6.058s] -- Installing: /home/sophia/workspace/about_ros/code/about_ros2/exercise_ros/install/base_interfaces_demo/include/base_interfaces_demo/base_interfaces_demo/srv/distance.hpp
[6.058s] -- Up-to-date: /home/sophia/workspace/about_ros/code/about_ros2/exercise_ros/install/base_interfaces_demo/include/base_interfaces_demo/base_interfaces_demo
[6.058s] -- Up-to-date: /home/sophia/workspace/about_ros/code/about_ros2/exercise_ros/install/base_interfaces_demo/include/base_interfaces_demo/base_interfaces_demo/msg
[6.058s] -- Installing: /home/sophia/workspace/about_ros/code/about_ros2/exercise_ros/install/base_interfaces_demo/include/base_interfaces_demo/base_interfaces_demo/msg/rosidl_typesupport_fastrtps_cpp__visibility_control.h
[6.058s] -- Up-to-date: /home/sophia/workspace/about_ros/code/about_ros2/exercise_ros/install/base_interfaces_demo/include/base_interfaces_demo/base_interfaces_demo/srv
[6.058s] -- Up-to-date: /home/sophia/workspace/about_ros/code/about_ros2/exercise_ros/install/base_interfaces_demo/include/base_interfaces_demo/base_interfaces_demo/srv/detail
[6.058s] -- Installing: /home/sophia/workspace/about_ros/code/about_ros2/exercise_ros/install/base_interfaces_demo/include/base_interfaces_demo/base_interfaces_demo/srv/detail/distance__rosidl_typesupport_fastrtps_cpp.hpp
[6.059s] -- Installing: /home/sophia/workspace/about_ros/code/about_ros2/exercise_ros/install/base_interfaces_demo/include/base_interfaces_demo/base_interfaces_demo/srv/detail/dds_fastrtps
[6.059s] -- Installing: /home/sophia/workspace/about_ros/code/about_ros2/exercise_ros/install/base_interfaces_demo/lib/libbase_interfaces_demo__rosidl_typesupport_fastrtps_cpp.so
[6.059s] -- Set runtime path of "/home/sophia/workspace/about_ros/code/about_ros2/exercise_ros/install/base_interfaces_demo/lib/libbase_interfaces_demo__rosidl_typesupport_fastrtps_cpp.so" to ""
[6.059s] -- Up-to-date: /home/sophia/workspace/about_ros/code/about_ros2/exercise_ros/install/base_interfaces_demo/include/base_interfaces_demo/base_interfaces_demo
[6.059s] -- Up-to-date: /home/sophia/workspace/about_ros/code/about_ros2/exercise_ros/install/base_interfaces_demo/include/base_interfaces_demo/base_interfaces_demo/srv
[6.059s] -- Up-to-date: /home/sophia/workspace/about_ros/code/about_ros2/exercise_ros/install/base_interfaces_demo/include/base_interfaces_demo/base_interfaces_demo/srv/detail
[6.059s] -- Installing: /home/sophia/workspace/about_ros/code/about_ros2/exercise_ros/install/base_interfaces_demo/include/base_interfaces_demo/base_interfaces_demo/srv/detail/distance__rosidl_typesupport_introspection_cpp.hpp
[6.059s] -- Installing: /home/sophia/workspace/about_ros/code/about_ros2/exercise_ros/install/base_interfaces_demo/include/base_interfaces_demo/base_interfaces_demo/srv/detail/distance__type_support.cpp
[6.059s] -- Installing: /home/sophia/workspace/about_ros/code/about_ros2/exercise_ros/install/base_interfaces_demo/lib/libbase_interfaces_demo__rosidl_typesupport_introspection_cpp.so
[6.059s] -- Set runtime path of "/home/sophia/workspace/about_ros/code/about_ros2/exercise_ros/install/base_interfaces_demo/lib/libbase_interfaces_demo__rosidl_typesupport_introspection_cpp.so" to ""
[6.059s] -- Installing: /home/sophia/workspace/about_ros/code/about_ros2/exercise_ros/install/base_interfaces_demo/lib/libbase_interfaces_demo__rosidl_typesupport_cpp.so
[6.059s] -- Set runtime path of "/home/sophia/workspace/about_ros/code/about_ros2/exercise_ros/install/base_interfaces_demo/lib/libbase_interfaces_demo__rosidl_typesupport_cpp.so" to ""
[6.060s] -- Installing: /home/sophia/workspace/about_ros/code/about_ros2/exercise_ros/install/base_interfaces_demo/share/base_interfaces_demo/environment/pythonpath.sh
[6.060s] -- Installing: /home/sophia/workspace/about_ros/code/about_ros2/exercise_ros/install/base_interfaces_demo/share/base_interfaces_demo/environment/pythonpath.dsv
[6.060s] -- Installing: /home/sophia/workspace/about_ros/code/about_ros2/exercise_ros/install/base_interfaces_demo/local/lib/python3.10/dist-packages/base_interfaces_demo-0.0.0-py3.10.egg-info
[6.060s] -- Installing: /home/sophia/workspace/about_ros/code/about_ros2/exercise_ros/install/base_interfaces_demo/local/lib/python3.10/dist-packages/base_interfaces_demo-0.0.0-py3.10.egg-info/top_level.txt
[6.060s] -- Installing: /home/sophia/workspace/about_ros/code/about_ros2/exercise_ros/install/base_interfaces_demo/local/lib/python3.10/dist-packages/base_interfaces_demo-0.0.0-py3.10.egg-info/SOURCES.txt
[6.060s] -- Installing: /home/sophia/workspace/about_ros/code/about_ros2/exercise_ros/install/base_interfaces_demo/local/lib/python3.10/dist-packages/base_interfaces_demo-0.0.0-py3.10.egg-info/PKG-INFO
[6.060s] -- Installing: /home/sophia/workspace/about_ros/code/about_ros2/exercise_ros/install/base_interfaces_demo/local/lib/python3.10/dist-packages/base_interfaces_demo-0.0.0-py3.10.egg-info/dependency_links.txt
[6.060s] -- Installing: /home/sophia/workspace/about_ros/code/about_ros2/exercise_ros/install/base_interfaces_demo/local/lib/python3.10/dist-packages/base_interfaces_demo
[6.060s] -- Installing: /home/sophia/workspace/about_ros/code/about_ros2/exercise_ros/install/base_interfaces_demo/local/lib/python3.10/dist-packages/base_interfaces_demo/_base_interfaces_demo_s.ep.rosidl_typesupport_c.c
[6.061s] -- Installing: /home/sophia/workspace/about_ros/code/about_ros2/exercise_ros/install/base_interfaces_demo/local/lib/python3.10/dist-packages/base_interfaces_demo/_base_interfaces_demo_s.ep.rosidl_typesupport_introspection_c.c
[6.061s] -- Installing: /home/sophia/workspace/about_ros/code/about_ros2/exercise_ros/install/base_interfaces_demo/local/lib/python3.10/dist-packages/base_interfaces_demo/_base_interfaces_demo_s.ep.rosidl_typesupport_fastrtps_c.c
[6.061s] -- Installing: /home/sophia/workspace/about_ros/code/about_ros2/exercise_ros/install/base_interfaces_demo/local/lib/python3.10/dist-packages/base_interfaces_demo/libbase_interfaces_demo__rosidl_generator_py.so
[6.061s] -- Installing: /home/sophia/workspace/about_ros/code/about_ros2/exercise_ros/install/base_interfaces_demo/local/lib/python3.10/dist-packages/base_interfaces_demo/__init__.py
[6.061s] -- Installing: /home/sophia/workspace/about_ros/code/about_ros2/exercise_ros/install/base_interfaces_demo/local/lib/python3.10/dist-packages/base_interfaces_demo/base_interfaces_demo_s__rosidl_typesupport_introspection_c.cpython-310-x86_64-linux-gnu.so
[6.061s] -- Installing: /home/sophia/workspace/about_ros/code/about_ros2/exercise_ros/install/base_interfaces_demo/local/lib/python3.10/dist-packages/base_interfaces_demo/srv
[6.061s] -- Installing: /home/sophia/workspace/about_ros/code/about_ros2/exercise_ros/install/base_interfaces_demo/local/lib/python3.10/dist-packages/base_interfaces_demo/srv/_distance.py
[6.061s] -- Installing: /home/sophia/workspace/about_ros/code/about_ros2/exercise_ros/install/base_interfaces_demo/local/lib/python3.10/dist-packages/base_interfaces_demo/srv/_distance_s.c
[6.061s] -- Installing: /home/sophia/workspace/about_ros/code/about_ros2/exercise_ros/install/base_interfaces_demo/local/lib/python3.10/dist-packages/base_interfaces_demo/srv/__init__.py
[6.062s] -- Installing: /home/sophia/workspace/about_ros/code/about_ros2/exercise_ros/install/base_interfaces_demo/local/lib/python3.10/dist-packages/base_interfaces_demo/base_interfaces_demo_s__rosidl_typesupport_c.cpython-310-x86_64-linux-gnu.so
[6.062s] -- Installing: /home/sophia/workspace/about_ros/code/about_ros2/exercise_ros/install/base_interfaces_demo/local/lib/python3.10/dist-packages/base_interfaces_demo/base_interfaces_demo_s__rosidl_typesupport_fastrtps_c.cpython-310-x86_64-linux-gnu.so
[6.125s] Listing '/home/sophia/workspace/about_ros/code/about_ros2/exercise_ros/install/base_interfaces_demo/local/lib/python3.10/dist-packages/base_interfaces_demo'...
[6.125s] Compiling '/home/sophia/workspace/about_ros/code/about_ros2/exercise_ros/install/base_interfaces_demo/local/lib/python3.10/dist-packages/base_interfaces_demo/__init__.py'...
[6.125s] Listing '/home/sophia/workspace/about_ros/code/about_ros2/exercise_ros/install/base_interfaces_demo/local/lib/python3.10/dist-packages/base_interfaces_demo/srv'...
[6.125s] Compiling '/home/sophia/workspace/about_ros/code/about_ros2/exercise_ros/install/base_interfaces_demo/local/lib/python3.10/dist-packages/base_interfaces_demo/srv/__init__.py'...
[6.125s] Compiling '/home/sophia/workspace/about_ros/code/about_ros2/exercise_ros/install/base_interfaces_demo/local/lib/python3.10/dist-packages/base_interfaces_demo/srv/_distance.py'...
[6.130s] -- Installing: /home/sophia/workspace/about_ros/code/about_ros2/exercise_ros/install/base_interfaces_demo/local/lib/python3.10/dist-packages/base_interfaces_demo/base_interfaces_demo_s__rosidl_typesupport_fastrtps_c.cpython-310-x86_64-linux-gnu.so
[6.131s] -- Set runtime path of "/home/sophia/workspace/about_ros/code/about_ros2/exercise_ros/install/base_interfaces_demo/local/lib/python3.10/dist-packages/base_interfaces_demo/base_interfaces_demo_s__rosidl_typesupport_fastrtps_c.cpython-310-x86_64-linux-gnu.so" to ""
[6.131s] -- Installing: /home/sophia/workspace/about_ros/code/about_ros2/exercise_ros/install/base_interfaces_demo/local/lib/python3.10/dist-packages/base_interfaces_demo/base_interfaces_demo_s__rosidl_typesupport_introspection_c.cpython-310-x86_64-linux-gnu.so
[6.131s] -- Set runtime path of "/home/sophia/workspace/about_ros/code/about_ros2/exercise_ros/install/base_interfaces_demo/local/lib/python3.10/dist-packages/base_interfaces_demo/base_interfaces_demo_s__rosidl_typesupport_introspection_c.cpython-310-x86_64-linux-gnu.so" to ""
[6.132s] -- Installing: /home/sophia/workspace/about_ros/code/about_ros2/exercise_ros/install/base_interfaces_demo/local/lib/python3.10/dist-packages/base_interfaces_demo/base_interfaces_demo_s__rosidl_typesupport_c.cpython-310-x86_64-linux-gnu.so
[6.132s] -- Set runtime path of "/home/sophia/workspace/about_ros/code/about_ros2/exercise_ros/install/base_interfaces_demo/local/lib/python3.10/dist-packages/base_interfaces_demo/base_interfaces_demo_s__rosidl_typesupport_c.cpython-310-x86_64-linux-gnu.so" to ""
[6.132s] -- Installing: /home/sophia/workspace/about_ros/code/about_ros2/exercise_ros/install/base_interfaces_demo/lib/libbase_interfaces_demo__rosidl_generator_py.so
[6.133s] -- Set runtime path of "/home/sophia/workspace/about_ros/code/about_ros2/exercise_ros/install/base_interfaces_demo/lib/libbase_interfaces_demo__rosidl_generator_py.so" to ""
[6.133s] -- Installing: /home/sophia/workspace/about_ros/code/about_ros2/exercise_ros/install/base_interfaces_demo/share/base_interfaces_demo/srv/Distance.idl
[6.133s] -- Installing: /home/sophia/workspace/about_ros/code/about_ros2/exercise_ros/install/base_interfaces_demo/share/base_interfaces_demo/srv/Distance.srv
[6.133s] -- Installing: /home/sophia/workspace/about_ros/code/about_ros2/exercise_ros/install/base_interfaces_demo/share/base_interfaces_demo/srv/Distance_Request.msg
[6.133s] -- Installing: /home/sophia/workspace/about_ros/code/about_ros2/exercise_ros/install/base_interfaces_demo/share/base_interfaces_demo/srv/Distance_Response.msg
[6.134s] -- Installing: /home/sophia/workspace/about_ros/code/about_ros2/exercise_ros/install/base_interfaces_demo/share/ament_index/resource_index/package_run_dependencies/base_interfaces_demo
[6.134s] -- Up-to-date: /home/sophia/workspace/about_ros/code/about_ros2/exercise_ros/install/base_interfaces_demo/share/ament_index/resource_index/parent_prefix_path/base_interfaces_demo
[6.134s] -- Up-to-date: /home/sophia/workspace/about_ros/code/about_ros2/exercise_ros/install/base_interfaces_demo/share/base_interfaces_demo/environment/ament_prefix_path.sh
[6.134s] -- Installing: /home/sophia/workspace/about_ros/code/about_ros2/exercise_ros/install/base_interfaces_demo/share/base_interfaces_demo/environment/ament_prefix_path.dsv
[6.134s] -- Up-to-date: /home/sophia/workspace/about_ros/code/about_ros2/exercise_ros/install/base_interfaces_demo/share/base_interfaces_demo/environment/path.sh
[6.134s] -- Installing: /home/sophia/workspace/about_ros/code/about_ros2/exercise_ros/install/base_interfaces_demo/share/base_interfaces_demo/environment/path.dsv
[6.134s] -- Up-to-date: /home/sophia/workspace/about_ros/code/about_ros2/exercise_ros/install/base_interfaces_demo/share/base_interfaces_demo/local_setup.bash
[6.134s] -- Installing: /home/sophia/workspace/about_ros/code/about_ros2/exercise_ros/install/base_interfaces_demo/share/base_interfaces_demo/local_setup.sh
[6.134s] -- Up-to-date: /home/sophia/workspace/about_ros/code/about_ros2/exercise_ros/install/base_interfaces_demo/share/base_interfaces_demo/local_setup.zsh
[6.134s] -- Installing: /home/sophia/workspace/about_ros/code/about_ros2/exercise_ros/install/base_interfaces_demo/share/base_interfaces_demo/local_setup.dsv
[6.135s] -- Installing: /home/sophia/workspace/about_ros/code/about_ros2/exercise_ros/install/base_interfaces_demo/share/base_interfaces_demo/package.dsv
[6.135s] -- Up-to-date: /home/sophia/workspace/about_ros/code/about_ros2/exercise_ros/install/base_interfaces_demo/share/ament_index/resource_index/packages/base_interfaces_demo
[6.135s] -- Installing: /home/sophia/workspace/about_ros/code/about_ros2/exercise_ros/install/base_interfaces_demo/share/base_interfaces_demo/cmake/export_base_interfaces_demo__rosidl_generator_cExport.cmake
[6.135s] -- Installing: /home/sophia/workspace/about_ros/code/about_ros2/exercise_ros/install/base_interfaces_demo/share/base_interfaces_demo/cmake/export_base_interfaces_demo__rosidl_generator_cExport-noconfig.cmake
[6.135s] -- Installing: /home/sophia/workspace/about_ros/code/about_ros2/exercise_ros/install/base_interfaces_demo/share/base_interfaces_demo/cmake/export_base_interfaces_demo__rosidl_typesupport_fastrtps_cExport.cmake
[6.135s] -- Installing: /home/sophia/workspace/about_ros/code/about_ros2/exercise_ros/install/base_interfaces_demo/share/base_interfaces_demo/cmake/export_base_interfaces_demo__rosidl_typesupport_fastrtps_cExport-noconfig.cmake
[6.136s] -- Installing: /home/sophia/workspace/about_ros/code/about_ros2/exercise_ros/install/base_interfaces_demo/share/base_interfaces_demo/cmake/base_interfaces_demo__rosidl_typesupport_introspection_cExport.cmake
[6.136s] -- Installing: /home/sophia/workspace/about_ros/code/about_ros2/exercise_ros/install/base_interfaces_demo/share/base_interfaces_demo/cmake/base_interfaces_demo__rosidl_typesupport_introspection_cExport-noconfig.cmake
[6.136s] -- Installing: /home/sophia/workspace/about_ros/code/about_ros2/exercise_ros/install/base_interfaces_demo/share/base_interfaces_demo/cmake/base_interfaces_demo__rosidl_typesupport_cExport.cmake
[6.136s] -- Installing: /home/sophia/workspace/about_ros/code/about_ros2/exercise_ros/install/base_interfaces_demo/share/base_interfaces_demo/cmake/base_interfaces_demo__rosidl_typesupport_cExport-noconfig.cmake
[6.136s] -- Installing: /home/sophia/workspace/about_ros/code/about_ros2/exercise_ros/install/base_interfaces_demo/share/base_interfaces_demo/cmake/export_base_interfaces_demo__rosidl_generator_cppExport.cmake
[6.136s] -- Installing: /home/sophia/workspace/about_ros/code/about_ros2/exercise_ros/install/base_interfaces_demo/share/base_interfaces_demo/cmake/export_base_interfaces_demo__rosidl_typesupport_fastrtps_cppExport.cmake
[6.137s] -- Installing: /home/sophia/workspace/about_ros/code/about_ros2/exercise_ros/install/base_interfaces_demo/share/base_interfaces_demo/cmake/export_base_interfaces_demo__rosidl_typesupport_fastrtps_cppExport-noconfig.cmake
[6.137s] -- Installing: /home/sophia/workspace/about_ros/code/about_ros2/exercise_ros/install/base_interfaces_demo/share/base_interfaces_demo/cmake/base_interfaces_demo__rosidl_typesupport_introspection_cppExport.cmake
[6.137s] -- Installing: /home/sophia/workspace/about_ros/code/about_ros2/exercise_ros/install/base_interfaces_demo/share/base_interfaces_demo/cmake/base_interfaces_demo__rosidl_typesupport_introspection_cppExport-noconfig.cmake
[6.137s] -- Installing: /home/sophia/workspace/about_ros/code/about_ros2/exercise_ros/install/base_interfaces_demo/share/base_interfaces_demo/cmake/base_interfaces_demo__rosidl_typesupport_cppExport.cmake
[6.137s] -- Installing: /home/sophia/workspace/about_ros/code/about_ros2/exercise_ros/install/base_interfaces_demo/share/base_interfaces_demo/cmake/base_interfaces_demo__rosidl_typesupport_cppExport-noconfig.cmake
[6.137s] -- Installing: /home/sophia/workspace/about_ros/code/about_ros2/exercise_ros/install/base_interfaces_demo/share/base_interfaces_demo/cmake/export_base_interfaces_demo__rosidl_generator_pyExport.cmake
[6.137s] -- Installing: /home/sophia/workspace/about_ros/code/about_ros2/exercise_ros/install/base_interfaces_demo/share/base_interfaces_demo/cmake/export_base_interfaces_demo__rosidl_generator_pyExport-noconfig.cmake
[6.138s] -- Installing: /home/sophia/workspace/about_ros/code/about_ros2/exercise_ros/install/base_interfaces_demo/share/base_interfaces_demo/cmake/rosidl_cmake-extras.cmake
[6.138s] -- Installing: /home/sophia/workspace/about_ros/code/about_ros2/exercise_ros/install/base_interfaces_demo/share/base_interfaces_demo/cmake/ament_cmake_export_include_directories-extras.cmake
[6.138s] -- Installing: /home/sophia/workspace/about_ros/code/about_ros2/exercise_ros/install/base_interfaces_demo/share/base_interfaces_demo/cmake/ament_cmake_export_libraries-extras.cmake
[6.138s] -- Installing: /home/sophia/workspace/about_ros/code/about_ros2/exercise_ros/install/base_interfaces_demo/share/base_interfaces_demo/cmake/ament_cmake_export_targets-extras.cmake
[6.138s] -- Installing: /home/sophia/workspace/about_ros/code/about_ros2/exercise_ros/install/base_interfaces_demo/share/base_interfaces_demo/cmake/rosidl_cmake_export_typesupport_targets-extras.cmake
[6.138s] -- Installing: /home/sophia/workspace/about_ros/code/about_ros2/exercise_ros/install/base_interfaces_demo/share/base_interfaces_demo/cmake/ament_cmake_export_dependencies-extras.cmake
[6.138s] -- Installing: /home/sophia/workspace/about_ros/code/about_ros2/exercise_ros/install/base_interfaces_demo/share/base_interfaces_demo/cmake/rosidl_cmake_export_typesupport_libraries-extras.cmake
[6.139s] -- Installing: /home/sophia/workspace/about_ros/code/about_ros2/exercise_ros/install/base_interfaces_demo/share/base_interfaces_demo/cmake/base_interfaces_demoConfig.cmake
[6.139s] -- Up-to-date: /home/sophia/workspace/about_ros/code/about_ros2/exercise_ros/install/base_interfaces_demo/share/base_interfaces_demo/cmake/base_interfaces_demoConfig-version.cmake
[6.139s] -- Installing: /home/sophia/workspace/about_ros/code/about_ros2/exercise_ros/install/base_interfaces_demo/share/base_interfaces_demo/package.xml
[6.142s] Invoked command in '/home/sophia/workspace/about_ros/code/about_ros2/exercise_ros/build/base_interfaces_demo' returned '0': CMAKE_PREFIX_PATH=${CMAKE_PREFIX_PATH}:/opt/ros/humble /usr/bin/cmake --install /home/sophia/workspace/about_ros/code/about_ros2/exercise_ros/build/base_interfaces_demo
