[0.014s] Invoking command in '/home/sophia/workspace/about_ros/code/about_ros2/ws_tools/build/cpp04_tf_listener': CMAKE_PREFIX_PATH=${CMAKE_PREFIX_PATH}:/opt/ros/humble /bin/cmake --build /home/sophia/workspace/about_ros/code/about_ros2/ws_tools/build/cpp04_tf_listener -- -j8 -l8
[0.036s] -- Found ament_cmake: 1.3.5 (/opt/ros/humble/share/ament_cmake/cmake)
[0.168s] -- Found rclcpp: 16.0.5 (/opt/ros/humble/share/rclcpp/cmake)
[0.219s] -- Found rosidl_generator_c: 3.1.5 (/opt/ros/humble/share/rosidl_generator_c/cmake)
[0.221s] -- Found rosidl_adapter: 3.1.5 (/opt/ros/humble/share/rosidl_adapter/cmake)
[0.227s] -- Found rosidl_generator_cpp: 3.1.5 (/opt/ros/humble/share/rosidl_generator_cpp/cmake)
[0.237s] -- Using all available rosidl_typesupport_c: rosidl_typesupport_fastrtps_c;rosidl_typesupport_introspection_c
[0.253s] -- Using all available rosidl_typesupport_cpp: rosidl_typesupport_fastrtps_cpp;rosidl_typesupport_introspection_cpp
[0.308s] -- Found rmw_implementation_cmake: 6.1.1 (/opt/ros/humble/share/rmw_implementation_cmake/cmake)
[0.309s] -- Found rmw_fastrtps_cpp: 6.2.3 (/opt/ros/humble/share/rmw_fastrtps_cpp/cmake)
[0.419s] -- Using RMW implementation 'rmw_fastrtps_cpp' as default
[0.574s] -- Found tf2: 0.25.3 (/opt/ros/humble/share/tf2/cmake)
[0.628s] -- Found tf2_ros: 0.25.3 (/opt/ros/humble/share/tf2_ros/cmake)
[0.952s] -- Found ament_lint_auto: 0.12.7 (/opt/ros/humble/share/ament_lint_auto/cmake)
[1.027s] -- Added test 'cppcheck' to perform static code analysis on C / C++ code
[1.028s] -- Configured cppcheck include dirs: $<BUILD_INTERFACE:/home/sophia/workspace/about_ros/code/about_ros2/ws_tools/src/cpp04_tf_listener/include>
[1.028s] -- Configured cppcheck exclude dirs and/or files: 
[1.028s] -- Added test 'lint_cmake' to check CMake code style
[1.029s] -- Added test 'uncrustify' to check C / C++ code style
[1.029s] -- Configured uncrustify additional arguments: 
[1.030s] -- Added test 'xmllint' to check XML markup files
[1.030s] -- Configuring done
[1.044s] -- Generating done
[1.047s] -- Build files have been written to: /home/sophia/workspace/about_ros/code/about_ros2/ws_tools/build/cpp04_tf_listener
[1.070s] [35m[1mConsolidate compiler generated dependencies of target demo01_tf_listener[0m
[1.080s] [ 25%] [32mBuilding CXX object CMakeFiles/demo02_msg_filter.dir/src/demo02_msg_filter.cpp.o[0m
[1.087s] [ 50%] [32mBuilding CXX object CMakeFiles/demo01_tf_listener.dir/src/demo01_tf_listener.cpp.o[0m
[3.691s] [ 75%] [32m[1mLinking CXX executable demo02_msg_filter[0m
[3.814s] [ 75%] Built target demo02_msg_filter
[8.891s] [100%] [32m[1mLinking CXX executable demo01_tf_listener[0m
[9.276s] [100%] Built target demo01_tf_listener
[9.286s] Invoked command in '/home/sophia/workspace/about_ros/code/about_ros2/ws_tools/build/cpp04_tf_listener' returned '0': CMAKE_PREFIX_PATH=${CMAKE_PREFIX_PATH}:/opt/ros/humble /bin/cmake --build /home/sophia/workspace/about_ros/code/about_ros2/ws_tools/build/cpp04_tf_listener -- -j8 -l8
[9.320s] Invoking command in '/home/sophia/workspace/about_ros/code/about_ros2/ws_tools/build/cpp04_tf_listener': CMAKE_PREFIX_PATH=${CMAKE_PREFIX_PATH}:/opt/ros/humble /bin/cmake --install /home/sophia/workspace/about_ros/code/about_ros2/ws_tools/build/cpp04_tf_listener
[9.326s] -- Install configuration: ""
[9.326s] -- Installing: /home/sophia/workspace/about_ros/code/about_ros2/ws_tools/install/cpp04_tf_listener/lib/cpp04_tf_listener/demo01_tf_listener
[9.331s] -- Set runtime path of "/home/sophia/workspace/about_ros/code/about_ros2/ws_tools/install/cpp04_tf_listener/lib/cpp04_tf_listener/demo01_tf_listener" to ""
[9.331s] -- Installing: /home/sophia/workspace/about_ros/code/about_ros2/ws_tools/install/cpp04_tf_listener/lib/cpp04_tf_listener/demo02_msg_filter
[9.331s] -- Set runtime path of "/home/sophia/workspace/about_ros/code/about_ros2/ws_tools/install/cpp04_tf_listener/lib/cpp04_tf_listener/demo02_msg_filter" to ""
[9.332s] -- Up-to-date: /home/sophia/workspace/about_ros/code/about_ros2/ws_tools/install/cpp04_tf_listener/share/ament_index/resource_index/package_run_dependencies/cpp04_tf_listener
[9.332s] -- Installing: /home/sophia/workspace/about_ros/code/about_ros2/ws_tools/install/cpp04_tf_listener/share/ament_index/resource_index/parent_prefix_path/cpp04_tf_listener
[9.332s] -- Up-to-date: /home/sophia/workspace/about_ros/code/about_ros2/ws_tools/install/cpp04_tf_listener/share/cpp04_tf_listener/environment/ament_prefix_path.sh
[9.332s] -- Installing: /home/sophia/workspace/about_ros/code/about_ros2/ws_tools/install/cpp04_tf_listener/share/cpp04_tf_listener/environment/ament_prefix_path.dsv
[9.332s] -- Up-to-date: /home/sophia/workspace/about_ros/code/about_ros2/ws_tools/install/cpp04_tf_listener/share/cpp04_tf_listener/environment/path.sh
[9.332s] -- Installing: /home/sophia/workspace/about_ros/code/about_ros2/ws_tools/install/cpp04_tf_listener/share/cpp04_tf_listener/environment/path.dsv
[9.332s] -- Up-to-date: /home/sophia/workspace/about_ros/code/about_ros2/ws_tools/install/cpp04_tf_listener/share/cpp04_tf_listener/local_setup.bash
[9.332s] -- Up-to-date: /home/sophia/workspace/about_ros/code/about_ros2/ws_tools/install/cpp04_tf_listener/share/cpp04_tf_listener/local_setup.sh
[9.333s] -- Up-to-date: /home/sophia/workspace/about_ros/code/about_ros2/ws_tools/install/cpp04_tf_listener/share/cpp04_tf_listener/local_setup.zsh
[9.333s] -- Installing: /home/sophia/workspace/about_ros/code/about_ros2/ws_tools/install/cpp04_tf_listener/share/cpp04_tf_listener/local_setup.dsv
[9.333s] -- Installing: /home/sophia/workspace/about_ros/code/about_ros2/ws_tools/install/cpp04_tf_listener/share/cpp04_tf_listener/package.dsv
[9.333s] -- Up-to-date: /home/sophia/workspace/about_ros/code/about_ros2/ws_tools/install/cpp04_tf_listener/share/ament_index/resource_index/packages/cpp04_tf_listener
[9.333s] -- Up-to-date: /home/sophia/workspace/about_ros/code/about_ros2/ws_tools/install/cpp04_tf_listener/share/cpp04_tf_listener/cmake/cpp04_tf_listenerConfig.cmake
[9.333s] -- Up-to-date: /home/sophia/workspace/about_ros/code/about_ros2/ws_tools/install/cpp04_tf_listener/share/cpp04_tf_listener/cmake/cpp04_tf_listenerConfig-version.cmake
[9.333s] -- Up-to-date: /home/sophia/workspace/about_ros/code/about_ros2/ws_tools/install/cpp04_tf_listener/share/cpp04_tf_listener/package.xml
[9.336s] Invoked command in '/home/sophia/workspace/about_ros/code/about_ros2/ws_tools/build/cpp04_tf_listener' returned '0': CMAKE_PREFIX_PATH=${CMAKE_PREFIX_PATH}:/opt/ros/humble /bin/cmake --install /home/sophia/workspace/about_ros/code/about_ros2/ws_tools/build/cpp04_tf_listener
