-- Found ament_cmake: 1.3.5 (/opt/ros/humble/share/ament_cmake/cmake)
-- Found rclcpp: 16.0.5 (/opt/ros/humble/share/rclcpp/cmake)
-- Found rosidl_generator_c: 3.1.5 (/opt/ros/humble/share/rosidl_generator_c/cmake)
-- Found rosidl_adapter: 3.1.5 (/opt/ros/humble/share/rosidl_adapter/cmake)
-- Found rosidl_generator_cpp: 3.1.5 (/opt/ros/humble/share/rosidl_generator_cpp/cmake)
-- Using all available rosidl_typesupport_c: rosidl_typesupport_fastrtps_c;rosidl_typesupport_introspection_c
-- Using all available rosidl_typesupport_cpp: rosidl_typesupport_fastrtps_cpp;rosidl_typesupport_introspection_cpp
-- Found rmw_implementation_cmake: 6.1.1 (/opt/ros/humble/share/rmw_implementation_cmake/cmake)
-- Found rmw_fastrtps_cpp: 6.2.3 (/opt/ros/humble/share/rmw_fastrtps_cpp/cmake)
-- Using RMW implementation 'rmw_fastrtps_cpp' as default
-- Found ament_lint_auto: 0.12.7 (/opt/ros/humble/share/ament_lint_auto/cmake)
-- Added test 'flake8' to check Python code syntax and style conventions
-- Added test 'lint_cmake' to check CMake code style
-- Added test 'pep257' to check Python code against some of the docstring style conventions in PEP 257
-- Added test 'xmllint' to check XML markup files
-- Configuring done
-- Generating done
[33mCMake Warning:
  Manually-specified variables were not used by the project:

    CMAKE_EXPORT_COMPILE_COMMANDS

[0m
-- Build files have been written to: /home/sophia/workspace/about_ros/code/about_ros2/ws_tools/build/cpp01_launch
-- Install configuration: ""
-- Up-to-date: /home/sophia/workspace/about_ros/code/about_ros2/ws_tools/install/cpp01_launch/share/cpp01_launch/launch
-- Up-to-date: /home/sophia/workspace/about_ros/code/about_ros2/ws_tools/install/cpp01_launch/share/cpp01_launch/launch/py01_helloworld_launch.py
-- Up-to-date: /home/sophia/workspace/about_ros/code/about_ros2/ws_tools/install/cpp01_launch/share/cpp01_launch/launch/py04_args_launch.py
-- Up-to-date: /home/sophia/workspace/about_ros/code/about_ros2/ws_tools/install/cpp01_launch/share/cpp01_launch/launch/py03_cmd_launch.py
-- Up-to-date: /home/sophia/workspace/about_ros/code/about_ros2/ws_tools/install/cpp01_launch/share/cpp01_launch/launch/py02_node_launch.py
-- Up-to-date: /home/sophia/workspace/about_ros/code/about_ros2/ws_tools/install/cpp01_launch/share/cpp01_launch/launch/py06_group_launch.py
-- Up-to-date: /home/sophia/workspace/about_ros/code/about_ros2/ws_tools/install/cpp01_launch/share/cpp01_launch/launch/py07_event_launch.py
-- Up-to-date: /home/sophia/workspace/about_ros/code/about_ros2/ws_tools/install/cpp01_launch/share/cpp01_launch/launch/py05_include_launch.py
-- Up-to-date: /home/sophia/workspace/about_ros/code/about_ros2/ws_tools/install/cpp01_launch/share/cpp01_launch/config
-- Up-to-date: /home/sophia/workspace/about_ros/code/about_ros2/ws_tools/install/cpp01_launch/share/cpp01_launch/config/haha.yaml
-- Up-to-date: /home/sophia/workspace/about_ros/code/about_ros2/ws_tools/install/cpp01_launch/share/ament_index/resource_index/package_run_dependencies/cpp01_launch
-- Installing: /home/sophia/workspace/about_ros/code/about_ros2/ws_tools/install/cpp01_launch/share/ament_index/resource_index/parent_prefix_path/cpp01_launch
-- Up-to-date: /home/sophia/workspace/about_ros/code/about_ros2/ws_tools/install/cpp01_launch/share/cpp01_launch/environment/ament_prefix_path.sh
-- Installing: /home/sophia/workspace/about_ros/code/about_ros2/ws_tools/install/cpp01_launch/share/cpp01_launch/environment/ament_prefix_path.dsv
-- Up-to-date: /home/sophia/workspace/about_ros/code/about_ros2/ws_tools/install/cpp01_launch/share/cpp01_launch/environment/path.sh
-- Installing: /home/sophia/workspace/about_ros/code/about_ros2/ws_tools/install/cpp01_launch/share/cpp01_launch/environment/path.dsv
-- Up-to-date: /home/sophia/workspace/about_ros/code/about_ros2/ws_tools/install/cpp01_launch/share/cpp01_launch/local_setup.bash
-- Up-to-date: /home/sophia/workspace/about_ros/code/about_ros2/ws_tools/install/cpp01_launch/share/cpp01_launch/local_setup.sh
-- Up-to-date: /home/sophia/workspace/about_ros/code/about_ros2/ws_tools/install/cpp01_launch/share/cpp01_launch/local_setup.zsh
-- Installing: /home/sophia/workspace/about_ros/code/about_ros2/ws_tools/install/cpp01_launch/share/cpp01_launch/local_setup.dsv
-- Installing: /home/sophia/workspace/about_ros/code/about_ros2/ws_tools/install/cpp01_launch/share/cpp01_launch/package.dsv
-- Up-to-date: /home/sophia/workspace/about_ros/code/about_ros2/ws_tools/install/cpp01_launch/share/ament_index/resource_index/packages/cpp01_launch
-- Up-to-date: /home/sophia/workspace/about_ros/code/about_ros2/ws_tools/install/cpp01_launch/share/cpp01_launch/cmake/cpp01_launchConfig.cmake
-- Up-to-date: /home/sophia/workspace/about_ros/code/about_ros2/ws_tools/install/cpp01_launch/share/cpp01_launch/cmake/cpp01_launchConfig-version.cmake
-- Up-to-date: /home/sophia/workspace/about_ros/code/about_ros2/ws_tools/install/cpp01_launch/share/cpp01_launch/package.xml
