[0.018s] Invoking command in '/home/sophia/workspace/about_ros/code/about_ros2/topic_ros/build/base_interface_demo': CMAKE_PREFIX_PATH=${CMAKE_PREFIX_PATH}:/opt/ros/humble /usr/bin/cmake /home/sophia/workspace/about_ros/code/about_ros2/topic_ros/src/base_interface_demo -DCMAKE_INSTALL_PREFIX=/home/sophia/workspace/about_ros/code/about_ros2/topic_ros/install/base_interface_demo
[0.029s] -- Found ament_cmake: 1.3.5 (/opt/ros/humble/share/ament_cmake/cmake)
[0.181s] -- Found ament_lint_auto: 0.12.7 (/opt/ros/humble/share/ament_lint_auto/cmake)
[0.250s] -- Added test 'lint_cmake' to check CMake code style
[0.252s] -- Added test 'xmllint' to check XML markup files
[0.253s] -- Configuring done
[0.257s] -- Generating done
[0.258s] -- Build files have been written to: /home/sophia/workspace/about_ros/code/about_ros2/topic_ros/build/base_interface_demo
[0.261s] Invoked command in '/home/sophia/workspace/about_ros/code/about_ros2/topic_ros/build/base_interface_demo' returned '0': CMAKE_PREFIX_PATH=${CMAKE_PREFIX_PATH}:/opt/ros/humble /usr/bin/cmake /home/sophia/workspace/about_ros/code/about_ros2/topic_ros/src/base_interface_demo -DCMAKE_INSTALL_PREFIX=/home/sophia/workspace/about_ros/code/about_ros2/topic_ros/install/base_interface_demo
[0.263s] Invoking command in '/home/sophia/workspace/about_ros/code/about_ros2/topic_ros/build/base_interface_demo': CMAKE_PREFIX_PATH=${CMAKE_PREFIX_PATH}:/opt/ros/humble /usr/bin/cmake --build /home/sophia/workspace/about_ros/code/about_ros2/topic_ros/build/base_interface_demo -- -j8 -l8
[0.295s] Invoked command in '/home/sophia/workspace/about_ros/code/about_ros2/topic_ros/build/base_interface_demo' returned '0': CMAKE_PREFIX_PATH=${CMAKE_PREFIX_PATH}:/opt/ros/humble /usr/bin/cmake --build /home/sophia/workspace/about_ros/code/about_ros2/topic_ros/build/base_interface_demo -- -j8 -l8
[0.321s] Invoking command in '/home/sophia/workspace/about_ros/code/about_ros2/topic_ros/build/base_interface_demo': CMAKE_PREFIX_PATH=${CMAKE_PREFIX_PATH}:/opt/ros/humble /usr/bin/cmake --install /home/sophia/workspace/about_ros/code/about_ros2/topic_ros/build/base_interface_demo
[0.327s] -- Install configuration: ""
[0.327s] -- Up-to-date: /home/sophia/workspace/about_ros/code/about_ros2/topic_ros/install/base_interface_demo/share/ament_index/resource_index/package_run_dependencies/base_interface_demo
[0.327s] -- Up-to-date: /home/sophia/workspace/about_ros/code/about_ros2/topic_ros/install/base_interface_demo/share/ament_index/resource_index/parent_prefix_path/base_interface_demo
[0.328s] -- Up-to-date: /home/sophia/workspace/about_ros/code/about_ros2/topic_ros/install/base_interface_demo/share/base_interface_demo/environment/ament_prefix_path.sh
[0.328s] -- Installing: /home/sophia/workspace/about_ros/code/about_ros2/topic_ros/install/base_interface_demo/share/base_interface_demo/environment/ament_prefix_path.dsv
[0.328s] -- Up-to-date: /home/sophia/workspace/about_ros/code/about_ros2/topic_ros/install/base_interface_demo/share/base_interface_demo/environment/path.sh
[0.328s] -- Installing: /home/sophia/workspace/about_ros/code/about_ros2/topic_ros/install/base_interface_demo/share/base_interface_demo/environment/path.dsv
[0.328s] -- Up-to-date: /home/sophia/workspace/about_ros/code/about_ros2/topic_ros/install/base_interface_demo/share/base_interface_demo/local_setup.bash
[0.328s] -- Up-to-date: /home/sophia/workspace/about_ros/code/about_ros2/topic_ros/install/base_interface_demo/share/base_interface_demo/local_setup.sh
[0.329s] -- Up-to-date: /home/sophia/workspace/about_ros/code/about_ros2/topic_ros/install/base_interface_demo/share/base_interface_demo/local_setup.zsh
[0.329s] -- Installing: /home/sophia/workspace/about_ros/code/about_ros2/topic_ros/install/base_interface_demo/share/base_interface_demo/local_setup.dsv
[0.329s] -- Installing: /home/sophia/workspace/about_ros/code/about_ros2/topic_ros/install/base_interface_demo/share/base_interface_demo/package.dsv
[0.329s] -- Up-to-date: /home/sophia/workspace/about_ros/code/about_ros2/topic_ros/install/base_interface_demo/share/ament_index/resource_index/packages/base_interface_demo
[0.329s] -- Up-to-date: /home/sophia/workspace/about_ros/code/about_ros2/topic_ros/install/base_interface_demo/share/base_interface_demo/cmake/base_interface_demoConfig.cmake
[0.329s] -- Up-to-date: /home/sophia/workspace/about_ros/code/about_ros2/topic_ros/install/base_interface_demo/share/base_interface_demo/cmake/base_interface_demoConfig-version.cmake
[0.329s] -- Up-to-date: /home/sophia/workspace/about_ros/code/about_ros2/topic_ros/install/base_interface_demo/share/base_interface_demo/package.xml
[0.332s] Invoked command in '/home/sophia/workspace/about_ros/code/about_ros2/topic_ros/build/base_interface_demo' returned '0': CMAKE_PREFIX_PATH=${CMAKE_PREFIX_PATH}:/opt/ros/humble /usr/bin/cmake --install /home/sophia/workspace/about_ros/code/about_ros2/topic_ros/build/base_interface_demo
